0.0, 4462820
0.0, 3969530
0.01, 3936545
0.01, 3874012
0.01, 3740902
0.01, 3638472
0.01, 3572052
0.01, 3456721
0.01, 3408420
0.01, 3352027
0.01, 3325024
0.01, 2990578
0.12, 2946485
0.12, 2924989
0.13, 2894389
0.13, 2862830
0.13, 2824603
0.13, 2824593
0.13, 2803557
0.13, 2781222
0.13, 2583348
0.15, 2542664
0.15, 2456791
0.15, 2451347
0.15, 2434440
0.15, 2432327
0.15, 2421162
0.16, 2418481
0.16, 2414388
0.16, 2378478
0.16, 2359469
0.16, 2283013
0.16, 2205643
0.16, 2178487
0.16, 2157256
0.16, 2141017
0.16, 2130313
0.16, 2087597
0.17, 2081175
0.18, 2073892
0.18, 2017704
0.19, 2016322
0.19, 2003763
