0.0, 4125860
0.0, 4088665
0.0, 4011237
0.0, 3952553
0.01, 3903103
0.01, 3688935
0.01, 3666354
0.02, 3631971
0.02, 3532869
0.03, 3451041
0.04, 3424171
0.04, 3324726
0.04, 3295356
0.05, 3174811
0.08, 3095006
0.1, 3050176
0.12, 3045077
0.12, 3003703
0.14, 2929133
0.14, 2767002
0.16, 2752678
0.16, 2742031
0.17, 2595908
0.17, 2423219
0.18, 2377686
0.19, 2370725
0.19, 2351954
0.19, 2236763
0.19, 2230697
0.19, 2191640
0.19, 2186012
0.2, 2152700
0.2, 2120348
0.2, 2108726
0.2, 2102831
0.2, 2101397
0.2, 2100825
0.2, 2086763
0.2, 2052219
0.21, 2051879
0.21, 2048913
0.21, 2047239
0.21, 2017704
0.21, 2003763
