0.0, 5839799
0.0, 5657892
0.0, 5452118
0.0, 5351726
0.0, 4977750
0.0, 4915368
0.0, 4476986
0.0, 4356182
0.0, 4127185
0.01, 4075725
0.01, 3994223
0.01, 3985944
0.01, 3980249
0.01, 3939032
0.01, 3921410
0.01, 3720882
0.01, 3681552
0.01, 3399627
0.02, 3363096
0.03, 3361662
0.03, 3222097
0.05, 3191286
0.07, 2993770
0.07, 2992136
0.08, 2940162
0.11, 2938559
0.13, 2867852
0.13, 2659049
0.15, 2549419
0.15, 2478972
0.15, 2465482
0.15, 2340310
0.16, 2321214
0.16, 2311984
0.16, 2185708
0.17, 2150658
0.17, 2147881
0.17, 2114521
0.17, 2098145
0.17, 2072724
0.17, 2060351
0.18, 2046502
0.18, 2033943
0.18, 2030263
0.18, 2016322
0.19, 2003763
