0.0, 4428399
0.0, 4378629
0.0, 4375834
0.0, 4099206
0.0, 4011444
0.0, 3962000
0.01, 3818781
0.01, 3704690
0.01, 3699293
0.01, 3653762
0.02, 3649531
0.03, 3606105
0.03, 3534674
0.03, 3517250
0.03, 3458030
0.04, 3430797
0.04, 3424655
0.04, 3415426
0.04, 3142387
0.04, 3076561
0.07, 3061155
0.1, 3013154
0.12, 2986981
0.13, 2965091
0.13, 2926749
0.13, 2915855
0.13, 2822198
0.14, 2760135
0.14, 2644704
0.14, 2519635
0.14, 2317998
0.16, 2243909
0.16, 2243716
0.16, 2223977
0.18, 2194030
0.18, 2177792
0.18, 2168497
0.18, 2155304
0.18, 2133391
0.18, 2080058
0.19, 2055903
0.19, 2044092
0.19, 2037720
0.19, 2016322
0.2, 2003763
