0.0, 4135258
0.0, 3961657
0.01, 3944725
0.01, 3938292
0.01, 3913502
0.01, 3693380
0.01, 3552007
0.02, 3532648
0.02, 3528676
0.02, 3522328
0.02, 3485805
0.02, 3471833
0.02, 3396462
0.03, 3277738
0.04, 3267203
0.04, 3198788
0.05, 3095305
0.07, 3000556
0.14, 2807797
0.16, 2761381
0.17, 2741404
0.17, 2659503
0.18, 2608164
0.18, 2595589
0.18, 2458888
0.18, 2407885
0.19, 2387981
0.2, 2361824
0.2, 2338383
0.2, 2296478
0.2, 2282537
0.2, 2268728
0.2, 2245878
0.2, 2238067
0.2, 2217063
0.21, 2195557
0.21, 2181536
0.21, 2145992
0.21, 2100449
0.21, 2061392
0.21, 2060887
0.21, 2059850
0.22, 2059779
0.22, 2052996
0.22, 2044566
0.22, 2025073
0.22, 2017704
0.22, 2003763
