0.0, 5243638
0.0, 5138475
0.0, 4563276
0.0, 4563089
0.0, 4559470
0.0, 4556036
0.0, 4350494
0.0, 4231251
0.0, 4207206
0.01, 4201488
0.01, 3999956
0.01, 3828940
0.01, 3807767
0.01, 3758912
0.01, 3741654
0.01, 3674894
0.01, 3521994
0.01, 2866666
0.14, 2788373
0.15, 2735185
0.15, 2680988
0.16, 2614168
0.16, 2603354
0.16, 2590523
0.16, 2540136
0.16, 2497154
0.16, 2476457
0.16, 2464772
0.17, 2383691
0.17, 2211627
0.17, 2183770
0.18, 2155901
0.18, 2139220
0.18, 2098877
0.18, 2087142
0.19, 2062745
0.19, 2051543
0.19, 2039906
0.19, 2016322
0.2, 2003763
