0.0, 4823628
0.0, 4661946
0.0, 4604348
0.0, 4526255
0.0, 4327419
0.0, 4237392
0.01, 3911376
0.01, 3822022
0.01, 3661252
0.01, 3600551
0.01, 3555758
0.01, 3416339
0.02, 3298992
0.02, 3269683
0.04, 3265876
0.04, 3241310
0.05, 3149414
0.08, 3049344
0.08, 3021462
0.08, 2967915
0.11, 2777072
0.14, 2743383
0.14, 2672754
0.15, 2580033
0.15, 2576002
0.15, 2526947
0.16, 2430909
0.16, 2388808
0.16, 2375353
0.16, 2357236
0.16, 2355301
0.16, 2306985
0.16, 2291365
0.16, 2277256
0.16, 2274059
0.16, 2199621
0.17, 2190637
0.17, 2179064
0.18, 2097285
0.18, 2091578
0.18, 2087369
0.18, 2076555
0.18, 2063412
0.18, 2048913
0.18, 2039226
0.19, 2024508
0.19, 2023779
0.19, 2016322
0.2, 2003763
