0.0, 4731864
0.0, 4650167
0.0, 4248713
0.0, 3955103
0.01, 3817515
0.01, 3750401
0.01, 3663382
0.01, 3566659
0.02, 3544920
0.02, 3531809
0.02, 3514563
0.03, 3499988
0.04, 3444725
0.04, 3288136
0.04, 3258468
0.07, 3196528
0.08, 3125129
0.09, 3121509
0.12, 3086508
0.14, 3013363
0.14, 3010013
0.14, 2802116
0.16, 2802101
0.16, 2678970
0.16, 2623764
0.17, 2548287
0.17, 2533368
0.17, 2513443
0.17, 2417973
0.18, 2360679
0.18, 2350780
0.18, 2312739
0.19, 2235178
0.19, 2234693
0.19, 2149406
0.19, 2146970
0.19, 2131978
0.19, 2113140
0.19, 2099199
0.2, 2058468
0.2, 2042418
0.2, 2038449
0.2, 2024508
0.2, 2020002
0.21, 2003763
