0.0, 4528760
0.0, 4168939
0.0, 3913993
0.0, 3896236
0.0, 3864236
0.0, 3732516
0.01, 3708837
0.01, 3659382
0.01, 3637785
0.01, 3551445
0.01, 3468074
0.02, 3300878
0.03, 3204592
0.05, 3196361
0.09, 3078812
0.09, 3050191
0.11, 2907167
0.11, 2705137
0.14, 2671762
0.15, 2651428
0.15, 2622337
0.16, 2615776
0.16, 2502250
0.16, 2424109
0.16, 2376514
0.16, 2345485
0.16, 2301722
0.17, 2296434
0.17, 2271026
0.17, 2264749
0.17, 2238595
0.17, 2235424
0.17, 2218473
0.17, 2208695
0.17, 2172368
0.17, 2161952
0.18, 2113199
0.18, 2091889
0.18, 2058133
0.18, 2058078
0.18, 2038449
0.18, 2016322
0.2, 2003763
