0.0, 2707207
0.0, 2652228
0.0, 2634544
0.0, 2626870
0.0, 2565157
0.0, 2564355
0.0, 2560080
0.0, 2556749
0.0, 2555151
0.0, 2528689
0.0, 2482896
0.0, 2482823
0.0, 2441365
0.0, 2414370
0.0, 2410879
0.0, 2346375
0.0, 2224921
0.05, 2209160
0.07, 2206178
0.07, 2104619
0.07, 2091727
0.12, 2068898
0.12, 2068895
0.12, 2064592
0.14, 2041251
0.14, 2027337
0.14, 2015190
0.14, 1986205
0.14, 1962521
0.15, 1948998
0.15, 1919440
0.15, 1910611
0.15, 1899992
0.16, 1872266
0.17, 1859400
0.17, 1849859
0.17, 1803495
0.17, 1798247
0.17, 1793420
0.17, 1776635
0.17, 1767497
0.17, 1695438
0.17, 1682831
0.17, 1677945
0.17, 1650216
0.18, 1623083
0.18, 1566596
0.18, 1566435
0.18, 1547356
0.18, 1530666
0.18, 1515407
0.18, 1510982
0.18, 1482156
0.18, 1474540
0.18, 1404505
0.18, 1398059
0.18, 1383075
0.19, 1371098
0.19, 1366808
0.2, 1366578
0.2, 1356853
0.2, 1335947
0.2, 1331125
0.2, 1322544
0.2, 1321733
0.2, 1321417
0.2, 1320261
0.2, 1279103
0.21, 1259415
0.21, 1237839
0.21, 1235717
0.21, 1230699
0.21, 1206000
0.22, 1189199
0.22, 1178447
0.22, 1151989
0.22, 1122297
0.22, 1118105
0.22, 1102582
0.22, 1100707
0.22, 1088764
0.22, 1082027
0.22, 1079635
0.22, 1071778
0.22, 1068316
0.22, 1058165
0.23, 1040760
0.23, 1039284
0.23, 1032360
0.23, 1029253
0.23, 1024816
0.24, 1023179
0.24, 1015786
0.24, 1015027
0.24, 1011472
0.24, 1007206
0.24, 999108
0.24, 988444
0.24, 984352
0.24, 982724
0.24, 981731
0.24, 964217
0.24, 948493
0.24, 945891
0.24, 945643
0.25, 933922
0.25, 933476
0.25, 933312
0.25, 928817
0.25, 928303
0.25, 927663
0.25, 924967
0.25, 912134
0.26, 908999
0.26, 908448
0.26, 905986
0.26, 905435
0.26, 902490
0.26, 900680
0.26, 897726
0.27, 895832
