0.0, 2738114
0.0, 2719466
0.0, 2708147
0.0, 2696944
0.0, 2598953
0.0, 2597773
0.0, 2596105
0.0, 2544234
0.0, 2528103
0.0, 2487616
0.0, 2468498
0.0, 2362759
0.0, 2362717
0.0, 2360182
0.0, 2355436
0.0, 2321446
0.0, 2320917
0.0, 2320765
0.01, 2315715
0.01, 2312540
0.02, 2305401
0.02, 2279832
0.03, 2258853
0.03, 2242646
0.03, 2222254
0.03, 2206799
0.11, 2168269
0.11, 2141427
0.12, 2095510
0.12, 2084492
0.12, 2068026
0.13, 2001177
0.13, 1992937
0.14, 1988163
0.14, 1951640
0.15, 1941061
0.15, 1927308
0.16, 1855864
0.17, 1828384
0.18, 1788581
0.18, 1788579
0.18, 1788427
0.18, 1785163
0.18, 1740242
0.18, 1726283
0.18, 1724390
0.18, 1719510
0.18, 1690318
0.18, 1662726
0.18, 1649104
0.18, 1617509
0.18, 1583238
0.19, 1563093
0.19, 1561603
0.19, 1545164
0.19, 1516536
0.19, 1502105
0.19, 1501811
0.2, 1498178
0.2, 1497892
0.2, 1484104
0.2, 1447588
0.2, 1436656
0.2, 1436227
0.2, 1431787
0.2, 1402119
0.2, 1381400
0.21, 1379544
0.21, 1356400
0.21, 1351305
0.21, 1325039
0.21, 1321262
0.21, 1275390
0.21, 1273023
0.21, 1269932
0.21, 1269495
0.21, 1256772
0.21, 1241323
0.21, 1236356
0.21, 1234383
0.21, 1234174
0.21, 1231537
0.21, 1213318
0.21, 1201138
0.21, 1188502
0.21, 1187168
0.21, 1155948
0.22, 1154680
0.22, 1145759
0.23, 1138827
0.23, 1138518
0.23, 1132323
0.23, 1132097
0.23, 1129663
0.23, 1115316
0.23, 1099119
0.23, 1090696
0.23, 1087235
0.23, 1080325
0.24, 1079899
0.24, 1077171
0.24, 1074383
0.24, 1069991
0.24, 1059471
0.24, 1042903
0.24, 1039888
0.24, 1038693
0.24, 1036301
0.24, 1035969
0.24, 1007979
0.25, 1005070
0.25, 992958
0.25, 992029
0.25, 984473
0.25, 983494
0.25, 973814
0.25, 973340
0.25, 969522
0.25, 968577
0.25, 968097
0.25, 957379
0.25, 957300
0.25, 952360
0.25, 944579
0.25, 933672
0.25, 927044
0.27, 924672
0.27, 915499
0.27, 911095
0.27, 899270
0.27, 899060
0.29, 898562
0.29, 896362
0.29, 895843
0.29, 895633
