0.0, 2572580
0.0, 2537091
0.0, 2536465
0.0, 2480812
0.0, 2398630
0.0, 2380424
0.0, 2341435
0.0, 2316456
0.02, 2262888
0.02, 2244282
0.02, 2223138
0.02, 2170776
0.02, 2146940
0.07, 2129017
0.07, 2127164
0.08, 2100034
0.14, 2097376
0.14, 2087154
0.14, 2058444
0.14, 2033653
0.16, 1989592
0.16, 1977933
0.16, 1977054
0.17, 1958894
0.17, 1949818
0.17, 1930365
0.17, 1882436
0.18, 1847131
0.19, 1843871
0.2, 1842707
0.2, 1784692
0.2, 1777013
0.2, 1752547
0.2, 1666639
0.2, 1662974
0.2, 1656265
0.21, 1649928
0.22, 1635835
0.22, 1620767
0.22, 1591129
0.22, 1559014
0.22, 1549569
0.22, 1530320
0.22, 1515076
0.22, 1510728
0.22, 1505052
0.22, 1498185
0.22, 1490662
0.22, 1482208
0.22, 1468590
0.23, 1428236
0.23, 1415117
0.23, 1393126
0.23, 1388967
0.23, 1380975
0.23, 1355520
0.23, 1354092
0.24, 1316558
0.24, 1313169
0.24, 1285799
0.24, 1257561
0.24, 1256174
0.24, 1253445
0.24, 1248503
0.24, 1207067
0.24, 1203413
0.24, 1182702
0.24, 1181468
0.24, 1176684
0.25, 1171787
0.25, 1170412
0.26, 1162186
0.26, 1158682
0.26, 1153815
0.26, 1144853
0.26, 1138874
0.26, 1104871
0.26, 1071951
0.26, 1065059
0.26, 1055924
0.27, 1049690
0.27, 1048595
0.27, 1045673
0.27, 1039611
0.27, 1031029
0.28, 1030836
0.28, 1030800
0.28, 1021328
0.28, 1008714
0.28, 1001874
0.28, 997421
0.28, 997136
0.28, 982941
0.29, 963649
0.29, 958674
0.29, 957684
0.29, 948636
0.29, 946439
0.29, 946355
0.3, 946270
0.3, 943628
0.3, 941927
0.3, 931746
0.3, 921766
0.31, 917620
0.31, 917492
0.31, 915444
0.31, 911700
0.31, 907643
0.31, 907211
0.31, 905011
0.33, 899733
0.34, 898150
0.34, 893746
0.35, 893536
