0.0, 3157535
0.0, 3149308
0.0, 3054763
0.0, 3033301
0.0, 3024306
0.0, 3019177
0.0, 3016083
0.0, 2996234
0.0, 2991392
0.0, 2971056
0.0, 2846025
0.0, 2735262
0.0, 2725862
0.0, 2710873
0.0, 2707557
0.0, 2662971
0.0, 2611854
0.0, 2576551
0.0, 2542199
0.0, 2403760
0.0, 2367945
0.0, 2355570
0.01, 2339775
0.01, 2335643
0.01, 2332343
0.01, 2325207
0.02, 2310264
0.03, 2249267
0.04, 2209757
0.04, 2205670
0.04, 2194695
0.04, 2171005
0.04, 2141887
0.11, 2134237
0.11, 2126997
0.11, 2125405
0.12, 2107683
0.13, 2080072
0.13, 2075956
0.13, 2062863
0.14, 1998222
0.14, 1989012
0.14, 1987674
0.14, 1982715
0.15, 1930120
0.15, 1921864
0.16, 1910800
0.16, 1907865
0.17, 1902256
0.17, 1862874
0.17, 1858985
0.17, 1856734
0.17, 1856105
0.17, 1819449
0.17, 1818638
0.17, 1801554
0.17, 1783754
0.17, 1780920
0.17, 1720132
0.17, 1701042
0.17, 1642554
0.17, 1629720
0.17, 1628185
0.18, 1602405
0.18, 1591115
0.18, 1579337
0.18, 1555460
0.19, 1478077
0.19, 1449313
0.19, 1430689
0.19, 1425773
0.19, 1418649
0.2, 1409993
0.2, 1402259
0.2, 1393514
0.2, 1391923
0.2, 1322964
0.2, 1294759
0.2, 1291702
0.2, 1281824
0.2, 1259323
0.2, 1255263
0.21, 1246308
0.21, 1244578
0.21, 1236480
0.21, 1217736
0.21, 1212968
0.21, 1204901
0.21, 1202745
0.21, 1148649
0.21, 1144617
0.22, 1125811
0.22, 1125104
0.22, 1099295
0.22, 1091357
0.22, 1089644
0.23, 1089427
0.23, 1083554
0.23, 1077830
0.23, 1072404
0.23, 1070958
0.23, 1058529
0.23, 1058495
0.23, 1055532
0.23, 1043206
0.23, 1040406
0.23, 1037946
0.23, 1037446
0.23, 1032189
0.23, 1026360
0.23, 1016779
0.23, 1011053
0.23, 1009040
0.23, 1003202
0.23, 988356
0.23, 982696
0.23, 975976
0.23, 959544
0.23, 959331
0.23, 959289
0.24, 945416
0.24, 944148
0.24, 938015
0.24, 933632
0.24, 929346
0.25, 921094
0.25, 913832
0.25, 913699
0.25, 912125
0.25, 907300
0.25, 904636
0.25, 904141
0.27, 902764
0.27, 901618
0.27, 900787
0.27, 899756
0.27, 897387
0.28, 896836
0.28, 895690
0.28, 895480
0.28, 895448
0.28, 894961
0.28, 893746
0.29, 893536
