0.0, 3256904
0.0, 3208105
0.0, 3191955
0.0, 3137278
0.0, 3073145
0.0, 2990134
0.0, 2960578
0.0, 2911790
0.0, 2854288
0.0, 2712779
0.0, 2638166
0.0, 2628536
0.0, 2609776
0.0, 2606560
0.0, 2589868
0.0, 2475343
0.0, 2473671
0.0, 2402714
0.0, 2390571
0.0, 2380967
0.01, 2375360
0.01, 2331782
0.01, 2311895
0.01, 2292450
0.01, 2122878
0.06, 2085282
0.06, 2066350
0.06, 2023878
0.09, 1996557
0.09, 1996222
0.14, 1970306
0.14, 1959741
0.14, 1955047
0.15, 1943774
0.15, 1878046
0.15, 1865502
0.15, 1862414
0.16, 1858926
0.16, 1854143
0.16, 1821215
0.16, 1761428
0.16, 1741163
0.16, 1722226
0.16, 1719120
0.16, 1698289
0.17, 1682881
0.18, 1681597
0.18, 1661803
0.18, 1660728
0.18, 1659672
0.18, 1648447
0.18, 1629309
0.18, 1627284
0.18, 1600523
0.18, 1588439
0.18, 1576164
0.18, 1520185
0.2, 1498092
0.2, 1481859
0.2, 1475193
0.2, 1436971
0.2, 1435654
0.2, 1409087
0.2, 1391246
0.21, 1388931
0.21, 1344079
0.21, 1332030
0.21, 1305572
0.21, 1290777
0.21, 1283934
0.21, 1280648
0.22, 1266631
0.22, 1255416
0.22, 1254744
0.22, 1226990
0.22, 1208813
0.22, 1179777
0.22, 1171304
0.22, 1163372
0.22, 1147834
0.22, 1106618
0.22, 1102508
0.22, 1102400
0.22, 1093360
0.23, 1076318
0.23, 1075829
0.23, 1072243
0.24, 1067678
0.24, 1060630
0.24, 1028261
0.24, 1027824
0.24, 1027808
0.24, 1023094
0.24, 1021672
0.24, 1020535
0.24, 1017929
0.24, 1014271
0.24, 1006664
0.24, 999575
0.24, 990487
0.24, 976528
0.25, 975491
0.25, 970035
0.25, 965688
0.25, 949575
0.25, 947292
0.25, 940202
0.25, 916536
0.26, 915698
0.26, 915323
0.26, 905457
0.27, 904175
0.27, 903873
0.27, 903332
0.27, 902853
0.27, 902643
0.28, 899343
0.28, 899062
0.28, 898142
0.28, 896493
0.28, 896123
0.28, 895910
0.28, 895700
0.29, 895481
