0.0, 2965291
0.0, 2855869
0.0, 2850847
0.0, 2805852
0.0, 2781457
0.0, 2776037
0.0, 2605449
0.0, 2522775
0.0, 2465610
0.0, 2449871
0.0, 2366112
0.0, 2305326
0.0, 2227138
0.0, 2212551
0.01, 2129616
0.08, 2124299
0.11, 2068015
0.11, 2045851
0.15, 2025792
0.15, 1999052
0.15, 1953678
0.16, 1943357
0.16, 1916371
0.16, 1913902
0.16, 1905816
0.16, 1862609
0.16, 1835080
0.16, 1829625
0.17, 1762958
0.17, 1724430
0.17, 1721768
0.17, 1721622
0.17, 1707962
0.18, 1678760
0.18, 1677544
0.18, 1654018
0.18, 1643186
0.19, 1635270
0.19, 1624005
0.19, 1603860
0.19, 1585893
0.19, 1570276
0.19, 1567953
0.19, 1553476
0.2, 1553330
0.2, 1545638
0.2, 1545607
0.2, 1533849
0.2, 1532283
0.2, 1527278
0.2, 1514058
0.2, 1484963
0.2, 1478027
0.2, 1463692
0.2, 1419311
0.2, 1384119
0.2, 1346649
0.21, 1328669
0.21, 1324719
0.21, 1302105
0.21, 1299984
0.21, 1282784
0.21, 1266206
0.22, 1265020
0.22, 1245261
0.22, 1226806
0.22, 1218597
0.22, 1212638
0.22, 1177325
0.22, 1171065
0.22, 1170436
0.22, 1168982
0.22, 1156601
0.22, 1152939
0.23, 1144368
0.23, 1130094
0.23, 1125216
0.23, 1119231
0.23, 1101399
0.23, 1100747
0.23, 1088846
0.23, 1085652
0.23, 1079499
0.23, 1078930
0.24, 1073770
0.24, 1068782
0.24, 1062953
0.24, 1046972
0.24, 1038582
0.24, 1030773
0.24, 1028816
0.24, 1025906
0.24, 1017359
0.25, 1011724
0.25, 1011387
0.25, 1007551
0.25, 1005986
0.25, 1002638
0.25, 1000305
0.25, 998741
0.25, 991663
0.25, 984827
0.25, 983971
0.25, 966754
0.25, 963809
0.25, 953809
0.25, 953488
0.25, 950474
0.25, 945331
0.25, 942299
0.27, 939135
0.27, 935552
0.27, 930172
0.27, 925415
0.27, 924114
0.27, 918971
0.27, 914735
0.27, 910678
0.27, 908978
0.28, 907523
0.28, 906718
0.28, 904964
0.28, 904582
0.28, 904031
0.28, 903401
0.28, 902850
0.28, 900783
0.28, 898338
0.28, 897810
0.3, 895556
0.3, 895343
0.32, 894378
0.33, 894197
