1.6, 2854827
3.07, 2598261
4.37, 2433023
5.48, 2280759
6.56, 2151711
7.64, 2018674
8.72, 1894030
9.89, 1776002
11.11, 1690080
12.63, 1593595
14.05, 1508243
15.52, 1438775
17.38, 1370129
18.79, 1313687
20.18, 1269907
21.59, 1221139
22.73, 1182941
23.8, 1154296
25.01, 1114409
26.17, 1077488
27.26, 1048647
28.33, 1022535
29.4, 1005596
30.47, 990220
31.86, 975671
34.42, 956695
35.87, 946315
37.33, 940478
38.97, 937482
40.6, 934695
41.83, 932495
42.91, 931505
44.73, 931143
45.91, 930287
47.43, 925712
48.65, 921606
50.16, 919320
51.4, 919110
