11.89, 2970080
19.35, 2617046
22.96, 2448583
25.29, 2299046
27.43, 2168912
29.27, 2047319
31.93, 1937161
34.76, 1822499
37.53, 1712312
40.36, 1612405
41.68, 1534646
42.98, 1460953
44.28, 1397776
45.93, 1342300
47.56, 1300036
48.92, 1262198
50.23, 1224888
51.54, 1193902
52.88, 1160748
54.27, 1124441
55.6, 1094351
56.9, 1064782
58.19, 1038630
59.48, 1013566
60.8, 990687
62.24, 970232
63.55, 955068
64.89, 948351
66.17, 932126
67.47, 927301
68.78, 924256
70.07, 922102
71.47, 920340
72.8, 919240
74.12, 918539
