0.0, 2781791
0.0, 2781345
0.0, 2770643
0.0, 2733480
0.0, 2709477
0.0, 2679731
0.0, 2606309
0.0, 2516845
0.0, 2511741
0.0, 2469605
0.0, 2468318
0.0, 2448835
0.0, 2435295
0.0, 2426660
0.0, 2330691
0.01, 2307550
0.02, 2246050
0.03, 2209086
0.03, 2196884
0.03, 2183780
0.04, 2145869
0.09, 2143802
0.12, 2139982
0.12, 2129419
0.12, 2091940
0.12, 1995909
0.12, 1941268
0.15, 1923643
0.15, 1907763
0.16, 1904605
0.16, 1848857
0.16, 1811696
0.17, 1792635
0.17, 1758876
0.17, 1734184
0.17, 1706869
0.17, 1689939
0.17, 1607942
0.17, 1607347
0.17, 1591353
0.17, 1553362
0.17, 1548616
0.17, 1543015
0.19, 1539734
0.19, 1531124
0.19, 1530274
0.19, 1527021
0.19, 1523321
0.19, 1501377
0.19, 1493817
0.19, 1476211
0.19, 1457442
0.19, 1448282
0.19, 1442641
0.19, 1401533
0.2, 1390113
0.2, 1371751
0.2, 1365949
0.2, 1361354
0.2, 1354653
0.2, 1340944
0.2, 1336782
0.2, 1336254
0.2, 1335922
0.2, 1328246
0.2, 1310829
0.2, 1291611
0.2, 1284407
0.2, 1275966
0.2, 1271089
0.2, 1255615
0.2, 1249826
0.21, 1246139
0.21, 1239865
0.21, 1222840
0.21, 1222549
0.21, 1214225
0.21, 1211232
0.21, 1205074
0.21, 1195563
0.21, 1192456
0.21, 1185104
0.21, 1172545
0.21, 1172302
0.21, 1171463
0.21, 1169715
0.21, 1169255
0.21, 1169236
0.21, 1163488
0.21, 1162716
0.21, 1145022
0.21, 1128812
0.21, 1113888
0.21, 1110370
0.21, 1107277
0.21, 1106343
0.22, 1105448
0.22, 1080185
0.22, 1074090
0.22, 1070201
0.22, 1069648
0.22, 1048397
0.22, 1044006
0.22, 1040664
0.22, 1033703
0.23, 1028070
0.23, 1021148
0.23, 1017939
0.23, 1004631
0.23, 983910
0.23, 965437
0.24, 962968
0.24, 960576
0.24, 957777
0.24, 957309
0.24, 952272
0.24, 951126
0.24, 946551
0.24, 944207
0.24, 942184
0.25, 923379
0.25, 920987
0.25, 919211
0.25, 919001
0.25, 914279
0.25, 910612
0.25, 906591
0.26, 905622
0.26, 902314
0.27, 900175
0.29, 899865
0.29, 899343
0.29, 899133
0.29, 896888
0.29, 896576
0.29, 896366
