1.2, 2507739
2.32, 2367089
3.42, 2223685
5.2, 2093966
6.31, 1979258
7.39, 1864303
8.48, 1753586
9.56, 1651346
10.63, 1568051
11.72, 1484903
12.8, 1418944
13.88, 1353440
14.96, 1303017
16.03, 1243973
17.11, 1210570
18.19, 1184761
19.33, 1159606
20.58, 1135878
21.77, 1113814
22.88, 1092111
23.96, 1068918
25.04, 1047325
26.15, 1020582
27.24, 1002992
28.32, 986767
29.39, 971474
30.47, 959437
31.55, 949647
32.63, 940034
33.71, 932710
34.79, 925336
36.05, 919477
37.27, 914725
38.4, 910668
39.5, 907522
40.61, 907476
