0.0, 2730511
0.0, 2696446
0.0, 2680616
0.0, 2665120
0.0, 2621424
0.0, 2507641
0.0, 2503066
0.0, 2502241
0.0, 2479273
0.0, 2464778
0.0, 2425619
0.0, 2373309
0.0, 2311898
0.0, 2233228
0.0, 2216193
0.0, 2162939
0.0, 2125989
0.0, 2120172
0.0, 2108462
0.0, 2052964
0.0, 2043945
0.0, 2030585
0.15, 2021225
0.15, 2021105
0.15, 1986693
0.15, 1981692
0.15, 1965011
0.15, 1958522
0.15, 1945116
0.15, 1925404
0.15, 1904488
0.16, 1882275
0.16, 1869167
0.16, 1849719
0.16, 1841032
0.16, 1834380
0.16, 1793150
0.16, 1701267
0.17, 1666408
0.17, 1653441
0.17, 1647916
0.17, 1634062
0.18, 1625686
0.18, 1606753
0.18, 1604705
0.18, 1599794
0.18, 1582621
0.18, 1560852
0.18, 1550164
0.18, 1479842
0.18, 1464544
0.18, 1400767
0.19, 1398108
0.2, 1378989
0.2, 1367878
0.2, 1344233
0.2, 1326790
0.2, 1326730
0.2, 1323889
0.2, 1320663
0.2, 1297409
0.2, 1290834
0.2, 1269329
0.2, 1264778
0.2, 1261464
0.21, 1257264
0.21, 1256598
0.21, 1249554
0.21, 1216174
0.21, 1209002
0.21, 1204816
0.21, 1193766
0.21, 1186617
0.21, 1186214
0.21, 1178903
0.21, 1174848
0.21, 1161924
0.21, 1096235
0.21, 1096226
0.21, 1095070
0.21, 1084500
0.21, 1081292
0.21, 1079857
0.21, 1077574
0.21, 1053444
0.21, 1053228
0.22, 1048263
0.22, 1043287
0.22, 1042656
0.22, 1018824
0.22, 1004703
0.23, 1000411
0.23, 998632
0.23, 997796
0.23, 986754
0.23, 984571
0.23, 983721
0.23, 969509
0.23, 967745
0.23, 960087
0.23, 957063
0.24, 950614
0.24, 936301
0.24, 932979
0.24, 929983
0.24, 928070
0.24, 926393
0.24, 926364
0.24, 923252
0.25, 920018
0.25, 919467
0.25, 914709
0.25, 913259
0.25, 910973
0.25, 905114
0.25, 904837
0.26, 902371
0.26, 902190
0.26, 899904
0.28, 899396
