1.09, 2384228
2.35, 2238296
3.79, 2093913
5.47, 1983928
6.94, 1860335
8.09, 1765503
9.43, 1682290
10.64, 1607902
11.77, 1551319
12.89, 1496535
14.01, 1442807
15.11, 1390315
16.19, 1342087
17.27, 1300024
18.65, 1237635
19.9, 1207651
21.0, 1177822
22.1, 1148247
23.36, 1119609
24.54, 1094467
25.64, 1071889
27.8, 1051259
29.04, 1026425
30.19, 1008003
31.28, 990298
32.53, 972708
33.83, 955528
34.93, 940203
36.01, 934479
37.09, 929517
38.19, 925009
39.53, 922617
40.78, 920331
41.88, 918634
42.97, 917534
44.05, 916634
45.12, 916353
