0.0, 2819285
0.0, 2762025
0.0, 2749380
0.0, 2650789
0.0, 2627855
0.0, 2578282
0.0, 2553506
0.0, 2542593
0.0, 2455535
0.0, 2417734
0.0, 2383569
0.0, 2346191
0.0, 2268486
0.01, 2242328
0.01, 2240632
0.01, 2239415
0.02, 2229526
0.02, 2197277
0.02, 2014057
0.02, 2013922
0.02, 1989879
0.15, 1975111
0.16, 1965795
0.16, 1955638
0.16, 1906591
0.16, 1838963
0.18, 1826982
0.18, 1783206
0.18, 1710648
0.18, 1705623
0.18, 1703126
0.18, 1603424
0.18, 1581594
0.18, 1564441
0.18, 1554011
0.18, 1526691
0.18, 1523951
0.19, 1516306
0.19, 1482986
0.19, 1480503
0.19, 1459811
0.19, 1455063
0.2, 1453731
0.2, 1450987
0.2, 1445549
0.2, 1398531
0.2, 1383480
0.2, 1364753
0.2, 1323886
0.2, 1319134
0.21, 1307131
0.21, 1296574
0.21, 1294323
0.21, 1271507
0.21, 1263917
0.21, 1247154
0.21, 1237390
0.21, 1231197
0.21, 1226468
0.21, 1224218
0.21, 1221716
0.21, 1219490
0.21, 1211665
0.21, 1204861
0.21, 1200210
0.22, 1188715
0.22, 1183459
0.22, 1173276
0.22, 1132457
0.22, 1127334
0.22, 1125874
0.22, 1125188
0.22, 1094228
0.22, 1087068
0.22, 1084552
0.22, 1084033
0.22, 1083191
0.22, 1061992
0.22, 1061563
0.22, 1053248
0.23, 1052514
0.23, 1041530
0.23, 1029389
0.23, 1021439
0.23, 1012317
0.23, 1007386
0.24, 1001627
0.24, 1000200
0.24, 997203
0.24, 992623
0.24, 990888
0.24, 988077
0.24, 974736
0.24, 965649
0.24, 964985
0.24, 964232
0.25, 957322
0.26, 955218
0.26, 953181
0.26, 949508
0.26, 945044
0.26, 944054
0.26, 943270
0.26, 924324
0.26, 918320
0.26, 918139
0.26, 914914
0.27, 912515
0.28, 908443
0.28, 906281
0.28, 906100
0.28, 905379
0.28, 903644
0.28, 902943
0.28, 901797
0.29, 901427
0.29, 901246
