0.0, 2967386
0.0, 2935751
0.0, 2896078
0.0, 2821833
0.0, 2726888
0.0, 2700339
0.0, 2677285
0.0, 2623672
0.0, 2610565
0.0, 2586930
0.0, 2573658
0.0, 2557586
0.0, 2539814
0.0, 2440419
0.0, 2400113
0.0, 2363059
0.0, 2326216
0.01, 2213607
0.02, 2169306
0.07, 2160706
0.07, 2132503
0.07, 2097305
0.12, 2078732
0.14, 2074257
0.14, 2054703
0.15, 2041225
0.15, 2025454
0.15, 1860029
0.15, 1827798
0.15, 1799670
0.15, 1768966
0.15, 1757065
0.17, 1749521
0.18, 1745276
0.19, 1741375
0.19, 1694158
0.2, 1656230
0.2, 1581038
0.21, 1579109
0.21, 1571248
0.21, 1563169
0.21, 1542985
0.21, 1540319
0.21, 1529819
0.21, 1515925
0.21, 1506191
0.22, 1503888
0.22, 1496269
0.22, 1479245
0.22, 1476575
0.22, 1469819
0.22, 1466512
0.22, 1459665
0.22, 1441009
0.22, 1431587
0.22, 1424714
0.22, 1392698
0.22, 1375475
0.22, 1344234
0.22, 1316002
0.22, 1237310
0.22, 1229918
0.22, 1215188
0.24, 1207688
0.24, 1206986
0.24, 1204023
0.24, 1171916
0.24, 1152940
0.24, 1144155
0.24, 1124367
0.24, 1117433
0.24, 1111960
0.24, 1093338
0.24, 1089792
0.25, 1062274
0.25, 1046469
0.25, 1031424
0.25, 1031225
0.25, 1022300
0.25, 1005863
0.26, 998346
0.26, 984834
0.26, 977908
0.27, 977775
0.27, 970272
0.27, 966938
0.27, 965103
0.27, 964957
0.27, 962565
0.27, 956997
0.27, 955287
0.27, 951938
0.27, 951728
0.27, 951642
0.27, 945489
0.27, 936143
0.28, 921177
0.28, 914315
0.29, 909823
0.3, 905199
0.3, 904648
0.3, 903411
0.3, 902279
0.3, 901732
0.32, 895370
0.34, 894819
0.34, 894636
0.34, 893959
0.35, 893749
