2.3, 2639797
4.05, 2399506
5.64, 2209758
7.7, 2052246
9.49, 1926986
11.24, 1810883
12.99, 1731509
14.67, 1652611
16.24, 1561311
17.6, 1489302
19.01, 1427155
20.32, 1365451
21.94, 1304528
23.65, 1253310
25.3, 1199466
26.63, 1164109
27.95, 1130119
29.29, 1099328
30.64, 1068051
31.94, 1039119
33.24, 1013420
34.55, 993223
35.86, 975559
37.32, 957206
38.63, 940981
39.94, 930304
41.25, 926198
42.56, 923153
44.71, 917208
45.9, 913550
47.18, 911158
48.46, 908872
49.65, 906672
50.78, 906004
52.07, 902385
53.9, 901675
55.06, 901124
