338.54, 59826
349.82, 59607
371.17, 59561
444.26, 59468
447.92, 59465
454.16, 59432
464.53, 59152
597.87, 58848
600.26, 58736
1351.58, 58491
1744.03, 58259
2040.94, 58219
2802.1, 58133
3352.97, 57973
3403.66, 57709
6123.47, 57627
7785.58, 57599
22776.8, 57540
23555.87, 57454
24124.33, 57222
24554.0, 57111
25401.38, 57025
25994.5, 56865
26049.0, 56601
28857.14, 56519
89903.57, 56447
90597.2, 56355
120615.72, 56334
121430.7, 56298
157314.32, 56293
272592.97, 56273
279857.26, 56258
279857.37, 56252
279857.48, 56191
331692.08, 56179
333999.44, 56172
333999.55, 56166
333999.68, 56146
361148.99, 56126
361149.1, 56120
361149.22, 56100
368050.07, 56057
368050.18, 56051
368050.29, 56031
377867.01, 56013
514509.68, 55862
516031.09, 55776
519258.86, 55690
521320.57, 55530
521590.69, 55266
533776.68, 55184
