0.0, 224958
0.0, 223965
0.0, 222732
0.0, 221919
0.0, 212342
0.0, 209181
0.0, 208849
0.0, 206524
0.0, 206433
0.0, 203981
0.0, 201964
0.0, 200022
0.0, 198428
0.0, 195087
0.0, 193338
0.0, 192354
0.0, 187042
0.0, 180781
0.0, 179558
0.0, 179507
0.0, 179363
0.0, 178920
0.0, 178262
0.0, 177892
0.0, 177671
0.0, 177231
0.01, 175578
0.01, 174743
0.01, 174239
0.02, 170766
0.02, 170232
0.02, 169737
0.02, 168130
0.02, 167515
0.02, 167443
0.16, 166591
0.16, 165368
0.16, 164937
0.16, 162568
0.23, 160126
0.27, 157590
0.29, 157539
0.29, 157204
0.29, 154666
0.29, 152569
0.29, 150851
0.29, 150103
0.29, 145453
0.31, 145282
0.32, 143299
0.32, 143298
0.32, 141957
0.32, 140309
0.33, 136429
0.33, 135390
0.33, 133954
0.33, 131680
0.33, 118872
0.33, 114760
0.35, 114012
0.35, 112378
0.35, 109749
0.35, 108465
0.35, 107914
0.35, 107876
0.35, 107468
0.35, 105744
0.35, 105288
0.35, 104814
0.36, 102003
0.36, 100731
0.36, 98801
0.36, 98784
0.36, 98210
0.36, 97632
0.36, 97197
0.37, 96183
0.37, 95732
0.37, 94820
0.37, 91500
0.37, 90073
0.37, 88090
0.38, 86028
0.38, 85945
0.38, 85636
0.38, 84362
0.38, 84312
0.38, 84054
0.38, 83780
0.39, 83002
0.39, 82438
0.39, 82411
0.39, 81970
0.39, 81241
0.39, 80969
0.39, 80939
0.39, 79266
0.39, 76187
0.39, 76074
0.39, 76068
0.39, 76036
0.39, 75993
0.39, 75800
0.39, 75575
0.39, 74636
0.4, 73995
0.4, 73312
0.41, 72735
0.41, 72421
0.41, 72123
0.41, 72114
0.41, 71673
0.41, 71450
0.41, 70953
0.41, 70888
0.41, 70703
0.41, 70473
0.41, 69348
0.41, 68383
0.41, 68337
0.41, 67945
0.41, 67836
0.41, 67760
0.41, 67725
0.41, 67576
0.41, 66901
0.41, 66451
0.41, 65176
0.41, 64914
0.41, 64900
0.41, 64899
0.41, 63886
0.41, 63572
0.41, 63547
0.41, 63503
0.42, 63447
0.43, 63404
0.43, 63306
0.43, 61959
0.43, 61671
0.43, 61402
0.43, 61141
0.43, 61050
0.43, 60762
0.43, 60155
0.43, 59592
0.43, 59586
0.43, 59218
0.43, 58489
0.43, 58460
0.43, 58409
0.43, 57105
0.43, 56699
0.44, 56585
0.44, 55431
0.44, 55183
0.45, 54964
0.45, 54857
0.45, 54505
0.45, 54398
0.45, 54326
0.45, 54199
0.47, 53695
0.47, 53141
