0.0, 226387
0.0, 222705
0.0, 222564
0.0, 221762
0.0, 221287
0.0, 219716
0.0, 215603
0.0, 213725
0.0, 207247
0.0, 206416
0.0, 204465
0.0, 203347
0.0, 202709
0.0, 200108
0.0, 194640
0.0, 194019
0.0, 191086
0.0, 188903
0.0, 188537
0.0, 187932
0.0, 182636
0.0, 181974
0.0, 181828
0.0, 180941
0.0, 180834
0.0, 180790
0.01, 180127
0.01, 179744
0.01, 179468
0.01, 177949
0.01, 173588
0.01, 169689
0.03, 166035
0.11, 164844
0.11, 164506
0.11, 164161
0.12, 163637
0.16, 163616
0.16, 162050
0.24, 158336
0.24, 158230
0.24, 158106
0.24, 151617
0.24, 151325
0.28, 150014
0.28, 148603
0.29, 143560
0.29, 143245
0.33, 142335
0.33, 142155
0.33, 142102
0.33, 141456
0.33, 140479
0.33, 140094
0.33, 134780
0.33, 134424
0.33, 134036
0.33, 133889
0.33, 132999
0.33, 131716
0.33, 131639
0.34, 131017
0.34, 130558
0.35, 129103
0.36, 129097
0.36, 127833
0.36, 126912
0.36, 126910
0.36, 124988
0.36, 123023
0.36, 122210
0.36, 118641
0.36, 118389
0.36, 117641
0.36, 116394
0.36, 115450
0.36, 115350
0.36, 113487
0.36, 112319
0.36, 111152
0.36, 110058
0.37, 109391
0.37, 109368
0.37, 105080
0.37, 103936
0.37, 103891
0.37, 103852
0.37, 103658
0.37, 102516
0.37, 101363
0.37, 101299
0.37, 100255
0.37, 97049
0.37, 96076
0.37, 95347
0.38, 95156
0.38, 94380
0.39, 93423
0.39, 93182
0.39, 92777
0.39, 92602
0.39, 91582
0.39, 89307
0.39, 88444
0.39, 88032
0.39, 85303
0.39, 85237
0.4, 85135
0.4, 84432
0.4, 83984
0.4, 83666
0.4, 83434
0.4, 83424
0.4, 83421
0.4, 83236
0.4, 82594
0.41, 82534
0.41, 82510
0.41, 82100
0.41, 81397
0.41, 80132
0.41, 79359
0.41, 79334
0.41, 78991
0.41, 77730
0.42, 77666
0.42, 77395
0.42, 77280
0.42, 76659
0.42, 76158
0.42, 75905
0.42, 75429
0.42, 74867
0.42, 74325
0.42, 74137
0.42, 73762
0.42, 73350
0.42, 73237
0.42, 72557
0.42, 71900
0.42, 70629
0.42, 70427
0.42, 69781
0.42, 69648
0.42, 69314
0.42, 69119
0.42, 69083
0.42, 68375
0.42, 67906
0.43, 67154
0.43, 66194
0.43, 66158
0.43, 65584
0.43, 65467
0.43, 64680
0.43, 64622
0.43, 64571
0.43, 64551
0.44, 64247
0.44, 64196
0.44, 63969
0.44, 63393
0.44, 63386
0.44, 62840
0.44, 62599
0.44, 62408
0.44, 62090
0.44, 61536
0.44, 61432
0.44, 61069
0.44, 60329
0.45, 60267
0.45, 59653
0.45, 59644
0.45, 59353
0.45, 59115
0.45, 58897
0.45, 58632
0.45, 58609
0.45, 57942
0.45, 57390
0.45, 57325
0.45, 57029
0.45, 57025
0.45, 56867
0.45, 56793
0.46, 56691
0.46, 56552
0.46, 56487
0.46, 56458
0.46, 56342
0.47, 55452
0.47, 55184
0.47, 54583
0.47, 54468
0.47, 54286
0.48, 54200
0.48, 54136
0.48, 54039
0.48, 53911
0.49, 53909
0.49, 53827
0.49, 53569
0.49, 53542
0.49, 53480
0.49, 53438
0.49, 53018
0.49, 52998
0.5, 52936
0.52, 52672
