0.0, 214094
0.0, 211679
0.0, 211039
0.0, 210955
0.0, 209239
0.0, 202262
0.0, 199667
0.0, 195230
0.0, 191585
0.0, 191240
0.0, 191171
0.0, 190968
0.0, 189914
0.0, 188532
0.0, 188399
0.0, 187815
0.0, 186818
0.0, 184416
0.0, 184014
0.0, 182218
0.0, 181639
0.0, 180909
0.0, 178424
0.01, 178308
0.01, 173637
0.01, 172594
0.02, 171857
0.07, 163351
0.13, 162795
0.28, 159233
0.28, 158347
0.3, 157474
0.3, 156186
0.3, 154420
0.3, 153502
0.3, 152526
0.3, 143889
0.3, 142860
0.3, 142812
0.32, 142433
0.32, 140559
0.32, 137947
0.32, 137557
0.33, 136705
0.33, 134699
0.33, 132192
0.33, 131671
0.34, 130711
0.34, 128044
0.34, 127390
0.34, 126385
0.35, 123549
0.35, 123340
0.35, 122323
0.35, 122138
0.35, 120965
0.35, 120868
0.35, 120798
0.35, 118398
0.35, 118005
0.35, 117985
0.35, 117817
0.35, 114836
0.35, 114294
0.35, 114105
0.37, 113535
0.37, 113278
0.37, 112531
0.37, 110171
0.37, 108012
0.37, 107938
0.37, 107251
0.37, 107152
0.37, 103224
0.37, 102586
0.37, 102271
0.37, 101029
0.38, 100428
0.38, 99985
0.38, 98160
0.38, 97781
0.38, 96690
0.38, 95856
0.38, 95391
0.38, 93151
0.38, 92851
0.38, 91886
0.38, 91632
0.38, 91096
0.38, 91014
0.39, 90976
0.39, 90686
0.39, 90217
0.39, 90199
0.39, 90085
0.39, 89388
0.39, 89040
0.39, 88879
0.39, 88690
0.39, 87248
0.39, 86981
0.39, 86872
0.39, 86700
0.39, 85130
0.39, 84959
0.39, 84674
0.39, 82908
0.4, 82782
0.4, 81651
0.4, 80447
0.4, 79724
0.41, 79255
0.41, 77950
0.41, 77838
0.41, 77807
0.41, 76804
0.41, 76591
0.41, 76313
0.41, 75595
0.41, 75082
0.41, 75004
0.41, 74827
0.41, 74665
0.41, 73330
0.41, 73167
0.41, 73101
0.41, 73097
0.41, 72803
0.41, 71956
0.41, 71432
0.41, 70890
0.41, 70443
0.41, 70416
0.41, 70413
0.41, 70265
0.41, 69832
0.41, 69666
0.42, 69036
0.42, 68887
0.42, 68698
0.42, 68605
0.42, 67986
0.42, 67793
0.43, 66545
0.43, 66201
0.43, 66014
0.43, 65664
0.43, 65393
0.43, 65302
0.43, 64979
0.43, 63953
0.43, 63298
0.44, 62855
0.44, 61806
0.44, 61399
0.44, 61144
0.44, 61138
0.44, 60409
0.44, 59538
0.44, 59483
0.44, 59156
0.44, 59130
0.44, 58942
0.45, 58663
0.45, 58629
0.45, 58223
0.45, 57676
0.45, 57148
0.45, 57033
0.45, 56986
0.45, 56855
0.45, 56788
0.46, 56567
0.46, 56550
0.46, 56208
0.46, 55918
0.46, 55689
0.46, 55660
0.46, 55427
0.46, 55348
0.46, 55269
0.46, 55268
0.46, 54996
0.46, 54985
0.46, 54356
0.46, 54179
0.47, 54163
0.47, 54115
0.47, 54036
0.47, 53734
0.47, 53663
0.5, 53229
