0.0, 207258
0.0, 203961
0.0, 201045
0.0, 197290
0.0, 196781
0.0, 196599
0.0, 194750
0.0, 193366
0.0, 191385
0.0, 191364
0.0, 189604
0.0, 187482
0.0, 187306
0.0, 185977
0.01, 182990
0.01, 182986
0.01, 182699
0.01, 181836
0.01, 179969
0.01, 179239
0.01, 179137
0.01, 178852
0.02, 178657
0.04, 177145
0.04, 174836
0.04, 174780
0.04, 172831
0.04, 170748
0.04, 170478
0.04, 169649
0.04, 165356
0.04, 164542
0.04, 156541
0.25, 155582
0.25, 154349
0.31, 150172
0.31, 149705
0.31, 149141
0.31, 147883
0.31, 145408
0.32, 142104
0.33, 141803
0.33, 140863
0.33, 137315
0.33, 136533
0.33, 136494
0.33, 134711
0.34, 130777
0.34, 129011
0.34, 126986
0.34, 125898
0.34, 125305
0.34, 123423
0.35, 122933
0.35, 122518
0.35, 122034
0.36, 113158
0.36, 112065
0.36, 112054
0.36, 111102
0.37, 109500
0.37, 109223
0.37, 108915
0.37, 108856
0.37, 108337
0.37, 108104
0.37, 107548
0.37, 106319
0.37, 106162
0.37, 104237
0.37, 103881
0.37, 103451
0.38, 102402
0.38, 101487
0.38, 100240
0.38, 100097
0.38, 99220
0.39, 99100
0.39, 98854
0.39, 97088
0.39, 96024
0.39, 95749
0.39, 95561
0.39, 92857
0.39, 91389
0.39, 91031
0.39, 90835
0.39, 89693
0.39, 89456
0.4, 87533
0.4, 87218
0.4, 86732
0.4, 85687
0.4, 84990
0.4, 83938
0.41, 83435
0.41, 83228
0.41, 82778
0.41, 81911
0.41, 80994
0.41, 80731
0.42, 80499
0.42, 79655
0.42, 79424
0.42, 78773
0.42, 78538
0.42, 78090
0.42, 77313
0.42, 76861
0.42, 75656
0.42, 74942
0.42, 74737
0.42, 74580
0.43, 74460
0.43, 73310
0.43, 73132
0.43, 72199
0.43, 70767
0.43, 70748
0.43, 70040
0.43, 68842
0.43, 68396
0.44, 67921
0.44, 67147
0.44, 66507
0.44, 66099
0.45, 65786
0.45, 65501
0.45, 65334
0.45, 65247
0.45, 65113
0.45, 64849
0.45, 64648
0.45, 64202
0.45, 64155
0.45, 63566
0.45, 63042
0.45, 63022
0.45, 62157
0.45, 60841
0.45, 60498
0.45, 60487
0.45, 60343
0.45, 59952
0.45, 59768
0.45, 58965
0.45, 58679
0.45, 57802
0.45, 57770
0.45, 57687
0.46, 57542
0.46, 56928
0.47, 56910
0.47, 56457
0.47, 56180
0.47, 56062
0.47, 55977
0.47, 55391
0.47, 55370
0.47, 54909
0.47, 54795
0.48, 54527
0.48, 54480
0.48, 54224
0.49, 53854
0.49, 53549
0.49, 53243
0.5, 53189
0.5, 53178
0.5, 52945
0.5, 52838
0.52, 52788
