3.2, 161068
6.68, 149266
9.69, 138604
12.51, 128969
15.39, 122839
18.12, 115047
20.81, 109606
23.91, 104644
26.59, 100191
29.26, 96294
31.91, 92978
34.81, 90225
37.56, 87587
40.72, 84498
43.68, 82253
46.54, 80086
49.31, 78144
52.03, 76238
55.0, 74407
58.32, 72511
61.02, 70644
63.68, 69007
66.33, 67436
68.97, 66290
72.19, 64203
75.07, 63262
77.74, 62325
80.39, 61422
83.06, 60545
85.75, 59736
88.42, 58970
91.15, 58261
93.98, 57587
96.66, 56958
99.34, 56404
102.09, 55882
104.8, 55425
107.49, 55038
110.33, 54652
113.1, 54195
115.82, 53905
118.76, 53784
121.51, 53663
124.91, 53581
128.48, 53509
131.19, 53441
134.44, 53420
137.19, 53152
