2.83, 198481
5.56, 180736
8.25, 167749
11.06, 156401
13.79, 146593
16.65, 138870
19.42, 131514
22.03, 124937
24.66, 119540
27.64, 114238
30.24, 109253
33.03, 103694
35.95, 99542
38.67, 96566
41.81, 93611
45.31, 90776
48.2, 88050
50.92, 85994
53.58, 84069
57.24, 82289
60.02, 80895
63.15, 79505
66.82, 77956
69.51, 76656
72.38, 75417
75.1, 74233
78.08, 72893
80.96, 71517
83.64, 70386
86.37, 69059
89.04, 67991
91.71, 67044
94.53, 66119
97.23, 64985
99.87, 64106
102.63, 63210
105.31, 62413
107.97, 61647
110.83, 61018
113.51, 60153
116.17, 59547
119.37, 58990
122.04, 58612
125.21, 58204
129.03, 57765
131.85, 57470
134.59, 57183
137.49, 56990
140.27, 56423
143.12, 56361
