0.0, 222993
0.0, 222323
0.0, 218390
0.0, 218025
0.0, 214096
0.0, 213021
0.0, 212621
0.0, 210658
0.0, 209151
0.0, 206957
0.0, 206783
0.0, 206739
0.0, 205444
0.0, 204587
0.0, 203644
0.0, 203598
0.0, 202680
0.0, 200510
0.0, 199532
0.0, 191305
0.0, 190063
0.0, 188802
0.0, 187487
0.0, 186966
0.0, 183009
0.0, 182300
0.01, 182095
0.01, 181889
0.01, 180329
0.01, 179229
0.01, 178317
0.01, 177893
0.01, 172486
0.01, 168129
0.01, 167039
0.01, 167008
0.01, 159127
0.16, 158667
0.16, 155943
0.29, 155495
0.29, 154185
0.29, 153697
0.3, 153323
0.3, 151006
0.3, 147687
0.3, 147518
0.31, 146541
0.31, 145170
0.31, 144265
0.32, 144157
0.32, 142890
0.33, 142078
0.33, 141924
0.33, 139340
0.33, 139258
0.33, 137545
0.33, 136170
0.33, 135548
0.35, 135000
0.35, 133531
0.35, 132616
0.35, 132591
0.35, 132297
0.35, 131735
0.35, 131295
0.35, 129317
0.35, 126065
0.35, 124736
0.35, 124650
0.35, 123697
0.35, 121138
0.35, 120649
0.35, 119535
0.35, 116492
0.35, 114836
0.35, 113561
0.35, 112944
0.36, 112518
0.36, 111839
0.37, 109803
0.37, 109260
0.37, 109174
0.37, 104390
0.37, 103824
0.37, 103365
0.37, 102642
0.37, 102635
0.37, 101157
0.38, 98010
0.38, 97426
0.38, 96639
0.38, 96222
0.38, 95022
0.38, 92434
0.38, 92402
0.38, 92293
0.39, 92203
0.39, 91890
0.39, 91217
0.39, 89145
0.39, 88674
0.39, 87752
0.4, 87511
0.4, 87209
0.4, 86376
0.4, 86196
0.4, 85368
0.4, 82088
0.4, 80749
0.4, 80504
0.4, 80384
0.4, 80240
0.4, 79357
0.4, 79247
0.4, 79200
0.4, 78541
0.41, 78086
0.41, 76572
0.41, 76286
0.42, 75557
0.42, 74758
0.42, 73792
0.42, 72982
0.42, 72465
0.42, 71445
0.43, 70970
0.43, 70333
0.43, 68987
0.44, 68565
0.44, 67930
0.44, 67223
0.44, 66878
0.44, 65849
0.44, 65657
0.44, 65027
0.45, 64659
0.45, 64454
0.45, 64157
0.45, 64067
0.45, 62866
0.45, 62716
0.45, 62356
0.45, 62338
0.45, 61942
0.45, 61829
0.45, 61742
0.45, 61562
0.45, 61344
0.45, 60755
0.45, 60465
0.45, 59945
0.45, 58842
0.45, 58745
0.45, 58591
0.46, 58312
0.46, 58007
0.46, 57607
0.46, 57267
0.46, 57227
0.46, 56801
0.46, 56323
0.46, 56252
0.46, 55909
0.47, 55786
0.47, 55757
0.47, 55698
0.47, 55093
0.48, 55088
0.48, 54925
0.48, 54472
0.48, 54428
0.48, 54281
0.48, 54234
0.48, 53939
0.48, 53922
0.48, 53910
0.48, 53490
0.49, 53045
0.49, 53002
0.49, 52861
0.52, 52658
