2.78, 188552
5.6, 176254
8.36, 164942
11.11, 155166
13.85, 146071
16.58, 138706
19.32, 130613
22.12, 123250
24.96, 116781
27.64, 111957
30.56, 106913
33.35, 102935
36.09, 99475
38.93, 96248
41.77, 93472
44.48, 90769
47.3, 87797
50.38, 84832
53.36, 82465
56.77, 80129
59.95, 78073
63.83, 76215
66.61, 74369
69.5, 72631
72.62, 70890
75.64, 69238
78.48, 67500
81.27, 66072
84.03, 64682
87.03, 63437
89.95, 62315
93.07, 61137
95.88, 60048
98.77, 58809
101.63, 57769
104.72, 57017
108.18, 56268
111.73, 55573
115.2, 55275
118.85, 55154
122.22, 55039
125.01, 54957
127.71, 54880
130.63, 54854
