19.79, 189169
31.7, 177575
37.12, 167518
42.58, 156327
46.34, 145368
49.72, 137625
53.19, 130035
56.69, 122682
60.06, 116401
63.41, 110622
66.7, 105064
70.06, 101351
74.52, 97914
78.03, 94990
81.35, 92210
84.71, 88141
88.22, 85505
91.55, 82959
94.92, 80608
98.24, 78967
101.51, 77291
105.31, 75688
109.72, 74094
112.97, 72542
115.91, 71029
119.13, 69319
122.22, 67901
125.11, 66754
128.04, 65644
130.89, 64563
133.66, 63339
136.74, 62311
139.58, 61428
142.43, 60582
145.5, 59766
148.36, 59126
151.2, 58538
154.16, 58003
157.03, 57623
160.51, 57284
164.01, 56887
167.19, 56521
170.11, 56196
172.87, 56033
175.64, 55941
178.39, 55863
181.96, 55796
184.76, 55748
