0.0, 201999
0.0, 201031
0.0, 195722
0.0, 194769
0.0, 190338
0.0, 190058
0.0, 189465
0.0, 186794
0.0, 186203
0.0, 176280
0.0, 171745
0.0, 167523
0.0, 166277
0.0, 162966
0.0, 159835
0.02, 159233
0.26, 157617
0.26, 156215
0.26, 154758
0.28, 149004
0.3, 148837
0.3, 145473
0.31, 144379
0.31, 144084
0.31, 142138
0.32, 142018
0.32, 139857
0.32, 134058
0.33, 133496
0.33, 131891
0.33, 126140
0.33, 125120
0.34, 120850
0.34, 120235
0.34, 119251
0.34, 118484
0.34, 114359
0.34, 112916
0.34, 111929
0.34, 109129
0.34, 108009
0.34, 106231
0.34, 104333
0.34, 104116
0.37, 103786
0.37, 103600
0.37, 103155
0.37, 102982
0.37, 101650
0.37, 99708
0.37, 98691
0.37, 98049
0.37, 97998
0.38, 97963
0.38, 96958
0.38, 96911
0.38, 96015
0.38, 95737
0.38, 94031
0.38, 94006
0.38, 92958
0.38, 92950
0.38, 90701
0.38, 90426
0.38, 90277
0.39, 90188
0.39, 89189
0.39, 87379
0.39, 87107
0.39, 86789
0.39, 85358
0.39, 84994
0.39, 84993
0.39, 82292
0.39, 81543
0.39, 80678
0.39, 78742
0.39, 77960
0.4, 77899
0.4, 77189
0.4, 77141
0.4, 76966
0.4, 76705
0.4, 76688
0.4, 76045
0.4, 75795
0.4, 75672
0.4, 74854
0.4, 74531
0.4, 74129
0.4, 73775
0.4, 73119
0.4, 72714
0.4, 72447
0.4, 71648
0.4, 71437
0.41, 71291
0.41, 71155
0.41, 70772
0.41, 70659
0.41, 70533
0.41, 70299
0.41, 70007
0.41, 69979
0.41, 69834
0.41, 69631
0.41, 69313
0.41, 69183
0.41, 68929
0.41, 68344
0.41, 67873
0.41, 67114
0.42, 66640
0.42, 66032
0.42, 65427
0.42, 64715
0.42, 64543
0.42, 64277
0.42, 64182
0.42, 63448
0.42, 63290
0.42, 62076
0.42, 61972
0.42, 61255
0.42, 61142
0.43, 61016
0.43, 60082
0.43, 59222
0.43, 59126
0.44, 58995
0.44, 58753
0.44, 58568
0.44, 58398
0.44, 58094
0.45, 57960
0.45, 57933
0.45, 57907
0.45, 57842
0.45, 57839
0.45, 57593
0.45, 57192
0.45, 56936
0.45, 56794
0.45, 56450
0.45, 56421
0.45, 56357
0.45, 55827
0.45, 55503
0.45, 55148
0.45, 54545
0.45, 54489
0.45, 54382
0.45, 54280
0.45, 54225
0.45, 54083
0.45, 53982
0.46, 53900
0.46, 53614
0.48, 53454
0.48, 53419
