0.0, 215481
0.0, 210292
0.0, 205752
0.0, 200948
0.0, 200456
0.0, 200101
0.0, 200027
0.0, 199735
0.0, 196393
0.0, 195066
0.0, 194361
0.0, 194065
0.0, 193246
0.0, 191660
0.0, 190541
0.0, 185595
0.0, 182790
0.0, 180630
0.0, 179387
0.0, 174507
0.0, 170520
0.0, 167928
0.0, 167738
0.0, 166551
0.0, 166347
0.0, 164781
0.03, 163732
0.03, 157577
0.08, 155723
0.31, 154546
0.31, 152743
0.31, 152132
0.33, 151687
0.34, 151170
0.34, 150372
0.34, 146077
0.35, 145563
0.35, 144202
0.35, 143967
0.35, 142430
0.35, 140748
0.35, 139871
0.35, 137608
0.35, 137211
0.35, 136005
0.35, 135928
0.35, 130073
0.35, 130028
0.35, 126570
0.35, 126062
0.35, 124826
0.35, 124139
0.38, 124084
0.38, 123820
0.38, 123511
0.38, 123300
0.38, 121459
0.38, 121039
0.38, 120664
0.38, 120555
0.38, 119237
0.39, 117542
0.39, 117149
0.39, 116470
0.39, 112012
0.39, 111989
0.4, 110743
0.4, 110497
0.4, 109636
0.4, 109508
0.4, 107340
0.4, 106905
0.4, 106055
0.4, 105737
0.4, 104044
0.41, 102064
0.41, 101379
0.41, 101321
0.41, 101131
0.41, 100622
0.41, 98763
0.41, 98728
0.41, 98347
0.41, 98124
0.41, 95605
0.41, 94896
0.41, 94255
0.41, 94044
0.41, 93364
0.42, 92706
0.42, 92099
0.43, 91726
0.43, 91707
0.43, 91257
0.43, 91071
0.43, 90142
0.43, 90136
0.43, 89640
0.43, 88582
0.43, 85789
0.43, 84932
0.43, 84602
0.43, 82763
0.43, 81970
0.44, 78731
0.44, 78397
0.44, 77791
0.44, 77045
0.44, 74389
0.44, 73687
0.44, 73586
0.44, 72777
0.44, 72623
0.45, 71350
0.45, 71017
0.46, 70813
0.46, 69862
0.46, 68763
0.46, 68701
0.46, 68683
0.46, 67438
0.46, 67308
0.47, 67196
0.47, 66533
0.47, 65709
0.47, 64653
0.47, 64508
0.47, 63837
0.47, 62553
0.48, 61808
0.48, 61558
0.48, 61106
0.48, 61083
0.48, 60651
0.48, 60166
0.48, 60137
0.48, 59590
0.48, 59094
0.48, 58724
0.48, 57733
0.48, 57312
0.48, 57198
0.48, 57194
0.48, 56998
0.48, 56956
0.48, 56843
0.49, 56389
0.49, 55659
0.49, 55499
0.49, 54971
0.49, 54837
0.51, 54382
0.51, 54354
0.51, 54266
0.51, 54073
0.51, 53925
0.51, 53830
0.51, 53688
0.51, 53672
0.51, 53669
0.51, 53565
0.51, 53559
0.51, 53548
0.51, 53516
0.51, 53080
0.51, 52922
0.52, 52658
0.55, 52643
