0.0, 174557
0.02, 174203
0.02, 173609
0.02, 173162
0.02, 168677
0.03, 167208
0.03, 166515
0.03, 163115
0.08, 160999
0.18, 160205
0.18, 159712
0.22, 157195
0.22, 154132
0.32, 153101
0.32, 152492
0.33, 152061
0.33, 149282
0.34, 145128
0.34, 143724
0.34, 143110
0.34, 142555
0.35, 136888
0.36, 133029
0.36, 130014
0.36, 128234
0.36, 127430
0.36, 126843
0.36, 125469
0.36, 123990
0.36, 119636
0.36, 116310
0.37, 115846
0.37, 115167
0.38, 112889
0.38, 111331
0.38, 111219
0.38, 111139
0.38, 107308
0.38, 107137
0.38, 106929
0.39, 105468
0.39, 104932
0.39, 104827
0.39, 103847
0.39, 103631
0.39, 101280
0.39, 101272
0.39, 100566
0.39, 99336
0.4, 98999
0.4, 98683
0.4, 97456
0.4, 96492
0.4, 95040
0.4, 94809
0.4, 94804
0.4, 94792
0.41, 94252
0.41, 93990
0.41, 93297
0.41, 92610
0.41, 92364
0.41, 89758
0.41, 88967
0.41, 88374
0.42, 85739
0.42, 85709
0.42, 85221
0.42, 85131
0.42, 84379
0.42, 83326
0.42, 83314
0.42, 82188
0.42, 81089
0.43, 81010
0.43, 80634
0.43, 80065
0.43, 78564
0.43, 77439
0.43, 77342
0.43, 76684
0.43, 76226
0.43, 75642
0.43, 75011
0.43, 74777
0.43, 74553
0.43, 72600
0.43, 71697
0.43, 71315
0.43, 71271
0.44, 71004
0.44, 70788
0.44, 70707
0.44, 69477
0.44, 68237
0.44, 68117
0.44, 67220
0.45, 66766
0.45, 66056
0.45, 65449
0.45, 64994
0.45, 64307
0.45, 64165
0.46, 63795
0.46, 63434
0.46, 63226
0.46, 62810
0.46, 62223
0.46, 61256
0.46, 60504
0.46, 60483
0.46, 60466
0.46, 59742
0.46, 59418
0.46, 59417
0.46, 59214
0.47, 58649
0.47, 58503
0.47, 57207
0.48, 56364
0.48, 55980
0.48, 55721
0.48, 55609
0.48, 55316
0.48, 54727
0.49, 54648
0.5, 54642
0.5, 54372
0.5, 54114
0.5, 53997
0.52, 53598
0.52, 53585
0.52, 53458
0.53, 53168
0.53, 53147
0.53, 53140
0.53, 53105
0.54, 52941
0.55, 52914
0.55, 52879
