2.96, 178896
5.67, 168341
8.37, 158929
11.07, 151801
13.75, 144601
16.53, 137716
19.49, 131121
22.13, 124762
24.69, 119826
27.47, 115033
30.04, 110013
32.7, 106219
35.63, 102487
38.27, 98885
40.84, 95576
43.57, 92606
46.17, 89855
48.79, 87268
51.83, 84987
55.0, 82719
57.75, 80969
60.41, 79234
63.23, 77513
66.86, 75801
69.67, 73724
72.41, 72397
75.09, 71165
77.77, 69941
80.58, 68898
83.26, 67914
86.05, 66639
88.79, 65739
91.46, 64383
94.19, 63502
96.93, 62671
99.62, 61879
102.38, 61142
105.14, 60412
107.78, 59586
111.38, 58959
114.29, 58375
116.94, 57898
119.52, 57565
122.08, 57241
124.65, 56956
127.73, 56672
130.54, 56429
133.2, 56070
135.99, 55835
138.67, 55316
141.39, 55219
143.96, 53897
