0.0, 197438
0.0, 194765
0.0, 190301
0.0, 189368
0.0, 188703
0.0, 187986
0.0, 186185
0.0, 186160
0.0, 185312
0.0, 184632
0.0, 183958
0.0, 181247
0.0, 180861
0.0, 179888
0.0, 178604
0.0, 175429
0.01, 175416
0.01, 171551
0.01, 171476
0.01, 168215
0.06, 166082
0.14, 165554
0.14, 165045
0.19, 164681
0.23, 162332
0.26, 160363
0.26, 158653
0.26, 157287
0.26, 155527
0.28, 154943
0.28, 153631
0.28, 151939
0.28, 150416
0.28, 148349
0.28, 147147
0.29, 144943
0.31, 144593
0.31, 143270
0.31, 141876
0.31, 141660
0.31, 141158
0.31, 140969
0.31, 140786
0.31, 140653
0.31, 138175
0.31, 136092
0.31, 136057
0.31, 134249
0.32, 133470
0.32, 132259
0.32, 132121
0.32, 127448
0.32, 127108
0.32, 125552
0.32, 124969
0.32, 122211
0.33, 121035
0.33, 118700
0.33, 118591
0.33, 118443
0.33, 116626
0.33, 116565
0.33, 116188
0.33, 113869
0.34, 113356
0.34, 112023
0.34, 109525
0.34, 109487
0.34, 109385
0.34, 107641
0.34, 106926
0.34, 106360
0.35, 105923
0.35, 105086
0.35, 105034
0.35, 104912
0.35, 104247
0.35, 102503
0.35, 101179
0.35, 101107
0.35, 99521
0.35, 98441
0.35, 98011
0.35, 97555
0.35, 97422
0.35, 96716
0.35, 96201
0.36, 95508
0.36, 95341
0.36, 94651
0.36, 94491
0.36, 94102
0.36, 93118
0.36, 93095
0.37, 92964
0.37, 92849
0.37, 92202
0.37, 89159
0.37, 88580
0.37, 87502
0.37, 86666
0.37, 86170
0.37, 83955
0.37, 83492
0.38, 82324
0.38, 81599
0.38, 80905
0.38, 80364
0.38, 79717
0.38, 79488
0.38, 79379
0.39, 79223
0.39, 79037
0.39, 78275
0.39, 78067
0.39, 77686
0.39, 76811
0.39, 76768
0.39, 76330
0.39, 75137
0.39, 75085
0.39, 74423
0.39, 74233
0.4, 73924
0.4, 73570
0.4, 73192
0.4, 73095
0.4, 73033
0.4, 72723
0.4, 71962
0.4, 71143
0.4, 71004
0.4, 69966
0.4, 69059
0.4, 68031
0.4, 67845
0.4, 67413
0.4, 66106
0.4, 65968
0.4, 64605
0.41, 64349
0.41, 64238
0.41, 63822
0.41, 63166
0.41, 62882
0.42, 62153
0.42, 61836
0.42, 60974
0.42, 60696
0.43, 60598
0.43, 60494
0.43, 60460
0.43, 60372
0.43, 59902
0.43, 59553
0.43, 59485
0.43, 58847
0.43, 58242
0.43, 58171
0.43, 58129
0.43, 57726
0.43, 57327
0.43, 57223
0.43, 56957
0.43, 56778
0.43, 56750
0.43, 56662
0.43, 55827
0.43, 55760
0.43, 55633
0.44, 55105
0.44, 54840
0.44, 54826
0.44, 54704
0.44, 54486
0.44, 53611
0.44, 53471
0.46, 53306
0.46, 53139
