0.0, 215631
0.0, 215192
0.0, 212294
0.0, 208718
0.0, 208591
0.0, 208525
0.0, 208158
0.0, 202134
0.0, 201749
0.0, 200981
0.0, 200814
0.0, 199407
0.0, 196835
0.0, 188708
0.0, 188015
0.0, 186551
0.0, 183782
0.0, 183772
0.0, 178896
0.0, 175453
0.01, 175404
0.01, 175392
0.01, 172537
0.02, 172223
0.04, 164849
0.04, 163806
0.1, 161423
0.1, 160184
0.1, 157684
0.1, 155149
0.1, 153376
0.3, 153357
0.3, 152449
0.3, 151537
0.3, 149931
0.3, 149051
0.3, 146002
0.31, 145461
0.31, 144709
0.31, 139669
0.31, 139091
0.31, 139050
0.32, 135727
0.32, 134515
0.32, 133871
0.32, 133554
0.32, 131494
0.32, 130424
0.32, 130356
0.32, 128682
0.32, 127248
0.33, 123032
0.33, 122437
0.33, 121184
0.33, 120191
0.33, 117349
0.35, 117256
0.35, 115838
0.35, 113975
0.35, 113322
0.35, 112593
0.35, 111901
0.35, 111792
0.35, 108887
0.35, 108696
0.35, 107231
0.35, 106903
0.35, 104015
0.37, 103472
0.37, 102654
0.37, 100947
0.37, 98502
0.37, 97848
0.37, 96833
0.37, 96361
0.37, 96329
0.37, 95902
0.37, 94242
0.37, 93170
0.37, 92337
0.37, 92004
0.37, 91514
0.38, 91309
0.38, 91225
0.38, 90506
0.38, 90383
0.38, 89980
0.38, 89582
0.38, 89303
0.38, 88616
0.39, 88124
0.39, 87783
0.39, 84248
0.39, 84197
0.39, 83683
0.39, 83080
0.39, 81569
0.39, 81365
0.39, 80884
0.39, 79482
0.39, 77934
0.39, 77409
0.39, 76862
0.39, 76577
0.4, 75597
0.4, 74392
0.4, 73977
0.4, 73950
0.4, 73664
0.4, 72255
0.4, 71954
0.4, 70954
0.4, 70926
0.4, 70831
0.4, 70786
0.4, 70445
0.4, 70371
0.4, 70308
0.4, 69343
0.4, 68717
0.4, 68570
0.4, 68285
0.4, 68008
0.4, 68004
0.41, 67482
0.41, 65868
0.41, 65369
0.42, 65182
0.42, 65052
0.42, 65015
0.42, 64405
0.43, 64326
0.43, 63695
0.43, 63360
0.43, 63196
0.43, 63075
0.43, 62172
0.43, 61672
0.43, 61526
0.43, 61316
0.44, 61016
0.44, 60514
0.44, 60406
0.44, 59356
0.44, 59088
0.44, 58754
0.44, 58259
0.44, 57963
0.44, 57862
0.44, 57833
0.44, 57543
0.44, 56991
0.44, 56906
0.44, 56824
0.45, 56523
0.45, 56190
0.45, 55864
0.45, 55568
0.45, 55564
0.45, 55527
0.45, 55291
0.45, 55193
0.45, 55111
0.45, 54892
0.45, 54831
0.46, 54639
0.46, 54556
0.46, 54412
0.46, 54203
0.46, 54145
0.46, 54090
0.46, 53794
0.46, 53712
0.46, 53323
0.46, 53055
0.49, 52957
0.49, 52942
0.49, 52739
0.49, 52657
