3.02, 212038
6.01, 199867
8.71, 188458
11.41, 177829
14.3, 167936
16.97, 159038
19.86, 150240
22.58, 142919
25.31, 135636
28.9, 129365
32.29, 123729
35.71, 118114
38.44, 112836
41.17, 108393
44.03, 104592
46.7, 101204
49.41, 97824
52.04, 94630
54.64, 91767
57.26, 89348
60.1, 86936
62.79, 84526
65.75, 82118
68.33, 79740
70.9, 77584
73.88, 76004
76.61, 74457
79.3, 72910
82.03, 71448
84.71, 70180
87.4, 68935
90.09, 67735
93.25, 66610
95.91, 65489
98.48, 64469
101.04, 63471
103.75, 62617
106.36, 61778
108.95, 60988
111.8, 60247
115.08, 59568
117.65, 58982
120.31, 58538
122.93, 58153
125.69, 57534
128.4, 57155
130.96, 56861
133.58, 56669
136.44, 56522
139.11, 56382
142.07, 56307
144.77, 56208
147.45, 55623
