2.78, 202658
5.38, 190952
7.99, 180315
10.83, 170425
13.52, 161159
16.24, 152596
18.96, 143651
21.66, 135318
24.33, 127083
27.16, 119248
30.62, 111394
33.43, 105105
36.23, 100270
38.91, 94740
41.67, 89990
44.36, 86085
47.07, 82673
49.76, 79533
52.58, 75770
55.24, 73634
58.21, 71496
61.28, 69897
63.91, 68258
66.66, 66882
69.23, 65559
71.8, 64296
75.21, 63114
78.19, 62127
81.4, 61305
84.91, 60493
87.85, 59713
91.17, 58948
93.82, 58046
96.7, 57417
99.53, 56856
102.42, 56386
105.72, 55826
108.54, 55373
111.71, 54934
134.25, 54512
140.29, 54265
142.95, 54087
145.92, 54005
148.62, 53955
151.76, 53908
155.08, 53817
157.8, 53295
