2.85, 208083
5.49, 196203
8.06, 185131
10.63, 175002
13.29, 166303
16.91, 157915
19.67, 149978
22.34, 142648
24.99, 135664
27.65, 129339
30.33, 123896
33.02, 118423
35.88, 113126
38.54, 108303
41.22, 102900
43.89, 96443
46.54, 91498
49.56, 88347
52.35, 85736
55.01, 83242
57.68, 80876
60.36, 78684
63.05, 76821
65.88, 74227
69.28, 72513
71.95, 70669
74.64, 68988
77.32, 67489
80.21, 66056
83.03, 64672
85.7, 63727
88.38, 62847
91.06, 61991
93.77, 61292
96.47, 60602
99.09, 59952
101.64, 59285
104.24, 58673
106.78, 58119
109.33, 57570
112.3, 57165
115.96, 56841
118.56, 56530
122.0, 56339
124.7, 55817
127.39, 55644
130.02, 54919
132.95, 54854
135.64, 54485
138.34, 53658
