3.67, 211140
8.03, 199210
11.52, 188157
15.46, 176606
19.08, 166118
23.02, 156955
26.25, 148270
29.38, 139529
32.07, 130894
35.15, 124125
37.85, 117698
41.47, 111657
45.24, 105896
48.75, 100046
52.53, 95810
55.52, 91584
58.23, 87486
61.22, 84516
63.92, 81871
66.64, 79641
69.34, 77644
73.03, 75278
76.55, 73852
79.61, 72548
82.49, 71446
86.22, 70362
88.95, 68756
91.67, 67625
94.56, 66008
97.22, 65047
100.66, 64231
104.28, 62682
107.19, 61870
109.94, 61133
113.02, 60352
115.93, 59854
118.69, 59401
121.38, 58970
124.06, 58544
126.85, 58147
130.44, 57861
133.36, 57618
136.02, 57428
138.72, 57349
141.42, 57056
144.37, 57047
147.8, 56815
