3.01, 211760
6.76, 197777
9.82, 186501
12.66, 175944
15.54, 166375
18.27, 156823
21.0, 148903
23.7, 140867
27.1, 132983
30.59, 125874
34.05, 119726
37.48, 114376
40.73, 109632
43.44, 105280
46.26, 100178
49.13, 97020
51.81, 93077
54.47, 89682
58.0, 86712
61.37, 83434
64.18, 80492
66.87, 78109
69.58, 75806
72.97, 73729
76.81, 71695
79.82, 69818
82.69, 68258
85.41, 66840
88.5, 65876
91.19, 64972
93.86, 64206
96.62, 63067
99.42, 62211
103.07, 61634
106.58, 60974
110.09, 60459
113.55, 59973
116.94, 59571
121.35, 59016
124.78, 58114
127.53, 57725
130.65, 57238
134.42, 56781
137.99, 56188
141.43, 56151
