0.0, 594107
0.0, 583540
0.0, 567383
0.0, 565864
0.0, 550022
0.0, 548128
0.0, 546200
0.0, 529280
0.0, 524798
0.0, 516133
0.0, 507569
0.0, 503306
0.0, 486914
0.0, 480460
0.0, 474384
0.0, 473625
0.0, 469381
0.0, 466166
0.0, 463168
0.0, 459377
0.04, 458546
0.04, 458080
0.14, 457317
0.18, 456634
0.18, 454580
0.19, 452033
0.19, 449882
0.19, 447110
0.33, 445966
0.39, 445920
0.39, 438837
0.39, 438044
0.39, 437340
0.39, 435180
0.39, 433542
0.39, 431583
0.39, 425720
0.43, 419926
0.43, 416703
0.46, 403291
0.46, 401928
0.46, 401128
0.46, 393295
0.46, 392715
0.46, 389902
0.46, 387754
0.46, 384832
0.46, 383315
0.46, 381389
0.48, 377499
0.48, 375006
0.48, 366535
0.48, 364133
0.49, 361094
0.49, 351412
0.5, 339951
0.5, 339603
0.5, 334363
0.5, 332130
0.51, 328037
0.51, 325205
0.51, 324692
0.51, 323896
0.51, 323690
0.51, 320057
0.51, 319855
0.51, 318797
0.51, 317673
0.51, 316096
0.51, 313524
0.51, 312173
0.51, 311568
0.51, 311096
0.51, 309706
0.51, 307696
0.51, 306912
0.51, 300966
0.51, 297435
0.51, 295163
0.51, 294966
0.51, 293526
0.51, 290401
0.51, 289923
0.51, 288965
0.52, 286727
0.52, 286497
0.53, 281923
0.53, 280337
0.53, 279580
0.53, 278498
0.53, 276853
0.54, 276851
0.54, 276815
0.54, 276628
0.54, 275851
0.54, 275576
0.54, 274161
0.54, 272674
0.54, 269094
0.54, 265886
0.54, 258144
0.54, 254672
0.55, 252158
0.55, 248576
0.55, 247578
0.55, 243951
0.55, 241448
0.56, 241003
0.56, 237551
0.56, 234938
0.56, 233956
0.56, 233942
0.56, 228675
0.56, 225895
0.56, 225187
0.56, 224683
0.56, 224371
0.56, 224176
0.56, 223358
0.56, 222842
0.56, 221277
0.56, 218701
0.56, 216958
0.56, 214737
0.56, 213412
0.56, 212731
0.56, 208450
0.56, 208332
0.56, 207128
0.56, 206736
0.56, 206651
0.57, 206402
0.57, 205830
0.57, 205288
0.57, 201674
0.57, 199868
0.57, 198057
0.57, 197337
0.57, 196718
0.57, 195407
0.57, 195241
0.57, 193191
0.57, 192834
0.57, 192707
0.57, 191828
0.58, 189945
0.58, 189333
0.58, 188285
0.58, 188191
0.58, 186914
0.58, 185471
0.58, 185299
0.58, 185234
0.58, 184947
0.58, 181482
0.59, 181314
0.59, 178503
0.59, 178446
0.59, 178347
0.59, 176299
0.6, 175800
0.6, 174844
0.6, 173953
0.6, 173751
0.6, 173611
0.6, 172666
0.6, 172525
0.6, 171636
0.6, 170845
0.6, 169574
0.6, 168177
0.6, 168122
0.6, 165999
0.6, 165978
0.6, 165799
0.6, 164511
0.6, 164318
0.6, 163968
0.6, 163906
0.6, 162529
0.6, 160363
0.6, 160115
0.6, 157447
0.6, 155625
0.6, 155548
0.6, 155419
0.61, 152666
0.61, 151778
0.61, 151286
0.61, 151201
0.61, 150968
0.61, 149610
0.61, 149263
0.61, 148905
0.61, 147862
0.62, 146853
0.62, 146150
0.62, 146030
0.62, 145833
0.62, 145755
0.62, 145634
0.62, 144667
0.62, 144595
0.62, 143867
0.62, 143223
0.62, 143070
0.62, 143018
0.62, 142220
0.62, 142080
0.62, 140814
0.62, 140133
0.62, 138622
0.62, 138192
0.62, 137859
0.62, 136058
0.63, 135764
0.63, 135197
0.63, 134976
0.63, 134344
0.63, 133569
0.63, 132989
0.63, 132129
0.63, 132074
0.63, 131191
0.63, 130907
0.64, 130298
0.64, 130117
0.64, 128901
0.64, 127760
0.64, 127496
0.64, 125991
0.64, 124869
0.64, 124137
0.64, 123982
0.64, 123927
0.64, 123714
0.64, 123329
0.64, 123299
0.65, 122577
0.65, 122188
0.65, 121318
0.65, 120964
0.65, 120499
0.65, 120298
0.65, 119729
0.65, 119580
0.65, 119436
0.65, 119310
0.65, 115833
0.65, 115459
0.65, 115015
0.66, 114998
0.66, 114772
0.66, 114613
0.66, 114593
0.66, 114248
0.66, 114166
0.66, 113615
0.66, 113018
0.66, 112844
0.66, 112711
0.66, 111916
0.66, 111575
0.66, 111393
0.66, 111312
0.66, 111230
0.66, 110996
0.67, 110411
0.67, 106801
0.67, 106711
0.67, 106507
0.67, 106394
0.67, 106237
0.67, 104984
0.67, 104686
0.67, 104630
0.67, 104386
0.68, 104345
0.71, 103616
0.71, 103578
0.71, 103357
0.71, 103129
0.71, 102937
0.71, 102824
0.72, 102554
0.72, 102020
0.73, 101972
0.73, 101964
0.73, 101901
0.73, 101715
0.75, 101545
