0.0, 533752
0.0, 533217
0.0, 532519
0.0, 529595
0.0, 514174
0.0, 509123
0.0, 505533
0.0, 505525
0.0, 501189
0.0, 499943
0.01, 489256
0.01, 479799
0.01, 476405
0.01, 473625
0.01, 471789
0.01, 467279
0.01, 467054
0.01, 456621
0.01, 453393
0.06, 451254
0.06, 445930
0.32, 443056
0.32, 440705
0.32, 440343
0.37, 439542
0.39, 438157
0.39, 437839
0.39, 436227
0.39, 435447
0.39, 435313
0.39, 433451
0.39, 429650
0.39, 423179
0.4, 421837
0.41, 421479
0.41, 414842
0.41, 414135
0.41, 410143
0.41, 408654
0.43, 406147
0.43, 397112
0.43, 395769
0.43, 388265
0.43, 385236
0.43, 381203
0.43, 373653
0.43, 373439
0.43, 367431
0.43, 366774
0.43, 359423
0.43, 359076
0.47, 358272
0.47, 354947
0.47, 350786
0.47, 347926
0.47, 347431
0.47, 345088
0.47, 344285
0.47, 341637
0.47, 338808
0.47, 337225
0.47, 334377
0.47, 333485
0.48, 333337
0.48, 330702
0.48, 326844
0.48, 323183
0.48, 321293
0.48, 321154
0.48, 317734
0.48, 311312
0.48, 311157
0.48, 310441
0.49, 310169
0.49, 306882
0.49, 304416
0.49, 298127
0.49, 296816
0.49, 295923
0.49, 295749
0.5, 294976
0.5, 290348
0.5, 282777
0.5, 279140
0.5, 277622
0.5, 277488
0.5, 276429
0.5, 275744
0.5, 272834
0.5, 271256
0.5, 269204
0.5, 267747
0.5, 265437
0.5, 262972
0.5, 262004
0.51, 260367
0.51, 260287
0.51, 259840
0.51, 257944
0.51, 244346
0.51, 241841
0.51, 241069
0.51, 241039
0.52, 240770
0.52, 238715
0.52, 236690
0.52, 233533
0.52, 232186
0.52, 231121
0.52, 229071
0.52, 226556
0.54, 225855
0.54, 222479
0.54, 221952
0.54, 221737
0.54, 216868
0.54, 216568
0.54, 212180
0.54, 212111
0.54, 210544
0.54, 207411
0.54, 204742
0.54, 202581
0.54, 201900
0.54, 198976
0.54, 198418
0.54, 197246
0.55, 196725
0.55, 194998
0.55, 193832
0.55, 191826
0.55, 190180
0.56, 187898
0.56, 186878
0.56, 184846
0.56, 184174
0.56, 180685
0.56, 180040
0.56, 178752
0.56, 178444
0.56, 177185
0.56, 173576
0.56, 172712
0.56, 171663
0.56, 171458
0.56, 170973
0.56, 167233
0.57, 167038
0.57, 166811
0.57, 165302
0.57, 164954
0.57, 164639
0.57, 164394
0.57, 163955
0.57, 163483
0.57, 161093
0.57, 160854
0.57, 160149
0.57, 159864
0.57, 158903
0.57, 158852
0.57, 157639
0.57, 157483
0.57, 156701
0.57, 154900
0.57, 154842
0.57, 154700
0.57, 152214
0.57, 147651
0.57, 146853
0.57, 146708
0.58, 146490
0.58, 144475
0.58, 143365
0.58, 142048
0.58, 140749
0.58, 137422
0.58, 137252
0.58, 136387
0.58, 135532
0.59, 135375
0.59, 134972
0.59, 134609
0.59, 134358
0.59, 134203
0.59, 134101
0.59, 133689
0.59, 133114
0.6, 131139
0.6, 129645
0.6, 129590
0.6, 129554
0.6, 129489
0.6, 129377
0.6, 129193
0.6, 128970
0.6, 128606
0.6, 127504
0.6, 126899
0.6, 125927
0.61, 125510
0.61, 125140
0.61, 124692
0.61, 124651
0.61, 123314
0.61, 122353
0.61, 122225
0.61, 121256
0.61, 121204
0.61, 120891
0.61, 120442
0.61, 120284
0.61, 119865
0.61, 119838
0.62, 118810
0.62, 118664
0.62, 118470
0.62, 118224
0.62, 118133
0.62, 116816
0.62, 116356
0.62, 116268
0.62, 115330
0.62, 115109
0.63, 114749
0.63, 114166
0.63, 113706
0.63, 113567
0.63, 113142
0.63, 112907
0.63, 112776
0.63, 112604
0.63, 112027
0.64, 111852
0.64, 111699
0.64, 111650
0.64, 111450
0.64, 111306
0.64, 111149
0.64, 111111
0.64, 110702
0.64, 109980
0.64, 109446
0.64, 109420
0.64, 108827
0.64, 108450
0.64, 108203
0.64, 107888
0.64, 107769
0.64, 106987
0.64, 106913
0.65, 106780
0.65, 106685
0.65, 105880
0.65, 105658
0.65, 105560
0.65, 105557
0.65, 105201
0.65, 104980
0.65, 104953
0.65, 104198
0.65, 103978
0.69, 103865
0.7, 103805
0.7, 103777
0.71, 103565
0.71, 103552
0.71, 103535
0.72, 103521
0.72, 103376
0.74, 103355
0.74, 103180
0.75, 103172
0.75, 103109
