10.18, 572309
19.92, 549133
29.53, 526397
39.46, 503799
48.67, 482071
57.56, 461652
67.72, 443343
77.38, 426053
86.59, 409320
95.66, 392996
104.71, 377297
114.37, 363003
124.92, 348309
135.52, 334685
144.95, 322638
154.62, 309594
163.52, 298946
173.51, 289072
182.43, 278980
191.71, 270243
201.83, 261687
211.02, 254033
220.34, 246660
229.22, 239377
238.56, 233629
247.54, 228144
257.23, 222642
266.69, 217492
275.88, 212422
285.06, 207407
294.25, 202504
303.19, 197712
312.59, 192570
321.5, 188147
330.46, 183777
339.38, 178583
348.3, 174386
357.44, 170388
366.74, 166589
375.68, 163048
384.61, 159596
395.45, 156562
406.92, 153594
417.13, 151030
429.19, 148501
439.54, 146046
448.9, 143526
459.32, 141083
468.58, 138753
479.61, 136457
489.45, 134252
498.78, 132312
508.21, 130558
517.84, 128401
528.02, 126645
537.55, 124973
548.05, 123483
557.77, 122229
567.21, 120799
576.6, 119620
586.23, 118336
595.63, 117296
606.11, 116332
615.36, 115629
624.97, 114957
634.97, 114296
644.59, 113813
654.16, 113372
663.6, 112985
673.79, 111771
683.63, 111412
692.88, 109776
702.15, 109177
711.21, 108892
721.01, 108663
731.03, 108486
741.26, 107644
750.78, 107472
