0.0, 587779
0.0, 577573
0.0, 571934
0.0, 571837
0.0, 568770
0.0, 567124
0.0, 561971
0.0, 559348
0.0, 558503
0.0, 549385
0.0, 547664
0.0, 545131
0.0, 539437
0.0, 532826
0.0, 526431
0.0, 521679
0.0, 517095
0.0, 509098
0.0, 508826
0.0, 508559
0.0, 507489
0.0, 506577
0.0, 501272
0.0, 500823
0.0, 500143
0.0, 496244
0.0, 494776
0.0, 493235
0.0, 487773
0.0, 487711
0.0, 486792
0.0, 485379
0.0, 484815
0.0, 484704
0.0, 483791
0.0, 479527
0.01, 471434
0.01, 469321
0.01, 468860
0.01, 466738
0.01, 466514
0.01, 465426
0.01, 458790
0.01, 456167
0.01, 455563
0.01, 448700
0.01, 444727
0.01, 442284
0.34, 438043
0.37, 434815
0.37, 434013
0.37, 429348
0.37, 424672
0.38, 407398
0.38, 403956
0.4, 403579
0.4, 396743
0.4, 393991
0.42, 393753
0.43, 393752
0.43, 393305
0.43, 391863
0.43, 385899
0.43, 385340
0.43, 379791
0.43, 377961
0.44, 376343
0.44, 374889
0.44, 374758
0.44, 369948
0.44, 365058
0.44, 362695
0.45, 360006
0.45, 359967
0.45, 356429
0.45, 353541
0.45, 350107
0.45, 348180
0.45, 345337
0.45, 334888
0.45, 334257
0.45, 331245
0.45, 329362
0.45, 327573
0.46, 326740
0.46, 325262
0.47, 321579
0.47, 320636
0.47, 319581
0.47, 318113
0.47, 315599
0.47, 311619
0.47, 311247
0.47, 307906
0.47, 303887
0.47, 301800
0.47, 301156
0.47, 299055
0.47, 297278
0.47, 295141
0.47, 294435
0.47, 291748
0.47, 288997
0.47, 286335
0.47, 285241
0.47, 283564
0.47, 280199
0.47, 279098
0.47, 277835
0.47, 275007
0.49, 273918
0.49, 273787
0.49, 272155
0.49, 270860
0.49, 269778
0.49, 267693
0.49, 266198
0.5, 265566
0.5, 264715
0.5, 264051
0.5, 260569
0.5, 259869
0.5, 257274
0.5, 254221
0.5, 250718
0.51, 249994
0.51, 248376
0.51, 246086
0.51, 245880
0.51, 242779
0.51, 242696
0.51, 242071
0.51, 241363
0.51, 239623
0.51, 233388
0.51, 233229
0.51, 233186
0.51, 232638
0.52, 230568
0.52, 230222
0.52, 229963
0.52, 229211
0.52, 226601
0.52, 225099
0.52, 224224
0.52, 221899
0.52, 220963
0.52, 220448
0.52, 220104
0.52, 216917
0.52, 215995
0.52, 215926
0.52, 214069
0.52, 213056
0.52, 213023
0.52, 212529
0.52, 212493
0.52, 209509
0.52, 209336
0.52, 207613
0.52, 206546
0.52, 206191
0.52, 205637
0.52, 204476
0.52, 204326
0.52, 202276
0.53, 201182
0.53, 199701
0.53, 198872
0.54, 197954
0.54, 195347
0.54, 194950
0.54, 194788
0.54, 194779
0.54, 193084
0.54, 192975
0.54, 191701
0.54, 189887
0.54, 188818
0.54, 188679
0.54, 188428
0.54, 187867
0.54, 187152
0.54, 185780
0.54, 185765
0.54, 184490
0.54, 184123
0.54, 182369
0.54, 181993
0.54, 178049
0.54, 177870
0.54, 177593
0.54, 177217
0.54, 176440
0.54, 176394
0.54, 173776
0.54, 173496
0.54, 171137
0.54, 169968
0.54, 169093
0.54, 167404
0.54, 166148
0.54, 163459
0.54, 162010
0.54, 160269
0.55, 160229
0.55, 158502
0.55, 157901
0.55, 157165
0.55, 154255
0.55, 153814
0.55, 152902
0.55, 152796
0.55, 152349
0.55, 152066
0.55, 150764
0.55, 150495
0.56, 150482
0.56, 145331
0.56, 144297
0.56, 143435
0.56, 141811
0.56, 141567
0.56, 141339
0.56, 140805
0.56, 140266
0.56, 138989
0.56, 138779
0.58, 137109
0.58, 136250
0.58, 135588
0.58, 135535
0.58, 135036
0.58, 135023
0.58, 133140
0.59, 131081
0.6, 130798
0.6, 130706
0.6, 129470
0.6, 129340
0.6, 128362
0.6, 127963
0.6, 127879
0.6, 126872
0.6, 126378
0.61, 125757
0.61, 125407
0.61, 122919
0.61, 122837
0.61, 122778
0.61, 121779
0.61, 120810
0.61, 120768
0.61, 118407
0.61, 118158
0.61, 116216
0.61, 115661
0.61, 115373
0.61, 115046
0.61, 114585
0.62, 113997
0.62, 113399
0.62, 113060
0.62, 113024
0.62, 112153
0.63, 111758
0.63, 111373
0.63, 110838
0.63, 110392
0.63, 110363
0.63, 110348
0.63, 109771
0.63, 108325
0.63, 108021
0.64, 107854
0.64, 107600
0.65, 107311
0.66, 107056
0.66, 106765
0.66, 106229
0.66, 106001
0.66, 105710
0.66, 105623
0.67, 104985
0.67, 104862
0.67, 104855
0.67, 104810
0.67, 104784
0.67, 104729
0.67, 104728
0.68, 104167
0.68, 104140
0.69, 103464
0.69, 103423
0.69, 103341
0.69, 103228
0.7, 102626
0.7, 102452
0.71, 102451
0.71, 102280
0.73, 102224
0.73, 102216
