0.0, 520572
0.0, 518394
0.0, 516664
0.0, 509663
0.0, 502094
0.0, 501626
0.0, 498257
0.0, 498238
0.0, 498045
0.0, 494002
0.0, 491402
0.0, 490459
0.0, 489676
0.0, 479067
0.0, 474802
0.01, 471777
0.01, 462327
0.03, 460497
0.03, 458437
0.03, 444187
0.03, 440547
0.03, 437831
0.38, 437819
0.39, 435134
0.39, 432392
0.39, 431437
0.39, 430953
0.39, 429565
0.39, 425540
0.4, 422218
0.4, 418470
0.4, 414972
0.4, 408188
0.42, 405455
0.42, 404680
0.42, 404039
0.42, 401553
0.43, 399814
0.43, 399336
0.43, 386008
0.44, 385526
0.44, 383105
0.44, 380202
0.44, 379259
0.44, 376626
0.44, 374862
0.44, 372403
0.44, 371061
0.44, 370928
0.44, 366151
0.45, 364978
0.45, 363717
0.45, 360791
0.45, 360336
0.45, 354274
0.45, 354135
0.45, 352166
0.45, 351954
0.45, 349922
0.46, 347522
0.46, 347340
0.47, 337326
0.47, 337064
0.47, 335570
0.47, 335303
0.48, 335149
0.48, 334512
0.48, 333996
0.48, 333213
0.48, 331282
0.48, 330432
0.48, 327286
0.48, 326576
0.48, 326462
0.48, 319323
0.48, 318133
0.48, 317811
0.48, 317390
0.48, 315536
0.48, 314288
0.48, 313233
0.48, 312427
0.49, 309886
0.49, 307328
0.49, 304342
0.49, 303237
0.49, 302894
0.49, 301917
0.49, 300034
0.49, 299423
0.5, 299059
0.5, 299013
0.5, 298819
0.5, 295155
0.5, 289761
0.5, 288930
0.5, 288782
0.5, 288406
0.5, 286101
0.5, 285747
0.5, 285503
0.5, 283525
0.5, 281891
0.5, 281621
0.5, 279784
0.51, 279772
0.51, 277907
0.51, 276849
0.51, 275998
0.51, 274165
0.51, 273863
0.51, 273159
0.51, 272995
0.51, 272807
0.51, 271919
0.51, 270261
0.51, 269729
0.51, 262748
0.51, 259771
0.51, 257126
0.51, 256435
0.51, 256183
0.51, 253075
0.51, 252813
0.51, 250263
0.51, 246976
0.51, 246595
0.51, 246119
0.51, 245152
0.51, 242823
0.51, 241376
0.52, 236986
0.52, 235068
0.52, 233800
0.52, 233631
0.52, 233485
0.52, 232643
0.52, 226860
0.52, 226295
0.52, 224134
0.52, 221259
0.52, 220559
0.53, 220499
0.53, 217426
0.53, 215899
0.53, 215538
0.53, 209738
0.53, 209196
0.53, 209029
0.53, 206793
0.53, 206013
0.53, 205167
0.53, 201405
0.55, 200858
0.56, 200573
0.56, 198899
0.56, 197586
0.56, 197100
0.56, 196973
0.56, 196005
0.56, 195292
0.56, 193069
0.56, 187626
0.56, 187255
0.56, 184598
0.56, 181802
0.56, 181588
0.56, 181414
0.56, 180285
0.56, 177600
0.57, 176282
0.57, 176156
0.57, 175397
0.57, 174623
0.57, 174598
0.57, 174557
0.57, 174521
0.57, 173905
0.57, 173810
0.57, 170147
0.57, 168976
0.57, 168671
0.57, 166140
0.57, 165428
0.57, 164892
0.57, 164405
0.57, 164352
0.57, 163200
0.57, 161277
0.57, 158348
0.57, 156991
0.58, 156070
0.58, 155103
0.58, 154918
0.59, 154863
0.59, 154780
0.59, 153861
0.59, 152342
0.59, 150843
0.59, 150607
0.59, 149287
0.59, 149233
0.59, 149089
0.59, 147606
0.59, 147439
0.59, 146968
0.59, 146254
0.59, 146242
0.59, 142708
0.59, 140852
0.59, 140116
0.59, 139983
0.59, 139051
0.59, 137057
0.61, 136822
0.61, 136538
0.61, 136365
0.62, 136331
0.62, 135558
0.62, 134980
0.62, 134815
0.62, 134594
0.62, 133915
0.62, 132460
0.62, 131838
0.62, 131178
0.62, 130443
0.62, 128462
0.62, 128264
0.62, 125617
0.62, 123883
0.62, 123790
0.62, 122483
0.62, 122434
0.62, 121656
0.62, 121552
0.62, 120414
0.62, 119938
0.62, 119491
0.63, 118917
0.63, 118897
0.63, 118868
0.63, 117673
0.63, 116821
0.63, 116438
0.63, 116087
0.63, 115252
0.63, 114819
0.63, 114115
0.63, 113690
0.63, 112639
0.63, 111865
0.63, 111714
0.64, 111680
0.64, 111496
0.64, 110964
0.64, 110170
0.64, 110143
0.64, 110101
0.64, 109863
0.64, 109678
0.64, 109614
0.64, 109581
0.64, 109286
0.66, 108952
0.66, 108839
0.68, 107897
0.68, 107662
0.68, 107117
0.68, 106862
0.68, 106310
0.68, 106138
0.68, 105808
0.69, 105761
0.69, 104815
0.69, 104675
0.69, 103698
0.69, 103539
0.69, 103501
0.69, 103179
0.72, 103117
0.73, 103064
0.73, 102947
0.73, 102775
0.73, 102652
0.76, 102469
0.76, 102278
0.77, 102199
