9.9, 581660
19.34, 558993
28.25, 537804
38.12, 516307
47.24, 496273
56.69, 476562
65.83, 458267
74.86, 440741
84.44, 424934
93.37, 408887
103.27, 393953
112.9, 378330
122.43, 362803
133.39, 348633
143.97, 334198
154.44, 320305
164.11, 306708
173.88, 296694
183.76, 287347
209.08, 279574
222.41, 271916
231.34, 263669
241.06, 256160
250.72, 249048
259.92, 242069
269.95, 236057
279.14, 230341
288.79, 223286
298.59, 216951
308.45, 211486
317.77, 206288
327.23, 201012
337.51, 196111
347.0, 191404
356.72, 186732
366.03, 182190
375.76, 177775
385.05, 173611
394.36, 169557
404.26, 165700
413.4, 162773
422.9, 160200
432.26, 157716
441.74, 155287
451.8, 152861
461.39, 150849
471.86, 148558
481.64, 145273
491.82, 143428
502.25, 141825
512.04, 140322
522.2, 137809
531.63, 136355
540.8, 134919
550.64, 133526
559.97, 132179
569.62, 130838
579.08, 128947
588.22, 127681
597.64, 126453
607.14, 125148
616.37, 124049
625.47, 122950
634.37, 122033
643.83, 121147
653.44, 119502
663.32, 118711
675.42, 117955
686.7, 116942
696.75, 116210
718.33, 115501
730.59, 114216
740.35, 113662
749.58, 113139
758.94, 112765
768.53, 112409
778.66, 112064
788.44, 111745
797.65, 111476
806.6, 111212
815.81, 110975
825.44, 110515
835.58, 110282
845.37, 109873
854.79, 109661
864.11, 109461
873.84, 109326
883.08, 109213
892.12, 109133
901.3, 109075
910.92, 108932
921.97, 108889
930.8, 108857
939.99, 108830
