9.42, 505566
20.42, 482045
29.44, 461661
39.75, 443214
48.97, 425766
58.2, 410123
67.84, 394757
77.51, 380323
87.9, 366940
96.86, 353871
105.89, 341300
115.48, 330305
124.99, 320352
134.77, 310418
145.66, 300336
155.11, 291061
165.71, 282012
178.13, 273033
190.56, 264519
201.72, 255616
214.14, 247251
239.7, 239079
249.01, 232432
258.88, 226024
268.35, 219388
277.77, 213121
287.46, 207196
297.37, 202132
306.78, 196281
316.53, 191476
325.85, 185929
335.0, 181599
345.32, 177293
355.02, 173092
364.88, 169010
375.18, 165471
384.71, 162314
393.82, 159209
403.19, 155293
412.67, 153012
421.84, 150855
431.06, 148184
440.29, 146037
449.5, 144003
459.24, 142026
468.49, 140101
477.34, 137600
486.78, 135889
495.76, 134406
505.64, 132594
514.91, 131181
524.31, 129784
533.75, 128489
542.99, 127209
553.03, 125988
562.18, 124794
571.11, 123668
580.46, 122210
589.96, 120953
599.17, 119931
609.07, 118646
618.34, 117748
627.75, 116879
637.11, 116038
646.3, 115274
656.52, 114559
666.63, 113346
676.12, 112655
685.8, 111965
707.28, 111295
722.66, 110658
731.92, 110059
742.58, 109674
752.31, 108380
762.58, 108014
773.87, 107707
784.34, 107425
794.41, 107204
804.07, 107013
813.43, 106919
824.99, 106182
