9.55, 514874
18.75, 494737
28.07, 476445
37.77, 457398
47.03, 439585
56.0, 422407
65.33, 406578
74.52, 391108
83.72, 376098
93.52, 361824
102.92, 349250
112.37, 337965
121.96, 323986
131.38, 313053
141.52, 302437
150.92, 293149
160.21, 282985
169.4, 275003
178.72, 267367
188.61, 259697
197.85, 252125
206.75, 245454
216.06, 239228
225.27, 233321
235.13, 227552
244.34, 221869
253.15, 216645
263.06, 211987
272.29, 207372
282.19, 202587
291.44, 197990
300.77, 193499
310.47, 189177
321.26, 185277
333.3, 178093
344.64, 174258
357.4, 170684
370.02, 167152
380.94, 163894
391.35, 160980
403.97, 158170
417.44, 155609
433.97, 153058
444.61, 150528
454.48, 148167
464.4, 145060
473.91, 143048
483.67, 141131
492.8, 138198
502.25, 135819
511.78, 134059
521.18, 132145
531.13, 130529
540.8, 129003
550.15, 127590
560.31, 126269
569.5, 125278
578.8, 124288
588.0, 123375
598.44, 122489
608.48, 121666
617.62, 120972
627.17, 120300
636.36, 119700
645.77, 119146
655.48, 118623
664.89, 118156
674.44, 117734
684.34, 117414
694.63, 117095
703.81, 115457
713.88, 115083
723.18, 114778
732.39, 114476
741.73, 113520
750.91, 113312
760.53, 113120
769.86, 112930
778.83, 112743
788.28, 112392
797.43, 112241
807.09, 112106
816.54, 111445
825.61, 111353
834.68, 111282
843.83, 110661
