11.38, 531767
20.54, 507864
31.15, 484374
40.06, 460322
49.82, 440699
59.74, 421984
69.06, 402650
79.3, 386393
88.65, 371388
98.52, 356407
109.12, 342394
118.15, 328810
128.0, 316942
137.31, 306306
146.58, 295977
155.77, 286381
166.12, 277363
176.15, 268714
185.62, 261112
196.18, 253320
207.89, 245968
219.6, 239121
236.05, 232914
249.54, 227159
262.89, 221788
281.8, 216864
315.56, 212100
329.87, 206613
339.31, 202111
349.96, 198042
359.76, 193655
369.34, 189365
378.61, 185760
389.15, 181906
398.71, 178076
407.65, 174791
417.21, 171456
427.13, 168616
437.76, 164632
448.44, 162084
457.74, 159549
467.33, 156447
477.05, 154154
487.68, 150974
497.3, 147932
506.56, 145676
516.24, 143436
526.39, 141258
536.24, 139218
547.1, 137213
557.87, 135449
569.23, 133768
580.22, 132278
590.0, 130974
600.18, 129427
610.79, 128256
620.25, 127035
629.84, 125886
639.13, 124789
648.58, 123847
657.6, 122910
666.73, 122171
677.05, 121448
686.44, 120716
695.95, 120020
704.97, 117420
713.88, 116754
722.76, 116117
731.67, 115501
741.89, 114618
752.25, 114025
762.13, 113460
771.24, 111422
805.49, 110920
815.86, 110478
825.26, 110056
834.78, 109762
844.84, 109477
855.13, 108779
865.07, 108388
874.44, 108116
883.86, 107924
893.34, 107737
902.81, 107594
912.72, 107586
