10.97, 507271
20.41, 486526
29.56, 462746
39.24, 443405
49.78, 426053
60.05, 409860
72.94, 394135
85.84, 378725
96.55, 363616
106.31, 349305
115.68, 335477
125.12, 321414
136.31, 308248
145.92, 295581
155.47, 282986
165.92, 273154
176.19, 262734
189.33, 255005
199.51, 246899
210.87, 239212
221.34, 231219
230.49, 223559
242.11, 216010
251.73, 209211
261.41, 203562
271.18, 198314
280.33, 194219
289.57, 190196
299.26, 186495
308.43, 182801
318.5, 178842
328.25, 174889
337.69, 171320
347.03, 167929
356.47, 164702
367.26, 161647
376.65, 158839
386.11, 156100
398.1, 153380
409.02, 150889
419.36, 148713
428.84, 146611
438.96, 144567
448.26, 142619
458.4, 140841
467.94, 138605
477.73, 136460
488.2, 134700
499.16, 132942
512.15, 131274
524.69, 129680
536.8, 128096
549.09, 126517
561.39, 124846
597.76, 123449
609.63, 122239
621.57, 121033
631.51, 119473
641.17, 118476
650.91, 117684
660.3, 116851
670.18, 116128
679.55, 115470
689.89, 114833
699.99, 114206
711.55, 113585
722.57, 112976
731.8, 112377
742.04, 111877
751.29, 111303
760.5, 110861
770.37, 110495
779.53, 110176
789.6, 110043
798.69, 109935
808.11, 109048
817.41, 108986
827.36, 108811
