0.0, 549789
0.0, 547871
0.0, 546251
0.0, 543304
0.0, 539346
0.0, 538299
0.0, 526803
0.0, 526542
0.0, 518588
0.0, 513276
0.0, 507353
0.0, 498736
0.0, 486314
0.0, 485604
0.0, 478909
0.0, 477027
0.0, 475737
0.01, 473688
0.01, 468996
0.02, 468271
0.02, 465958
0.04, 465288
0.05, 463131
0.05, 460697
0.05, 459542
0.05, 459271
0.05, 457134
0.05, 456798
0.05, 456651
0.05, 455089
0.05, 443217
0.05, 442175
0.05, 437055
0.35, 436341
0.37, 436223
0.37, 430613
0.37, 426823
0.37, 423834
0.37, 420361
0.37, 419303
0.42, 417792
0.43, 413566
0.43, 410139
0.43, 405481
0.43, 401120
0.43, 400982
0.44, 400166
0.44, 400020
0.44, 399648
0.44, 398140
0.45, 397812
0.45, 391104
0.45, 386789
0.45, 384755
0.45, 384399
0.45, 383484
0.45, 380063
0.47, 366692
0.47, 362101
0.47, 361014
0.47, 360644
0.47, 353104
0.47, 348766
0.47, 348132
0.47, 347423
0.47, 342196
0.47, 341970
0.47, 340890
0.47, 340256
0.47, 337543
0.47, 335961
0.47, 334721
0.47, 334399
0.47, 332226
0.47, 331112
0.47, 324285
0.47, 322744
0.47, 321902
0.48, 317401
0.48, 316791
0.48, 314922
0.48, 311742
0.48, 309088
0.48, 308531
0.48, 307286
0.5, 307242
0.5, 306150
0.51, 302158
0.51, 301766
0.51, 298823
0.51, 296032
0.51, 294571
0.51, 294547
0.51, 293090
0.51, 292288
0.51, 289631
0.51, 288471
0.51, 286867
0.51, 285380
0.51, 284843
0.51, 282990
0.51, 282208
0.51, 280730
0.52, 276838
0.52, 276741
0.52, 275056
0.52, 274385
0.52, 271527
0.52, 270640
0.52, 266519
0.52, 266190
0.52, 261914
0.52, 257716
0.52, 256398
0.52, 253913
0.52, 252299
0.52, 251746
0.52, 251565
0.52, 249239
0.52, 247820
0.52, 247609
0.52, 246159
0.52, 234199
0.52, 231374
0.52, 227845
0.52, 227209
0.52, 227194
0.52, 227143
0.52, 226109
0.52, 225754
0.52, 224554
0.52, 221677
0.52, 221592
0.52, 218722
0.52, 217412
0.52, 215486
0.55, 214292
0.55, 214155
0.55, 209947
0.55, 208573
0.55, 207665
0.55, 205122
0.55, 205043
0.55, 203774
0.55, 203758
0.55, 203713
0.55, 201771
0.55, 201291
0.55, 200941
0.55, 199169
0.55, 199138
0.55, 198364
0.55, 197917
0.55, 196505
0.56, 194522
0.56, 194235
0.56, 193275
0.56, 192859
0.56, 192274
0.56, 189113
0.56, 183493
0.56, 182762
0.56, 181938
0.56, 181412
0.56, 180384
0.56, 180117
0.56, 179916
0.56, 179691
0.56, 179309
0.56, 173270
0.56, 172769
0.56, 172594
0.57, 172585
0.57, 171420
0.57, 170983
0.58, 167958
0.58, 165931
0.58, 165688
0.58, 165627
0.58, 165246
0.58, 164569
0.58, 164254
0.58, 164235
0.58, 162177
0.58, 161183
0.59, 158715
0.59, 158059
0.59, 157291
0.59, 157183
0.59, 155847
0.59, 155754
0.59, 155701
0.59, 155492
0.59, 155313
0.59, 154476
0.59, 153772
0.59, 152555
0.59, 151984
0.59, 147308
0.6, 146618
0.6, 146403
0.6, 145887
0.6, 145295
0.6, 143976
0.6, 143026
0.6, 141930
0.6, 141641
0.6, 139827
0.6, 138901
0.6, 137847
0.6, 137432
0.6, 136346
0.6, 135429
0.6, 134615
0.65, 134034
0.65, 132680
0.65, 132587
0.65, 132165
0.65, 131937
0.65, 131906
0.65, 131077
0.65, 130645
0.65, 130084
0.65, 128012
0.65, 127920
0.66, 127649
0.66, 127172
0.66, 126840
0.66, 126793
0.66, 126739
0.66, 126215
0.66, 126056
0.66, 124342
0.66, 123625
0.67, 123270
0.67, 123050
0.67, 122176
0.67, 121412
0.67, 121382
0.67, 121115
0.67, 120488
0.67, 119343
0.67, 119309
0.67, 119171
0.67, 117843
0.67, 117672
0.67, 117045
0.67, 116928
0.67, 116707
0.68, 116635
0.68, 116554
0.68, 116530
0.68, 116017
0.68, 115963
0.68, 115922
0.68, 115506
0.68, 115222
0.68, 115202
0.69, 115178
0.69, 114746
0.69, 114310
0.69, 114290
0.69, 113464
0.69, 113114
0.69, 112893
0.69, 112664
0.69, 112431
0.69, 111920
0.69, 111794
0.69, 111762
0.69, 110680
0.7, 110065
0.7, 109761
0.7, 109684
0.7, 109014
0.71, 108069
0.71, 107664
0.71, 107519
0.71, 107445
0.71, 107327
0.71, 106760
0.71, 106490
0.72, 106220
0.76, 105620
0.76, 105338
0.76, 104991
0.76, 104970
0.76, 104825
0.76, 104817
0.77, 104646
0.77, 104471
0.77, 104348
0.77, 104127
0.77, 104014
0.77, 103810
0.8, 103617
0.82, 102864
0.83, 102829
