10.98, 543814
22.29, 522404
32.5, 503367
42.27, 484955
53.58, 468116
65.33, 451313
79.73, 434677
89.85, 419254
100.81, 403856
110.96, 388490
125.96, 376023
147.73, 363617
158.12, 351617
168.88, 339892
179.89, 328706
189.7, 318158
199.62, 308761
209.34, 299783
219.51, 291067
229.14, 281959
239.14, 273743
250.65, 266090
261.92, 258673
271.44, 250476
284.11, 243549
296.83, 236747
307.11, 231086
316.64, 225589
327.97, 218327
339.05, 213470
348.58, 208758
360.02, 203146
370.03, 198473
379.47, 193931
390.08, 189070
400.32, 185073
411.92, 180571
422.55, 176463
432.15, 172717
441.65, 169476
453.07, 166330
463.23, 163190
474.72, 160150
484.95, 157360
494.99, 154840
504.5, 152323
514.65, 149883
524.76, 147478
535.0, 145308
546.18, 143122
556.33, 141026
565.86, 138954
578.52, 136997
588.98, 135046
600.38, 132389
612.3, 130605
648.81, 128760
669.63, 127105
680.91, 125498
690.92, 124043
701.07, 122668
710.6, 121765
719.68, 120657
729.12, 119046
738.58, 118182
747.82, 117446
757.12, 116729
766.24, 116026
775.65, 115341
785.06, 114787
794.26, 114254
803.55, 112793
812.6, 112346
821.73, 111943
831.28, 111285
840.76, 110918
850.07, 110420
859.28, 110100
868.59, 109951
878.29, 109253
887.6, 109126
896.74, 107638
905.76, 107602
915.07, 107567
924.68, 107537
934.05, 107523
