41.09, 488451
56.35, 464096
68.42, 442629
79.77, 421632
91.31, 403963
103.43, 389332
115.72, 374437
125.75, 361488
135.52, 348592
145.4, 337258
155.2, 326069
165.02, 317121
174.63, 308285
185.21, 299474
194.87, 287033
204.46, 277370
214.16, 268703
223.88, 260294
233.32, 252111
242.87, 244507
253.19, 236978
262.63, 229751
272.0, 223488
281.42, 217265
290.98, 211717
300.51, 206040
310.26, 200973
319.67, 196421
330.15, 191543
340.69, 187065
351.12, 182593
360.71, 178117
370.16, 174686
379.78, 171481
389.07, 168546
399.8, 165756
409.4, 162590
418.69, 160017
428.1, 157488
437.18, 154817
446.28, 152260
455.42, 149034
466.07, 146575
475.64, 144288
484.97, 141845
494.39, 139602
503.53, 137382
512.87, 135284
522.03, 133233
532.32, 131379
541.64, 129641
550.99, 128049
560.34, 126492
569.39, 124839
578.75, 123480
587.93, 121210
598.05, 118932
607.14, 118125
616.36, 116841
625.55, 116168
634.61, 115510
643.72, 114883
653.27, 114303
662.73, 113121
672.07, 111703
681.45, 111143
690.84, 110621
700.06, 110150
709.22, 109728
719.22, 109417
728.33, 109108
737.36, 108805
746.34, 108561
755.58, 108152
764.92, 107767
774.7, 107546
784.74, 107371
794.11, 107198
803.35, 107026
812.96, 106497
822.02, 106356
831.26, 105848
841.23, 105754
850.79, 105207
860.51, 105199
