14.76, 516851
26.51, 497426
56.74, 479671
67.47, 462220
77.68, 443589
87.0, 426241
96.63, 409719
106.54, 394236
115.95, 380624
126.05, 367275
135.65, 353946
145.02, 341408
154.28, 329133
163.51, 316430
172.78, 304530
182.42, 294220
191.68, 284948
201.04, 276186
210.07, 267868
219.41, 260061
229.59, 251684
239.36, 244587
249.86, 236044
260.19, 229039
269.93, 222188
280.76, 215186
289.9, 208748
299.57, 202768
308.71, 197457
317.86, 191959
327.59, 187106
336.91, 182832
346.13, 178802
355.36, 174321
364.31, 170724
374.97, 167324
384.57, 164131
395.03, 161472
404.14, 158958
413.78, 155791
423.33, 152974
433.02, 150762
442.92, 148669
452.09, 145539
462.43, 143584
471.65, 141752
482.49, 140024
493.29, 138342
502.44, 136367
512.19, 134791
539.22, 133289
551.12, 131834
560.66, 130466
569.78, 128566
579.0, 127238
588.32, 125860
598.3, 124099
607.27, 122520
616.51, 121335
625.66, 120152
634.85, 119022
644.37, 118019
654.7, 117136
664.02, 116298
673.16, 115339
682.36, 114508
692.22, 113756
701.62, 112359
711.42, 111642
720.31, 110939
729.55, 110302
739.47, 109675
749.92, 109076
758.99, 108506
768.35, 107615
778.13, 107065
787.3, 106565
797.23, 106179
806.14, 105823
817.52, 105468
828.93, 104959
840.44, 104750
851.3, 104529
861.03, 104361
870.27, 104297
880.11, 104133
889.4, 103884
898.82, 103741
907.9, 103678
916.92, 103487
925.83, 103425
935.07, 103250
