0.0, 536729
0.0, 536074
0.0, 531363
0.0, 529528
0.0, 527429
0.0, 525069
0.0, 524322
0.0, 520909
0.0, 520527
0.0, 520397
0.0, 519244
0.0, 514143
0.0, 513413
0.0, 501066
0.0, 499648
0.0, 497383
0.0, 495335
0.01, 494026
0.01, 482284
0.01, 480785
0.01, 478834
0.01, 478822
0.01, 473280
0.01, 469038
0.1, 464804
0.1, 463034
0.1, 462915
0.1, 460631
0.17, 458527
0.22, 454809
0.22, 452171
0.22, 446308
0.22, 444756
0.31, 443860
0.31, 442320
0.31, 441922
0.33, 438531
0.34, 436084
0.34, 429356
0.34, 422057
0.36, 421631
0.36, 414348
0.38, 409638
0.38, 409126
0.38, 407524
0.38, 406736
0.38, 405887
0.38, 401661
0.38, 389258
0.41, 389104
0.41, 380801
0.41, 370903
0.41, 370280
0.41, 369331
0.41, 369169
0.41, 368422
0.41, 365213
0.41, 363917
0.41, 363895
0.41, 361005
0.41, 358391
0.41, 358344
0.41, 349232
0.41, 347316
0.41, 340785
0.42, 340107
0.42, 335964
0.42, 335629
0.42, 334983
0.42, 328866
0.42, 327218
0.42, 327053
0.42, 323771
0.44, 322630
0.44, 321990
0.44, 321031
0.44, 318222
0.44, 317646
0.44, 309425
0.44, 308812
0.44, 302463
0.44, 301190
0.44, 300019
0.45, 299513
0.45, 296652
0.45, 288361
0.45, 287453
0.45, 286273
0.45, 285702
0.45, 283190
0.45, 280529
0.45, 278332
0.45, 275901
0.45, 272977
0.45, 272060
0.46, 270090
0.46, 268059
0.46, 267872
0.46, 266813
0.46, 263522
0.46, 254380
0.46, 254168
0.46, 251866
0.46, 250487
0.46, 248788
0.46, 246482
0.46, 245018
0.46, 241944
0.46, 241224
0.47, 238375
0.47, 237404
0.47, 236864
0.47, 233773
0.48, 232878
0.48, 230268
0.48, 228859
0.48, 228491
0.48, 227159
0.48, 225115
0.48, 222593
0.48, 218702
0.48, 217024
0.48, 215310
0.48, 213747
0.48, 212136
0.48, 211958
0.49, 211367
0.49, 209017
0.49, 206468
0.5, 204407
0.5, 204320
0.5, 203728
0.5, 203322
0.5, 201271
0.5, 199924
0.5, 199540
0.5, 198433
0.5, 197381
0.5, 196375
0.5, 194429
0.5, 193616
0.5, 192479
0.5, 189730
0.5, 188366
0.5, 188345
0.5, 186563
0.5, 186214
0.5, 185976
0.5, 185539
0.5, 185110
0.5, 184609
0.5, 184411
0.5, 184064
0.5, 183783
0.5, 183775
0.5, 182533
0.5, 181824
0.5, 181208
0.5, 181142
0.5, 180825
0.5, 180650
0.5, 179571
0.5, 179245
0.5, 179233
0.5, 177595
0.5, 175004
0.52, 170107
0.52, 170053
0.52, 168462
0.52, 167959
0.52, 165202
0.52, 165090
0.52, 164171
0.52, 164158
0.52, 163856
0.52, 163583
0.52, 161575
0.52, 160616
0.52, 160550
0.52, 157790
0.52, 155083
0.52, 154804
0.53, 154537
0.53, 154496
0.53, 153372
0.53, 153015
0.53, 150856
0.53, 150475
0.53, 149200
0.53, 147532
0.53, 146795
0.53, 146441
0.53, 146283
0.53, 143165
0.53, 141828
0.53, 141561
0.53, 141411
0.53, 140407
0.53, 139687
0.53, 139455
0.53, 138540
0.54, 137083
0.54, 136811
0.54, 135852
0.54, 134684
0.55, 134180
0.55, 133287
0.55, 132250
0.55, 132197
0.55, 131921
0.55, 131579
0.55, 131335
0.55, 131295
0.55, 130272
0.55, 130195
0.55, 129440
0.55, 129335
0.55, 128829
0.55, 128159
0.55, 127717
0.55, 127377
0.55, 127176
0.55, 126902
0.55, 126758
0.55, 125983
0.55, 125546
0.55, 124659
0.56, 124397
0.56, 122884
0.56, 121419
0.56, 121027
0.56, 119543
0.56, 118808
0.56, 117870
0.56, 117348
0.56, 116974
0.56, 116430
0.56, 115613
0.57, 115282
0.57, 114417
0.57, 113965
0.57, 113707
0.57, 113606
0.57, 113378
0.57, 112825
0.57, 112408
0.57, 111827
0.57, 111774
0.57, 110907
0.57, 110844
0.57, 110825
0.57, 110576
0.58, 109376
0.58, 109236
0.58, 108653
0.58, 108652
0.58, 108644
0.58, 108482
0.58, 108326
0.58, 107905
0.58, 107474
0.58, 106618
0.58, 106452
0.58, 105457
0.58, 105130
0.58, 105116
0.58, 104948
0.58, 104885
0.58, 104227
0.59, 103973
0.61, 103250
0.62, 103083
0.62, 102963
0.62, 102814
0.62, 102660
0.63, 102643
0.63, 102605
0.63, 102575
0.63, 102491
0.66, 102431
0.66, 102401
0.66, 102003
0.66, 101995
0.66, 101960
