0.0, 512029
0.0, 511412
0.0, 507678
0.0, 502125
0.0, 501894
0.0, 496081
0.0, 495878
0.0, 495808
0.0, 495006
0.0, 492131
0.0, 488790
0.01, 485968
0.01, 483682
0.01, 472104
0.01, 459545
0.08, 458674
0.08, 455642
0.11, 454271
0.11, 452670
0.11, 449467
0.27, 448505
0.27, 444946
0.33, 440498
0.37, 440018
0.37, 437270
0.39, 436312
0.39, 430119
0.39, 428460
0.39, 425939
0.39, 422664
0.39, 422031
0.4, 420221
0.4, 418628
0.4, 417463
0.4, 416724
0.4, 412823
0.4, 412140
0.4, 411482
0.42, 406014
0.42, 403007
0.42, 402816
0.42, 402165
0.42, 400642
0.42, 400534
0.42, 396374
0.42, 393718
0.42, 392453
0.42, 392267
0.42, 391578
0.42, 389084
0.42, 388296
0.42, 385182
0.42, 384250
0.44, 379266
0.44, 373324
0.45, 367169
0.45, 364393
0.45, 363636
0.45, 363152
0.45, 361075
0.46, 356674
0.46, 354557
0.46, 352770
0.46, 352158
0.46, 351778
0.46, 351313
0.46, 350689
0.46, 350030
0.46, 349199
0.46, 341278
0.46, 339858
0.46, 339526
0.48, 339096
0.48, 338889
0.48, 336434
0.48, 331519
0.48, 331351
0.48, 329486
0.48, 327252
0.48, 327118
0.48, 322610
0.48, 322604
0.48, 319531
0.48, 313943
0.48, 313696
0.48, 312649
0.48, 311629
0.48, 310476
0.48, 310188
0.48, 309685
0.48, 306169
0.48, 304663
0.48, 302604
0.48, 301148
0.48, 300578
0.48, 300470
0.48, 300223
0.48, 295009
0.48, 292791
0.48, 292773
0.49, 292495
0.49, 290365
0.49, 289671
0.49, 288627
0.49, 288566
0.49, 287809
0.49, 285818
0.49, 280458
0.49, 278429
0.49, 278174
0.49, 273235
0.5, 272340
0.5, 271011
0.5, 269795
0.5, 260272
0.5, 257745
0.5, 256030
0.51, 250716
0.51, 250692
0.51, 250658
0.51, 250621
0.51, 248239
0.51, 248124
0.51, 248096
0.51, 247998
0.51, 245540
0.51, 245537
0.51, 245134
0.51, 237949
0.51, 237881
0.51, 237480
0.51, 236851
0.51, 236386
0.51, 236342
0.51, 235405
0.51, 233603
0.51, 233350
0.51, 233104
0.51, 232631
0.52, 232261
0.52, 232171
0.52, 232006
0.52, 227305
0.52, 226822
0.52, 226358
0.52, 223577
0.52, 223083
0.52, 222122
0.52, 221438
0.52, 219622
0.52, 216395
0.52, 215254
0.52, 214503
0.52, 214425
0.52, 213325
0.53, 208701
0.53, 208541
0.53, 208005
0.53, 207192
0.53, 202874
0.53, 200955
0.53, 200319
0.53, 199286
0.53, 199254
0.53, 198137
0.53, 196406
0.54, 195017
0.54, 194819
0.54, 193579
0.54, 192791
0.54, 191562
0.54, 189761
0.54, 189415
0.54, 189383
0.54, 188602
0.54, 187072
0.54, 186875
0.54, 186491
0.54, 184023
0.54, 182059
0.54, 180622
0.54, 177376
0.54, 177116
0.54, 175740
0.54, 175028
0.55, 174334
0.55, 172212
0.55, 170725
0.55, 170641
0.55, 168312
0.55, 166029
0.55, 165385
0.55, 165158
0.55, 164561
0.55, 163069
0.55, 162881
0.55, 162527
0.55, 162159
0.55, 162056
0.55, 161181
0.55, 160195
0.56, 159990
0.56, 158923
0.56, 157192
0.56, 156614
0.56, 156366
0.56, 155919
0.56, 153932
0.56, 153554
0.56, 153001
0.57, 152692
0.57, 152350
0.57, 151658
0.57, 151586
0.57, 151533
0.57, 150450
0.57, 150419
0.57, 149640
0.57, 149083
0.57, 148219
0.57, 147899
0.57, 147674
0.57, 147405
0.57, 145858
0.57, 145623
0.57, 144479
0.57, 143356
0.57, 142875
0.57, 141764
0.57, 141716
0.57, 141188
0.57, 140312
0.58, 138741
0.58, 138663
0.58, 138658
0.58, 138154
0.58, 137992
0.58, 137580
0.58, 137298
0.58, 136662
0.58, 136412
0.58, 136178
0.59, 135811
0.59, 135173
0.59, 134224
0.59, 133785
0.59, 133081
0.59, 132984
0.59, 132350
0.59, 132336
0.59, 130901
0.59, 130767
0.59, 130637
0.59, 129391
0.59, 129322
0.59, 127281
0.59, 127163
0.59, 126673
0.59, 124876
0.59, 124669
0.59, 124291
0.59, 123720
0.59, 123477
0.59, 123413
0.59, 122496
0.59, 122174
0.59, 121793
0.59, 119351
0.6, 118713
0.6, 117343
0.6, 117296
0.6, 116105
0.6, 114391
0.6, 113873
0.6, 113050
0.6, 113039
0.6, 112221
0.6, 111091
0.6, 110721
0.6, 110022
0.6, 109263
0.6, 109160
0.6, 108810
0.6, 108758
0.6, 108416
0.6, 108342
0.61, 107856
0.61, 106919
0.61, 106781
0.61, 106716
0.61, 106528
0.61, 105825
0.62, 105409
0.62, 105382
0.62, 105303
0.63, 105167
0.63, 105122
0.63, 104936
0.63, 104907
0.64, 104815
0.64, 104788
0.64, 104428
0.64, 103724
0.64, 103223
0.64, 102693
0.64, 102674
0.64, 102644
0.64, 102429
0.64, 102238
0.64, 102203
0.64, 102052
0.67, 101947
0.67, 101912
0.68, 101861
0.69, 101849
0.7, 101760
0.71, 101725
0.71, 101698
