0.0, 565590
0.0, 562872
0.0, 559545
0.0, 556885
0.0, 556371
0.0, 555977
0.0, 546917
0.0, 533603
0.0, 533563
0.0, 530018
0.0, 522165
0.0, 501665
0.0, 493497
0.0, 487902
0.0, 485382
0.01, 485305
0.01, 483478
0.01, 480865
0.01, 464288
0.01, 455100
0.04, 452927
0.05, 448761
0.05, 448076
0.05, 447709
0.07, 447298
0.07, 438714
0.07, 438111
0.3, 434619
0.3, 431491
0.38, 426966
0.38, 421659
0.38, 413228
0.38, 411898
0.38, 410085
0.46, 408600
0.47, 407183
0.47, 404200
0.47, 401383
0.47, 400080
0.47, 399356
0.48, 397258
0.48, 395813
0.48, 395693
0.48, 391880
0.49, 391491
0.53, 391115
0.53, 380136
0.53, 377989
0.54, 367067
0.54, 358506
0.56, 358481
0.56, 358250
0.56, 355907
0.56, 355770
0.59, 352772
0.6, 351573
0.6, 348498
0.6, 345919
0.6, 344847
0.6, 344417
0.6, 343965
0.6, 341536
0.6, 338738
0.6, 333647
0.6, 333477
0.6, 330748
0.61, 330353
0.61, 328759
0.61, 327181
0.61, 314308
0.61, 314145
0.61, 311996
0.61, 311867
0.61, 311863
0.61, 305034
0.62, 297618
0.62, 296308
0.62, 295702
0.62, 291236
0.62, 289142
0.62, 287476
0.62, 279593
0.62, 279417
0.62, 277627
0.62, 268478
0.62, 265760
0.62, 264905
0.62, 264588
0.62, 264554
0.62, 261957
0.64, 261017
0.64, 259890
0.64, 259588
0.64, 259558
0.64, 259278
0.64, 259260
0.64, 257012
0.64, 256892
0.64, 256669
0.64, 254714
0.64, 254008
0.64, 253143
0.64, 252419
0.64, 251877
0.64, 251399
0.64, 250008
0.64, 248846
0.64, 248842
0.64, 248672
0.64, 247239
0.64, 246759
0.64, 243750
0.64, 242180
0.64, 241581
0.64, 241128
0.65, 240362
0.66, 239484
0.66, 236672
0.66, 235476
0.66, 235092
0.66, 234461
0.66, 234273
0.66, 227829
0.66, 227708
0.66, 227659
0.66, 226966
0.66, 219297
0.66, 218331
0.66, 218022
0.67, 217020
0.67, 216687
0.67, 215902
0.67, 213039
0.67, 212803
0.68, 212256
0.68, 209259
0.68, 207906
0.68, 207877
0.68, 206867
0.68, 206636
0.68, 206066
0.68, 205413
0.68, 205003
0.68, 204044
0.68, 202936
0.68, 202346
0.68, 200907
0.68, 198382
0.68, 198352
0.68, 197933
0.68, 196801
0.68, 196709
0.68, 196500
0.68, 196092
0.68, 194873
0.68, 193119
0.68, 192738
0.68, 191482
0.68, 188796
0.68, 186969
0.68, 186760
0.68, 186638
0.68, 186077
0.68, 184796
0.68, 184014
0.68, 183555
0.68, 183443
0.68, 183051
0.68, 182902
0.68, 182847
0.68, 182314
0.68, 180922
0.68, 179830
0.68, 179679
0.68, 174651
0.68, 173843
0.68, 170040
0.68, 168118
0.69, 167028
0.69, 166040
0.69, 165701
0.69, 164932
0.69, 164396
0.69, 163175
0.69, 160770
0.69, 159121
0.7, 158943
0.7, 158927
0.7, 157224
0.7, 156851
0.7, 155954
0.7, 154807
0.7, 154691
0.7, 152434
0.7, 152052
0.7, 151464
0.71, 151137
0.71, 151134
0.71, 151039
0.71, 150885
0.71, 150533
0.71, 149369
0.71, 149252
0.71, 149151
0.71, 148729
0.72, 147916
0.72, 145561
0.72, 143952
0.72, 143218
0.72, 142187
0.72, 141655
0.72, 140506
0.72, 139113
0.72, 138085
0.72, 137317
0.72, 133489
0.73, 132486
0.73, 132484
0.73, 131773
0.74, 131408
0.74, 131407
0.74, 131122
0.74, 130910
0.74, 130239
0.74, 129817
0.74, 128893
0.74, 128132
0.74, 127743
0.74, 125391
0.74, 124609
0.75, 124170
0.75, 122304
0.75, 121656
0.75, 121090
0.75, 119939
0.76, 119392
0.76, 119373
0.76, 119083
0.76, 118309
0.76, 118011
0.76, 117996
0.77, 116228
0.77, 116182
0.77, 116177
0.77, 116081
0.77, 115649
0.77, 115613
0.77, 115487
0.77, 115026
0.77, 114952
0.77, 113030
0.77, 112928
0.77, 112506
0.77, 112313
0.77, 111314
0.77, 110727
0.77, 110364
0.78, 110252
0.78, 109708
0.78, 109016
0.78, 108869
0.78, 108645
0.79, 108110
0.79, 107986
0.79, 107602
0.79, 107489
0.79, 107474
0.79, 107381
0.79, 106367
0.79, 105563
0.79, 104696
0.79, 104028
0.79, 103932
0.8, 103747
0.8, 103530
0.81, 103275
0.81, 103267
0.81, 102929
0.81, 102702
0.81, 102616
0.82, 101910
0.82, 101866
0.82, 101839
0.82, 101656
0.83, 101530
0.83, 101381
0.83, 101354
0.83, 101211
