0.0, 530703
0.0, 530250
0.0, 529995
0.0, 527859
0.0, 526736
0.0, 516421
0.0, 510455
0.0, 500929
0.0, 499180
0.0, 494569
0.0, 493675
0.0, 492505
0.0, 490041
0.01, 485371
0.01, 484271
0.01, 479918
0.04, 479489
0.04, 474691
0.04, 459405
0.17, 453445
0.17, 447956
0.27, 447291
0.27, 442366
0.29, 437906
0.29, 436895
0.41, 435558
0.41, 433705
0.41, 431416
0.41, 429702
0.41, 428449
0.41, 418217
0.41, 418039
0.42, 413878
0.42, 413851
0.43, 411803
0.43, 411599
0.43, 410485
0.43, 410225
0.43, 409904
0.43, 409827
0.43, 406588
0.45, 405859
0.45, 403875
0.45, 403752
0.45, 399604
0.45, 397724
0.45, 396918
0.45, 395242
0.45, 395151
0.45, 391901
0.47, 389066
0.47, 386377
0.47, 384906
0.47, 384693
0.47, 384301
0.47, 382300
0.48, 380603
0.48, 379594
0.48, 379192
0.48, 378897
0.48, 377359
0.48, 376224
0.48, 375464
0.49, 371141
0.49, 368348
0.49, 368045
0.49, 367690
0.49, 356244
0.49, 355362
0.49, 354057
0.49, 353614
0.49, 349863
0.49, 348950
0.49, 345296
0.49, 344383
0.49, 338144
0.49, 336715
0.49, 335030
0.49, 331804
0.49, 327109
0.49, 325050
0.5, 322043
0.5, 321922
0.5, 321442
0.51, 318538
0.51, 316191
0.51, 315233
0.51, 314127
0.51, 313312
0.51, 312213
0.51, 309635
0.51, 309061
0.51, 307529
0.53, 303296
0.53, 299647
0.53, 299364
0.53, 298606
0.53, 297731
0.53, 297446
0.53, 295692
0.53, 292185
0.53, 289183
0.53, 283826
0.53, 281912
0.53, 281562
0.53, 279389
0.53, 278899
0.53, 277186
0.53, 277164
0.53, 276920
0.53, 266587
0.53, 264457
0.54, 262139
0.54, 261337
0.55, 259873
0.55, 259696
0.55, 259561
0.55, 258623
0.55, 257996
0.55, 256536
0.55, 256055
0.55, 251872
0.55, 250063
0.55, 249514
0.55, 249098
0.55, 247726
0.55, 247205
0.55, 246267
0.55, 244762
0.55, 242636
0.55, 241440
0.55, 239396
0.55, 238781
0.55, 237793
0.55, 237066
0.55, 235749
0.55, 235605
0.55, 234309
0.56, 233197
0.56, 233157
0.57, 233051
0.57, 232314
0.57, 232263
0.57, 231849
0.57, 231153
0.57, 231026
0.57, 229654
0.57, 229493
0.57, 226257
0.57, 222610
0.57, 222393
0.57, 221859
0.57, 221387
0.57, 219077
0.57, 215576
0.57, 213756
0.57, 213408
0.57, 212737
0.57, 212591
0.57, 209889
0.57, 209846
0.57, 208347
0.57, 202088
0.57, 198878
0.57, 196748
0.57, 196328
0.57, 195247
0.57, 193983
0.58, 190204
0.58, 189947
0.58, 189166
0.58, 188822
0.58, 187903
0.58, 187776
0.59, 187471
0.59, 187237
0.59, 186855
0.59, 186815
0.59, 186223
0.59, 186083
0.59, 184986
0.59, 184723
0.59, 184102
0.6, 182564
0.6, 180667
0.6, 179364
0.6, 179353
0.6, 177840
0.6, 176902
0.6, 175484
0.6, 175418
0.6, 174141
0.6, 173998
0.6, 172484
0.6, 172089
0.6, 171899
0.6, 171842
0.6, 171290
0.6, 171266
0.6, 170974
0.6, 170311
0.6, 167735
0.6, 166964
0.6, 166817
0.6, 166664
0.6, 165512
0.6, 163967
0.6, 163646
0.6, 163584
0.6, 161326
0.61, 160792
0.62, 159059
0.62, 158352
0.62, 158144
0.62, 157594
0.62, 155813
0.62, 154500
0.62, 154280
0.62, 154163
0.62, 152553
0.62, 150719
0.62, 150610
0.62, 150432
0.62, 148148
0.62, 146020
0.62, 144743
0.62, 144030
0.63, 143600
0.63, 141830
0.63, 141827
0.63, 141130
0.63, 139858
0.63, 139454
0.63, 139094
0.63, 138676
0.63, 138337
0.64, 137932
0.64, 137461
0.64, 136911
0.64, 136518
0.64, 135886
0.64, 135556
0.64, 135460
0.64, 135458
0.64, 135202
0.64, 134819
0.64, 134766
0.64, 134252
0.64, 134010
0.64, 132433
0.65, 132161
0.65, 132095
0.65, 131750
0.65, 129722
0.65, 127944
0.65, 127102
0.65, 125548
0.65, 125403
0.65, 125121
0.65, 124889
0.65, 124325
0.65, 124294
0.65, 123697
0.66, 123074
0.66, 122796
0.66, 121197
0.66, 118934
0.66, 118904
0.66, 118183
0.66, 118162
0.66, 118135
0.66, 118027
0.66, 116920
0.66, 116702
0.66, 116488
0.66, 116118
0.66, 115492
0.67, 115458
0.67, 115207
0.67, 114153
0.68, 113707
0.68, 112977
0.68, 112245
0.68, 110759
0.68, 109809
0.68, 108957
0.68, 108719
0.68, 108217
0.69, 108066
0.69, 107912
0.69, 107061
0.7, 107045
0.7, 106824
0.7, 106509
0.7, 106268
0.7, 105659
0.7, 105243
0.71, 105127
0.71, 105047
0.71, 104600
0.71, 104215
0.71, 104162
0.71, 103970
0.72, 103461
0.72, 103254
0.72, 103186
0.72, 103043
0.74, 102969
0.74, 102408
0.74, 102316
0.74, 102304
0.76, 102282
0.76, 102274
0.76, 102253
0.76, 102161
0.76, 102133
0.76, 102106
0.77, 101984
0.77, 101939
0.8, 101938
