0.0, 606258
0.0, 602380
0.0, 597807
0.0, 593747
0.0, 590442
0.0, 589618
0.0, 576070
0.0, 571051
0.0, 571040
0.0, 570986
0.0, 570095
0.0, 564092
0.0, 560388
0.0, 560246
0.0, 557744
0.0, 555012
0.0, 546553
0.0, 546474
0.0, 545417
0.0, 540771
0.0, 536654
0.0, 534024
0.0, 532491
0.0, 530438
0.0, 529255
0.0, 526700
0.0, 524452
0.0, 524365
0.0, 519283
0.0, 513444
0.0, 495733
0.0, 495010
0.0, 494143
0.0, 489901
0.0, 488537
0.0, 486662
0.01, 478628
0.01, 475390
0.01, 473503
0.01, 469695
0.01, 468596
0.01, 467697
0.02, 466287
0.06, 463360
0.06, 458099
0.06, 456783
0.22, 453644
0.27, 446233
0.27, 445106
0.27, 441007
0.27, 439461
0.34, 437356
0.34, 436837
0.34, 436774
0.39, 433023
0.39, 432801
0.39, 431355
0.39, 428544
0.39, 415002
0.4, 409201
0.4, 407729
0.42, 407333
0.42, 406950
0.42, 406124
0.42, 401167
0.42, 399019
0.44, 389491
0.44, 385532
0.44, 384332
0.44, 383905
0.44, 383184
0.44, 378753
0.44, 378193
0.44, 378080
0.44, 371421
0.44, 371367
0.44, 370546
0.44, 369844
0.45, 368061
0.45, 363765
0.45, 363054
0.45, 361889
0.45, 359173
0.46, 357691
0.46, 355910
0.46, 354617
0.46, 351768
0.47, 347810
0.47, 341922
0.47, 335741
0.47, 334576
0.47, 330771
0.47, 329580
0.47, 328892
0.47, 328426
0.47, 324528
0.47, 320279
0.48, 319447
0.48, 316117
0.48, 311832
0.48, 311797
0.48, 310248
0.48, 309516
0.48, 309311
0.48, 308805
0.49, 303405
0.49, 300638
0.49, 296137
0.49, 294846
0.49, 293542
0.49, 290600
0.49, 290291
0.49, 288459
0.49, 277830
0.49, 276546
0.49, 275068
0.49, 274855
0.49, 274546
0.5, 273371
0.5, 271594
0.5, 270534
0.5, 269148
0.5, 262513
0.5, 261631
0.5, 258214
0.51, 257524
0.51, 256818
0.51, 256412
0.51, 254263
0.51, 253976
0.52, 253256
0.52, 253213
0.52, 251857
0.52, 251807
0.52, 250628
0.52, 250327
0.52, 249080
0.52, 248743
0.52, 247060
0.52, 245545
0.52, 244589
0.52, 244502
0.52, 244077
0.52, 241770
0.52, 240002
0.52, 238722
0.52, 235712
0.52, 234473
0.52, 234312
0.52, 233557
0.52, 233304
0.52, 229924
0.52, 224223
0.52, 222897
0.53, 222687
0.53, 219252
0.53, 218869
0.53, 218706
0.53, 217409
0.53, 216768
0.53, 215109
0.54, 214680
0.54, 214336
0.54, 214047
0.54, 212936
0.54, 210722
0.54, 210537
0.54, 210100
0.54, 209557
0.54, 207169
0.54, 204961
0.54, 204742
0.54, 203855
0.54, 203413
0.54, 202808
0.54, 202447
0.54, 201592
0.54, 201331
0.54, 199880
0.54, 199509
0.54, 196878
0.54, 196105
0.54, 193150
0.54, 191603
0.54, 189532
0.54, 188526
0.54, 188315
0.54, 186923
0.54, 186289
0.54, 185505
0.54, 184806
0.54, 184656
0.54, 183823
0.54, 182055
0.54, 181464
0.54, 180409
0.54, 180373
0.54, 179296
0.54, 178740
0.54, 175902
0.54, 175597
0.54, 175229
0.55, 169510
0.55, 168110
0.55, 166831
0.55, 166771
0.55, 165109
0.55, 164706
0.55, 163348
0.55, 162043
0.56, 161312
0.56, 160953
0.56, 159196
0.56, 156760
0.56, 155130
0.56, 154248
0.56, 153155
0.57, 152889
0.57, 152276
0.57, 151499
0.57, 151424
0.57, 150468
0.57, 149852
0.57, 149509
0.57, 149413
0.57, 148067
0.57, 146212
0.57, 144372
0.57, 144258
0.57, 144241
0.57, 143656
0.58, 142372
0.58, 142249
0.59, 140993
0.59, 140130
0.59, 138273
0.59, 137606
0.59, 137198
0.59, 136683
0.59, 136590
0.59, 136346
0.59, 134759
0.59, 134007
0.59, 133541
0.59, 130933
0.59, 130325
0.59, 129737
0.59, 129353
0.59, 129295
0.59, 128582
0.6, 128405
0.6, 128124
0.6, 127840
0.6, 127318
0.6, 127300
0.6, 124694
0.6, 124556
0.6, 124155
0.6, 123732
0.6, 123259
0.6, 122667
0.6, 122502
0.6, 122064
0.6, 122029
0.6, 121149
0.6, 120501
0.6, 120314
0.6, 119235
0.6, 118958
0.6, 118220
0.6, 117949
0.6, 117911
0.61, 117908
0.61, 116975
0.61, 116609
0.61, 116264
0.61, 116161
0.61, 115170
0.61, 114281
0.61, 114218
0.61, 113887
0.61, 113614
0.62, 113188
0.62, 113175
0.62, 112353
0.62, 112210
0.62, 112084
0.62, 111534
0.62, 111042
0.62, 111012
0.62, 110772
0.62, 109619
0.62, 109136
0.62, 108810
0.62, 108138
0.62, 107814
0.62, 107314
0.62, 107105
0.64, 106920
0.64, 106679
0.64, 106586
0.64, 105679
0.64, 105536
0.64, 105437
0.64, 105429
0.65, 105067
0.65, 104981
0.65, 104934
0.65, 104367
0.65, 103885
0.66, 103783
0.66, 102991
0.66, 102596
0.66, 102466
0.66, 102137
0.67, 102075
0.68, 101974
0.69, 101933
0.69, 101905
0.69, 101611
0.7, 101557
0.7, 101521
0.7, 101427
0.71, 101390
0.71, 101277
0.71, 100871
0.73, 100863
