12.26, 560495
21.75, 535581
31.97, 510710
40.81, 489769
51.98, 469655
61.27, 449057
70.6, 426837
80.18, 410046
89.15, 393572
99.11, 377797
108.1, 362312
117.93, 349243
127.36, 335631
136.98, 322706
146.22, 311186
155.08, 299802
164.52, 289166
173.42, 279472
185.45, 269474
196.72, 260033
214.44, 251911
227.32, 243814
237.47, 235946
247.58, 228030
263.69, 220286
283.3, 213551
293.79, 203129
303.06, 197581
312.34, 192415
322.85, 187287
332.47, 183020
342.33, 177968
352.23, 173751
362.23, 169849
371.69, 166295
380.85, 162347
390.13, 158835
402.5, 155465
414.04, 152706
423.32, 150343
433.84, 147574
443.92, 144532
453.62, 141868
463.28, 139513
472.41, 137204
482.04, 134975
491.07, 133035
500.56, 131190
509.93, 129594
518.83, 128287
528.81, 127071
538.36, 125916
547.29, 123381
556.28, 122262
565.95, 121161
574.98, 120068
583.97, 119248
593.23, 118493
603.26, 117852
612.2, 117199
621.06, 116617
630.71, 116160
639.93, 115750
649.21, 115364
658.12, 114892
667.39, 113214
676.83, 112887
686.0, 112563
696.04, 112022
704.87, 111702
713.9, 111396
723.2, 111188
732.18, 110996
741.54, 110811
751.37, 110634
760.62, 110239
769.8, 110129
779.44, 110037
789.73, 109945
