6.51, 7537717
13.17, 7179397
18.35, 6822321
23.87, 6507518
29.0, 6192453
34.11, 5911297
39.59, 5665738
44.87, 5387382
49.99, 5147872
56.05, 4925852
61.79, 4688675
66.95, 4469871
72.77, 4260197
77.91, 4072151
83.19, 3884852
89.36, 3715863
95.48, 3558088
100.93, 3416314
106.2, 3282834
111.35, 3155055
117.07, 3042182
124.49, 2941601
129.68, 2839727
136.49, 2742717
142.92, 2658814
149.5, 2583859
157.12, 2513841
163.92, 2454641
170.43, 2403378
176.59, 2353218
182.45, 2305859
187.76, 2260726
193.75, 2217225
199.37, 2175947
204.73, 2135230
210.65, 2094785
216.98, 2055812
222.66, 2018668
228.88, 1983499
235.24, 1949173
240.86, 1918830
246.05, 1893638
251.23, 1870030
257.05, 1846652
263.76, 1828857
268.98, 1811866
274.69, 1795119
279.9, 1778563
285.13, 1762164
290.33, 1751435
295.44, 1735260
300.54, 1724763
307.48, 1715206
313.72, 1702770
320.12, 1693592
326.58, 1684442
333.12, 1677287
338.55, 1670844
344.07, 1665738
349.5, 1661119
354.84, 1658194
359.97, 1655745
365.7, 1653320
371.16, 1646280
376.32, 1644158
381.98, 1642464
387.22, 1640864
392.57, 1639629
398.54, 1638454
404.94, 1637591
410.15, 1637105
415.67, 1636732
421.16, 1636457
426.35, 1608077
431.43, 1581194
436.61, 1576486
