6.11, 7207298
11.24, 6839987
16.92, 6486190
22.07, 6143971
27.15, 5837063
32.46, 5538217
38.04, 5261829
44.12, 4987088
49.16, 4699948
54.19, 4479206
59.41, 4278680
65.16, 4038034
70.21, 3843954
76.1, 3663845
81.46, 3486516
86.35, 3333868
91.43, 3213923
96.71, 3069317
101.82, 2956596
107.06, 2843959
112.23, 2743588
117.28, 2657673
122.62, 2574914
127.81, 2475906
132.91, 2401566
139.3, 2337715
144.92, 2273674
149.8, 2223520
155.09, 2176032
160.28, 2133621
165.35, 2094661
170.58, 2056211
175.49, 2014478
180.57, 1978487
185.7, 1945157
190.79, 1914835
196.39, 1881398
201.54, 1855074
206.42, 1833334
211.42, 1806724
216.69, 1785817
221.78, 1771350
226.88, 1757173
232.34, 1741789
237.43, 1727797
242.54, 1714868
247.67, 1702041
252.61, 1689643
258.22, 1668489
263.71, 1658133
268.59, 1648615
273.53, 1637899
279.33, 1628661
284.64, 1618754
289.8, 1611107
295.88, 1603646
301.11, 1596491
306.26, 1591385
312.72, 1586677
318.8, 1583651
324.57, 1580733
331.52, 1579133
337.93, 1578081
343.22, 1577218
348.27, 1577064
