0.0, 7851128
0.0, 7702884
0.0, 7682905
0.0, 7667320
0.0, 7619292
0.0, 7501921
0.0, 7497247
0.0, 7462611
0.0, 7427059
0.0, 7425363
0.0, 7405965
0.0, 7312602
0.0, 7298511
0.0, 7239393
0.0, 7208611
0.0, 7208160
0.0, 7190963
0.0, 7151824
0.0, 7044452
0.0, 6984769
0.0, 6952227
0.0, 6936723
0.0, 6875962
0.0, 6861561
0.0, 6762338
0.0, 6711502
0.0, 6687617
0.0, 6664761
0.0, 6648802
0.0, 6643287
0.0, 6459279
0.0, 6424703
0.0, 6424264
0.0, 6397498
0.0, 6368992
0.0, 6272804
0.0, 6262869
0.0, 6260178
0.0, 6117009
0.01, 6083593
0.03, 6065586
0.03, 6051020
0.04, 6036456
0.04, 6019522
0.04, 5982198
0.04, 5979791
0.06, 5882557
0.06, 5836171
0.06, 5752363
0.06, 5551301
0.19, 5527668
0.19, 5463102
0.19, 5317003
0.19, 5297754
0.21, 5288830
0.21, 5254580
0.21, 5244969
0.21, 5143695
0.21, 4954462
0.21, 4949856
0.24, 4947020
0.27, 4865576
0.27, 4800886
0.27, 4721116
0.27, 4583779
0.29, 4544212
0.29, 4514852
0.29, 4502940
0.3, 4500617
0.3, 4477265
0.3, 4448134
0.3, 4431323
0.3, 4399621
0.3, 4396251
0.3, 4395543
0.3, 4395023
0.3, 4390973
0.3, 4389330
0.3, 4387180
0.3, 4376667
0.3, 4358315
0.3, 4340088
0.3, 4268300
0.31, 4245020
0.31, 4231894
0.31, 4203298
0.31, 4190723
0.31, 4183067
0.31, 4158699
0.31, 4074352
0.31, 4062220
0.31, 4059214
0.31, 4048797
0.31, 4043462
0.31, 4034084
0.31, 3979200
0.31, 3807442
0.31, 3804534
0.31, 3794946
0.31, 3752939
0.31, 3728669
0.33, 3692778
0.33, 3691612
0.33, 3668374
0.33, 3662050
0.33, 3578703
0.33, 3545052
0.33, 3494895
0.34, 3406782
0.34, 3401255
0.34, 3391329
0.34, 3302572
0.35, 3266248
0.35, 3249542
0.35, 3231001
0.35, 3207752
0.35, 3173180
0.35, 3159481
0.35, 3143307
0.35, 3130894
0.35, 3121120
0.35, 3088216
0.35, 3085945
0.35, 3083438
0.35, 3079928
0.35, 3067546
0.35, 3046540
0.35, 3040302
0.35, 3033829
0.35, 3020866
0.35, 2930798
0.35, 2924586
0.35, 2915921
0.35, 2910160
0.35, 2901692
0.35, 2889935
0.35, 2882098
0.35, 2881044
0.35, 2859436
0.35, 2853465
0.35, 2846339
0.35, 2843582
0.35, 2792507
0.35, 2790520
0.35, 2747922
0.36, 2680612
0.36, 2671866
0.36, 2667738
0.36, 2655356
0.36, 2601417
0.36, 2597050
0.36, 2574039
0.36, 2536316
0.36, 2531806
0.36, 2522472
0.36, 2505567
0.37, 2501795
0.37, 2500634
0.37, 2500111
0.37, 2499577
0.37, 2492111
0.37, 2491359
0.37, 2484011
0.37, 2474939
0.37, 2473170
0.37, 2437902
0.37, 2410282
0.37, 2403385
0.37, 2391759
0.37, 2379245
0.37, 2368053
0.37, 2336929
0.37, 2323389
0.37, 2319525
0.37, 2317167
0.37, 2291999
0.37, 2289984
0.37, 2285981
0.37, 2278819
0.37, 2237778
0.37, 2235620
0.38, 2232035
0.38, 2230816
0.38, 2206218
0.38, 2205075
0.38, 2196633
0.38, 2196434
0.38, 2190408
0.38, 2166898
0.38, 2131319
0.39, 2123524
0.39, 2116035
0.39, 2115638
0.4, 2091422
0.4, 2070186
0.4, 2064805
0.4, 2059672
0.4, 2056713
0.4, 2039233
0.4, 2023451
0.4, 2015825
0.4, 2015744
0.4, 2008931
0.4, 2006516
0.4, 2000157
0.4, 1944835
0.4, 1943332
0.4, 1930078
0.41, 1924547
0.41, 1910255
0.41, 1908714
0.41, 1907851
0.41, 1906224
0.41, 1896933
0.41, 1881822
0.41, 1876807
0.41, 1869764
0.41, 1863065
0.42, 1849772
0.42, 1840641
0.42, 1838801
0.42, 1831333
0.42, 1802485
0.42, 1796576
0.42, 1795699
0.42, 1789290
0.42, 1787357
0.43, 1785307
0.43, 1784694
0.43, 1776625
0.43, 1773064
0.43, 1769881
0.43, 1765764
0.44, 1763680
0.44, 1756464
0.44, 1752779
0.44, 1739220
0.44, 1737084
0.44, 1733201
0.44, 1732267
0.44, 1708264
0.44, 1702308
0.44, 1689055
0.44, 1679486
0.46, 1678775
0.46, 1671367
0.46, 1669106
0.46, 1666823
0.46, 1666611
0.46, 1660942
0.46, 1655220
0.46, 1644952
0.47, 1636473
0.47, 1631539
0.48, 1624486
0.48, 1622326
0.48, 1621463
0.48, 1619547
0.5, 1617853
0.5, 1617406
