0.0, 7039555
0.0, 7022479
0.0, 6950804
0.0, 6931091
0.0, 6880070
0.0, 6728921
0.0, 6698244
0.0, 6694673
0.0, 6684558
0.0, 6622177
0.0, 6617358
0.0, 6532897
0.0, 6426914
0.0, 6421454
0.0, 6373668
0.0, 6310048
0.0, 6309450
0.0, 6279314
0.0, 6252947
0.0, 6234757
0.0, 6217776
0.0, 6216676
0.01, 6127943
0.01, 6118628
0.01, 6084079
0.01, 6073718
0.05, 5916386
0.05, 5866637
0.05, 5804162
0.05, 5795141
0.12, 5630396
0.12, 5418612
0.12, 5359732
0.12, 5351428
0.19, 5264027
0.19, 5251128
0.19, 5210626
0.19, 5103553
0.21, 4998220
0.21, 4979208
0.21, 4945696
0.21, 4911573
0.21, 4830824
0.21, 4730032
0.21, 4715712
0.21, 4715088
0.21, 4706071
0.21, 4684031
0.21, 4629712
0.22, 4592985
0.22, 4476508
0.22, 4376640
0.22, 4286828
0.24, 4246084
0.24, 4188603
0.24, 4127480
0.24, 4119684
0.24, 4110394
0.24, 4084125
0.24, 4084008
0.24, 4039593
0.24, 4035751
0.24, 3959005
0.24, 3957109
0.24, 3835705
0.24, 3834969
0.24, 3730789
0.24, 3723156
0.24, 3716688
0.24, 3710085
0.25, 3684975
0.25, 3662462
0.25, 3638480
0.25, 3628477
0.25, 3606812
0.25, 3562591
0.25, 3519096
0.25, 3503520
0.25, 3502936
0.25, 3496541
0.25, 3463294
0.25, 3462999
0.25, 3442444
0.25, 3417297
0.26, 3411899
0.26, 3397987
0.26, 3380014
0.26, 3377933
0.26, 3363129
0.26, 3355029
0.26, 3345190
0.26, 3328480
0.26, 3241538
0.26, 3219677
0.26, 3218092
0.26, 3217380
0.26, 3182894
0.26, 3093951
0.27, 3049911
0.27, 3048234
0.27, 2961879
0.27, 2961557
0.27, 2934684
0.27, 2919271
0.27, 2910622
0.28, 2862778
0.28, 2849435
0.28, 2833055
0.28, 2814061
0.28, 2793246
0.28, 2750141
0.28, 2739857
0.28, 2726031
0.28, 2691116
0.28, 2678103
0.28, 2636936
0.28, 2623030
0.28, 2616525
0.28, 2607175
0.28, 2606082
0.28, 2604619
0.28, 2585828
0.28, 2578184
0.28, 2569960
0.28, 2549258
0.28, 2549118
0.28, 2540943
0.28, 2535139
0.28, 2525221
0.28, 2524793
0.28, 2508000
0.28, 2488442
0.28, 2484996
0.28, 2473348
0.28, 2443026
0.28, 2417677
0.29, 2416830
0.3, 2408575
0.3, 2401219
0.3, 2389410
0.3, 2386737
0.3, 2386495
0.3, 2383184
0.3, 2356091
0.3, 2340013
0.3, 2337000
0.3, 2331113
0.3, 2330371
0.3, 2308977
0.3, 2299197
0.3, 2294632
0.3, 2288262
0.3, 2280582
0.3, 2219583
0.3, 2217182
0.3, 2213307
0.3, 2211240
0.31, 2211107
0.31, 2195196
0.31, 2181522
0.31, 2149824
0.32, 2137872
0.32, 2129028
0.32, 2125146
0.32, 2110186
0.32, 2109583
0.32, 2094573
0.32, 2083414
0.32, 2080870
0.32, 2079861
0.32, 2076890
0.32, 2056992
0.32, 2046499
0.32, 2040351
0.33, 2039349
0.33, 2039166
0.33, 2031856
0.33, 2026546
0.33, 2015032
0.33, 2012724
0.33, 2008349
0.33, 2003456
0.33, 1997517
0.33, 1996524
0.33, 1983531
0.33, 1982720
0.33, 1979208
0.33, 1971444
0.33, 1953552
0.33, 1952397
0.33, 1929885
0.33, 1925374
0.33, 1923041
0.33, 1913755
0.33, 1905637
0.33, 1874406
0.33, 1865551
0.33, 1858977
0.33, 1854115
0.33, 1853529
0.34, 1838950
0.34, 1831216
0.34, 1826323
0.34, 1812136
0.34, 1811192
0.34, 1797756
0.34, 1796216
0.34, 1793350
0.34, 1782558
0.34, 1757533
0.34, 1753465
0.34, 1740235
0.34, 1724767
0.34, 1717612
0.34, 1707304
0.34, 1706192
0.36, 1705557
0.36, 1702136
0.36, 1699446
0.36, 1689265
0.36, 1688129
0.36, 1686315
0.36, 1680536
0.36, 1680335
0.36, 1674756
0.36, 1668522
0.36, 1653753
0.37, 1652599
0.37, 1646271
0.37, 1644390
0.37, 1640733
0.37, 1639452
0.37, 1638589
0.37, 1634932
0.37, 1633757
0.37, 1629870
0.37, 1626582
0.37, 1624795
0.37, 1623235
0.37, 1615822
0.37, 1608684
0.37, 1608656
0.38, 1607525
0.38, 1606577
0.38, 1602326
0.38, 1601607
0.39, 1598941
0.39, 1593766
0.39, 1589030
0.39, 1587922
0.39, 1587627
0.39, 1581291
0.39, 1575790
0.39, 1575537
0.39, 1569819
0.39, 1566597
0.4, 1564858
0.4, 1564216
0.42, 1564049
0.43, 1562530
0.43, 1561667
0.43, 1561025
0.43, 1558107
0.43, 1556976
0.44, 1556292
0.44, 1555060
