6.91, 7462972
13.57, 7075526
18.85, 6713707
24.34, 6377755
32.14, 6051419
38.55, 5747318
45.31, 5448088
51.27, 5144506
58.15, 4858443
64.09, 4616006
69.93, 4349768
76.96, 4161842
83.8, 3982986
89.78, 3809300
95.01, 3652547
100.08, 3476603
107.09, 3332062
113.44, 3211944
118.59, 3092454
124.58, 2980626
130.98, 2879599
136.75, 2781386
144.18, 2692241
149.36, 2609496
156.24, 2530291
162.91, 2457172
169.54, 2395204
175.31, 2332180
181.39, 2278886
187.63, 2215952
192.71, 2177710
197.82, 2141392
204.18, 2102993
209.26, 2067549
214.5, 2032707
220.06, 2003500
225.71, 1968994
233.62, 1940038
239.76, 1914449
246.7, 1891311
252.81, 1869350
260.3, 1847570
266.17, 1827373
271.67, 1807997
277.74, 1794788
282.83, 1782121
288.64, 1763387
294.8, 1742512
299.99, 1731789
305.53, 1721433
311.31, 1711551
316.63, 1691756
323.51, 1682027
328.73, 1675073
333.98, 1663908
339.66, 1657100
346.24, 1651733
353.81, 1646579
359.26, 1641752
364.49, 1637770
370.18, 1634599
376.25, 1633186
381.84, 1621234
387.48, 1620002
392.97, 1619360
399.17, 1618947
405.1, 1615896
410.29, 1615550
