0.0, 7183638
0.0, 7037637
0.0, 7027501
0.0, 6882202
0.0, 6851708
0.0, 6832678
0.0, 6807201
0.0, 6800222
0.0, 6715497
0.0, 6714425
0.0, 6658209
0.0, 6544246
0.0, 6534994
0.0, 6204522
0.0, 6123301
0.0, 6024038
0.0, 5922998
0.0, 5867255
0.03, 5859846
0.03, 5844550
0.03, 5779834
0.03, 5670147
0.03, 5633926
0.17, 5632982
0.17, 5623993
0.18, 5583457
0.18, 5531207
0.18, 5410128
0.18, 5384489
0.18, 5352094
0.2, 5299903
0.2, 5248630
0.2, 5241328
0.2, 5148108
0.2, 5142392
0.2, 5105686
0.21, 5030377
0.21, 5024797
0.22, 4991591
0.22, 4966680
0.22, 4966574
0.22, 4928769
0.22, 4911721
0.22, 4897718
0.22, 4838178
0.23, 4824963
0.23, 4760731
0.23, 4724945
0.23, 4722835
0.23, 4664449
0.23, 4646028
0.23, 4633680
0.23, 4622129
0.23, 4617361
0.23, 4566611
0.23, 4508474
0.23, 4493264
0.23, 4491436
0.23, 4468416
0.24, 4447616
0.24, 4311217
0.24, 4244468
0.24, 4203222
0.24, 4098754
0.24, 4073070
0.25, 4072577
0.25, 4031669
0.25, 3949633
0.25, 3921625
0.25, 3869129
0.25, 3846356
0.25, 3839402
0.26, 3820486
0.26, 3817398
0.26, 3812265
0.26, 3784894
0.26, 3661801
0.26, 3648136
0.26, 3544585
0.26, 3471594
0.26, 3453663
0.26, 3434032
0.26, 3399542
0.26, 3316653
0.26, 3265298
0.27, 3231657
0.27, 3204976
0.27, 3154251
0.27, 3094075
0.27, 3091577
0.27, 3090392
0.27, 3064733
0.27, 3042291
0.27, 3040514
0.27, 3039093
0.27, 3022202
0.27, 3020845
0.27, 3009400
0.27, 3002693
0.27, 2971732
0.27, 2962150
0.27, 2885754
0.27, 2867190
0.27, 2864383
0.27, 2851450
0.27, 2850640
0.27, 2838545
0.27, 2800982
0.27, 2799206
0.27, 2788651
0.29, 2780427
0.29, 2762959
0.29, 2740013
0.29, 2724812
0.3, 2718234
0.3, 2683549
0.3, 2659408
0.3, 2648282
0.3, 2635674
0.3, 2635603
0.3, 2630691
0.3, 2618862
0.3, 2618252
0.3, 2582514
0.3, 2581908
0.3, 2575442
0.3, 2569486
0.3, 2545714
0.3, 2542227
0.3, 2540532
0.3, 2539487
0.3, 2534129
0.3, 2520019
0.3, 2464643
0.3, 2461065
0.3, 2434267
0.31, 2397674
0.31, 2391461
0.31, 2349882
0.31, 2331819
0.31, 2280421
0.31, 2272182
0.32, 2268744
0.32, 2232854
0.32, 2231146
0.32, 2203590
0.32, 2191650
0.32, 2184222
0.32, 2180608
0.32, 2172753
0.32, 2156051
0.32, 2142712
0.32, 2140329
0.32, 2119220
0.32, 2119212
0.32, 2116116
0.32, 2103850
0.32, 2103528
0.32, 2102353
0.32, 2087070
0.32, 2086920
0.32, 2084084
0.32, 2081659
0.32, 2050685
0.32, 2044819
0.32, 2036261
0.33, 2016169
0.33, 1987456
0.33, 1979480
0.33, 1976046
0.33, 1965949
0.33, 1964147
0.33, 1962320
0.33, 1942140
0.34, 1924392
0.34, 1916128
0.34, 1904613
0.34, 1904240
0.34, 1902197
0.34, 1891603
0.34, 1878217
0.34, 1877405
0.34, 1864734
0.34, 1858971
0.34, 1858068
0.34, 1855093
0.34, 1849816
0.34, 1848700
0.34, 1840639
0.35, 1829166
0.35, 1821983
0.35, 1818709
0.35, 1816549
0.35, 1805474
0.35, 1798319
0.35, 1793267
0.35, 1784430
0.35, 1782048
0.35, 1773972
0.35, 1766045
0.35, 1765957
0.36, 1761525
0.36, 1749021
0.36, 1743915
0.36, 1736608
0.36, 1713048
0.36, 1701950
0.36, 1700185
0.36, 1699698
0.36, 1696697
0.37, 1687382
0.37, 1683698
0.37, 1678803
0.37, 1678508
0.38, 1676955
0.38, 1673173
0.38, 1670565
0.38, 1667516
0.39, 1665727
0.39, 1654255
0.39, 1653884
0.39, 1643789
0.39, 1637949
0.39, 1630196
0.39, 1628653
0.39, 1625227
0.39, 1623808
0.39, 1610555
0.39, 1610260
0.39, 1602613
0.39, 1602125
0.39, 1600382
0.4, 1595802
0.4, 1589626
0.4, 1589025
0.4, 1586622
0.4, 1585620
0.41, 1580317
0.41, 1576749
0.41, 1576110
0.43, 1575117
0.43, 1574254
0.43, 1572841
0.43, 1572338
0.43, 1568474
0.46, 1567061
