6.5, 7199699
12.71, 6842483
17.78, 6500538
22.87, 6160131
27.89, 5850751
32.78, 5553484
37.74, 5287050
42.87, 5018913
47.79, 4774319
52.66, 4552142
58.13, 4336551
63.22, 4116076
68.3, 3909877
74.15, 3746705
79.27, 3612941
84.51, 3491008
90.08, 3361739
95.02, 3240467
100.01, 3127349
105.59, 3021857
110.67, 2931448
115.76, 2847106
121.87, 2763019
127.22, 2647948
133.09, 2569618
138.71, 2501493
143.82, 2428798
149.26, 2368844
154.64, 2315868
159.91, 2266893
166.06, 2222985
172.7, 2186356
178.26, 2150121
183.64, 2113900
189.14, 2082467
196.03, 2048411
202.5, 2018880
208.74, 1988432
214.98, 1963174
221.08, 1938296
227.05, 1892448
232.1, 1869496
237.43, 1846690
244.13, 1827721
250.7, 1811391
256.76, 1795471
261.82, 1779763
267.62, 1765026
273.07, 1750530
278.46, 1736171
283.84, 1724748
296.15, 1709606
311.74, 1692014
338.79, 1682079
357.03, 1672536
363.59, 1664488
370.57, 1657333
380.24, 1650633
386.87, 1644099
392.8, 1638198
399.65, 1632480
406.12, 1627564
412.77, 1624504
418.21, 1622122
423.66, 1620572
429.6, 1619930
434.65, 1619333
