5.63, 6704448
10.88, 6387715
16.18, 6066180
21.46, 5799114
26.52, 5548652
31.85, 5322221
36.93, 5107845
42.0, 4897141
47.25, 4700438
52.54, 4509577
57.61, 4339406
63.06, 4160409
68.56, 4003694
73.64, 3827599
78.81, 3673782
83.93, 3531472
88.98, 3393939
94.28, 3260720
99.51, 3149095
104.6, 3040228
110.05, 2933315
114.98, 2828727
119.93, 2738706
125.3, 2661861
130.97, 2592151
135.98, 2528529
141.24, 2477266
146.13, 2427258
151.18, 2379828
156.37, 2332625
161.48, 2287538
166.71, 2240526
171.77, 2201816
176.68, 2164768
181.61, 2129808
186.72, 2096038
192.25, 2063255
197.37, 2032712
202.62, 2003234
207.72, 1973953
212.78, 1949238
218.06, 1919419
222.94, 1895859
227.85, 1873043
233.22, 1855258
238.35, 1838382
243.43, 1819810
249.41, 1802179
254.31, 1786508
259.26, 1772616
264.42, 1755996
269.55, 1743267
274.66, 1730146
279.84, 1719074
284.81, 1708323
289.75, 1699048
295.61, 1693038
301.06, 1687320
306.42, 1682665
311.78, 1678637
316.95, 1666993
322.06, 1661715
327.15, 1653619
332.19, 1647526
337.11, 1644421
342.76, 1643189
348.34, 1642326
353.5, 1642072
359.07, 1641896
364.14, 1634744
370.3, 1631855
376.7, 1631829
