0.0, 6964260
0.0, 6955177
0.0, 6874412
0.0, 6873574
0.0, 6812934
0.0, 6756724
0.0, 6756405
0.0, 6755376
0.0, 6609942
0.0, 6609921
0.0, 6569543
0.0, 6551185
0.0, 6518221
0.0, 6428552
0.0, 6322879
0.0, 6233871
0.02, 6188350
0.03, 6079187
0.08, 6047145
0.08, 6027502
0.11, 6005507
0.11, 5839158
0.11, 5683932
0.11, 5603580
0.11, 5358434
0.19, 5327320
0.21, 5245648
0.21, 5226862
0.21, 5226300
0.21, 5019404
0.22, 4959654
0.22, 4898095
0.23, 4897189
0.23, 4895243
0.23, 4859230
0.23, 4713903
0.23, 4710164
0.23, 4642339
0.23, 4612845
0.23, 4606427
0.23, 4579071
0.23, 4572586
0.23, 4534727
0.23, 4486570
0.23, 4466651
0.23, 4417556
0.23, 4388396
0.23, 4376266
0.24, 4375243
0.24, 4364543
0.24, 4338421
0.24, 4262508
0.24, 4238793
0.24, 4132741
0.24, 4061474
0.24, 3947524
0.24, 3926990
0.24, 3922082
0.24, 3916187
0.24, 3874694
0.24, 3852528
0.24, 3840844
0.24, 3788516
0.26, 3776071
0.26, 3735885
0.26, 3720206
0.26, 3687728
0.26, 3686441
0.26, 3644883
0.26, 3578594
0.26, 3564403
0.26, 3544254
0.26, 3531513
0.26, 3527575
0.26, 3498008
0.26, 3493745
0.26, 3447904
0.27, 3425328
0.27, 3420561
0.27, 3418775
0.27, 3369015
0.27, 3364429
0.27, 3333318
0.27, 3321226
0.27, 3259200
0.27, 3241259
0.27, 3192781
0.27, 3124659
0.27, 3099807
0.27, 3061194
0.27, 3040352
0.27, 3004246
0.29, 2990775
0.29, 2983763
0.29, 2976283
0.29, 2949749
0.29, 2920821
0.29, 2920127
0.29, 2887965
0.29, 2887119
0.29, 2880683
0.29, 2849864
0.29, 2784429
0.29, 2775784
0.29, 2756229
0.29, 2746459
0.29, 2735851
0.29, 2733608
0.29, 2708581
0.29, 2692286
0.29, 2690825
0.29, 2663462
0.29, 2632470
0.29, 2632468
0.29, 2619619
0.29, 2611081
0.29, 2567715
0.29, 2564863
0.29, 2561311
0.29, 2560230
0.29, 2525552
0.29, 2488155
0.29, 2485271
0.29, 2481703
0.29, 2434365
0.31, 2430734
0.31, 2419874
0.31, 2401927
0.31, 2401378
0.31, 2398301
0.31, 2368229
0.31, 2364680
0.31, 2362315
0.31, 2360763
0.31, 2357838
0.32, 2336426
0.32, 2335908
0.32, 2322022
0.32, 2315670
0.32, 2291462
0.32, 2258796
0.32, 2245350
0.32, 2230751
0.32, 2227653
0.32, 2215211
0.32, 2187369
0.32, 2177901
0.32, 2163877
0.32, 2134718
0.32, 2122171
0.32, 2118905
0.32, 2116932
0.32, 2106846
0.32, 2096086
0.32, 2092139
0.32, 2091715
0.33, 2083044
0.33, 2078865
0.33, 2040918
0.33, 2024921
0.33, 2024760
0.33, 2022631
0.33, 2018355
0.33, 1997424
0.33, 1997049
0.33, 1967309
0.33, 1955484
0.33, 1905552
0.33, 1897177
0.33, 1897032
0.33, 1896943
0.33, 1895470
0.34, 1877589
0.35, 1876054
0.35, 1872563
0.35, 1871450
0.35, 1865798
0.35, 1863855
0.35, 1855747
0.35, 1844460
0.35, 1835748
0.35, 1833323
0.35, 1829265
0.35, 1824690
0.35, 1819551
0.35, 1818197
0.35, 1812092
0.35, 1811522
0.35, 1807625
0.36, 1795194
0.36, 1790751
0.36, 1775675
0.36, 1772976
0.36, 1769457
0.36, 1768475
0.36, 1764271
0.36, 1763408
0.36, 1761593
0.36, 1758596
0.36, 1743952
0.36, 1741747
0.36, 1741050
0.36, 1737798
0.36, 1734282
0.36, 1733857
0.37, 1731145
0.37, 1726217
0.37, 1723246
0.37, 1715855
0.37, 1714522
0.37, 1704838
0.37, 1704196
0.37, 1702381
0.37, 1695641
0.37, 1695487
0.38, 1690091
0.39, 1688242
0.39, 1682624
0.39, 1681416
0.39, 1678409
0.39, 1677590
0.39, 1677457
0.39, 1674286
0.39, 1673558
0.39, 1669668
0.39, 1668068
0.39, 1660485
0.39, 1656828
0.39, 1655965
0.39, 1655124
0.39, 1653908
0.4, 1641441
0.4, 1634227
0.4, 1622549
0.4, 1619631
0.4, 1614769
0.4, 1613075
0.42, 1612834
0.43, 1603879
0.44, 1602374
0.44, 1601199
0.44, 1600992
0.44, 1600830
0.44, 1600623
0.44, 1599760
