6.6, 7009879
14.97, 6679257
21.54, 6358795
27.9, 6036359
34.59, 5752664
39.82, 5448859
45.89, 5201122
52.36, 4922819
58.29, 4728286
64.36, 4511589
69.52, 4332630
74.67, 4158637
79.76, 3984981
85.06, 3816695
90.26, 3633347
95.33, 3489325
100.4, 3282854
105.73, 3148887
110.78, 2997272
115.85, 2868332
121.61, 2762971
127.87, 2682505
133.18, 2579561
138.41, 2507009
143.44, 2449629
148.82, 2392375
154.02, 2337361
158.9, 2283272
164.18, 2230115
169.21, 2182875
174.26, 2137733
179.86, 2096364
184.99, 2055455
190.03, 2008343
195.07, 1971355
200.26, 1935224
205.36, 1904637
210.43, 1878615
215.77, 1854338
220.83, 1830325
225.92, 1806801
231.18, 1785404
236.13, 1767049
241.82, 1749105
247.1, 1731450
252.04, 1714843
256.91, 1700172
262.14, 1688494
267.67, 1678161
273.28, 1668191
278.37, 1648891
283.45, 1640730
288.35, 1633269
293.46, 1626114
299.06, 1620053
304.01, 1615352
309.04, 1612904
314.13, 1610501
319.1, 1608493
324.09, 1607261
328.95, 1606209
333.94, 1606055
