0.0, 7020582
0.0, 6873553
0.0, 6840907
0.0, 6736176
0.0, 6489557
0.0, 6384253
0.0, 6241405
0.0, 6230752
0.0, 6199613
0.01, 6101571
0.01, 6093134
0.01, 6012561
0.01, 5969187
0.01, 5951263
0.01, 5922996
0.02, 5800361
0.14, 5748746
0.14, 5746629
0.14, 5704358
0.14, 5578214
0.14, 5560990
0.14, 5440944
0.14, 5412452
0.14, 5405992
0.2, 5315848
0.21, 5282152
0.21, 5281767
0.21, 5213794
0.21, 5204543
0.21, 5144783
0.21, 5082975
0.21, 5000307
0.21, 4989790
0.21, 4916328
0.21, 4914689
0.21, 4914224
0.21, 4859038
0.21, 4850624
0.22, 4836919
0.22, 4748390
0.22, 4742333
0.23, 4688371
0.23, 4680653
0.23, 4651714
0.23, 4624584
0.23, 4603236
0.23, 4574709
0.23, 4547569
0.23, 4475173
0.23, 4252802
0.23, 4240922
0.24, 4206827
0.24, 3849625
0.24, 3733576
0.24, 3698162
0.26, 3693735
0.26, 3690284
0.26, 3685901
0.26, 3669585
0.26, 3656818
0.26, 3647210
0.26, 3646657
0.26, 3542098
0.26, 3532568
0.26, 3531221
0.26, 3528274
0.26, 3508062
0.26, 3499843
0.26, 3386517
0.27, 3349360
0.27, 3349036
0.27, 3337254
0.27, 3330087
0.27, 3300881
0.27, 3276762
0.27, 3251560
0.27, 3251172
0.27, 3221841
0.27, 3220895
0.27, 3220886
0.27, 3177266
0.27, 3177090
0.27, 3130378
0.27, 3112763
0.27, 3110075
0.27, 3077305
0.27, 3057510
0.27, 3031539
0.27, 3022326
0.27, 2985480
0.27, 2914916
0.27, 2894954
0.27, 2891202
0.27, 2885442
0.28, 2852750
0.28, 2851135
0.28, 2843104
0.28, 2837281
0.28, 2822323
0.28, 2819840
0.29, 2801646
0.29, 2782871
0.29, 2777177
0.29, 2699118
0.29, 2657876
0.29, 2624993
0.31, 2562004
0.31, 2556861
0.31, 2549894
0.31, 2549215
0.31, 2543096
0.31, 2537514
0.31, 2532959
0.31, 2525477
0.31, 2498826
0.31, 2491002
0.31, 2485669
0.31, 2481763
0.31, 2435052
0.31, 2421454
0.31, 2387101
0.31, 2350116
0.31, 2325726
0.31, 2316435
0.31, 2312769
0.32, 2305528
0.32, 2287653
0.32, 2273950
0.32, 2254760
0.32, 2241199
0.32, 2233546
0.32, 2205469
0.32, 2197224
0.32, 2191191
0.32, 2179527
0.32, 2177793
0.32, 2158893
0.32, 2137363
0.32, 2115370
0.33, 2114182
0.33, 2100778
0.33, 2095976
0.33, 2083929
0.33, 2079006
0.33, 2077845
0.33, 2077184
0.33, 2066809
0.33, 2061355
0.34, 2057121
0.34, 2056787
0.34, 2052724
0.34, 2046288
0.34, 2040929
0.34, 2027117
0.34, 2022457
0.34, 2000404
0.34, 1997686
0.34, 1950348
0.34, 1943787
0.34, 1931830
0.34, 1919328
0.34, 1912882
0.34, 1912751
0.34, 1912407
0.34, 1905009
0.35, 1900582
0.35, 1897228
0.35, 1880034
0.35, 1876420
0.35, 1863827
0.35, 1862679
0.35, 1861989
0.35, 1861152
0.35, 1854348
0.35, 1850100
0.35, 1848310
0.35, 1846671
0.35, 1841014
0.36, 1835011
0.36, 1812734
0.36, 1801421
0.36, 1794015
0.36, 1786685
0.36, 1786302
0.36, 1781949
0.36, 1779551
0.36, 1764834
0.36, 1749649
0.36, 1749126
0.36, 1748005
0.36, 1743545
0.36, 1726679
0.36, 1725726
0.37, 1725400
0.37, 1724716
0.37, 1719635
0.37, 1719429
0.37, 1708709
0.37, 1702340
0.37, 1700332
0.37, 1698549
0.37, 1698214
0.37, 1691407
0.37, 1683611
0.37, 1682614
0.37, 1679129
0.37, 1669034
0.37, 1658929
0.37, 1654835
0.37, 1653006
0.37, 1636713
0.37, 1633229
0.38, 1632817
0.38, 1627830
0.38, 1626426
0.39, 1620417
0.39, 1617252
0.39, 1612146
0.39, 1609228
0.39, 1601108
0.39, 1600607
0.4, 1591403
0.4, 1591057
0.4, 1589144
0.4, 1587161
0.4, 1586815
0.4, 1586008
0.4, 1585490
0.42, 1585281
0.42, 1585221
0.42, 1584395
0.42, 1584049
0.43, 1583616
0.43, 1578908
0.44, 1578539
0.44, 1575652
0.44, 1575247
0.44, 1567151
0.44, 1561212
0.45, 1561131
0.45, 1560489
0.45, 1558247
0.47, 1558107
