0.0, 7467718
0.0, 7457344
0.0, 7345873
0.0, 7253553
0.0, 7024657
0.0, 7018056
0.0, 6970183
0.0, 6875428
0.0, 6718727
0.0, 6649554
0.0, 6580168
0.0, 6579941
0.0, 6520356
0.0, 6324244
0.0, 6224553
0.02, 6131036
0.02, 6027766
0.02, 6024959
0.06, 6005576
0.06, 5989867
0.06, 5977224
0.07, 5977115
0.08, 5896962
0.08, 5725402
0.1, 5717323
0.16, 5684491
0.16, 5675701
0.16, 5643942
0.16, 5590863
0.16, 5564925
0.16, 5538932
0.18, 5517083
0.18, 5516931
0.18, 5475814
0.18, 5373405
0.18, 5361524
0.18, 5318239
0.18, 5308076
0.2, 5303604
0.2, 5298360
0.2, 5255912
0.2, 5166222
0.22, 5145352
0.22, 5114957
0.22, 5012847
0.22, 4994116
0.22, 4979861
0.22, 4962006
0.22, 4947509
0.22, 4905062
0.22, 4902465
0.23, 4839873
0.23, 4809733
0.23, 4649756
0.24, 4558557
0.24, 4555084
0.24, 4541521
0.24, 4481629
0.24, 4362495
0.24, 4238534
0.25, 4227139
0.25, 4189260
0.25, 4170365
0.25, 4164664
0.25, 4153134
0.25, 4110620
0.25, 4087009
0.25, 4063220
0.25, 4062010
0.25, 4060369
0.25, 4058922
0.25, 4006300
0.26, 3970865
0.26, 3966244
0.26, 3902910
0.26, 3866565
0.26, 3799210
0.26, 3765562
0.26, 3759892
0.26, 3747657
0.26, 3713922
0.26, 3686440
0.26, 3656661
0.27, 3611115
0.27, 3547556
0.27, 3534177
0.27, 3527829
0.27, 3523679
0.27, 3521596
0.27, 3520276
0.27, 3501174
0.27, 3487857
0.27, 3439492
0.27, 3422263
0.27, 3418296
0.27, 3395797
0.27, 3382657
0.27, 3352337
0.27, 3336842
0.27, 3327752
0.28, 3326284
0.28, 3317021
0.28, 3235699
0.28, 3181475
0.28, 3087120
0.28, 3082126
0.28, 3080123
0.28, 3054233
0.28, 3001855
0.28, 2997590
0.28, 2984671
0.28, 2960653
0.28, 2941802
0.28, 2934189
0.28, 2921125
0.28, 2913332
0.28, 2895206
0.29, 2880672
0.29, 2857814
0.29, 2850234
0.29, 2847549
0.29, 2830980
0.29, 2824668
0.29, 2781134
0.29, 2765524
0.29, 2755694
0.29, 2739887
0.29, 2730875
0.29, 2724813
0.29, 2724533
0.29, 2722755
0.3, 2707102
0.3, 2706020
0.3, 2699109
0.3, 2692993
0.3, 2682377
0.3, 2679574
0.3, 2670646
0.3, 2666836
0.3, 2650699
0.3, 2628304
0.3, 2617048
0.3, 2581245
0.3, 2572694
0.3, 2567037
0.31, 2533061
0.31, 2529773
0.31, 2521351
0.31, 2517482
0.31, 2508972
0.31, 2492628
0.31, 2457256
0.31, 2430215
0.31, 2355358
0.31, 2311316
0.31, 2309655
0.31, 2306322
0.31, 2301757
0.32, 2288020
0.32, 2283307
0.32, 2263477
0.32, 2263390
0.32, 2260713
0.32, 2240606
0.32, 2227499
0.32, 2221662
0.32, 2221322
0.32, 2207626
0.32, 2206189
0.32, 2204462
0.32, 2202257
0.32, 2192463
0.32, 2185232
0.32, 2183610
0.32, 2174670
0.32, 2173922
0.32, 2168501
0.32, 2143442
0.32, 2091583
0.33, 2080450
0.33, 2073383
0.33, 2064957
0.33, 2046853
0.33, 2040431
0.33, 2040067
0.33, 2037810
0.33, 2024452
0.33, 2014610
0.33, 2012161
0.33, 2002813
0.33, 1984530
0.33, 1974909
0.33, 1971165
0.33, 1963634
0.33, 1963205
0.33, 1949515
0.33, 1949442
0.33, 1938908
0.33, 1935008
0.33, 1928588
0.34, 1927310
0.34, 1910485
0.34, 1898443
0.34, 1889885
0.34, 1888627
0.34, 1873181
0.34, 1867463
0.34, 1866858
0.34, 1849514
0.34, 1834506
0.34, 1830657
0.34, 1827649
0.34, 1826032
0.34, 1811022
0.34, 1804107
0.35, 1793301
0.35, 1791566
0.35, 1782546
0.35, 1779948
0.35, 1777645
0.35, 1776201
0.36, 1770515
0.36, 1758385
0.36, 1751598
0.36, 1739737
0.36, 1735994
0.36, 1733270
0.38, 1727347
0.38, 1722846
0.38, 1714179
0.38, 1710069
0.38, 1689096
0.38, 1671380
0.38, 1669597
0.38, 1667698
0.38, 1665897
0.38, 1661177
0.38, 1657271
0.39, 1652719
0.39, 1644315
0.39, 1642142
0.39, 1637489
0.39, 1632963
0.39, 1629721
0.4, 1628456
0.4, 1627859
0.41, 1625823
0.41, 1614162
0.41, 1613292
0.41, 1613053
0.45, 1612984
0.45, 1609828
0.45, 1608685
0.47, 1606910
0.47, 1605767
