5.37, 6883169
10.48, 6463184
16.52, 6079802
21.89, 5763386
26.98, 5490598
32.25, 5219340
37.63, 4981691
43.2, 4726430
48.29, 4518171
53.23, 4322228
58.13, 4135240
64.22, 3948624
69.91, 3766652
75.17, 3632203
81.08, 3502368
86.17, 3379563
91.33, 3260563
96.86, 3155389
102.67, 3055891
107.9, 2946120
136.93, 2848827
143.29, 2756077
149.3, 2666618
154.78, 2587410
160.01, 2520898
166.68, 2453301
172.38, 2394216
178.22, 2341674
183.53, 2289615
189.0, 2248520
194.0, 2211082
199.43, 2135683
204.79, 2099054
209.84, 2067293
215.25, 2036319
220.67, 2005797
225.75, 1976334
231.49, 1950633
236.62, 1925268
241.66, 1901514
246.71, 1879707
251.98, 1857229
257.09, 1836783
262.18, 1818497
267.76, 1800308
273.45, 1786711
278.59, 1773510
284.17, 1756935
289.76, 1744431
295.45, 1734706
300.78, 1725413
305.93, 1716138
311.29, 1710069
316.67, 1703511
321.56, 1697646
326.61, 1691792
331.67, 1686638
336.6, 1682275
341.61, 1678348
346.55, 1675043
352.22, 1671914
357.79, 1666808
363.51, 1664800
368.61, 1662884
373.91, 1661471
378.78, 1649519
384.09, 1648287
389.21, 1647424
394.29, 1647231
