27.58, 6673714
40.23, 6368223
46.3, 6031727
52.63, 5732087
58.6, 5447223
64.61, 5148260
70.91, 4897150
76.89, 4686750
83.11, 4499816
89.06, 4316424
95.07, 4142746
101.63, 3985082
107.87, 3831602
114.14, 3683687
120.94, 3545859
126.62, 3432272
132.02, 3333900
137.27, 3212382
142.57, 3116748
147.98, 3021441
153.34, 2921485
158.77, 2823605
164.14, 2730866
169.5, 2653676
174.92, 2576730
180.32, 2504806
185.64, 2443861
190.84, 2383030
196.1, 2322713
201.29, 2270136
207.37, 2218820
212.86, 2181509
218.07, 2144317
223.36, 2087744
228.65, 2053868
233.9, 2022277
239.0, 1991412
243.99, 1952043
249.24, 1923152
254.43, 1895044
259.75, 1868347
264.93, 1847273
270.11, 1826802
275.22, 1811776
280.78, 1797309
287.54, 1784441
294.12, 1773654
300.46, 1764551
305.57, 1755600
310.76, 1743914
316.03, 1736120
321.41, 1728341
326.69, 1720441
332.09, 1707166
337.23, 1699519
342.81, 1692191
349.24, 1678014
355.81, 1667629
362.16, 1635763
367.96, 1615081
373.07, 1608447
379.13, 1601848
385.36, 1595148
390.58, 1590699
395.82, 1587648
401.74, 1585245
407.01, 1582863
412.06, 1581169
417.29, 1579994
422.22, 1579355
427.42, 1578899
432.4, 1574388
