0.0, 7964963
0.0, 7908191
0.0, 7810598
0.0, 7748654
0.0, 7592499
0.0, 7572843
0.0, 7546200
0.0, 7544673
0.0, 7310208
0.0, 7181775
0.0, 7138481
0.0, 7064573
0.0, 7063762
0.0, 7062808
0.0, 7053166
0.0, 6988513
0.0, 6963587
0.0, 6954438
0.0, 6951501
0.0, 6927696
0.0, 6916928
0.0, 6871531
0.0, 6853400
0.0, 6846704
0.0, 6798917
0.0, 6794236
0.0, 6708670
0.0, 6611707
0.0, 6593981
0.0, 6526976
0.0, 6287780
0.01, 6278745
0.01, 6248799
0.01, 6059475
0.01, 5849986
0.1, 5768628
0.15, 5744379
0.15, 5688400
0.15, 5659693
0.16, 5597941
0.18, 5592956
0.18, 5582419
0.18, 5574331
0.18, 5526015
0.18, 5510033
0.18, 5476059
0.18, 5456148
0.18, 5418984
0.18, 5415370
0.18, 5414888
0.18, 5412908
0.2, 5330880
0.2, 5274129
0.2, 5232692
0.21, 5145761
0.21, 5074131
0.22, 5073326
0.22, 4859145
0.22, 4816889
0.23, 4800770
0.23, 4774656
0.23, 4606967
0.23, 4548400
0.24, 4487300
0.24, 4404579
0.24, 4397785
0.24, 4371024
0.25, 4304766
0.25, 4226097
0.25, 4196353
0.25, 4152974
0.25, 4130358
0.25, 4083836
0.25, 4082601
0.25, 4079479
0.25, 4008739
0.25, 3997816
0.26, 3984006
0.26, 3977207
0.26, 3923288
0.26, 3905973
0.26, 3879516
0.26, 3868929
0.27, 3851025
0.27, 3846038
0.27, 3804749
0.27, 3706944
0.27, 3695173
0.27, 3687687
0.27, 3661033
0.27, 3603113
0.27, 3599639
0.27, 3599402
0.27, 3596082
0.27, 3495930
0.27, 3478820
0.27, 3461899
0.27, 3421738
0.28, 3390697
0.28, 3382268
0.28, 3370036
0.28, 3367629
0.28, 3348821
0.28, 3318170
0.29, 3300704
0.29, 3297090
0.29, 3256377
0.29, 3232967
0.29, 3210583
0.29, 3202385
0.29, 3200243
0.29, 3193918
0.29, 3188039
0.29, 3185331
0.29, 3131440
0.29, 3064384
0.29, 2947429
0.29, 2939594
0.29, 2927356
0.29, 2926599
0.29, 2869516
0.29, 2863429
0.29, 2830176
0.29, 2808911
0.29, 2794506
0.29, 2775697
0.29, 2719392
0.3, 2705949
0.3, 2641995
0.3, 2556350
0.3, 2555774
0.3, 2538917
0.3, 2513273
0.3, 2512235
0.3, 2483196
0.3, 2458282
0.3, 2411989
0.3, 2389347
0.3, 2377390
0.3, 2369468
0.31, 2366893
0.31, 2342743
0.31, 2337472
0.31, 2332855
0.31, 2330670
0.32, 2329551
0.32, 2320030
0.32, 2300125
0.32, 2284687
0.32, 2283368
0.32, 2279752
0.32, 2279710
0.32, 2258074
0.32, 2257711
0.32, 2229668
0.32, 2209172
0.32, 2197604
0.32, 2186457
0.32, 2172238
0.33, 2167301
0.33, 2165712
0.33, 2150143
0.33, 2138629
0.33, 2137381
0.33, 2136569
0.33, 2111761
0.33, 2089715
0.33, 2079413
0.33, 2062731
0.33, 2062420
0.33, 2056338
0.33, 2047111
0.33, 2039532
0.33, 2033989
0.33, 1999356
0.34, 1996833
0.34, 1988788
0.35, 1977866
0.35, 1971068
0.35, 1958330
0.35, 1933579
0.35, 1898394
0.35, 1890149
0.35, 1889738
0.35, 1883265
0.35, 1879392
0.35, 1874160
0.35, 1855755
0.35, 1853174
0.35, 1839196
0.35, 1838736
0.35, 1824045
0.35, 1823244
0.35, 1820869
0.35, 1815076
0.36, 1808844
0.36, 1803845
0.36, 1799012
0.36, 1798149
0.36, 1768162
0.36, 1759976
0.37, 1756767
0.37, 1754375
0.37, 1745864
0.37, 1743948
0.37, 1721446
0.37, 1713656
0.37, 1713126
0.37, 1711797
0.37, 1708987
0.37, 1707739
0.38, 1705124
0.38, 1688549
0.38, 1685601
0.38, 1681280
0.38, 1680665
0.38, 1678490
0.39, 1676224
0.4, 1673535
0.4, 1667442
0.4, 1662336
0.4, 1659265
0.41, 1652438
0.41, 1651273
0.41, 1651095
0.41, 1649952
0.41, 1648658
0.42, 1640688
0.42, 1638469
0.42, 1638388
0.42, 1635807
0.42, 1633724
0.42, 1633632
0.42, 1633351
0.43, 1626352
0.43, 1622777
0.43, 1619401
0.43, 1619094
0.43, 1613635
0.43, 1610261
0.43, 1609029
0.43, 1608807
0.43, 1603244
0.43, 1598017
0.43, 1591063
0.44, 1583509
0.44, 1582814
0.44, 1581274
0.44, 1580787
0.44, 1574102
0.44, 1573239
0.44, 1572186
0.44, 1567215
0.45, 1563662
0.45, 1563020
