5.35, 6730498
10.36, 6295813
15.48, 6008819
20.65, 5728200
25.73, 5468925
30.89, 5216428
36.05, 4944814
41.13, 4732608
46.86, 4529184
52.0, 4316868
56.89, 4116244
62.09, 3918599
67.18, 3752589
72.31, 3609660
77.26, 3466997
82.31, 3331809
87.35, 3184157
92.52, 3060295
97.42, 2961737
102.4, 2867797
107.45, 2775992
112.93, 2676073
118.11, 2598509
123.33, 2522687
128.54, 2446657
133.91, 2372782
139.23, 2318780
144.18, 2280256
149.11, 2229301
154.33, 2194610
159.44, 2161018
164.5, 2125538
170.29, 2083954
175.21, 2056772
180.79, 2030374
186.14, 2005158
191.28, 1977325
196.36, 1955039
201.61, 1933189
206.75, 1905698
211.92, 1881717
217.11, 1860326
222.96, 1839146
228.09, 1819531
233.93, 1800329
239.08, 1785278
244.18, 1770811
250.03, 1757302
255.42, 1745319
260.51, 1733972
265.7, 1723616
271.37, 1713283
276.43, 1703186
281.54, 1693172
287.95, 1682358
310.45, 1672428
316.5, 1663879
322.44, 1654354
327.58, 1647199
333.08, 1644587
338.25, 1642184
343.37, 1640490
348.28, 1638890
353.42, 1637658
359.05, 1636788
364.16, 1627610
369.81, 1619514
374.7, 1612405
379.62, 1611542
384.94, 1611261
