0.0, 7416326
0.0, 7359247
0.0, 7355341
0.0, 7213191
0.0, 6992017
0.0, 6796666
0.0, 6713124
0.0, 6607568
0.0, 6600674
0.0, 6574453
0.0, 6467351
0.0, 6414842
0.0, 6410167
0.0, 6399924
0.0, 6391332
0.0, 6220639
0.01, 6167823
0.01, 6145507
0.03, 6134415
0.03, 6127463
0.05, 6096757
0.08, 5964588
0.1, 5955595
0.11, 5917837
0.11, 5894403
0.11, 5886834
0.12, 5883317
0.12, 5869603
0.12, 5866180
0.12, 5816190
0.12, 5797573
0.12, 5784196
0.12, 5773899
0.14, 5714934
0.14, 5709912
0.16, 5681859
0.16, 5618113
0.16, 5587412
0.16, 5568762
0.16, 5564710
0.16, 5548306
0.16, 5547879
0.16, 5541519
0.17, 5392739
0.17, 5366802
0.19, 5337142
0.19, 5310344
0.19, 5286326
0.19, 5268306
0.19, 5235891
0.19, 5162111
0.19, 5124406
0.19, 5124289
0.2, 5104039
0.2, 4976381
0.21, 4845433
0.21, 4753952
0.21, 4739475
0.21, 4708880
0.21, 4623541
0.21, 4595033
0.21, 4584464
0.23, 4487118
0.23, 4476219
0.23, 4467153
0.23, 4447759
0.23, 4269836
0.24, 4197687
0.24, 4164045
0.24, 4139818
0.24, 4099972
0.24, 4093509
0.24, 4075147
0.24, 4043566
0.25, 3801460
0.25, 3735075
0.26, 3696652
0.26, 3637720
0.26, 3622347
0.26, 3619436
0.26, 3618578
0.26, 3543206
0.26, 3517003
0.26, 3470666
0.27, 3413584
0.27, 3406605
0.27, 3396431
0.27, 3306607
0.27, 3298912
0.27, 3293925
0.27, 3278449
0.27, 3201112
0.27, 3162539
0.27, 3158984
0.27, 3147795
0.27, 3140996
0.27, 3139344
0.27, 3089068
0.27, 3074886
0.27, 3063916
0.28, 3047551
0.28, 3030596
0.28, 3026842
0.28, 3026333
0.28, 2982508
0.28, 2947797
0.28, 2845338
0.28, 2817913
0.28, 2814181
0.28, 2767524
0.28, 2747439
0.28, 2730501
0.28, 2722815
0.28, 2712176
0.28, 2706775
0.28, 2674135
0.29, 2668731
0.29, 2609076
0.29, 2605716
0.29, 2605644
0.29, 2603804
0.29, 2597818
0.29, 2568943
0.29, 2565841
0.29, 2555046
0.29, 2553471
0.29, 2546996
0.29, 2545799
0.29, 2517947
0.29, 2511176
0.29, 2480838
0.29, 2459876
0.29, 2456488
0.29, 2435880
0.29, 2390636
0.29, 2389555
0.29, 2379478
0.29, 2371522
0.3, 2363934
0.3, 2356661
0.3, 2350868
0.31, 2307163
0.31, 2300442
0.31, 2299702
0.31, 2297919
0.31, 2282146
0.31, 2281242
0.31, 2279692
0.31, 2273601
0.31, 2270384
0.31, 2245611
0.31, 2214780
0.31, 2206102
0.31, 2183389
0.31, 2179781
0.31, 2168668
0.31, 2165169
0.31, 2156555
0.31, 2156243
0.31, 2152572
0.31, 2144770
0.31, 2122414
0.31, 2114403
0.31, 2107843
0.31, 2088632
0.31, 2085993
0.31, 2077868
0.31, 2069664
0.31, 2064817
0.31, 2055107
0.31, 2051047
0.31, 2039979
0.32, 2026701
0.32, 2023846
0.32, 2020953
0.32, 2015961
0.32, 2001934
0.32, 2000287
0.32, 1999509
0.32, 1980662
0.32, 1970732
0.32, 1968516
0.32, 1952830
0.32, 1950938
0.32, 1937866
0.32, 1937787
0.32, 1929390
0.32, 1908200
0.32, 1890545
0.32, 1859680
0.34, 1850586
0.34, 1842040
0.34, 1828575
0.34, 1827089
0.34, 1826649
0.34, 1825721
0.34, 1822833
0.34, 1814102
0.34, 1812062
0.34, 1809173
0.34, 1791413
0.34, 1790732
0.34, 1782183
0.34, 1779046
0.34, 1764579
0.34, 1762485
0.34, 1752905
0.34, 1750201
0.34, 1749528
0.34, 1741772
0.34, 1737323
0.34, 1734622
0.34, 1722789
0.34, 1698169
0.35, 1692939
0.35, 1686393
0.37, 1680127
0.38, 1679057
0.38, 1669648
0.38, 1668339
0.38, 1663741
0.38, 1653500
0.38, 1652448
0.38, 1650128
0.38, 1648431
0.38, 1644770
0.38, 1640069
0.38, 1638137
0.38, 1636694
0.4, 1632572
0.4, 1630169
0.4, 1630167
0.4, 1622525
0.4, 1617419
0.42, 1617288
0.42, 1614762
0.42, 1612924
0.43, 1610752
0.43, 1610377
0.43, 1609631
0.43, 1609143
0.43, 1608026
0.44, 1606622
0.44, 1605390
