5.16, 7515662
10.53, 7060437
15.99, 6669242
21.95, 6315707
29.37, 6042131
34.8, 5785276
39.91, 5506240
44.83, 5254510
50.44, 5026607
56.3, 4766203
61.57, 4517539
66.84, 4292905
72.12, 4065081
77.12, 3868097
82.39, 3715784
87.61, 3572112
92.76, 3440872
98.26, 3329504
103.63, 3205263
109.0, 3094106
116.0, 2978240
122.86, 2878379
128.25, 2779245
134.11, 2691764
139.45, 2614418
144.89, 2537568
151.27, 2467858
156.48, 2401261
161.86, 2335837
167.01, 2273081
172.92, 2210859
178.17, 2165936
183.29, 2126423
189.85, 2082848
196.01, 2044287
202.18, 2005758
207.72, 1971664
214.05, 1944503
219.13, 1907257
224.13, 1883433
229.66, 1860672
236.22, 1839492
243.29, 1820155
248.77, 1803421
253.8, 1788802
258.78, 1752799
265.11, 1707804
272.38, 1693337
278.91, 1679638
283.93, 1666408
289.6, 1653875
296.58, 1644864
302.81, 1634813
309.06, 1626451
314.36, 1619296
319.89, 1614190
324.91, 1610162
330.41, 1607759
336.74, 1606616
343.18, 1605745
349.01, 1595662
354.73, 1595215
359.77, 1594934
