0.0, 7317881
0.0, 7210914
0.0, 7130026
0.0, 7069344
0.0, 7060312
0.0, 6979500
0.0, 6977531
0.0, 6763781
0.0, 6735776
0.0, 6723339
0.0, 6721235
0.0, 6689242
0.0, 6657064
0.0, 6645312
0.0, 6641315
0.0, 6640828
0.0, 6639028
0.0, 6543593
0.0, 6440320
0.0, 6419233
0.0, 6275612
0.01, 6105869
0.01, 6022616
0.01, 5946427
0.01, 5940354
0.01, 5907822
0.08, 5853055
0.08, 5826754
0.08, 5810702
0.08, 5783446
0.14, 5735293
0.14, 5687105
0.17, 5654648
0.17, 5513234
0.17, 5512629
0.19, 5503706
0.19, 5458359
0.19, 5411315
0.19, 5384725
0.19, 5375906
0.19, 5371722
0.19, 5347007
0.19, 5239080
0.2, 5211678
0.22, 5115497
0.22, 4982027
0.22, 4960290
0.22, 4896926
0.22, 4874611
0.22, 4745744
0.22, 4740009
0.24, 4727172
0.24, 4715826
0.24, 4707094
0.24, 4568690
0.24, 4508907
0.24, 4502902
0.24, 4502885
0.25, 4469898
0.25, 4426149
0.25, 4278272
0.25, 4241682
0.25, 4222572
0.25, 4199958
0.25, 4196467
0.25, 4157997
0.26, 4151697
0.26, 4149542
0.26, 4132038
0.26, 4057470
0.26, 4039988
0.26, 4032505
0.26, 3987202
0.26, 3984567
0.26, 3955825
0.26, 3955637
0.26, 3945810
0.26, 3918378
0.26, 3905270
0.26, 3866350
0.26, 3790933
0.26, 3767977
0.27, 3765183
0.27, 3753295
0.27, 3742317
0.27, 3701500
0.27, 3691454
0.27, 3641000
0.27, 3625784
0.27, 3624635
0.27, 3612162
0.27, 3601116
0.27, 3600226
0.27, 3600218
0.28, 3563082
0.28, 3551352
0.28, 3548489
0.28, 3487042
0.28, 3484947
0.28, 3478828
0.28, 3446649
0.28, 3432165
0.28, 3335156
0.28, 3316890
0.28, 3314336
0.28, 3177157
0.28, 3165552
0.28, 3161713
0.28, 3158592
0.28, 3136787
0.28, 3136475
0.28, 3108895
0.28, 3108400
0.28, 3031141
0.28, 3018285
0.29, 3005072
0.29, 2994563
0.29, 2985783
0.29, 2963892
0.29, 2959657
0.29, 2953228
0.29, 2941026
0.29, 2923324
0.29, 2921138
0.29, 2894019
0.29, 2877606
0.29, 2861711
0.3, 2860023
0.3, 2841463
0.3, 2835304
0.3, 2832528
0.3, 2825828
0.3, 2810606
0.3, 2801432
0.3, 2792436
0.3, 2790767
0.3, 2749513
0.3, 2742527
0.3, 2707677
0.3, 2681508
0.3, 2674139
0.3, 2642206
0.3, 2632098
0.3, 2595506
0.3, 2537520
0.3, 2531130
0.3, 2530841
0.3, 2530467
0.3, 2527159
0.3, 2525649
0.31, 2493629
0.32, 2469591
0.32, 2456335
0.32, 2443504
0.32, 2433523
0.32, 2394268
0.32, 2382079
0.32, 2377911
0.32, 2349747
0.32, 2294571
0.32, 2285728
0.32, 2276161
0.32, 2258773
0.32, 2255339
0.32, 2219486
0.33, 2196264
0.33, 2195925
0.33, 2193511
0.33, 2184543
0.33, 2180105
0.33, 2167528
0.33, 2152257
0.33, 2149905
0.33, 2145002
0.33, 2140585
0.34, 2134365
0.34, 2130896
0.34, 2121274
0.34, 2115128
0.34, 2104436
0.34, 2101451
0.34, 2061538
0.34, 2056998
0.34, 2044452
0.34, 2042426
0.34, 2041735
0.35, 2040106
0.35, 2016595
0.35, 2015029
0.35, 2014605
0.35, 1989269
0.35, 1988766
0.35, 1979637
0.35, 1976579
0.35, 1951491
0.35, 1934551
0.35, 1933478
0.35, 1931334
0.35, 1921834
0.35, 1905322
0.35, 1905108
0.35, 1903150
0.35, 1901353
0.36, 1900256
0.36, 1899870
0.36, 1896438
0.36, 1882967
0.36, 1879581
0.36, 1874781
0.36, 1860671
0.36, 1848040
0.36, 1844945
0.36, 1834633
0.36, 1833666
0.37, 1819347
0.37, 1816942
0.37, 1811941
0.37, 1804219
0.37, 1798507
0.37, 1796199
0.37, 1793480
0.37, 1779503
0.37, 1761868
0.37, 1749931
0.37, 1745630
0.38, 1741555
0.38, 1740685
0.38, 1723006
0.38, 1718685
0.38, 1713492
0.38, 1711576
0.38, 1701672
0.38, 1691859
0.39, 1689544
0.4, 1683049
0.4, 1679075
0.4, 1667458
0.4, 1667425
0.4, 1664890
0.4, 1660441
0.4, 1655362
0.4, 1651585
0.4, 1647536
0.4, 1639821
0.4, 1630321
0.41, 1620877
0.42, 1619160
0.42, 1617981
0.42, 1616705
0.42, 1614323
0.47, 1612260
