0.0, 7920489
0.0, 7832378
0.0, 7832074
0.0, 7817411
0.0, 7807202
0.0, 7787299
0.0, 7707147
0.0, 7699558
0.0, 7590038
0.0, 7520989
0.0, 7518844
0.0, 7440326
0.0, 7400727
0.0, 7397881
0.0, 7359037
0.0, 7329224
0.0, 7225952
0.0, 7189363
0.0, 7159567
0.0, 7042671
0.0, 7017212
0.0, 6999314
0.0, 6930477
0.0, 6718932
0.0, 6705330
0.0, 6690257
0.0, 6648369
0.0, 6633806
0.0, 6602800
0.0, 6586696
0.0, 6586558
0.0, 6361150
0.0, 6227658
0.0, 6129606
0.02, 5968945
0.02, 5850534
0.13, 5845255
0.17, 5831208
0.17, 5787662
0.17, 5605783
0.19, 5506558
0.19, 5503062
0.19, 5431997
0.2, 5430085
0.2, 5427948
0.2, 5343213
0.21, 5335221
0.21, 5290192
0.21, 5253481
0.21, 5114784
0.21, 5093756
0.21, 5077873
0.22, 5065469
0.22, 5060392
0.22, 5055894
0.22, 5000514
0.23, 4931966
0.23, 4930393
0.23, 4930028
0.23, 4904835
0.23, 4904529
0.23, 4856454
0.23, 4750113
0.23, 4750072
0.23, 4589694
0.23, 4547511
0.25, 4489116
0.25, 4381219
0.25, 4344061
0.25, 4339312
0.25, 4320053
0.26, 4279455
0.26, 4249500
0.26, 4209753
0.26, 4187866
0.26, 4185453
0.26, 4137704
0.26, 4100876
0.26, 4007369
0.26, 3995758
0.26, 3940371
0.26, 3923757
0.26, 3909472
0.26, 3888861
0.26, 3803981
0.26, 3790969
0.26, 3703314
0.26, 3661476
0.27, 3651708
0.27, 3569406
0.27, 3561819
0.27, 3561607
0.27, 3556465
0.27, 3501050
0.27, 3491260
0.27, 3477249
0.28, 3452313
0.28, 3335374
0.28, 3171927
0.28, 3169451
0.28, 3156624
0.28, 3145275
0.28, 3116660
0.29, 3115608
0.29, 3085031
0.29, 3034717
0.29, 3003271
0.29, 2965677
0.29, 2950973
0.29, 2947461
0.29, 2934875
0.29, 2927653
0.29, 2925289
0.29, 2884400
0.29, 2878763
0.29, 2866757
0.29, 2865947
0.29, 2865192
0.29, 2858470
0.29, 2840633
0.29, 2749588
0.29, 2745788
0.29, 2745313
0.29, 2691742
0.3, 2669292
0.3, 2659762
0.3, 2657596
0.3, 2655776
0.3, 2646676
0.3, 2642079
0.3, 2640705
0.3, 2610699
0.3, 2609322
0.3, 2522167
0.3, 2513313
0.3, 2513089
0.3, 2511054
0.3, 2503652
0.3, 2496356
0.3, 2494486
0.31, 2487773
0.31, 2445416
0.31, 2389852
0.31, 2364298
0.31, 2338016
0.31, 2336436
0.31, 2331337
0.31, 2330366
0.31, 2328319
0.31, 2323086
0.31, 2320382
0.32, 2301118
0.32, 2300783
0.32, 2282948
0.32, 2276333
0.32, 2253607
0.32, 2229595
0.32, 2196729
0.32, 2177365
0.32, 2174405
0.32, 2166611
0.32, 2157240
0.32, 2148537
0.32, 2146363
0.32, 2134190
0.32, 2132765
0.34, 2127091
0.34, 2121635
0.34, 2114350
0.34, 2100350
0.34, 2095987
0.34, 2095804
0.34, 2095455
0.34, 2093092
0.34, 2056188
0.34, 2039227
0.34, 1993551
0.34, 1987557
0.34, 1979061
0.35, 1972701
0.35, 1966217
0.35, 1957037
0.35, 1955173
0.35, 1950951
0.35, 1949515
0.35, 1945687
0.35, 1938954
0.35, 1937712
0.35, 1937237
0.35, 1937046
0.35, 1922170
0.35, 1916021
0.36, 1900744
0.36, 1898143
0.36, 1892642
0.36, 1877269
0.36, 1872398
0.36, 1857626
0.36, 1850767
0.36, 1841589
0.36, 1839444
0.36, 1830010
0.36, 1824544
0.36, 1811894
0.36, 1811522
0.36, 1798298
0.36, 1796431
0.36, 1795310
0.36, 1790203
0.36, 1784742
0.36, 1781216
0.37, 1761740
0.37, 1761665
0.37, 1756698
0.37, 1756598
0.37, 1746367
0.37, 1744512
0.38, 1733731
0.38, 1732465
0.38, 1731552
0.38, 1728860
0.38, 1714123
0.39, 1705848
0.39, 1703153
0.39, 1688134
0.39, 1678569
0.39, 1675668
0.39, 1669730
0.39, 1664403
0.39, 1654765
0.39, 1648692
0.39, 1647786
0.39, 1645868
0.39, 1643860
0.4, 1642807
0.4, 1641999
0.4, 1641495
0.4, 1641037
0.4, 1637755
0.4, 1632062
0.4, 1630822
0.4, 1630379
0.4, 1627105
0.4, 1609630
0.4, 1604524
0.42, 1596812
0.42, 1595865
0.42, 1594078
0.42, 1593973
0.42, 1586326
0.42, 1586150
0.42, 1585508
0.43, 1584118
0.43, 1580536
0.43, 1580455
0.43, 1577537
0.44, 1575666
0.44, 1574614
0.44, 1569247
