0.0, 4430900
0.0, 4379214
0.0, 4313820
0.0, 4181130
0.0, 4177471
0.0, 4019177
0.0, 4011783
0.0, 3965456
0.0, 3581256
0.0, 3427140
0.0, 3364236
0.0, 3360443
0.0, 3323184
0.0, 3309808
0.0, 3207438
0.0, 3189267
0.0, 3119323
0.0, 3086644
0.01, 3075370
0.01, 3058583
0.01, 2884447
0.01, 2790170
0.01, 2720265
0.03, 2418219
0.03, 2413436
0.09, 2258989
0.11, 2193749
0.11, 2128875
0.11, 2127427
0.11, 2074654
0.13, 2073997
0.13, 2056679
0.13, 2050206
0.13, 1950889
0.13, 1942975
0.14, 1927958
0.14, 1912082
0.14, 1902433
0.14, 1898702
0.14, 1888978
0.14, 1886850
0.14, 1885410
0.14, 1884721
0.14, 1819412
0.14, 1817111
0.14, 1814293
0.14, 1807202
0.14, 1787897
0.14, 1787086
0.14, 1775987
0.14, 1752350
0.14, 1750849
0.15, 1724772
0.15, 1716136
0.15, 1711539
0.15, 1694549
0.15, 1630961
0.15, 1622052
0.15, 1596114
0.15, 1587253
0.16, 1574355
0.16, 1574243
0.16, 1555710
0.16, 1550926
0.16, 1534784
0.16, 1532052
0.17, 1509373
0.17, 1492442
0.17, 1488239
0.17, 1482514
0.17, 1481568
0.18, 1478633
0.18, 1473239
0.18, 1470837
0.18, 1467692
0.18, 1446346
0.18, 1438259
0.19, 1434060
0.19, 1429376
0.19, 1428240
0.19, 1428101
0.19, 1424031
0.2, 1421627
0.2, 1418795
0.2, 1416128
0.2, 1408371
0.21, 1403385
0.22, 1398999
0.22, 1397117
0.22, 1395981
