0.0, 3955383
0.0, 3795955
0.0, 3677498
0.0, 3654779
0.0, 3636276
0.0, 3634622
0.0, 3386137
0.0, 3346470
0.0, 3343092
0.0, 3338169
0.0, 3262230
0.0, 3169810
0.0, 3156658
0.0, 3152957
0.0, 2979799
0.0, 2941996
0.0, 2872839
0.0, 2859445
0.02, 2635780
0.02, 2632934
0.02, 2630116
0.06, 2545638
0.06, 2527052
0.09, 2456783
0.09, 2453250
0.1, 2449789
0.1, 2248069
0.1, 2222773
0.11, 2152870
0.11, 2133456
0.11, 2103782
0.11, 2096775
0.12, 2030398
0.12, 2006049
0.12, 1993714
0.12, 1903455
0.13, 1895722
0.13, 1884300
0.13, 1871508
0.13, 1820890
0.14, 1794488
0.14, 1794097
0.14, 1772603
0.14, 1761091
0.14, 1753491
0.14, 1743989
0.14, 1723959
0.14, 1701447
0.14, 1695194
0.14, 1678929
0.14, 1678771
0.14, 1648392
0.14, 1647972
0.14, 1645528
0.14, 1638389
0.15, 1634724
0.15, 1594656
0.15, 1593243
0.15, 1583076
0.15, 1560340
0.15, 1555526
0.16, 1523750
0.16, 1505082
0.17, 1484984
0.17, 1473570
0.17, 1473534
0.17, 1463692
0.17, 1453296
0.17, 1452728
0.18, 1451648
0.18, 1451113
0.18, 1449825
0.18, 1437168
0.18, 1434350
0.19, 1430546
0.19, 1423442
0.19, 1422496
0.19, 1419022
0.2, 1415897
0.2, 1410588
0.2, 1407322
0.2, 1406568
0.21, 1406215
0.21, 1405246
0.21, 1403385
0.21, 1402314
0.22, 1397685
0.22, 1396549
0.22, 1395981
