0.0, 4012778
0.0, 3850696
0.0, 3825842
0.0, 3597217
0.0, 3480025
0.0, 3388547
0.0, 3385837
0.0, 3313400
0.0, 3177947
0.0, 3058239
0.0, 3056513
0.01, 3055732
0.01, 2916683
0.01, 2911608
0.01, 2857455
0.02, 2851051
0.02, 2698380
0.08, 2660245
0.08, 2624417
0.09, 2552673
0.09, 2527949
0.09, 2489167
0.09, 2467025
0.09, 2447279
0.09, 2426104
0.09, 2359371
0.09, 2345973
0.11, 2227262
0.11, 2201638
0.11, 2183944
0.11, 2171031
0.12, 2131096
0.12, 2109757
0.12, 2084086
0.12, 2035722
0.12, 2016686
0.12, 1991941
0.12, 1965170
0.12, 1945079
0.13, 1921736
0.13, 1912813
0.13, 1901002
0.13, 1875373
0.13, 1831822
0.13, 1828914
0.14, 1780309
0.14, 1738870
0.14, 1710998
0.14, 1710692
0.14, 1707068
0.14, 1657958
0.14, 1624520
0.15, 1598980
0.16, 1558211
0.16, 1549295
0.16, 1544803
0.16, 1542439
0.16, 1520599
0.16, 1518949
0.16, 1517572
0.16, 1511815
0.16, 1488050
0.16, 1487832
0.16, 1482475
0.16, 1481907
0.17, 1479727
0.17, 1474300
0.18, 1472890
0.18, 1465033
0.18, 1458863
0.18, 1451278
0.18, 1443625
0.18, 1442776
0.18, 1440833
0.19, 1435766
0.19, 1430735
0.19, 1421234
0.19, 1417746
0.19, 1417591
0.2, 1408325
0.21, 1406374
0.21, 1404820
0.21, 1401653
0.21, 1400517
0.21, 1400046
0.23, 1395981
