0.0, 3923917
0.0, 3796899
0.0, 3778303
0.0, 3571562
0.0, 3566071
0.0, 3352686
0.0, 3230007
0.0, 3225088
0.0, 3074556
0.0, 3068535
0.0, 3053293
0.0, 2995677
0.0, 2887826
0.02, 2828818
0.02, 2630734
0.07, 2592034
0.07, 2521380
0.07, 2517010
0.07, 2330787
0.1, 2299969
0.1, 2208559
0.1, 2171149
0.11, 2151020
0.11, 2072130
0.12, 2054710
0.12, 1999682
0.12, 1980390
0.12, 1920493
0.12, 1884019
0.13, 1874789
0.13, 1866298
0.13, 1791886
0.13, 1780859
0.13, 1777953
0.13, 1771588
0.13, 1768481
0.13, 1743319
0.13, 1742106
0.13, 1720557
0.14, 1664324
0.14, 1654376
0.14, 1652944
0.14, 1646107
0.15, 1645097
0.15, 1639197
0.15, 1635691
0.15, 1635531
0.15, 1623311
0.15, 1616700
0.15, 1604557
0.15, 1578000
0.16, 1577086
0.16, 1542693
0.16, 1539848
0.16, 1524893
0.16, 1519984
0.16, 1513005
0.16, 1509909
0.16, 1505112
0.16, 1500648
0.16, 1494406
0.16, 1479291
0.16, 1457030
0.17, 1454940
0.17, 1447770
0.18, 1429532
0.18, 1426618
0.18, 1421873
0.18, 1421305
0.18, 1418822
0.18, 1409644
0.19, 1408446
0.19, 1407878
0.19, 1404614
0.2, 1404050
0.2, 1402914
0.2, 1402882
0.2, 1395981
