0.0, 4477108
0.0, 4384550
0.0, 4302439
0.0, 3953725
0.0, 3944566
0.0, 3927097
0.0, 3809972
0.0, 3740598
0.0, 3691689
0.0, 3682588
0.0, 3668438
0.0, 3572032
0.0, 3544148
0.0, 3540125
0.0, 3475023
0.0, 3471992
0.0, 3440351
0.0, 3096081
0.0, 3078023
0.0, 2855187
0.03, 2843196
0.03, 2827926
0.03, 2820453
0.03, 2794012
0.05, 2783353
0.05, 2753473
0.07, 2696318
0.08, 2694754
0.08, 2477297
0.09, 2446989
0.09, 2398320
0.09, 2392642
0.09, 2387500
0.11, 2377711
0.11, 2329455
0.11, 2320705
0.11, 2275227
0.11, 2189866
0.11, 2189294
0.12, 2084101
0.12, 2080925
0.12, 2067061
0.12, 2026135
0.12, 2023703
0.12, 2000657
0.12, 1999257
0.13, 1895055
0.13, 1876320
0.13, 1867878
0.13, 1862460
0.13, 1860928
0.13, 1848135
0.14, 1843994
0.14, 1835865
0.14, 1830121
0.14, 1779391
0.14, 1765461
0.14, 1756301
0.14, 1755581
0.14, 1739603
0.14, 1739143
0.14, 1722904
0.15, 1715057
0.15, 1710402
0.15, 1705597
0.15, 1666142
0.15, 1649541
0.15, 1603931
0.15, 1597843
0.16, 1593308
0.16, 1574874
0.16, 1556697
0.16, 1545277
0.16, 1533037
0.17, 1528081
0.17, 1523872
0.17, 1521600
0.17, 1502128
0.17, 1484054
0.17, 1480808
0.17, 1466560
0.17, 1463296
0.18, 1455992
0.18, 1453274
0.18, 1450098
0.18, 1446415
0.18, 1444990
0.19, 1439434
0.19, 1434349
0.19, 1430714
0.19, 1425596
0.19, 1413957
0.2, 1411916
0.2, 1409208
0.2, 1408776
0.21, 1407871
0.21, 1405876
0.21, 1404065
0.21, 1402941
0.22, 1402373
0.22, 1400073
0.22, 1398999
0.22, 1395981
