0.0, 4225427
0.0, 4218854
0.0, 4214821
0.0, 4150924
0.0, 4018701
0.0, 4002136
0.0, 3802853
0.0, 3778581
0.0, 3742155
0.0, 3739394
0.0, 3730336
0.0, 3489616
0.0, 3465751
0.0, 3452743
0.0, 3418817
0.0, 3329820
0.0, 3308740
0.0, 3048105
0.0, 2995769
0.01, 2891064
0.01, 2863874
0.03, 2818995
0.03, 2793716
0.03, 2789864
0.03, 2777399
0.03, 2770203
0.04, 2476402
0.06, 2465720
0.06, 2365135
0.1, 2352949
0.1, 2351386
0.1, 2327015
0.1, 2268158
0.11, 2258547
0.11, 2220675
0.11, 2214893
0.11, 2202939
0.12, 2145118
0.12, 2134188
0.12, 2094648
0.12, 2081574
0.12, 2079946
0.12, 1989087
0.12, 1933597
0.12, 1926466
0.13, 1889049
0.13, 1786935
0.13, 1767768
0.13, 1743360
0.13, 1737917
0.14, 1734813
0.14, 1721747
0.14, 1709709
0.14, 1704674
0.14, 1669661
0.14, 1666649
0.14, 1665807
0.15, 1659049
0.15, 1603686
0.15, 1590941
0.15, 1563576
0.16, 1554112
0.16, 1549669
0.16, 1546851
0.16, 1538711
0.16, 1536545
0.16, 1534633
0.16, 1514819
0.16, 1513986
0.16, 1502440
0.16, 1502293
0.17, 1497295
0.17, 1486205
0.17, 1484203
0.17, 1467416
0.17, 1457243
0.17, 1456682
0.17, 1454382
0.17, 1453518
0.17, 1451218
0.18, 1444536
0.18, 1442334
0.18, 1437622
0.19, 1431612
0.19, 1425428
0.19, 1417481
0.19, 1416357
0.19, 1415833
0.2, 1408084
0.2, 1407973
0.2, 1406849
0.21, 1406809
0.21, 1405685
0.21, 1404131
0.21, 1401831
0.21, 1401109
0.21, 1399985
0.21, 1399417
0.21, 1397117
0.21, 1395981
