0.0, 5005069
0.0, 4967665
0.0, 4821967
0.0, 4453784
0.0, 4369942
0.0, 4089293
0.0, 4053701
0.0, 3655938
0.0, 3526299
0.0, 3322443
0.0, 3320899
0.0, 3276878
0.0, 3255935
0.0, 3253805
0.0, 3242826
0.0, 3180701
0.0, 3150334
0.0, 3091727
0.0, 2804429
0.0, 2790420
0.0, 2752286
0.03, 2587216
0.07, 2482124
0.07, 2473596
0.07, 2345096
0.08, 2178507
0.08, 2163820
0.11, 2156231
0.11, 2119541
0.11, 2076207
0.11, 2071194
0.11, 2056765
0.11, 2052389
0.11, 2038352
0.11, 2032993
0.11, 2024845
0.11, 1995768
0.12, 1977206
0.12, 1975693
0.12, 1928083
0.12, 1927605
0.12, 1893806
0.12, 1883414
0.12, 1883318
0.12, 1866529
0.12, 1856292
0.12, 1853617
0.13, 1826104
0.13, 1807772
0.13, 1801624
0.13, 1752667
0.14, 1737135
0.14, 1719914
0.14, 1710089
0.14, 1697282
0.14, 1691358
0.14, 1684367
0.14, 1646257
0.14, 1635735
0.14, 1634985
0.14, 1603965
0.14, 1588816
0.15, 1575031
0.15, 1567537
0.15, 1565935
0.15, 1565697
0.16, 1539242
0.16, 1516981
0.16, 1503302
0.16, 1501159
0.16, 1500708
0.16, 1497444
0.16, 1493509
0.16, 1489522
0.16, 1482443
0.17, 1480467
0.17, 1478165
0.17, 1470879
0.17, 1463805
0.17, 1459895
0.17, 1455184
0.18, 1454501
0.18, 1441232
0.18, 1439393
0.18, 1433970
0.18, 1426674
0.18, 1423912
0.18, 1423038
0.18, 1418006
0.19, 1417958
0.19, 1416717
0.19, 1416094
0.19, 1413672
0.19, 1409343
0.2, 1408778
0.2, 1407206
0.2, 1405175
0.2, 1404607
0.2, 1402014
0.2, 1401599
0.2, 1399985
