0.0, 4302251
0.0, 4185900
0.0, 4179101
0.0, 4176627
0.0, 4155390
0.0, 4149046
0.0, 4007372
0.0, 4006836
0.0, 4005878
0.0, 3886822
0.0, 3873014
0.0, 3870011
0.0, 3864476
0.0, 3776310
0.0, 3653732
0.0, 3523602
0.0, 3486116
0.0, 3456829
0.0, 3366071
0.0, 3294227
0.0, 3060181
0.01, 3023720
0.01, 3020078
0.02, 2999442
0.03, 2986910
0.03, 2945289
0.03, 2945105
0.03, 2941159
0.06, 2611556
0.08, 2521679
0.1, 2427788
0.1, 2382544
0.1, 2118145
0.12, 2111515
0.12, 2043700
0.12, 2005577
0.12, 1968553
0.12, 1961623
0.12, 1948724
0.12, 1918622
0.12, 1917413
0.12, 1916041
0.12, 1914638
0.12, 1912542
0.12, 1902199
0.12, 1898534
0.12, 1837902
0.12, 1810951
0.12, 1806758
0.12, 1802431
0.12, 1777397
0.12, 1773665
0.12, 1771426
0.12, 1758156
0.14, 1734254
0.14, 1676915
0.14, 1655707
0.15, 1655667
0.15, 1637648
0.15, 1633150
0.15, 1627180
0.15, 1620554
0.15, 1618687
0.15, 1570106
0.15, 1527600
0.15, 1526824
0.16, 1509772
0.16, 1503798
0.16, 1495748
0.16, 1485598
0.16, 1482280
0.17, 1467346
0.17, 1466073
0.17, 1459370
0.17, 1448946
0.17, 1444576
0.17, 1443917
0.17, 1438057
0.17, 1433181
0.17, 1425234
0.17, 1425207
0.17, 1425052
0.17, 1420682
0.18, 1415188
0.19, 1408953
0.2, 1403443
0.2, 1402314
0.2, 1401831
0.22, 1401182
0.22, 1400614
0.22, 1400046
