0.0, 4370902
0.0, 4350125
0.0, 4275652
0.0, 3989399
0.0, 3988655
0.0, 3910129
0.0, 3720047
0.0, 3571227
0.0, 3274307
0.0, 3228363
0.0, 3211412
0.0, 3154995
0.0, 3125307
0.0, 3050216
0.02, 2977556
0.02, 2973472
0.02, 2969776
0.02, 2917791
0.03, 2870877
0.04, 2692248
0.04, 2683512
0.08, 2670192
0.08, 2667578
0.08, 2654477
0.08, 2645633
0.08, 2627769
0.08, 2606844
0.08, 2587007
0.08, 2558837
0.09, 2552126
0.09, 2541897
0.1, 2398075
0.1, 2346592
0.1, 2331108
0.1, 2322856
0.1, 2309820
0.1, 2283925
0.1, 2184136
0.11, 2173499
0.11, 2172729
0.11, 2133095
0.11, 2069263
0.11, 2056376
0.11, 2047183
0.11, 2044281
0.11, 2023533
0.12, 2015856
0.12, 2003470
0.12, 2002105
0.12, 1904574
0.12, 1902206
0.12, 1877082
0.12, 1871291
0.12, 1861186
0.12, 1851919
0.12, 1822504
0.13, 1812942
0.13, 1811518
0.13, 1805550
0.13, 1791871
0.13, 1789122
0.13, 1771576
0.13, 1749171
0.13, 1748521
0.13, 1735470
0.13, 1718299
0.13, 1684731
0.13, 1651939
0.14, 1609377
0.14, 1527100
0.14, 1526790
0.15, 1525876
0.15, 1523104
0.15, 1511166
0.16, 1511004
0.16, 1507530
0.16, 1503077
0.16, 1490418
0.16, 1490032
0.16, 1486729
0.16, 1486702
0.16, 1480462
0.16, 1472627
0.16, 1471961
0.17, 1469053
0.17, 1460265
0.17, 1456935
0.17, 1434139
0.18, 1431484
0.18, 1430352
0.18, 1424408
0.18, 1414720
0.18, 1405325
0.19, 1402882
0.19, 1402314
0.2, 1401182
0.2, 1400878
