0.0, 4346377
0.0, 4307896
0.0, 4284332
0.0, 4081064
0.0, 3974140
0.0, 3882189
0.0, 3712566
0.0, 3666472
0.0, 3628469
0.0, 3627061
0.0, 3558527
0.0, 3500569
0.0, 3442895
0.0, 3435588
0.0, 3351213
0.0, 3331243
0.0, 3273447
0.0, 3270872
0.0, 3233479
0.0, 3208589
0.0, 3128095
0.0, 3118684
0.0, 3082550
0.0, 3046476
0.0, 2712436
0.0, 2692220
0.0, 2649885
0.0, 2607463
0.04, 2561065
0.04, 2506234
0.09, 2386487
0.1, 2381228
0.1, 2296348
0.1, 2269841
0.1, 2261653
0.1, 2094791
0.11, 2041748
0.11, 2035365
0.11, 1914550
0.11, 1864109
0.12, 1839071
0.12, 1816324
0.12, 1814051
0.12, 1795258
0.13, 1786521
0.14, 1750987
0.14, 1738348
0.14, 1727019
0.14, 1720912
0.14, 1691364
0.14, 1679257
0.14, 1634566
0.14, 1621087
0.15, 1612279
0.15, 1610619
0.15, 1593095
0.15, 1572952
0.15, 1562283
0.15, 1557351
0.15, 1551822
0.15, 1539985
0.16, 1509387
0.16, 1503573
0.16, 1501146
0.16, 1494989
0.16, 1493101
0.16, 1485051
0.17, 1485036
0.17, 1480940
0.17, 1477286
0.17, 1474986
0.17, 1472268
0.17, 1464753
0.18, 1458711
0.18, 1453049
0.18, 1448453
0.18, 1438482
0.19, 1433961
0.19, 1433661
0.19, 1431379
0.19, 1430654
0.19, 1429258
0.19, 1428599
0.19, 1424454
0.19, 1422593
0.19, 1416473
0.19, 1413917
0.2, 1413651
0.2, 1411082
0.2, 1409639
0.2, 1408325
0.2, 1405182
0.2, 1405117
0.2, 1404549
0.2, 1402314
0.21, 1400919
0.21, 1396549
0.21, 1395981
