199.62, 7020187
390.82, 6846147
580.32, 6676911
768.49, 6511514
956.97, 6360782
1174.73, 6211144
1364.34, 6061826
1554.2, 5914243
1745.4, 5771149
1936.29, 5628658
2125.52, 5494483
2315.75, 5366904
2504.73, 5251622
2694.22, 5114160
2883.29, 5005859
3072.05, 4902820
3259.67, 4802236
3448.11, 4692393
3636.81, 4592054
3828.82, 4490154
4017.87, 4397617
4208.35, 4305984
4396.42, 4212957
4586.4, 4127478
4776.91, 4044335
4966.92, 3964335
5156.57, 3882441
5347.24, 3808129
5538.48, 3734342
5727.67, 3662302
5917.0, 3597804
6106.31, 3531911
6296.47, 3467367
6486.8, 3404160
6677.38, 3339646
6867.23, 3279475
7055.9, 3219457
7243.49, 3160951
7433.26, 3103384
7623.37, 3049311
7815.08, 2993983
8005.28, 2941154
8193.88, 2889923
8382.97, 2841144
8570.51, 2793410
8758.09, 2746338
8949.62, 2695246
9140.47, 2649650
9328.66, 2605597
9519.92, 2562655
9707.97, 2518546
9897.32, 2476122
10087.22, 2434445
10278.32, 2392968
10469.01, 2352456
10658.47, 2312012
10851.76, 2273201
11041.44, 2234024
11232.27, 2194330
11420.44, 2158516
11607.28, 2124400
11794.52, 2090101
11983.45, 2057938
12174.79, 2026233
12365.12, 1992325
12553.3, 1957539
12742.18, 1925921
12934.14, 1894988
13124.51, 1864264
13315.54, 1833576
13504.88, 1804405
13694.37, 1777473
13881.95, 1744377
14075.23, 1718318
14265.75, 1692794
14456.9, 1667617
14645.31, 1644732
14836.77, 1620662
15025.57, 1597809
15212.47, 1577574
15401.95, 1558307
15593.7, 1540173
15784.24, 1522019
15974.06, 1502202
16161.27, 1484623
16352.78, 1467260
16541.0, 1451138
16729.63, 1433882
16922.1, 1417855
17113.12, 1402021
17303.88, 1386103
17491.43, 1370150
17680.4, 1354356
17870.67, 1338955
18057.37, 1323868
18244.95, 1309849
18435.14, 1295877
18624.57, 1282810
18812.87, 1269461
19002.83, 1255544
19192.59, 1242791
19382.12, 1230151
19569.97, 1217747
19759.64, 1205695
19948.92, 1194083
20136.02, 1182664
20322.58, 1171438
20509.73, 1160716
20699.38, 1150365
20891.56, 1141426
21083.87, 1132519
21272.19, 1123639
21462.51, 1110920
21652.76, 1102169
21842.79, 1091260
22033.78, 1082392
22223.43, 1073704
22416.28, 1065123
22607.17, 1056792
22797.1, 1048906
22986.59, 1041249
23176.98, 1033624
23365.26, 1026379
23554.36, 1019362
23745.43, 1012348
23934.83, 1005477
24123.03, 998768
24311.25, 990637
24500.82, 983975
24689.08, 975786
24879.22, 969656
25069.14, 963664
25258.9, 957576
25446.64, 948249
25635.48, 942316
25822.95, 936664
26009.97, 931069
26199.13, 925491
26390.53, 920049
26578.48, 914848
26768.85, 909280
26959.96, 904088
27150.45, 899443
27338.54, 894964
27526.49, 890596
27716.02, 886675
27907.7, 882816
28096.7, 878961
28285.3, 874964
28473.98, 871182
28663.49, 867433
28853.06, 863763
29043.59, 860432
29233.14, 851715
29421.44, 848428
29610.33, 845180
29797.82, 841942
29988.1, 838726
30177.78, 835706
30368.45, 832709
30557.98, 829756
30747.37, 825235
30937.62, 820000
31128.86, 816904
31319.72, 814142
31511.8, 811202
31702.7, 808737
31893.64, 806404
32084.11, 803825
32273.64, 801559
32463.02, 798819
32653.84, 795558
32845.65, 793451
33036.73, 791401
33228.26, 789429
33417.36, 787545
33605.18, 785698
33793.7, 783927
33982.85, 782206
34171.66, 780521
34359.96, 778239
34549.07, 776509
34738.67, 774829
34926.77, 773198
35115.08, 771659
35304.88, 770182
35499.05, 768733
35690.45, 767316
35880.73, 765301
36070.95, 763905
36261.64, 762672
36453.35, 761501
36643.3, 760236
36834.12, 758832
37024.73, 757680
37215.53, 756530
37404.56, 755307
37594.4, 754242
37781.85, 752878
37971.95, 751834
38163.12, 750792
38353.4, 749767
38543.36, 748765
38734.35, 747772
38921.94, 746832
39111.45, 745922
39302.2, 744841
39488.78, 743932
39681.53, 743033
39872.54, 742145
40060.79, 741258
40249.71, 740376
40439.37, 738910
40627.81, 737867
40817.19, 736843
41007.13, 735967
41197.2, 735097
41387.02, 727607
41576.89, 726295
41766.66, 725458
41958.07, 724627
42147.62, 723889
42339.34, 723199
42529.22, 722524
42719.59, 721864
42907.05, 721223
43098.06, 720600
43285.91, 720001
43472.88, 719423
43665.0, 718625
43856.4, 718065
44045.74, 717232
44235.71, 716631
44427.22, 716105
44617.48, 715624
44807.03, 715060
44993.73, 714599
45182.95, 714160
45372.92, 713727
45561.45, 709486
45751.05, 708148
45948.44, 707043
46137.34, 706086
46326.74, 705655
46517.85, 705234
46707.93, 704823
46898.84, 703695
47089.87, 703347
47279.03, 703028
47467.83, 702634
47655.16, 702324
47843.76, 702028
48031.82, 701733
48219.05, 701046
48407.65, 700412
48596.62, 699109
48786.76, 698762
48979.71, 698502
49170.37, 698243
49360.75, 697399
49551.33, 697044
49741.58, 695857
49930.89, 695624
50119.71, 695479
50311.21, 695342
50500.48, 695218
50691.89, 694823
50882.99, 694716
51072.85, 694654
51262.27, 694622
51452.98, 694591
51641.76, 694563
51832.33, 694538
52023.71, 694216
52213.64, 692918
52402.22, 691783
52591.84, 691431
52779.36, 691117
52969.78, 690988
