0.0, 6756993
0.0, 6755900
0.0, 6755172
0.0, 6735087
0.0, 6712103
0.0, 6667364
0.0, 6667276
0.0, 6658368
0.0, 6656068
0.0, 6608530
0.0, 6560292
0.0, 6546878
0.0, 6511332
0.0, 6508891
0.0, 6472864
0.0, 6469136
0.0, 6465349
0.0, 6456238
0.0, 6453230
0.0, 6452540
0.0, 6436927
0.0, 6400053
0.0, 6398732
0.0, 6397814
0.0, 6334323
0.69, 6306312
0.69, 6290775
0.69, 6175959
0.72, 6172793
0.72, 6172540
0.72, 6149165
0.72, 6149054
0.72, 6146764
0.72, 6140371
0.77, 6133999
0.77, 6131914
0.77, 6106384
0.77, 6100176
0.77, 6098299
0.77, 5975110
0.77, 5959787
0.77, 5956831
0.77, 5944149
0.77, 5942850
0.77, 5940355
0.86, 5898591
0.86, 5844187
0.86, 5839442
0.86, 5837069
0.86, 5772668
0.9, 5735420
0.9, 5730233
0.9, 5715511
0.9, 5711072
0.9, 5702833
0.9, 5673018
0.9, 5656864
0.91, 5655081
0.91, 5654655
0.91, 5577292
0.91, 5564039
0.91, 5561608
0.91, 5547789
0.91, 5528127
0.91, 5508072
0.91, 5452915
0.91, 5443652
0.91, 5440928
0.91, 5433297
0.91, 5400021
0.91, 5399936
0.91, 5388537
0.91, 5372252
0.91, 5357943
0.91, 5353341
0.91, 5323895
0.91, 5312326
0.95, 5294463
0.95, 5286401
0.95, 5277232
0.96, 5258976
0.96, 5235532
0.96, 5229965
0.96, 5228031
0.96, 5224377
0.96, 5220442
0.96, 5219657
0.96, 5208117
0.97, 5204047
0.97, 5202998
0.97, 5121131
0.97, 5105889
0.97, 5105240
0.97, 5105083
0.97, 5102930
0.97, 5089139
0.97, 5080689
0.97, 5080108
0.97, 5080078
0.97, 5078913
0.97, 5073156
0.97, 5044503
0.98, 5037547
0.98, 5035062
0.98, 4992812
0.98, 4971467
0.98, 4957283
0.98, 4957015
0.98, 4955500
0.98, 4950120
0.98, 4944573
0.98, 4926100
0.98, 4918596
0.98, 4908765
0.98, 4857653
0.98, 4850349
1.02, 4834893
1.02, 4832663
1.02, 4831812
1.02, 4827194
1.02, 4809959
1.02, 4802640
1.02, 4799839
1.02, 4798614
1.02, 4789645
1.02, 4786891
1.02, 4783116
1.03, 4762272
1.03, 4756251
1.03, 4734327
1.03, 4731502
1.03, 4722690
1.03, 4717832
1.03, 4711815
1.03, 4704276
1.03, 4699973
1.03, 4686838
1.03, 4683269
1.03, 4681048
1.03, 4679999
1.03, 4668234
1.03, 4660871
1.03, 4642550
1.03, 4641358
1.03, 4639794
1.03, 4635115
1.03, 4631511
1.03, 4623704
1.03, 4558339
1.03, 4504169
1.03, 4503035
1.05, 4440879
1.05, 4439569
1.05, 4420666
1.05, 4396391
1.05, 4365207
1.05, 4345363
1.05, 4344814
1.05, 4342729
1.05, 4315983
1.05, 4306738
1.05, 4299048
1.05, 4281990
1.05, 4281021
1.05, 4274276
1.05, 4270737
1.05, 4243866
1.05, 4240803
1.05, 4240542
1.05, 4229768
1.05, 4207859
1.05, 4203651
1.05, 4145842
1.05, 4130839
1.05, 4127951
1.05, 4122812
1.05, 4119436
1.05, 4111941
1.05, 4110292
1.05, 4106318
1.05, 4088998
1.05, 4066324
1.05, 4060623
1.05, 4053008
1.06, 3990955
1.06, 3973855
1.06, 3973420
1.06, 3971997
1.06, 3961897
1.06, 3956450
1.06, 3949459
1.06, 3941756
1.06, 3941664
1.07, 3940349
1.07, 3939072
1.07, 3936962
1.07, 3917693
1.07, 3915738
1.07, 3915367
1.07, 3886927
1.07, 3883782
1.07, 3878125
1.07, 3870233
1.07, 3870128
1.07, 3865953
1.07, 3865536
1.07, 3865496
1.07, 3865114
1.07, 3848404
1.07, 3841195
1.07, 3818622
1.1, 3815006
1.1, 3814619
1.1, 3813767
1.11, 3812300
1.11, 3810224
1.11, 3795287
1.11, 3762593
1.12, 3759625
1.12, 3723133
1.12, 3694316
1.12, 3680425
1.12, 3674671
1.12, 3654688
1.12, 3632997
1.12, 3611285
1.12, 3592435
1.12, 3564951
1.12, 3563102
1.12, 3562684
1.12, 3561476
1.12, 3559763
1.12, 3552612
1.12, 3537723
1.12, 3493158
1.12, 3487141
1.12, 3485650
1.12, 3484701
1.12, 3463382
1.12, 3459483
1.12, 3423007
1.12, 3415189
1.12, 3412533
1.12, 3402382
1.12, 3342619
1.12, 3330649
1.12, 3330363
1.12, 3327184
1.12, 3274801
1.12, 3273846
1.12, 3272018
1.12, 3271097
1.12, 3268383
1.12, 3266409
1.12, 3258668
1.12, 3258647
1.12, 3257424
1.12, 3252086
1.12, 3248932
1.12, 3245712
1.12, 3224760
1.12, 3209366
1.12, 3206478
1.12, 3202138
1.12, 3193744
1.12, 3188173
1.12, 3188079
1.13, 3180874
1.13, 3180523
1.13, 3179273
1.13, 3174216
1.13, 3168489
1.13, 3165305
1.13, 3160287
1.13, 3159855
1.13, 3158287
1.15, 3135246
1.15, 3132537
1.17, 3123209
1.17, 3117044
1.17, 3116792
1.17, 3115049
1.17, 3113842
1.18, 3107468
1.18, 3102079
1.18, 3093396
1.18, 3092426
1.18, 3090736
1.18, 3074171
1.18, 3065049
1.18, 3056802
1.18, 3053926
1.18, 3047606
1.18, 3044991
1.18, 3044586
1.18, 3037832
1.18, 3034746
1.18, 3007476
1.18, 3004478
1.18, 2992819
1.18, 2980357
1.18, 2975237
1.18, 2973166
1.18, 2972911
1.18, 2972070
1.18, 2960767
1.18, 2934131
1.18, 2933579
1.18, 2927408
1.18, 2925897
1.18, 2917001
1.18, 2881469
1.18, 2867590
1.2, 2847549
1.2, 2839303
1.2, 2839203
1.2, 2837847
1.2, 2829328
1.2, 2817374
1.2, 2816715
1.2, 2813992
1.2, 2811381
1.2, 2807928
1.2, 2807801
1.2, 2803384
1.2, 2791503
1.2, 2791343
1.2, 2791179
1.2, 2790532
1.2, 2789702
1.2, 2786462
1.2, 2779219
1.2, 2770874
1.2, 2758164
1.2, 2753525
1.2, 2750498
1.2, 2749832
1.2, 2748691
1.2, 2724441
1.2, 2717992
1.2, 2715859
1.2, 2712086
1.2, 2705353
1.2, 2704896
1.2, 2704337
1.21, 2697423
1.21, 2693512
1.21, 2689325
1.21, 2685680
1.21, 2683900
1.21, 2664496
1.21, 2656831
1.21, 2648722
1.21, 2647578
1.21, 2647058
1.21, 2630605
1.21, 2629586
1.22, 2604659
1.22, 2600303
1.22, 2597925
1.22, 2590541
1.22, 2582404
1.22, 2576710
1.22, 2556139
1.22, 2549175
1.22, 2543474
1.22, 2540270
1.22, 2537191
1.22, 2537091
1.22, 2533845
1.22, 2527286
1.22, 2524016
1.22, 2523114
1.22, 2522788
1.22, 2521049
1.22, 2517436
1.22, 2513740
1.22, 2511469
1.22, 2510963
1.22, 2503496
1.22, 2493296
1.22, 2491813
1.22, 2489777
1.22, 2483833
1.22, 2467780
1.23, 2450672
1.23, 2432620
1.23, 2429346
1.23, 2428251
1.23, 2428248
1.23, 2412751
1.23, 2409081
1.23, 2402299
1.23, 2401860
1.23, 2394889
1.23, 2385627
1.23, 2385047
1.23, 2384541
1.23, 2384091
1.23, 2382141
1.23, 2382079
1.23, 2377867
1.23, 2355998
1.23, 2353757
1.23, 2344420
1.23, 2341698
1.23, 2339074
1.23, 2338690
1.23, 2320859
1.23, 2317142
1.23, 2310565
1.23, 2303376
1.23, 2275993
1.23, 2275462
1.23, 2260813
1.23, 2257515
1.23, 2243867
1.23, 2234377
1.23, 2225682
1.23, 2225443
1.26, 2224272
1.26, 2222200
1.26, 2214070
1.26, 2211129
1.26, 2208961
1.26, 2208338
1.26, 2205060
1.26, 2201856
1.26, 2198262
1.28, 2190512
1.29, 2188173
1.29, 2178742
1.29, 2173535
1.29, 2173436
1.29, 2172821
1.29, 2171545
1.29, 2171074
1.29, 2170876
1.29, 2164021
1.29, 2163003
1.29, 2162439
1.29, 2157308
1.29, 2155918
1.29, 2152602
1.29, 2150439
1.29, 2148112
1.29, 2147244
1.29, 2142034
1.29, 2135063
1.29, 2134941
1.29, 2129328
1.29, 2128902
1.29, 2128594
1.29, 2126881
1.29, 2125631
1.29, 2122048
1.29, 2120966
1.29, 2115322
1.29, 2099323
1.29, 2097446
1.29, 2096232
1.3, 2084178
1.3, 2073672
1.3, 2055808
1.3, 2045273
1.3, 2043835
1.3, 2043225
1.3, 2040805
1.3, 2040310
1.3, 2004521
1.3, 2001933
1.3, 2001296
1.3, 1987110
1.3, 1986604
1.3, 1976143
1.3, 1974214
1.3, 1972787
1.3, 1957824
1.3, 1957701
1.3, 1956899
1.3, 1938821
1.3, 1938236
1.3, 1937213
1.3, 1935415
1.3, 1923221
1.3, 1914531
1.3, 1904019
1.3, 1870528
1.3, 1870268
1.3, 1870227
1.31, 1850418
1.31, 1846183
1.31, 1840250
1.31, 1839610
1.31, 1833425
1.33, 1833206
1.33, 1830803
1.33, 1822999
1.33, 1821280
1.33, 1815312
1.35, 1807426
1.35, 1801945
1.35, 1798899
1.35, 1797313
1.35, 1796218
1.35, 1791758
1.35, 1787890
1.35, 1786237
1.35, 1782127
1.35, 1774809
1.35, 1770528
1.35, 1769439
1.35, 1768932
1.35, 1768749
1.36, 1768276
1.36, 1767844
1.36, 1766513
1.36, 1766436
1.36, 1765619
1.36, 1765198
1.36, 1762880
1.36, 1756885
1.36, 1755742
1.36, 1753501
1.36, 1753322
1.36, 1744473
1.36, 1726893
1.36, 1726153
1.36, 1724390
1.36, 1722231
1.36, 1713647
1.36, 1713377
1.36, 1705279
1.36, 1703308
1.36, 1698939
1.36, 1697818
1.36, 1694676
1.36, 1690609
1.36, 1688166
1.36, 1682255
1.36, 1679674
1.36, 1678444
1.36, 1674754
1.36, 1674386
1.36, 1673806
1.36, 1673549
1.36, 1673149
1.36, 1670844
1.36, 1668653
1.36, 1667908
1.36, 1667657
1.36, 1655650
1.36, 1655601
1.37, 1644159
1.37, 1642681
1.37, 1642107
1.37, 1618864
1.37, 1618613
1.37, 1618610
1.37, 1616817
1.37, 1604691
1.37, 1603649
1.37, 1592714
1.37, 1592395
1.37, 1591501
1.37, 1591198
1.37, 1588067
1.37, 1584370
1.37, 1579459
1.37, 1577540
1.37, 1577160
1.38, 1575539
1.38, 1574695
1.39, 1567354
1.39, 1560263
1.39, 1558154
1.39, 1555289
1.39, 1550657
1.39, 1546302
1.41, 1545865
1.41, 1545749
1.41, 1536916
1.41, 1536563
1.41, 1532112
1.41, 1526539
1.41, 1526416
1.41, 1524919
1.41, 1524359
1.41, 1524027
1.41, 1523944
1.41, 1521878
1.41, 1521792
1.41, 1519411
1.41, 1517469
1.41, 1517284
1.41, 1513360
1.41, 1512588
1.41, 1505723
1.41, 1504368
1.41, 1500028
1.41, 1496026
1.41, 1493800
1.41, 1492440
1.41, 1491339
1.41, 1485634
1.41, 1484175
1.41, 1483996
1.41, 1483458
1.41, 1481945
1.41, 1480506
1.41, 1478372
1.41, 1478127
1.41, 1474816
1.41, 1474464
1.41, 1472550
1.41, 1468406
1.41, 1462554
1.41, 1459453
1.41, 1459399
1.41, 1459323
1.41, 1452095
1.41, 1451883
1.43, 1451110
1.43, 1450490
1.43, 1443825
1.43, 1443730
1.43, 1439952
1.43, 1432922
1.43, 1432709
1.43, 1431573
1.43, 1430835
1.43, 1428926
1.43, 1427217
1.43, 1427178
1.43, 1423886
1.43, 1423123
1.43, 1421948
1.43, 1420780
1.43, 1419829
1.43, 1413865
1.43, 1413399
1.43, 1405071
1.43, 1404753
1.43, 1401115
1.43, 1400923
1.43, 1398717
1.43, 1397107
1.43, 1392240
1.43, 1390414
1.43, 1387585
1.43, 1384865
1.43, 1380362
1.43, 1379713
1.43, 1370424
1.43, 1366950
1.43, 1366857
1.44, 1360997
1.44, 1354159
1.44, 1350257
1.44, 1343355
1.44, 1342940
1.44, 1342297
1.44, 1340487
1.44, 1340376
1.44, 1334851
1.44, 1333111
1.44, 1330075
1.44, 1323921
1.44, 1323427
1.44, 1321664
1.44, 1321062
1.44, 1317693
1.44, 1315831
1.44, 1314761
1.44, 1314552
1.44, 1313889
1.44, 1313092
1.44, 1309165
1.45, 1307180
1.45, 1306732
1.45, 1301885
1.45, 1297952
1.45, 1297942
1.45, 1296383
1.45, 1291319
1.45, 1291040
1.45, 1290400
1.45, 1290246
1.45, 1287362
1.45, 1286925
1.45, 1286864
1.45, 1281483
1.45, 1274542
1.45, 1274507
1.45, 1272189
1.45, 1270292
1.45, 1267988
1.45, 1266740
1.45, 1260485
1.45, 1260019
1.45, 1259529
1.45, 1257580
1.45, 1257084
1.45, 1255260
1.45, 1252342
1.45, 1251434
1.45, 1249769
1.45, 1247683
1.45, 1247300
1.45, 1247261
1.45, 1242819
1.45, 1241243
1.45, 1240904
1.45, 1239688
1.45, 1238481
1.45, 1238035
1.45, 1230691
1.45, 1230557
1.45, 1229768
1.45, 1229767
1.46, 1229581
1.46, 1228885
1.46, 1226051
1.46, 1225147
1.46, 1225102
1.46, 1223756
1.46, 1223063
1.46, 1216300
1.46, 1213722
1.46, 1208313
1.46, 1206390
1.46, 1205120
1.46, 1204793
1.46, 1204214
1.46, 1200037
1.46, 1198888
1.46, 1197094
1.46, 1196029
1.46, 1193000
1.46, 1190309
1.46, 1188857
1.46, 1186252
1.46, 1183645
1.46, 1182547
1.46, 1180017
1.46, 1176518
1.46, 1176334
1.46, 1171353
1.46, 1170564
1.46, 1161957
1.48, 1160316
1.48, 1159890
1.48, 1157928
1.48, 1157261
1.48, 1156409
1.48, 1156079
1.48, 1155643
1.48, 1154817
1.48, 1154086
1.48, 1152102
1.48, 1148521
1.48, 1145242
1.48, 1145030
1.49, 1144491
1.49, 1143763
1.5, 1143410
1.5, 1140743
1.5, 1140444
1.5, 1133751
1.5, 1132387
1.5, 1129813
1.52, 1129323
1.52, 1129268
1.52, 1128753
1.52, 1127878
1.52, 1127613
1.52, 1126436
1.52, 1125241
1.52, 1123189
1.52, 1123104
1.52, 1122494
1.52, 1119670
1.52, 1118978
1.52, 1116901
1.52, 1116664
1.52, 1111955
1.52, 1107694
1.52, 1107286
1.52, 1104204
1.52, 1103799
1.52, 1103696
1.52, 1102319
1.52, 1102057
1.52, 1099689
1.52, 1097797
1.53, 1096832
1.53, 1095572
1.53, 1093525
1.53, 1078869
1.53, 1077973
1.53, 1077636
1.53, 1076356
1.53, 1074278
1.53, 1065452
1.53, 1064312
1.53, 1063342
1.53, 1061006
1.53, 1060669
1.53, 1059974
1.53, 1059537
1.53, 1059250
1.53, 1058238
1.53, 1055763
1.53, 1053086
1.53, 1052913
1.53, 1052879
1.53, 1051626
1.53, 1050002
1.53, 1049144
1.53, 1048478
1.53, 1043473
1.53, 1041850
1.53, 1040522
1.53, 1038565
1.53, 1035532
1.53, 1031123
1.53, 1028591
1.53, 1028251
1.53, 1026908
1.53, 1023286
1.53, 1021052
1.54, 1020371
1.54, 1018698
1.54, 1014126
1.54, 1013109
1.54, 1012600
1.55, 1011945
1.55, 1011659
1.55, 1010814
1.55, 1008981
1.55, 1008619
1.55, 1008390
1.55, 1006497
1.55, 1003999
1.55, 1001311
1.55, 1000672
1.55, 999978
1.55, 999839
1.55, 999272
1.55, 999147
1.55, 999032
1.55, 998921
1.55, 997811
1.55, 995082
1.55, 994292
1.56, 993938
1.56, 993380
1.56, 993340
1.56, 992913
1.56, 991624
1.56, 991234
1.56, 989301
1.56, 987714
1.56, 987551
1.56, 987104
1.56, 986215
1.56, 984133
1.56, 983575
1.56, 982971
1.56, 981741
1.56, 981432
1.56, 981244
1.56, 980237
1.56, 979406
1.56, 978689
1.56, 977713
1.56, 977641
1.56, 977123
1.56, 976949
1.56, 975917
1.56, 973091
1.57, 972405
1.57, 970152
1.57, 968718
1.57, 967841
1.57, 967794
1.57, 967484
1.57, 967357
1.57, 966077
1.57, 965462
1.57, 965009
1.57, 964354
1.57, 963457
1.57, 960628
1.57, 960346
1.58, 959834
1.58, 957964
1.58, 954401
1.58, 952690
1.58, 951424
1.58, 950781
1.59, 946160
1.59, 944170
1.59, 941423
1.59, 941275
1.59, 939067
1.59, 937178
1.59, 933641
1.59, 933103
1.59, 929951
1.59, 929840
1.59, 929485
1.59, 928680
1.6, 928460
1.6, 927763
1.6, 926252
1.6, 925212
1.6, 924890
1.6, 924571
1.6, 924447
1.6, 924057
1.6, 923188
1.6, 921714
1.6, 915907
1.6, 913065
1.6, 912380
1.6, 912299
1.6, 912222
1.61, 912211
1.61, 910756
1.61, 910673
1.61, 910038
1.61, 905137
1.61, 903960
1.61, 903854
1.61, 902899
1.61, 900096
1.61, 899815
1.61, 899567
1.61, 899321
1.61, 898913
1.61, 897545
1.61, 894431
1.61, 893787
1.61, 892159
1.61, 891641
1.61, 891395
1.61, 890425
1.61, 890295
1.61, 887565
1.61, 886524
1.61, 884397
1.61, 884338
1.61, 883943
1.61, 883928
1.61, 883139
1.61, 882848
1.62, 882564
1.62, 881635
1.62, 880832
1.62, 879359
1.62, 875214
1.62, 874888
1.62, 873569
1.62, 873541
1.62, 873471
1.62, 871927
1.62, 870528
1.62, 868345
1.62, 866746
1.62, 865586
1.62, 864690
1.62, 864583
1.62, 864162
1.62, 862864
1.62, 862779
1.62, 862195
1.62, 856602
1.62, 856230
1.62, 855741
1.62, 855335
1.62, 855291
1.62, 853890
1.62, 853535
1.63, 853067
1.63, 853000
1.63, 852831
1.63, 851374
1.63, 851356
1.63, 849752
1.63, 849200
1.63, 848833
1.63, 848134
1.63, 848126
1.63, 847947
1.63, 846827
1.63, 845625
1.63, 844240
1.63, 844083
1.63, 844082
1.64, 843069
1.64, 842466
1.64, 842311
1.64, 840829
1.64, 840737
1.66, 840512
1.66, 839551
1.66, 838912
1.66, 837487
1.66, 836827
1.67, 836743
1.67, 836550
1.67, 836524
1.67, 834741
1.67, 834030
1.67, 832325
1.67, 831893
1.67, 827617
1.67, 827194
1.67, 827063
1.67, 826304
1.67, 825966
1.67, 825684
1.68, 824970
1.68, 824848
1.68, 823241
1.68, 820410
1.68, 819762
1.68, 819735
1.68, 819657
1.68, 818547
1.68, 818488
1.68, 817405
1.68, 814521
1.68, 813783
1.68, 813092
1.68, 813006
1.69, 812171
1.69, 812110
1.69, 811820
1.69, 811168
1.69, 810155
1.69, 809512
1.69, 806964
1.69, 806410
1.69, 804356
1.7, 803425
1.7, 802126
1.7, 801108
1.7, 800235
1.7, 798353
1.7, 793484
1.7, 792957
1.7, 792726
1.7, 790834
1.7, 789764
1.7, 789749
1.7, 789572
1.7, 788894
1.7, 787340
1.7, 786397
1.7, 785217
1.71, 783292
1.71, 783037
1.71, 782881
1.71, 776150
1.71, 775552
1.71, 775385
1.71, 774929
1.71, 774318
1.71, 772603
1.71, 771607
1.72, 771239
1.74, 770644
1.75, 770150
1.75, 769950
1.75, 769400
1.75, 768617
1.75, 767914
1.75, 766824
1.75, 766097
1.75, 765138
1.76, 763842
1.76, 763601
1.76, 762904
1.76, 762425
1.76, 761724
1.76, 760575
1.77, 759669
1.77, 759144
1.77, 758395
1.77, 758173
1.78, 757262
1.78, 757109
1.78, 756485
1.79, 756175
1.79, 755048
1.79, 754803
1.8, 750910
1.8, 750299
1.8, 750297
1.8, 750247
1.8, 749522
1.8, 749150
1.8, 748462
1.8, 747766
1.8, 747706
1.8, 747131
1.81, 746948
1.81, 746427
1.81, 746062
1.81, 745299
1.81, 744981
1.81, 744853
1.81, 744522
1.81, 744489
1.81, 743417
1.81, 742932
1.82, 741349
1.82, 741122
1.82, 740695
1.82, 740293
1.82, 739583
1.82, 739260
1.82, 739154
1.82, 739100
1.83, 738854
1.83, 738503
1.83, 737428
1.83, 737377
1.83, 737293
1.83, 734563
1.83, 733943
1.83, 733180
1.83, 732263
1.84, 732214
1.84, 732054
1.84, 730528
1.84, 730395
1.84, 730041
1.84, 729837
1.85, 729405
1.85, 728833
1.85, 728449
1.85, 726944
1.85, 726576
1.86, 726050
1.86, 725833
1.86, 725638
1.86, 723779
1.86, 723773
1.86, 723522
1.87, 723505
1.87, 723364
1.87, 723062
1.87, 721997
1.87, 721969
1.87, 721190
1.87, 720936
1.88, 720914
1.89, 720877
1.89, 720365
1.89, 719719
1.89, 719517
1.9, 719128
1.9, 718628
1.9, 718550
1.91, 718083
1.91, 717910
1.92, 717599
1.92, 716716
1.92, 715908
1.93, 715758
1.93, 714705
1.93, 714036
1.93, 713985
1.93, 713821
1.93, 713711
1.94, 712936
1.94, 711690
1.95, 711455
1.95, 711072
1.96, 710381
1.96, 709987
1.96, 708514
1.98, 708494
1.98, 707968
1.99, 707659
1.99, 707222
1.99, 707214
2.0, 706817
2.02, 705852
2.03, 705414
2.03, 705388
2.04, 704027
2.04, 702688
2.05, 702050
2.05, 701974
2.05, 701805
2.06, 701416
2.06, 700978
2.06, 700410
2.06, 700310
2.06, 700115
2.07, 699953
2.08, 697884
2.08, 697719
2.09, 697285
2.09, 697248
2.1, 696813
2.11, 696561
2.11, 696312
2.11, 696304
2.11, 695907
2.12, 695892
2.13, 695730
2.14, 694393
2.14, 694236
2.14, 694006
2.14, 693935
2.15, 693819
2.17, 693727
2.17, 693664
2.17, 693641
2.17, 693475
2.18, 693145
2.18, 692851
2.18, 692529
2.2, 692521
2.22, 692309
2.22, 692250
2.23, 692007
2.23, 691729
2.24, 691703
2.25, 691447
2.27, 690149
2.27, 690121
2.27, 690064
2.3, 689874
2.31, 689826
2.34, 689712
2.37, 689318
2.38, 689292
2.44, 688858
2.49, 688375
