0.0, 6949341
0.0, 6948436
0.0, 6931661
0.01, 6908955
0.01, 6882992
0.01, 6873107
0.01, 6863493
0.01, 6849138
0.01, 6832295
0.01, 6831253
0.01, 6813080
0.01, 6808229
0.01, 6799583
0.01, 6778837
0.01, 6776394
0.01, 6775696
0.01, 6767964
0.02, 6763150
0.02, 6761049
0.02, 6760733
0.02, 6760719
0.02, 6738673
0.02, 6738215
0.02, 6711307
0.03, 6710417
0.03, 6694587
0.03, 6687454
0.04, 6661603
0.04, 6652286
0.04, 6643098
0.04, 6628417
0.04, 6621603
0.04, 6621158
0.04, 6611931
0.04, 6605088
0.04, 6591764
0.04, 6591649
0.04, 6575087
0.04, 6560403
0.04, 6542902
0.04, 6504748
0.14, 6493545
0.14, 6493086
0.14, 6487738
0.14, 6486951
0.14, 6476119
0.14, 6439380
0.23, 6417317
0.23, 6401195
0.23, 6392553
0.23, 6392420
0.23, 6391194
0.23, 6363656
0.23, 6352910
0.23, 6325082
0.23, 6310858
0.51, 6305730
0.51, 6298832
0.51, 6298704
0.61, 6295984
0.61, 6288506
0.61, 6217372
0.61, 6215378
0.61, 6176286
0.61, 6161496
0.61, 6155916
0.72, 6143142
0.72, 6140956
0.72, 6137710
0.72, 6115404
0.72, 6103094
0.72, 6094487
0.72, 6094479
0.72, 6061317
0.75, 6040789
0.75, 6037826
0.8, 6029563
0.8, 6013940
0.8, 6012303
0.8, 5987802
0.8, 5985055
0.8, 5982969
0.8, 5949484
0.8, 5948591
0.8, 5943425
0.8, 5939218
0.8, 5917858
0.8, 5914792
0.82, 5906181
0.82, 5891953
0.82, 5864680
0.82, 5864644
0.82, 5757594
0.82, 5755954
0.82, 5732250
0.82, 5728767
0.82, 5728462
0.82, 5722740
0.82, 5718981
0.83, 5712957
0.83, 5710670
0.83, 5710659
0.83, 5684923
0.84, 5678100
0.84, 5659008
0.84, 5655216
0.84, 5649090
0.84, 5644487
0.84, 5613815
0.88, 5541850
0.88, 5528382
0.88, 5518647
0.88, 5473631
0.88, 5468694
0.88, 5463781
0.88, 5460129
0.88, 5454521
0.88, 5413465
0.88, 5413034
0.88, 5408983
0.88, 5396287
0.88, 5391971
0.88, 5375032
0.88, 5356229
0.88, 5355530
0.88, 5354888
0.88, 5350362
0.88, 5283797
0.88, 5275546
0.88, 5271704
0.88, 5245980
0.88, 5243777
0.88, 5232817
0.88, 5222881
0.88, 5217745
0.88, 5200614
0.88, 5130329
0.88, 5128160
0.88, 5122111
0.88, 5107887
0.88, 5107370
0.88, 5107276
0.88, 5090354
0.88, 5086515
0.88, 5077299
0.91, 5054249
0.94, 5050570
0.94, 5050515
0.94, 5009976
0.94, 4980464
0.94, 4960389
0.94, 4951605
0.94, 4928642
0.94, 4921204
0.94, 4916436
0.94, 4901388
0.94, 4899763
0.94, 4899037
0.94, 4891102
0.94, 4890119
0.94, 4876528
0.94, 4875535
0.94, 4869437
0.94, 4857243
0.94, 4832071
0.94, 4826687
0.94, 4812071
0.94, 4812064
0.94, 4810168
0.94, 4805257
0.94, 4786742
0.94, 4783801
0.94, 4782354
0.94, 4761495
0.94, 4761154
0.94, 4739037
0.94, 4733072
0.94, 4732278
0.94, 4702042
0.94, 4696197
0.94, 4693060
0.94, 4685780
0.94, 4682504
0.94, 4658477
0.94, 4652440
0.94, 4644487
0.94, 4619373
0.94, 4590930
0.94, 4577142
0.94, 4569511
0.94, 4569146
0.94, 4558860
0.94, 4527789
0.94, 4510656
0.94, 4482353
0.94, 4474151
0.94, 4460310
0.96, 4455703
0.96, 4419916
0.96, 4403397
0.96, 4399692
0.96, 4397805
0.96, 4396598
0.96, 4396328
0.96, 4377016
0.97, 4370813
0.97, 4355946
0.98, 4355837
0.98, 4320939
0.98, 4269567
0.98, 4245671
0.98, 4231960
0.98, 4206205
0.98, 4203289
0.98, 4185850
0.98, 4181068
0.98, 4170031
0.98, 4166555
0.98, 4165370
0.98, 4158795
0.98, 4152085
0.98, 4149007
0.98, 4104487
0.98, 4085664
0.98, 4077827
0.98, 4075906
0.98, 4071405
0.98, 4027236
0.98, 4024596
0.98, 4024452
0.99, 4000280
0.99, 3990916
0.99, 3990551
0.99, 3970139
0.99, 3967972
1.01, 3958641
1.01, 3954520
1.03, 3953577
1.03, 3944837
1.03, 3894130
1.03, 3879125
1.03, 3857583
1.03, 3833369
1.03, 3830245
1.03, 3826787
1.03, 3817908
1.03, 3796165
1.03, 3793863
1.04, 3787012
1.04, 3782330
1.04, 3762749
1.04, 3762595
1.04, 3720342
1.04, 3713251
1.05, 3707594
1.05, 3695451
1.05, 3678968
1.05, 3675080
1.07, 3624653
1.07, 3621840
1.07, 3617156
1.07, 3602116
1.07, 3581673
1.07, 3581669
1.07, 3581068
1.07, 3576622
1.07, 3567024
1.07, 3554986
1.07, 3551897
1.07, 3545875
1.07, 3544373
1.07, 3526799
1.07, 3522834
1.07, 3509878
1.07, 3502880
1.07, 3492156
1.07, 3472345
1.08, 3455135
1.08, 3452697
1.08, 3429797
1.08, 3427415
1.08, 3423603
1.08, 3419277
1.08, 3407362
1.08, 3403566
1.08, 3402108
1.08, 3396358
1.08, 3388927
1.08, 3383733
1.08, 3373342
1.08, 3373027
1.08, 3363352
1.08, 3354708
1.08, 3343817
1.08, 3339671
1.08, 3339356
1.08, 3323194
1.08, 3299480
1.08, 3286174
1.08, 3286160
1.08, 3286051
1.08, 3283664
1.08, 3277641
1.08, 3277093
1.08, 3265373
1.08, 3260897
1.08, 3238653
1.08, 3213164
1.08, 3212039
1.08, 3211610
1.08, 3203482
1.08, 3202959
1.08, 3202771
1.08, 3193648
1.13, 3162833
1.13, 3154070
1.13, 3131653
1.13, 3129289
1.13, 3117779
1.13, 3116972
1.13, 3116629
1.13, 3105749
1.13, 3105427
1.14, 3092137
1.14, 3092006
1.14, 3091671
1.14, 3083611
1.14, 3021018
1.14, 3020038
1.14, 3019456
1.14, 3019211
1.14, 3016711
1.14, 3001402
1.14, 3000271
1.14, 2995785
1.14, 2990490
1.14, 2990439
1.14, 2988107
1.14, 2978077
1.14, 2953403
1.14, 2948926
1.14, 2946002
1.14, 2942444
1.14, 2908883
1.14, 2889853
1.15, 2887866
1.15, 2879581
1.15, 2876375
1.15, 2874679
1.15, 2873503
1.15, 2857251
1.15, 2856922
1.15, 2855005
1.15, 2827753
1.15, 2827284
1.15, 2826772
1.15, 2825957
1.15, 2817608
1.15, 2810845
1.15, 2806970
1.15, 2800333
1.15, 2790485
1.15, 2789316
1.15, 2785750
1.15, 2784701
1.15, 2781004
1.15, 2780512
1.15, 2775362
1.15, 2772317
1.15, 2770581
1.15, 2770231
1.15, 2766837
1.15, 2761191
1.15, 2760167
1.15, 2760130
1.15, 2752260
1.15, 2751363
1.15, 2747925
1.15, 2743379
1.15, 2740933
1.15, 2739037
1.15, 2737229
1.15, 2727380
1.15, 2722907
1.15, 2720094
1.15, 2718895
1.15, 2684504
1.15, 2674550
1.15, 2672090
1.15, 2666911
1.15, 2666245
1.15, 2655742
1.15, 2651745
1.15, 2602995
1.16, 2599737
1.16, 2587071
1.16, 2586731
1.16, 2586323
1.16, 2585887
1.16, 2580742
1.16, 2578369
1.16, 2571749
1.16, 2561370
1.16, 2560878
1.16, 2551563
1.16, 2539603
1.16, 2538252
1.16, 2534170
1.16, 2531546
1.16, 2525783
1.16, 2521701
1.17, 2518921
1.17, 2512099
1.17, 2510089
1.17, 2505110
1.17, 2502639
1.17, 2493445
1.17, 2469900
1.17, 2459126
1.17, 2457525
1.17, 2447648
1.17, 2447150
1.17, 2443965
1.17, 2443825
1.17, 2434032
1.17, 2428521
1.17, 2425788
1.17, 2414393
1.18, 2414110
1.18, 2411386
1.18, 2403100
1.18, 2402935
1.18, 2397751
1.18, 2394499
1.18, 2387808
1.18, 2381993
1.18, 2380732
1.18, 2380449
1.18, 2369362
1.18, 2365753
1.19, 2359624
1.19, 2353932
1.19, 2351140
1.19, 2349835
1.19, 2341003
1.19, 2339002
1.19, 2338291
1.19, 2328029
1.19, 2323926
1.19, 2306646
1.19, 2304610
1.19, 2301199
1.19, 2298725
1.2, 2296435
1.2, 2289883
1.2, 2287276
1.2, 2270568
1.2, 2269951
1.2, 2266662
1.2, 2264161
1.2, 2264036
1.2, 2257183
1.2, 2256273
1.2, 2255815
1.2, 2252562
1.2, 2240979
1.2, 2226921
1.2, 2223183
1.2, 2221171
1.2, 2219911
1.2, 2213691
1.2, 2182497
1.2, 2178125
1.2, 2175256
1.2, 2171650
1.2, 2171097
1.2, 2149027
1.2, 2148216
1.2, 2142583
1.2, 2131136
1.2, 2124666
1.2, 2123370
1.2, 2122656
1.2, 2121786
1.2, 2117848
1.2, 2114014
1.2, 2105216
1.2, 2100086
1.2, 2093945
1.2, 2091586
1.2, 2091546
1.21, 2089970
1.21, 2089851
1.21, 2088936
1.21, 2087107
1.21, 2080450
1.21, 2078342
1.21, 2077450
1.22, 2075944
1.22, 2071249
1.22, 2063036
1.22, 2062082
1.22, 2059782
1.22, 2057790
1.22, 2049711
1.22, 2034519
1.22, 2032690
1.22, 2031002
1.22, 2030424
1.22, 2018503
1.22, 2014103
1.22, 2013495
1.22, 2012342
1.22, 2002854
1.22, 1999307
1.23, 1997664
1.23, 1995774
1.23, 1994601
1.23, 1987507
1.23, 1983132
1.23, 1983015
1.23, 1980329
1.23, 1974414
1.23, 1972581
1.23, 1963845
1.23, 1943825
1.23, 1941572
1.23, 1939619
1.23, 1936986
1.23, 1936758
1.23, 1926076
1.23, 1925079
1.23, 1924066
1.23, 1920106
1.23, 1911551
1.23, 1903354
1.23, 1900484
1.23, 1893747
1.23, 1885937
1.23, 1877892
1.23, 1867996
1.24, 1862678
1.24, 1862303
1.24, 1860006
1.24, 1854295
1.24, 1852307
1.24, 1850694
1.24, 1850174
1.24, 1846960
1.24, 1845338
1.24, 1845169
1.24, 1839163
1.24, 1837997
1.24, 1835890
1.25, 1833566
1.25, 1826081
1.25, 1820186
1.25, 1812685
1.25, 1809926
1.25, 1807017
1.25, 1806095
1.25, 1805350
1.25, 1804344
1.25, 1801974
1.25, 1788200
1.25, 1787695
1.25, 1787466
1.25, 1786434
1.25, 1782821
1.25, 1779831
1.25, 1779630
1.25, 1779581
1.25, 1776536
1.25, 1769227
1.25, 1767549
1.25, 1764172
1.25, 1762726
1.25, 1761149
1.25, 1757752
1.25, 1757304
1.25, 1752805
1.25, 1742854
1.25, 1730270
1.25, 1729809
1.25, 1727338
1.25, 1723523
1.28, 1714974
1.28, 1713791
1.28, 1700082
1.28, 1697862
1.29, 1695319
1.29, 1694085
1.29, 1693508
1.29, 1680227
1.29, 1680218
1.29, 1673620
1.29, 1670768
1.29, 1668339
1.29, 1663828
1.29, 1662866
1.29, 1662119
1.29, 1659101
1.29, 1657768
1.29, 1655556
1.29, 1645684
1.29, 1644133
1.29, 1638858
1.29, 1637102
1.29, 1631450
1.29, 1627389
1.29, 1626659
1.29, 1626421
1.29, 1626120
1.29, 1625611
1.29, 1625013
1.29, 1624791
1.29, 1624332
1.29, 1623084
1.29, 1621196
1.29, 1620193
1.29, 1619053
1.29, 1618797
1.29, 1613028
1.29, 1607646
1.29, 1607234
1.29, 1606960
1.29, 1603946
1.29, 1600473
1.29, 1599532
1.29, 1599469
1.29, 1598579
1.29, 1598373
1.29, 1596529
1.29, 1587091
1.29, 1582299
1.29, 1579134
1.29, 1577681
1.29, 1572306
1.29, 1565826
1.29, 1562694
1.29, 1554430
1.29, 1553439
1.29, 1551792
1.3, 1549382
1.3, 1546277
1.3, 1540896
1.3, 1540523
1.3, 1537704
1.3, 1537330
1.3, 1536912
1.3, 1536355
1.3, 1535648
1.3, 1535585
1.3, 1534167
1.31, 1531811
1.31, 1531630
1.31, 1523433
1.31, 1519224
1.31, 1517908
1.31, 1517129
1.31, 1511940
1.31, 1510152
1.31, 1506542
1.31, 1504953
1.31, 1503201
1.31, 1497946
1.32, 1497083
1.32, 1490943
1.32, 1488223
1.32, 1488221
1.32, 1482515
1.32, 1476748
1.32, 1476717
1.32, 1476641
1.32, 1475629
1.32, 1474780
1.32, 1472578
1.32, 1465288
1.32, 1454938
1.32, 1452573
1.32, 1451928
1.32, 1450351
1.32, 1449919
1.32, 1447405
1.33, 1444850
1.33, 1442691
1.33, 1437004
1.33, 1435098
1.33, 1434838
1.33, 1434619
1.33, 1433219
1.33, 1429955
1.33, 1425310
1.33, 1424972
1.33, 1424523
1.33, 1424287
1.33, 1424220
1.33, 1423356
1.33, 1417348
1.33, 1416172
1.33, 1415748
1.33, 1415580
1.33, 1408813
1.33, 1407744
1.33, 1406648
1.33, 1406335
1.33, 1406320
1.33, 1405864
1.33, 1402616
1.33, 1402493
1.33, 1400444
1.33, 1399760
1.33, 1397363
1.34, 1386218
1.34, 1382958
1.34, 1382785
1.34, 1380333
1.34, 1379563
1.34, 1369811
1.34, 1366323
1.34, 1364032
1.34, 1356450
1.34, 1354930
1.34, 1351961
1.34, 1348451
1.34, 1344131
1.34, 1342494
1.35, 1335084
1.35, 1334254
1.35, 1326286
1.35, 1322668
1.35, 1322659
1.35, 1318676
1.35, 1314545
1.35, 1310146
1.35, 1309295
1.36, 1306137
1.36, 1305001
1.37, 1303108
1.37, 1302493
1.37, 1301267
1.37, 1298950
1.37, 1298039
1.37, 1297019
1.37, 1293796
1.37, 1292787
1.37, 1292632
1.37, 1288223
1.37, 1288219
1.37, 1286922
1.37, 1286883
1.37, 1285504
1.37, 1285150
1.37, 1279082
1.37, 1277685
1.37, 1277434
1.37, 1276040
1.37, 1274100
1.37, 1270948
1.37, 1268963
1.37, 1265325
1.38, 1263255
1.38, 1260598
1.38, 1259571
1.38, 1250319
1.38, 1249996
1.38, 1248771
1.38, 1247775
1.38, 1246134
1.38, 1245437
1.38, 1245432
1.38, 1243866
1.38, 1243396
1.38, 1241295
1.38, 1237476
1.38, 1236121
1.38, 1235548
1.38, 1232045
1.38, 1231469
1.39, 1227290
1.39, 1218272
1.39, 1218267
1.39, 1214580
1.39, 1214287
1.39, 1212399
1.39, 1209791
1.39, 1209207
1.39, 1207337
1.39, 1204045
1.39, 1201022
1.39, 1199453
1.39, 1196158
1.39, 1195803
1.39, 1195704
1.39, 1193945
1.39, 1193425
1.39, 1192325
1.39, 1190571
1.39, 1187991
1.39, 1183573
1.39, 1183281
1.39, 1180092
1.4, 1178970
1.4, 1178536
1.4, 1176318
1.41, 1176202
1.41, 1175703
1.41, 1174562
1.41, 1174057
1.41, 1171637
1.41, 1171559
1.41, 1170542
1.41, 1169761
1.41, 1149904
1.41, 1146305
1.41, 1138556
1.41, 1137119
1.41, 1137038
1.41, 1136573
1.41, 1136371
1.42, 1136131
1.42, 1136085
1.42, 1128038
1.42, 1124858
1.42, 1121639
1.43, 1120190
1.43, 1119125
1.43, 1116686
1.43, 1112795
1.43, 1111429
1.43, 1111340
1.43, 1108844
1.43, 1104684
1.43, 1101069
1.43, 1099268
1.43, 1095161
1.43, 1094829
1.43, 1094827
1.43, 1094328
1.43, 1091650
1.43, 1086407
1.43, 1085732
1.43, 1082506
1.44, 1075957
1.44, 1074937
1.44, 1071394
1.44, 1069068
1.44, 1068424
1.44, 1068376
1.44, 1067692
1.44, 1062062
1.44, 1059920
1.44, 1058831
1.46, 1056064
1.46, 1055485
1.46, 1055388
1.46, 1054439
1.46, 1054058
1.46, 1053104
1.46, 1052139
1.46, 1050109
1.46, 1047302
1.46, 1046882
1.47, 1046150
1.47, 1043612
1.47, 1042883
1.47, 1041407
1.47, 1040668
1.47, 1038844
1.47, 1036774
1.47, 1034127
1.47, 1033962
1.47, 1033169
1.47, 1031123
1.47, 1020030
1.47, 1019352
1.47, 1019351
1.47, 1015994
1.47, 1013807
1.47, 1013354
1.47, 1010334
1.47, 1008840
1.47, 1007041
1.47, 1004867
1.47, 998118
1.47, 996780
1.47, 994748
1.48, 992398
1.48, 992343
1.48, 991267
1.48, 988082
1.48, 982103
1.48, 981936
1.48, 981147
1.48, 977800
1.48, 976984
1.48, 975148
1.48, 973820
1.48, 972543
1.48, 971910
1.49, 970492
1.49, 966905
1.49, 960583
1.49, 958937
1.49, 957609
1.49, 956917
1.49, 956160
1.49, 955678
1.49, 954834
1.49, 954153
1.49, 952640
1.49, 952412
1.49, 951612
1.49, 949431
1.49, 947079
1.5, 947075
1.5, 946820
1.5, 945370
1.5, 939179
1.5, 939008
1.5, 937617
1.5, 936899
1.5, 935429
1.51, 935250
1.51, 934452
1.51, 933414
1.51, 930773
1.51, 928927
1.51, 928873
1.51, 928826
1.51, 922633
1.51, 922313
1.51, 922225
1.51, 920594
1.51, 920159
1.51, 918166
1.51, 917082
1.52, 916683
1.52, 916635
1.52, 913282
1.52, 912050
1.52, 910641
1.52, 909607
1.52, 908197
1.52, 907134
1.52, 906576
1.52, 905337
1.52, 903603
1.52, 903586
1.53, 901499
1.53, 900352
1.53, 899587
1.53, 897549
1.53, 897247
1.53, 896368
1.54, 895899
1.54, 895431
1.54, 895429
1.54, 894405
1.54, 894288
1.54, 893923
1.54, 893710
1.54, 892938
1.54, 892277
1.54, 891996
1.54, 891926
1.54, 889795
1.54, 889466
1.54, 889422
1.55, 887807
1.55, 886314
1.55, 885380
1.55, 885272
1.55, 885132
1.55, 882144
1.56, 881223
1.56, 881221
1.56, 879711
1.56, 879460
1.56, 878780
1.56, 878661
1.56, 877865
1.56, 877551
1.56, 877249
1.56, 876902
1.56, 875632
1.56, 872703
1.56, 872652
1.56, 870125
1.57, 869667
1.57, 869468
1.57, 869420
1.57, 868795
1.57, 867601
1.57, 866028
1.57, 865338
1.57, 865056
1.57, 864865
1.57, 863870
1.57, 863407
1.57, 863299
1.57, 863257
1.57, 863010
1.58, 862826
1.58, 862257
1.58, 862009
1.58, 861709
1.58, 856938
1.58, 856929
1.58, 856360
1.58, 856080
1.58, 855933
1.58, 855451
1.58, 854635
1.58, 853993
1.58, 853773
1.58, 852668
1.58, 852276
1.58, 852131
1.58, 850506
1.58, 848157
1.58, 848007
1.58, 845682
1.58, 845488
1.58, 843911
1.58, 843430
1.58, 838713
1.59, 838245
1.59, 836542
1.59, 836173
1.59, 832773
1.59, 832320
1.59, 832238
1.6, 831720
1.6, 831578
1.6, 831534
1.6, 830540
1.6, 828957
1.6, 828690
1.6, 827976
1.6, 827859
1.6, 824784
1.6, 824284
1.6, 823877
1.6, 822278
1.6, 820581
1.61, 818627
1.61, 817696
1.61, 817405
1.61, 817090
1.61, 816840
1.61, 815980
1.61, 813624
1.61, 813414
1.61, 811605
1.61, 811347
1.61, 810417
1.62, 809378
1.62, 808925
1.62, 808343
1.62, 807587
1.62, 807536
1.62, 807507
1.62, 806155
1.62, 803567
1.63, 803395
1.63, 800435
1.63, 799989
1.63, 799254
1.63, 797971
1.63, 795547
1.63, 795156
1.63, 794741
1.63, 792845
1.63, 792420
1.63, 792339
1.63, 790267
1.63, 789713
1.64, 788936
1.64, 788531
1.64, 788242
1.64, 787882
1.64, 787147
1.64, 787126
1.64, 786990
1.64, 786307
1.65, 786101
1.65, 785535
1.65, 784743
1.65, 783191
1.65, 782527
1.65, 781714
1.66, 779590
1.66, 779574
1.66, 777834
1.66, 776960
1.66, 776446
1.66, 775888
1.66, 775484
1.66, 775321
1.67, 775238
1.67, 774297
1.67, 773624
1.67, 771725
1.67, 771474
1.67, 770170
1.67, 770041
1.67, 768901
1.7, 768572
1.7, 767531
1.7, 767042
1.7, 766988
1.7, 765454
1.7, 765227
1.7, 764124
1.71, 763902
1.71, 763278
1.72, 762492
1.72, 762037
1.72, 761932
1.72, 760499
1.72, 759962
1.72, 758195
1.72, 758160
1.72, 757592
1.73, 757302
1.73, 756653
1.73, 756214
1.73, 754707
1.73, 754293
1.73, 753648
1.73, 752902
1.73, 752787
1.73, 752627
1.73, 751664
1.73, 750620
1.74, 748652
1.74, 748370
1.74, 748108
1.74, 747487
1.74, 744506
1.74, 743732
1.74, 742154
1.75, 740632
1.75, 740515
1.75, 740346
1.75, 740249
1.76, 739921
1.76, 737800
1.77, 735853
1.77, 735847
1.77, 735704
1.77, 735131
1.77, 733908
1.78, 733860
1.78, 732226
1.79, 731463
1.79, 728785
1.79, 728616
1.79, 728494
1.79, 728036
1.8, 727931
1.8, 727365
1.8, 727105
1.81, 726524
1.81, 726233
1.81, 725136
1.81, 724764
1.81, 724723
1.81, 723538
1.82, 721746
1.82, 720753
1.82, 718919
1.83, 718879
1.83, 718671
1.83, 718489
1.83, 718344
1.84, 718147
1.84, 718140
1.84, 716763
1.85, 716239
1.86, 714581
1.87, 714453
1.87, 714254
1.87, 713856
1.87, 713425
1.88, 713381
1.88, 713216
1.9, 712859
1.92, 712673
1.92, 712661
1.93, 711794
1.93, 708185
1.95, 707969
1.96, 707571
1.96, 707396
1.96, 706959
1.96, 706911
1.99, 706536
1.99, 705475
2.0, 705468
2.0, 705319
2.0, 704836
2.02, 704816
2.02, 704794
2.02, 704662
2.03, 704422
2.05, 704349
2.06, 702649
2.08, 702051
2.08, 701919
2.1, 701803
2.12, 701693
2.12, 701352
2.13, 701300
2.14, 700759
2.15, 700662
2.16, 700386
2.17, 700328
2.2, 700289
2.21, 699537
2.21, 699204
2.21, 698776
2.22, 697880
2.22, 697554
2.22, 697351
2.25, 697093
2.26, 696586
2.27, 696130
2.28, 695144
2.29, 693974
2.3, 692521
2.3, 691796
2.3, 691297
2.31, 690893
2.32, 688642
2.32, 688440
2.33, 688223
2.34, 688183
2.34, 688143
2.37, 688080
2.38, 687908
2.38, 687805
2.43, 687652
2.46, 687573
2.48, 687545
2.51, 686136
