195.23, 7144417
384.92, 6989044
575.8, 6820838
765.74, 6667035
955.48, 6521144
1173.74, 6377469
1367.42, 6238412
1573.92, 6095564
1769.9, 5955953
1959.34, 5827348
2149.6, 5699960
2340.12, 5574517
2529.89, 5450033
2718.35, 5325390
2907.5, 5217120
3095.7, 5110902
3284.21, 5009764
3473.26, 4905515
3663.96, 4807549
3853.45, 4710205
4043.62, 4610418
4236.29, 4513521
4427.07, 4422212
4617.78, 4336375
4807.69, 4250981
4996.4, 4166557
5185.08, 4082984
5373.17, 3998679
5565.01, 3915547
5753.4, 3833127
5943.33, 3757283
6133.89, 3688030
6323.88, 3616935
6514.53, 3548567
6702.25, 3483592
6895.41, 3420749
7085.58, 3356741
7275.69, 3296583
7466.39, 3235557
7656.47, 3169817
7847.62, 3111561
8036.33, 3057602
8224.7, 3002687
8413.9, 2950596
8604.04, 2894588
8794.52, 2842981
8983.3, 2795044
9170.53, 2747288
9358.98, 2699750
9549.9, 2653370
9740.49, 2609205
9928.95, 2565141
10119.08, 2521149
10309.66, 2478144
10499.19, 2434251
10688.48, 2389712
10878.94, 2348212
11067.94, 2307249
11257.27, 2268619
11446.87, 2227405
11633.59, 2187723
11822.6, 2148743
12012.19, 2107582
12201.27, 2066815
12391.45, 2028502
12583.65, 1991642
12772.6, 1953183
12963.1, 1916847
13152.16, 1881976
13343.26, 1846646
13534.48, 1812236
13722.06, 1778428
13912.91, 1744977
14102.93, 1712724
14293.38, 1683058
14484.38, 1655124
14675.64, 1629112
14865.28, 1603279
15056.07, 1577892
15244.13, 1552554
15433.99, 1529995
15622.77, 1505908
15813.38, 1485088
16002.8, 1465727
16191.37, 1445355
16379.73, 1426426
16567.27, 1408422
16756.29, 1390525
16946.09, 1374443
17135.63, 1357789
17325.15, 1341843
17515.99, 1326499
17705.3, 1311477
17894.92, 1295998
18084.94, 1281424
18275.95, 1267563
18466.3, 1253864
18655.92, 1240357
18845.91, 1227015
19033.19, 1212682
19222.7, 1200101
19414.32, 1187801
19606.18, 1176251
19797.25, 1165324
19988.42, 1154589
20179.81, 1144021
20370.38, 1133855
20559.1, 1124623
20748.13, 1115759
20938.18, 1107086
21125.79, 1098598
21312.32, 1087878
21501.57, 1079032
21688.72, 1069909
21877.44, 1060555
22065.08, 1051152
22253.69, 1042720
22444.39, 1034470
22635.54, 1026677
22825.83, 1019069
23015.48, 1011728
23205.22, 1004108
23394.65, 993236
23585.75, 985447
23776.12, 978166
23965.33, 970941
24156.43, 963721
24346.71, 956613
24535.81, 948369
24724.95, 941461
24915.64, 934725
25105.68, 928560
25294.16, 923019
25487.43, 917501
25678.93, 912024
25868.47, 906655
26058.25, 901313
26248.04, 895978
26438.14, 890652
26629.12, 885187
26822.32, 879879
27012.69, 874820
27203.36, 869943
27394.37, 865376
27585.49, 860824
27776.06, 856291
27968.13, 851846
28157.39, 847507
28348.45, 843316
28539.21, 839273
28728.73, 835274
28919.46, 831074
29111.17, 827334
29301.02, 823665
29489.47, 820017
29679.26, 816434
29867.56, 812853
30055.05, 809464
30245.36, 806189
30436.0, 803004
30625.72, 799962
30814.84, 796949
31003.07, 794161
31196.7, 791310
31384.63, 788369
31574.14, 785534
31761.57, 782960
31951.88, 780493
32143.44, 778116
32334.53, 775815
32527.6, 773562
32747.41, 771319
32938.48, 769268
33131.39, 765432
33322.38, 762017
33513.97, 759601
33702.61, 757559
33891.74, 755562
34083.52, 753578
34285.01, 751595
34481.0, 749648
34676.43, 746888
34867.87, 745034
35056.99, 742911
35246.52, 741058
35437.29, 739217
35625.04, 737390
35821.28, 735592
36035.49, 733833
36226.06, 732079
36436.09, 730379
36638.91, 728652
36830.71, 726969
37035.77, 725351
37227.29, 723764
37414.39, 722249
37604.07, 720783
37793.75, 719507
37983.41, 718232
38171.59, 716982
38362.28, 715755
38552.14, 714254
38740.87, 713031
38929.48, 711820
39120.95, 710693
39311.38, 709588
39499.38, 708504
39690.36, 707422
39880.99, 706366
40071.38, 705333
40262.29, 704356
40453.83, 703425
40646.07, 702553
40835.5, 701721
41024.53, 700890
41217.86, 700120
41408.6, 699356
41600.19, 698606
41790.11, 697864
41980.8, 697162
42170.55, 696407
42361.66, 695782
42550.64, 694802
42741.04, 694180
42930.37, 693560
43121.04, 692657
43311.37, 692048
43500.5, 691445
43690.9, 690877
43878.29, 688633
44068.67, 688065
44255.58, 687520
44447.18, 686978
44633.25, 686460
44825.66, 685954
45013.94, 685471
45201.6, 684993
45388.32, 684000
45576.32, 683563
45765.69, 683136
45951.93, 682710
46140.69, 682299
46330.28, 681081
46520.94, 680065
46710.58, 679717
46904.43, 679370
47094.21, 679023
47281.32, 678150
47467.59, 677835
47658.29, 677543
47850.79, 677260
48041.22, 677000
48231.99, 676753
48421.78, 676509
48614.27, 676276
48804.47, 676059
48993.64, 675894
49185.03, 675291
49375.69, 675138
49566.01, 674993
49756.32, 674882
49946.38, 674351
50133.81, 674260
50321.74, 673294
50510.27, 673217
50700.12, 672547
50892.52, 672482
51083.03, 672205
51273.17, 672145
