0.0, 6783843
0.0, 6745071
0.0, 6731794
0.0, 6720592
0.0, 6680736
0.0, 6677714
0.0, 6670955
0.0, 6669992
0.0, 6669576
0.0, 6665486
0.01, 6592936
0.01, 6590793
0.01, 6579905
0.01, 6569567
0.01, 6565309
0.01, 6550154
0.01, 6541431
0.01, 6533073
0.01, 6522279
0.01, 6520537
0.01, 6503413
0.01, 6502626
0.01, 6502251
0.01, 6498556
0.01, 6485287
0.01, 6482321
0.01, 6477421
0.01, 6476498
0.01, 6473585
0.01, 6459481
0.13, 6419064
0.13, 6409588
0.23, 6365013
0.32, 6344100
0.32, 6339570
0.32, 6320035
0.32, 6254930
0.32, 6227829
0.32, 6207518
0.32, 6205613
0.64, 6203352
0.68, 6199587
0.68, 6197611
0.68, 6190421
0.68, 6189216
0.68, 6182127
0.68, 6161117
0.68, 6108271
0.68, 6106461
0.68, 6100543
0.68, 6094656
0.68, 6067670
0.68, 6057917
0.71, 5981119
0.71, 5963029
0.71, 5947495
0.71, 5946133
0.71, 5945337
0.71, 5873162
0.79, 5848219
0.79, 5842265
0.79, 5841708
0.79, 5837654
0.81, 5830132
0.81, 5825042
0.81, 5824372
0.81, 5790461
0.81, 5790295
0.81, 5761387
0.81, 5756434
0.81, 5746761
0.81, 5743968
0.81, 5699650
0.81, 5691125
0.81, 5636032
0.81, 5633981
0.81, 5629215
0.81, 5617753
0.81, 5615612
0.81, 5613365
0.81, 5497952
0.81, 5478486
0.81, 5478454
0.81, 5474139
0.81, 5473342
0.82, 5463596
0.82, 5463507
0.82, 5442670
0.83, 5430706
0.83, 5425414
0.83, 5422796
0.83, 5421991
0.83, 5398042
0.83, 5389996
0.83, 5377120
0.83, 5368326
0.83, 5348274
0.83, 5348210
0.83, 5296665
0.84, 5269029
0.86, 5259710
0.86, 5259023
0.86, 5256816
0.86, 5255256
0.86, 5206804
0.86, 5177575
0.86, 5169341
0.86, 5157807
0.86, 5157225
0.86, 5150065
0.86, 5143710
0.86, 5140901
0.86, 5119128
0.86, 5109144
0.86, 5099891
0.86, 5026513
0.87, 5024333
0.87, 4980569
0.88, 4974628
0.88, 4974036
0.88, 4971163
0.88, 4968226
0.88, 4954581
0.88, 4944084
0.88, 4936008
0.88, 4931571
0.88, 4914799
0.88, 4880686
0.88, 4857567
0.88, 4857114
0.88, 4846817
0.88, 4827094
0.88, 4826686
0.88, 4826681
0.9, 4822047
0.9, 4816634
0.9, 4806431
0.9, 4781174
0.9, 4775074
0.9, 4772182
0.9, 4770116
0.9, 4770078
0.9, 4768156
0.9, 4733922
0.9, 4732969
0.9, 4732544
0.9, 4720749
0.9, 4719921
0.9, 4717001
0.9, 4713839
0.9, 4707013
0.9, 4643242
0.9, 4634810
0.9, 4634413
0.9, 4627555
0.9, 4626501
0.91, 4615096
0.91, 4598105
0.91, 4597987
0.91, 4589129
0.91, 4585011
0.91, 4553805
0.91, 4509780
0.91, 4508777
0.91, 4508199
0.91, 4505497
0.91, 4504454
0.91, 4502408
0.91, 4500179
0.91, 4498157
0.91, 4482593
0.91, 4472575
0.91, 4470399
0.93, 4467547
0.93, 4450948
0.93, 4443122
0.93, 4437301
0.95, 4429504
0.95, 4426440
0.95, 4414076
0.95, 4387693
0.95, 4385814
0.95, 4373480
0.95, 4372484
0.95, 4370109
0.95, 4346554
0.95, 4305000
0.95, 4293381
0.95, 4282029
0.95, 4276702
0.95, 4275781
0.95, 4274935
0.96, 4263910
0.96, 4260111
0.96, 4259873
0.96, 4237555
0.96, 4216880
0.96, 4192256
0.96, 4167063
0.96, 4164214
0.96, 4155039
0.96, 4154665
0.96, 4153601
0.96, 4136010
0.96, 4129316
0.96, 4128099
0.96, 4124472
0.96, 4124434
0.96, 4123465
0.96, 4118040
0.96, 4115773
0.96, 4110229
0.96, 4103809
0.96, 4088765
0.96, 4069255
0.96, 4062391
0.96, 4062378
0.96, 4060404
0.96, 4032909
0.96, 4032469
0.96, 4023603
0.96, 4014218
0.96, 3992771
0.96, 3986815
0.96, 3986499
0.96, 3972540
0.96, 3968311
0.96, 3959224
0.96, 3959018
0.96, 3958936
0.96, 3957707
0.96, 3928609
0.96, 3909797
0.96, 3898354
0.97, 3884623
0.97, 3883571
0.97, 3876861
0.97, 3874703
0.97, 3874420
0.97, 3872501
0.97, 3868527
0.97, 3856547
0.97, 3835417
0.98, 3815888
0.98, 3811210
0.98, 3785284
0.98, 3778735
0.98, 3776500
0.98, 3775805
0.98, 3774827
0.98, 3766366
0.99, 3755668
0.99, 3749929
0.99, 3744946
0.99, 3731769
0.99, 3725729
0.99, 3722369
0.99, 3709913
0.99, 3694465
0.99, 3688675
0.99, 3688229
0.99, 3688007
0.99, 3669167
0.99, 3633998
0.99, 3626935
0.99, 3624230
0.99, 3623478
1.0, 3615851
1.0, 3612372
1.0, 3603615
1.0, 3602963
1.0, 3598218
1.0, 3590717
1.0, 3580582
1.0, 3571856
1.0, 3553257
1.0, 3547781
1.0, 3543102
1.0, 3541640
1.0, 3512080
1.0, 3511775
1.0, 3510962
1.0, 3507767
1.0, 3504387
1.0, 3495639
1.0, 3491052
1.0, 3470071
1.0, 3466888
1.0, 3449946
1.0, 3439690
1.0, 3429709
1.0, 3428526
1.0, 3420813
1.0, 3408402
1.0, 3404255
1.01, 3402610
1.01, 3401100
1.01, 3388754
1.01, 3387980
1.01, 3385557
1.01, 3381679
1.01, 3376102
1.01, 3375184
1.01, 3366497
1.04, 3342847
1.04, 3309663
1.04, 3304891
1.04, 3304265
1.04, 3300949
1.04, 3300101
1.04, 3290620
1.04, 3290497
1.04, 3287428
1.04, 3284236
1.04, 3275392
1.04, 3263091
1.04, 3244869
1.04, 3244537
1.04, 3226106
1.04, 3224061
1.04, 3194060
1.04, 3193297
1.04, 3179591
1.04, 3179438
1.04, 3176823
1.04, 3172969
1.04, 3160842
1.04, 3149731
1.04, 3129426
1.04, 3126443
1.04, 3126438
1.04, 3124918
1.04, 3109052
1.04, 3108213
1.04, 3095147
1.04, 3076629
1.04, 3072628
1.04, 3067291
1.05, 3066923
1.05, 3064518
1.05, 3051476
1.05, 3049805
1.05, 3043823
1.05, 3023662
1.05, 3021416
1.05, 3020707
1.05, 3019415
1.05, 3015865
1.05, 3015304
1.05, 3006178
1.05, 3001168
1.05, 2997587
1.06, 2996688
1.06, 2992450
1.06, 2990438
1.06, 2988273
1.06, 2983251
1.06, 2980677
1.06, 2975603
1.06, 2967388
1.06, 2966819
1.06, 2964253
1.06, 2957932
1.06, 2947077
1.06, 2943777
1.06, 2933138
1.06, 2931525
1.06, 2928392
1.06, 2927962
1.06, 2924314
1.07, 2924303
1.07, 2923733
1.07, 2923332
1.07, 2919537
1.07, 2913594
1.07, 2887619
1.07, 2883488
1.07, 2876191
1.07, 2869350
1.07, 2869063
1.07, 2866818
1.07, 2861017
1.07, 2859355
1.07, 2858233
1.07, 2857211
1.07, 2852302
1.07, 2852107
1.07, 2832602
1.07, 2818866
1.07, 2812990
1.07, 2809672
1.07, 2783800
1.07, 2776480
1.07, 2758345
1.07, 2729249
1.07, 2717817
1.07, 2704413
1.07, 2695924
1.07, 2695217
1.07, 2687789
1.07, 2671538
1.07, 2669571
1.07, 2665106
1.07, 2664500
1.07, 2663789
1.07, 2632642
1.07, 2630483
1.07, 2630226
1.07, 2629068
1.07, 2619079
1.07, 2618483
1.07, 2611398
1.07, 2606292
1.09, 2601976
1.09, 2601819
1.09, 2557198
1.09, 2553902
1.09, 2546172
1.09, 2542557
1.09, 2542371
1.09, 2537476
1.09, 2531785
1.09, 2530570
1.09, 2530306
1.09, 2526570
1.1, 2524647
1.1, 2523685
1.1, 2518120
1.1, 2517071
1.1, 2513979
1.1, 2510123
1.1, 2467937
1.1, 2467548
1.1, 2464064
1.1, 2460406
1.1, 2451282
1.1, 2438887
1.1, 2437575
1.1, 2435062
1.1, 2434959
1.1, 2431866
1.1, 2428259
1.1, 2410274
1.1, 2407498
1.1, 2406901
1.1, 2400796
1.1, 2397893
1.11, 2396080
1.11, 2394903
1.11, 2393586
1.11, 2386327
1.11, 2368379
1.11, 2361303
1.11, 2348362
1.11, 2343130
1.12, 2342683
1.12, 2341332
1.12, 2334505
1.12, 2329756
1.12, 2326420
1.12, 2323614
1.12, 2320887
1.12, 2311506
1.12, 2310835
1.12, 2310456
1.12, 2301314
1.12, 2297914
1.12, 2294766
1.12, 2293606
1.12, 2287236
1.12, 2284978
1.12, 2282044
1.12, 2282014
1.12, 2282003
1.12, 2280148
1.12, 2275009
1.12, 2273407
1.12, 2272108
1.12, 2269456
1.12, 2266788
1.12, 2262335
1.12, 2249935
1.12, 2248689
1.12, 2234340
1.12, 2233144
1.12, 2229727
1.12, 2228639
1.12, 2228167
1.12, 2223005
1.12, 2219921
1.12, 2218400
1.12, 2202444
1.13, 2199465
1.13, 2182985
1.13, 2179212
1.13, 2169616
1.13, 2169042
1.13, 2166900
1.13, 2164998
1.13, 2161640
1.13, 2160315
1.13, 2155004
1.13, 2153939
1.13, 2151342
1.13, 2150726
1.13, 2149894
1.13, 2146636
1.13, 2134710
1.13, 2133888
1.13, 2127530
1.13, 2124162
1.13, 2122755
1.13, 2117376
1.13, 2110478
1.13, 2109744
1.13, 2102145
1.13, 2100061
1.13, 2099366
1.13, 2098464
1.13, 2094744
1.14, 2092784
1.14, 2089733
1.14, 2073157
1.14, 2071160
1.14, 2058458
1.14, 2041904
1.14, 2028883
1.14, 2024491
1.14, 2023987
1.14, 2022573
1.14, 2021434
1.14, 2017525
1.14, 2013031
1.14, 2010387
1.14, 2006866
1.14, 2005581
1.14, 2005411
1.14, 1995522
1.14, 1994597
1.14, 1993776
1.14, 1993056
1.14, 1992679
1.15, 1988574
1.15, 1984854
1.15, 1975322
1.15, 1974480
1.15, 1969576
1.15, 1969326
1.15, 1946459
1.15, 1945864
1.15, 1943927
1.15, 1941410
1.15, 1938010
1.15, 1934403
1.15, 1927789
1.15, 1917442
1.15, 1912018
1.15, 1903712
1.15, 1894902
1.15, 1889909
1.15, 1884227
1.19, 1883969
1.19, 1880331
1.19, 1878496
1.19, 1878152
1.2, 1877535
1.2, 1877476
1.2, 1876502
1.2, 1871599
1.2, 1871444
1.2, 1868499
1.2, 1865261
1.2, 1862245
1.2, 1860717
1.2, 1860614
1.2, 1856697
1.2, 1855226
1.2, 1852248
1.2, 1847354
1.2, 1821923
1.2, 1815516
1.2, 1814650
1.2, 1813350
1.2, 1810302
1.2, 1804181
1.2, 1802883
1.2, 1802753
1.2, 1799089
1.2, 1792951
1.2, 1791440
1.2, 1790545
1.2, 1789099
1.2, 1781023
1.2, 1778444
1.2, 1777590
1.2, 1773603
1.2, 1773566
1.2, 1771149
1.2, 1768754
1.2, 1767262
1.2, 1764320
1.2, 1759696
1.2, 1759411
1.2, 1758523
1.2, 1755855
1.2, 1755756
1.2, 1754971
1.2, 1754062
1.2, 1751594
1.2, 1746096
1.2, 1744372
1.2, 1741036
1.2, 1735740
1.21, 1735701
1.21, 1734474
1.22, 1727232
1.22, 1725466
1.22, 1725191
1.22, 1722991
1.22, 1717599
1.22, 1709580
1.22, 1709114
1.22, 1708884
1.22, 1708623
1.22, 1707868
1.22, 1706111
1.22, 1705648
1.22, 1703942
1.22, 1699477
1.22, 1696733
1.22, 1696579
1.22, 1693581
1.22, 1693161
1.22, 1693041
1.22, 1693001
1.22, 1689918
1.22, 1687154
1.22, 1684184
1.22, 1683926
1.23, 1671448
1.23, 1671347
1.23, 1662585
1.23, 1659199
1.23, 1658910
1.23, 1658541
1.23, 1655875
1.23, 1651719
1.23, 1644822
1.23, 1639826
1.23, 1632355
1.23, 1628876
1.23, 1627613
1.23, 1626284
1.23, 1626217
1.23, 1622541
1.24, 1619262
1.24, 1613720
1.24, 1611521
1.24, 1602313
1.24, 1598190
1.24, 1598067
1.24, 1596746
1.24, 1587294
1.24, 1586578
1.24, 1581612
1.24, 1563510
1.24, 1560699
1.24, 1557152
1.24, 1555608
1.24, 1539381
1.24, 1534972
1.24, 1528840
1.24, 1528699
1.24, 1528694
1.24, 1523432
1.24, 1522775
1.24, 1522309
1.24, 1521994
1.24, 1518997
1.24, 1512148
1.26, 1508503
1.26, 1508198
1.26, 1507177
1.26, 1505830
1.26, 1498160
1.26, 1496218
1.26, 1494786
1.26, 1494721
1.26, 1494701
1.26, 1494667
1.26, 1493660
1.26, 1492998
1.26, 1490774
1.26, 1489887
1.26, 1489795
1.26, 1486911
1.26, 1485708
1.26, 1477981
1.26, 1473507
1.26, 1458561
1.26, 1457456
1.26, 1457127
1.26, 1452477
1.27, 1452356
1.27, 1450039
1.27, 1449690
1.27, 1447452
1.27, 1446694
1.27, 1444610
1.27, 1443860
1.27, 1443790
1.27, 1443188
1.27, 1442213
1.27, 1431947
1.27, 1426852
1.27, 1426377
1.27, 1424550
1.27, 1422691
1.27, 1422121
1.27, 1421503
1.27, 1409516
1.27, 1401586
1.27, 1399825
1.27, 1398633
1.27, 1394933
1.27, 1394913
1.27, 1392634
1.27, 1391505
1.27, 1389020
1.27, 1387938
1.28, 1387626
1.28, 1385529
1.28, 1383120
1.28, 1381987
1.28, 1375903
1.28, 1374629
1.28, 1373351
1.28, 1372814
1.28, 1372717
1.28, 1371742
1.28, 1371069
1.28, 1364954
1.28, 1362481
1.28, 1359241
1.28, 1359204
1.28, 1358860
1.28, 1355859
1.28, 1355788
1.28, 1341197
1.28, 1339309
1.28, 1339290
1.28, 1309709
1.28, 1309371
1.28, 1306946
1.28, 1302688
1.28, 1302268
1.28, 1297178
1.28, 1296935
1.28, 1288708
1.29, 1288216
1.29, 1287796
1.29, 1287130
1.29, 1285680
1.29, 1284936
1.29, 1282473
1.29, 1280263
1.29, 1280105
1.29, 1273538
1.29, 1273056
1.29, 1271004
1.29, 1260559
1.31, 1258790
1.31, 1257005
1.31, 1256512
1.31, 1248550
1.31, 1245758
1.31, 1245041
1.31, 1244105
1.31, 1242304
1.32, 1240895
1.32, 1240370
1.32, 1238153
1.32, 1238025
1.32, 1236763
1.32, 1234014
1.32, 1228963
1.32, 1227829
1.32, 1227241
1.32, 1226565
1.32, 1221571
1.32, 1219871
1.33, 1219276
1.34, 1218361
1.34, 1216716
1.34, 1216019
1.34, 1212564
1.34, 1211645
1.34, 1211510
1.34, 1211442
1.34, 1210490
1.34, 1210374
1.34, 1207205
1.34, 1205820
1.34, 1204948
1.34, 1202652
1.34, 1199616
1.34, 1197840
1.34, 1197522
1.34, 1195480
1.34, 1194434
1.35, 1191202
1.35, 1184369
1.35, 1184154
1.35, 1182355
1.35, 1181280
1.35, 1179049
1.35, 1171354
1.35, 1168123
1.35, 1167771
1.35, 1167525
1.36, 1167355
1.36, 1167116
1.36, 1166776
1.36, 1155531
1.36, 1154064
1.36, 1153853
1.36, 1146443
1.36, 1146073
1.36, 1144837
1.36, 1144124
1.36, 1142860
1.36, 1141112
1.36, 1141044
1.36, 1136761
1.36, 1134438
1.36, 1134241
1.36, 1133912
1.36, 1133777
1.36, 1131622
1.36, 1128402
1.36, 1127572
1.36, 1127232
1.36, 1126942
1.36, 1126912
1.36, 1126096
1.37, 1124880
1.37, 1123341
1.37, 1123028
1.37, 1120409
1.37, 1120095
1.37, 1118746
1.37, 1118175
1.37, 1116203
1.37, 1114068
1.38, 1113671
1.38, 1111625
1.38, 1109573
1.38, 1109486
1.38, 1109017
1.38, 1108409
1.38, 1103122
1.38, 1102096
1.38, 1100840
1.38, 1100202
1.38, 1098806
1.38, 1096042
1.38, 1094838
1.38, 1091994
1.38, 1085942
1.38, 1082057
1.38, 1081884
1.38, 1081529
1.38, 1077526
1.38, 1077462
1.38, 1076605
1.38, 1075989
1.38, 1074360
1.38, 1071251
1.39, 1070183
1.39, 1068569
1.39, 1066334
1.39, 1065865
1.39, 1064981
1.39, 1064589
1.39, 1058383
1.39, 1058183
1.39, 1058114
1.39, 1056415
1.39, 1055108
1.39, 1054328
1.39, 1053073
1.39, 1049113
1.39, 1048511
1.39, 1047953
1.39, 1046903
1.39, 1045891
1.39, 1045224
1.39, 1043187
1.39, 1042454
1.41, 1028862
1.41, 1027228
1.41, 1024032
1.41, 1023463
1.41, 1019758
1.41, 1019596
1.41, 1018485
1.42, 1016959
1.42, 1014118
1.42, 1013617
1.42, 1009964
1.42, 1009539
1.42, 1009153
1.42, 1006610
1.42, 1004877
1.42, 1004004
1.42, 1003623
1.42, 1002160
1.42, 1001732
1.42, 999251
1.42, 998142
1.42, 996893
1.42, 996734
1.42, 995295
1.42, 993122
1.42, 992566
1.43, 990990
1.43, 990803
1.43, 990433
1.43, 988468
1.43, 988461
1.43, 988349
1.43, 986723
1.43, 985697
1.43, 984466
1.43, 982839
1.43, 981171
1.43, 980856
1.43, 980534
1.43, 979004
1.43, 977197
1.43, 976794
1.43, 976315
1.44, 975980
1.44, 974589
1.44, 974533
1.44, 973454
1.44, 972691
1.44, 972233
1.44, 970824
1.44, 970615
1.44, 958603
1.44, 958415
1.44, 956384
1.44, 955496
1.45, 954725
1.45, 954613
1.45, 954592
1.45, 952171
1.45, 951115
1.45, 950141
1.45, 948873
1.45, 948289
1.45, 945401
1.45, 942497
1.45, 940434
1.45, 940214
1.45, 940084
1.45, 938173
1.45, 937526
1.45, 936633
1.45, 936583
1.45, 935536
1.45, 934770
1.45, 934147
1.45, 934146
1.45, 932923
1.45, 931063
1.45, 930117
1.45, 929736
1.45, 925877
1.45, 924417
1.46, 922594
1.46, 921032
1.46, 911633
1.46, 909630
1.46, 908594
1.46, 905690
1.46, 903408
1.46, 900742
1.46, 899234
1.46, 898932
1.46, 898853
1.46, 898804
1.46, 897712
1.46, 895997
1.46, 893271
1.46, 892364
1.46, 890942
1.46, 882627
1.46, 882424
1.46, 881188
1.46, 878216
1.46, 876362
1.46, 876360
1.46, 876320
1.47, 876131
1.47, 876084
1.47, 875551
1.47, 872290
1.47, 872026
1.47, 871479
1.47, 870330
1.47, 867604
1.47, 867494
1.47, 867446
1.47, 865972
1.48, 862456
1.48, 861450
1.48, 859745
1.48, 859414
1.48, 858610
1.48, 857609
1.48, 857515
1.48, 855512
1.5, 853390
1.5, 852988
1.52, 852936
1.52, 852573
1.52, 851979
1.52, 849205
1.52, 848788
1.52, 847747
1.52, 847597
1.52, 845814
1.52, 845632
1.52, 844012
1.52, 843828
1.53, 843665
1.53, 842806
1.53, 841668
1.53, 839895
1.53, 839605
1.53, 838260
1.54, 837196
1.54, 837131
1.54, 836736
1.54, 835898
1.54, 833544
1.54, 832339
1.54, 831787
1.54, 831734
1.54, 825208
1.55, 825070
1.55, 825011
1.55, 824649
1.55, 824413
1.55, 824266
1.55, 823397
1.56, 822776
1.56, 822395
1.56, 815991
1.56, 811104
1.56, 810119
1.56, 809346
1.56, 804535
1.56, 803731
1.56, 802540
1.56, 802298
1.56, 802221
1.56, 801915
1.56, 801863
1.56, 801453
1.57, 801293
1.57, 800090
1.57, 799278
1.57, 796833
1.57, 794276
1.57, 793210
1.57, 791691
1.57, 790551
1.57, 788356
1.58, 787888
1.58, 787343
1.58, 786886
1.58, 786553
1.58, 786431
1.58, 785875
1.58, 785114
1.58, 784260
1.58, 784249
1.58, 783757
1.58, 783267
1.58, 783228
1.59, 781482
1.6, 780239
1.6, 780208
1.6, 779564
1.6, 779170
1.61, 779161
1.61, 776648
1.61, 776206
1.61, 775918
1.61, 775861
1.61, 775405
1.61, 773898
1.61, 770753
1.61, 770083
1.62, 769864
1.62, 769530
1.62, 769259
1.62, 769086
1.62, 767718
1.62, 767552
1.62, 767539
1.62, 767418
1.62, 767080
1.62, 766549
1.62, 766431
1.62, 766312
1.63, 758333
1.63, 758112
1.63, 758027
1.63, 757631
1.64, 756653
1.64, 756105
1.64, 755630
1.64, 755450
1.64, 755424
1.65, 754785
1.66, 754498
1.66, 754090
1.66, 753095
1.66, 752379
1.66, 752197
1.66, 750652
1.67, 749590
1.67, 749219
1.67, 748440
1.67, 748409
1.67, 748189
1.68, 748140
1.68, 748069
1.68, 747948
1.68, 747555
1.68, 746808
1.68, 746040
1.68, 745825
1.69, 744814
1.69, 744582
1.69, 743227
1.69, 742118
1.69, 742033
1.69, 740607
1.7, 740593
1.7, 740374
1.7, 739860
1.71, 739838
1.71, 737879
1.71, 737299
1.71, 737259
1.71, 736995
1.71, 736962
1.71, 736313
1.71, 734847
1.72, 734539
1.72, 734018
1.72, 733980
1.73, 732820
1.73, 730580
1.73, 730380
1.73, 730293
1.73, 729519
1.73, 727034
1.73, 726814
1.73, 726685
1.73, 725539
1.73, 725119
1.74, 725043
1.74, 724460
1.74, 723402
1.74, 723034
1.74, 721972
1.74, 720421
1.74, 718217
1.74, 717829
1.75, 716689
1.75, 716123
1.76, 715951
1.76, 715845
1.77, 715768
1.77, 715426
1.77, 714131
1.78, 713461
1.78, 712530
1.79, 711791
1.79, 711333
1.79, 711300
1.8, 710925
1.84, 710094
1.84, 709936
1.84, 709500
1.84, 708903
1.85, 708608
1.85, 708382
1.85, 707995
1.85, 707468
1.86, 707445
1.86, 706904
1.87, 706081
1.87, 705972
1.87, 705672
1.87, 705580
1.89, 701855
1.89, 701760
1.9, 701728
1.9, 701683
1.91, 701544
1.92, 701539
1.92, 701460
1.95, 701137
1.96, 700917
1.96, 700757
1.97, 700708
1.97, 699715
1.97, 699688
1.97, 699352
1.98, 699284
1.98, 699182
1.98, 699136
1.98, 699114
1.99, 698978
1.99, 698366
1.99, 697988
2.0, 697427
2.01, 697245
2.01, 697166
2.01, 695926
2.02, 695809
2.03, 694472
2.03, 693784
2.03, 693707
2.03, 693257
2.04, 693092
2.09, 692917
2.1, 692674
2.1, 692550
2.1, 692514
2.11, 692062
2.17, 691005
2.25, 690610
2.29, 690329
2.33, 690301
