206.61, 6802976
405.89, 6647989
597.52, 6498477
794.54, 6348191
999.34, 6201258
1199.36, 6058413
1398.26, 5916947
1601.0, 5783746
1804.71, 5661977
2011.16, 5543906
2222.87, 5432744
2432.78, 5316288
2633.12, 5208242
2862.17, 5098289
3082.07, 4991547
3278.22, 4888254
3484.81, 4785825
3686.91, 4681752
3892.37, 4584016
4110.47, 4487009
4316.86, 4389811
4515.23, 4292804
4719.85, 4199645
4918.11, 4107362
5112.97, 4024961
5303.89, 3943616
5502.61, 3861317
5697.55, 3788368
5898.62, 3721527
6098.19, 3656666
6324.63, 3589694
6526.12, 3523767
6741.51, 3462827
6932.9, 3398782
7125.76, 3338878
7331.84, 3281016
7532.91, 3223306
7733.32, 3168605
7925.23, 3115110
8116.65, 3056703
8305.94, 3006668
8497.63, 2954186
8688.61, 2901983
8879.92, 2852761
9072.55, 2803481
9265.43, 2753374
9457.29, 2705121
9650.1, 2659715
9842.78, 2614807
10034.98, 2570747
10225.95, 2527532
10432.14, 2485188
10628.02, 2444240
10835.01, 2403484
11027.12, 2363051
11221.82, 2325167
11413.63, 2283801
11605.52, 2245200
11798.59, 2206893
11990.01, 2167484
12182.55, 2130176
12374.87, 2093012
12566.59, 2055403
12757.35, 2019609
12949.38, 1985440
13197.12, 1952248
13445.91, 1917519
13642.95, 1884678
13840.68, 1853985
14036.76, 1823855
14240.51, 1794631
14432.91, 1766645
14625.66, 1740985
14818.66, 1712412
15014.49, 1686679
15239.0, 1659513
15444.13, 1634415
15639.95, 1607055
15865.41, 1583975
16107.59, 1561497
16313.43, 1536728
16512.03, 1514262
16706.03, 1494462
16951.6, 1472672
17197.35, 1445952
17388.38, 1425636
17621.58, 1405518
17818.87, 1385358
18016.13, 1366390
18211.53, 1349777
18411.09, 1332819
18639.2, 1317386
18847.98, 1302304
19065.82, 1288048
19271.82, 1274911
19492.7, 1261800
19692.92, 1246900
19885.58, 1232999
20080.72, 1220284
20295.83, 1208338
20494.27, 1192399
20709.68, 1180819
20901.96, 1169451
21095.26, 1158480
21292.06, 1147677
21484.86, 1136349
21677.43, 1125809
21872.65, 1115785
22065.95, 1100099
22259.53, 1090160
22451.24, 1080329
22641.46, 1070522
22848.66, 1060869
23110.13, 1051472
23376.25, 1042295
23674.62, 1033157
23882.58, 1024628
24075.71, 1017181
24271.68, 1007414
24493.87, 998981
24702.83, 991811
24906.29, 984803
25107.72, 977841
25312.24, 970960
25519.86, 963759
25722.34, 957358
25927.81, 950855
26126.88, 944524
26332.03, 937756
26596.84, 931584
26834.69, 926001
27118.91, 920544
27360.41, 914497
27552.38, 909197
27756.76, 903904
27962.56, 898699
28175.05, 893531
28377.17, 888827
28578.55, 884112
28781.19, 879483
28978.71, 874750
29242.59, 870270
29490.7, 866094
29793.6, 862108
30014.69, 858269
30208.27, 854701
30400.49, 850636
30595.35, 847217
30791.91, 841441
30992.4, 838176
31204.45, 834962
31398.66, 831776
31604.96, 828622
31806.82, 825526
32013.47, 822453
32221.46, 819583
32423.15, 816507
32637.78, 813840
32851.08, 811247
33049.26, 808590
33249.51, 805332
33443.65, 802809
33637.2, 799430
33830.54, 796810
34024.91, 794418
34214.55, 792039
34408.7, 789651
34602.31, 787277
34803.28, 783800
35016.42, 781440
35217.98, 779226
35417.89, 775941
35629.9, 773753
35841.68, 771644
36038.15, 769544
36230.35, 767454
36421.29, 765471
36615.36, 763570
36807.94, 761501
36999.29, 759784
37193.7, 758125
37386.64, 756496
37577.4, 754885
37769.33, 753331
37964.56, 748833
38156.31, 747314
38348.2, 745827
38538.99, 744343
38731.3, 741589
38923.78, 740140
39114.33, 738829
39306.57, 737531
39497.59, 736265
39689.01, 735007
39880.9, 733769
40073.67, 732410
40265.13, 731186
40455.95, 729486
40648.33, 728344
40839.89, 726244
41031.76, 725163
41222.67, 724122
41414.91, 723173
41607.65, 721740
41800.6, 720815
41992.15, 718830
42185.77, 717320
42378.33, 715393
42570.31, 714564
42761.39, 713531
42954.62, 712703
43145.87, 712033
43337.75, 711207
43528.47, 710539
43720.04, 709900
43912.57, 709265
44106.14, 708656
44299.31, 707884
44490.19, 707283
44683.59, 706719
44875.44, 706129
45067.94, 705584
45260.89, 705058
45453.84, 704540
45647.04, 704031
45840.06, 703533
46035.11, 703061
46227.61, 702604
46420.57, 702206
46611.92, 701819
46804.87, 701441
46998.84, 701077
47189.26, 700756
47380.84, 700442
47572.09, 700137
47765.77, 699856
47957.89, 699487
48149.75, 698001
48341.48, 697739
48533.1, 697479
48724.21, 697227
48916.34, 696980
49110.03, 696738
49302.94, 696544
49494.72, 694680
49686.29, 690453
49878.8, 680816
50069.92, 679711
50262.88, 679519
50454.96, 679344
50649.81, 679172
50843.64, 679073
51036.22, 678583
51227.49, 678487
51421.47, 678416
51614.29, 678371
51806.38, 678339
51998.67, 678311
