217.58, 7202971
428.04, 7032410
632.21, 6871182
961.77, 6720655
1254.5, 6576190
1453.71, 6432013
1648.49, 6288394
1845.02, 6147570
2078.38, 6012792
2295.04, 5884273
2511.37, 5756139
2712.08, 5634447
2907.0, 5516074
3112.41, 5400991
3309.54, 5275444
3522.4, 5167485
3718.12, 5062071
3916.78, 4959285
4108.98, 4865386
4303.02, 4772648
4500.12, 4681712
4698.19, 4594112
4890.79, 4508596
5081.4, 4424018
5273.88, 4338718
5510.98, 4254177
5788.91, 4170644
5998.94, 4091526
6191.4, 4014235
6384.78, 3938088
6579.37, 3866345
6772.17, 3793848
6965.97, 3723819
7159.86, 3648765
7352.46, 3582918
7545.57, 3512431
7739.42, 3448654
7932.88, 3379868
8125.16, 3316118
8318.4, 3252388
8511.48, 3189963
8704.64, 3129213
8898.47, 3072867
9092.67, 3018607
9284.16, 2964163
9474.9, 2910629
9670.07, 2855983
9865.63, 2802671
10069.02, 2753089
10264.97, 2703141
10460.44, 2654388
10702.48, 2609566
10897.85, 2567029
11094.92, 2522973
11298.57, 2478991
11504.69, 2435048
11714.16, 2393682
11912.03, 2352497
12104.37, 2312193
12298.18, 2272511
12493.87, 2232450
12717.59, 2195740
12940.7, 2159259
13135.21, 2122837
13326.15, 2086056
13521.59, 2049769
13716.01, 2014409
13907.27, 1977529
14097.8, 1941969
14298.45, 1906787
14490.79, 1873464
14682.61, 1839019
14882.19, 1807584
15074.43, 1776965
15272.01, 1748880
15463.85, 1720783
15658.14, 1692775
15849.14, 1665546
16067.25, 1639328
16303.72, 1613237
16496.2, 1587380
16690.25, 1561868
16902.63, 1537485
17153.74, 1515093
17351.25, 1493487
17545.09, 1472046
17739.37, 1451220
17937.57, 1433403
18134.09, 1416077
18447.36, 1396177
18763.16, 1377626
18995.21, 1360484
19239.5, 1342459
19435.18, 1325436
19631.48, 1309406
19832.66, 1293828
20039.44, 1278550
20243.49, 1263747
20471.82, 1250729
20676.53, 1237991
20874.69, 1225389
21068.75, 1213203
21262.73, 1201541
21457.54, 1190521
21679.3, 1179627
21874.18, 1169500
22067.04, 1157970
22261.43, 1148025
22461.26, 1138343
22674.45, 1129240
22876.08, 1119533
23072.12, 1110477
23264.0, 1101470
23456.59, 1092587
23672.54, 1084535
23864.86, 1076609
24060.67, 1068775
24254.02, 1060949
24447.92, 1051098
24643.73, 1043256
24834.93, 1035381
25027.46, 1027679
25227.31, 1020076
25441.34, 1012569
25637.79, 1005250
25831.78, 998214
26028.54, 991250
26222.19, 984359
26414.07, 977720
26609.18, 971232
26825.09, 964746
27021.06, 958503
27217.99, 952564
27417.44, 946863
27616.6, 941399
27819.89, 936084
28025.28, 930836
28252.69, 925309
28461.72, 920135
28662.22, 915486
28857.73, 910865
29054.55, 906294
29253.52, 901773
29446.4, 897363
29699.22, 893062
29998.03, 887530
30297.18, 883491
30525.05, 879555
30732.9, 875641
30955.23, 871852
31151.64, 865937
31344.45, 861676
31543.09, 857728
31751.4, 854071
31983.98, 850499
32187.85, 846999
32389.92, 843597
32594.04, 840329
32793.94, 837074
32994.99, 833829
33194.18, 830644
33394.82, 827489
33594.36, 824377
33797.12, 820193
34001.45, 817083
34202.5, 814081
34399.05, 810841
34592.45, 808000
34789.84, 805220
34990.12, 802276
35191.43, 799526
35389.46, 796824
35585.53, 794131
35789.26, 791455
36002.37, 787634
36208.65, 785046
36443.44, 782629
36650.24, 780243
36957.85, 777881
37246.81, 775537
37466.21, 773228
37687.09, 771006
37879.41, 768838
38073.43, 766755
38271.06, 764692
38465.07, 762660
38657.2, 760697
38851.0, 758824
39067.2, 756962
39322.69, 754481
39525.41, 752679
39719.53, 750883
39910.85, 749184
40109.65, 747394
40344.4, 745782
40546.02, 744276
40738.15, 742806
40961.79, 741374
41183.62, 739629
41428.74, 737396
41662.9, 735397
41921.26, 733733
42168.93, 731807
42381.83, 730450
42578.08, 729102
42777.29, 727758
42983.49, 726444
43207.62, 724523
43412.0, 723210
43609.19, 721944
43804.85, 720698
43998.64, 719127
44190.95, 718022
44384.0, 716950
44579.08, 715892
44783.58, 714875
44988.83, 713889
45184.2, 712972
45377.77, 711412
45570.09, 710513
45761.43, 709523
45955.46, 708628
46148.61, 707734
46343.28, 706878
46538.3, 706052
46732.19, 705270
46927.45, 704505
47123.25, 703747
47318.66, 703000
47511.76, 702305
47706.85, 701612
47899.12, 700925
48092.3, 700291
48294.21, 699665
48519.11, 698706
48710.21, 698094
48903.57, 697518
49128.35, 696955
49398.77, 695657
49708.65, 695136
49980.49, 694669
50196.64, 693842
50417.54, 693440
50664.13, 693046
50894.44, 691658
51098.2, 691313
51342.21, 690991
51565.58, 689738
51761.23, 688885
51959.56, 688647
52162.14, 679745
52373.87, 679528
52580.31, 679320
52778.84, 678574
52977.79, 678371
53173.82, 678209
53365.77, 678037
53559.57, 677877
53750.25, 677748
53942.5, 677636
54140.52, 677392
54335.5, 677291
54532.68, 677192
54733.15, 677132
54925.25, 677072
55115.41, 677011
55310.79, 675631
55509.21, 675615
55708.46, 675517
