0.0, 6957228
0.0, 6937318
0.0, 6862816
0.0, 6860676
0.0, 6856069
0.0, 6842959
0.0, 6816778
0.0, 6813465
0.0, 6809224
0.0, 6754264
0.0, 6750634
0.04, 6749129
0.04, 6742281
0.04, 6739676
0.04, 6735618
0.04, 6725239
0.06, 6720194
0.06, 6708837
0.06, 6670530
0.06, 6662362
0.06, 6659649
0.06, 6653571
0.06, 6653369
0.06, 6650823
0.06, 6601469
0.09, 6594395
0.09, 6569975
0.09, 6567481
0.09, 6555267
0.09, 6549711
0.09, 6545038
0.09, 6538097
0.09, 6531151
0.09, 6502410
0.09, 6502011
0.09, 6499270
0.09, 6496953
0.09, 6450455
0.09, 6448497
0.09, 6446835
0.09, 6358017
0.09, 6357596
0.09, 6355549
0.09, 6346846
0.09, 6344872
0.09, 6344017
0.09, 6339161
0.09, 6331945
0.09, 6313418
0.58, 6307579
0.6, 6247564
0.6, 6232440
0.68, 6214680
0.68, 6212449
0.68, 6205066
0.68, 6202942
0.68, 6183734
0.74, 6168971
0.74, 6166591
0.74, 6137008
0.74, 6126938
0.74, 6117044
0.74, 6116744
0.74, 6116677
0.74, 6116254
0.74, 6080806
0.77, 6079671
0.77, 6073412
0.77, 6065678
0.77, 6060696
0.77, 6060096
0.77, 6049571
0.77, 6048153
0.77, 6032399
0.77, 6031763
0.77, 6024269
0.77, 6021722
0.77, 6007086
0.77, 5992891
0.77, 5965775
0.77, 5962916
0.77, 5962789
0.77, 5952707
0.77, 5945520
0.81, 5916952
0.81, 5905175
0.81, 5890714
0.81, 5873712
0.81, 5848518
0.81, 5847049
0.81, 5829543
0.81, 5807888
0.81, 5785103
0.81, 5766887
0.81, 5759345
0.81, 5737111
0.81, 5736848
0.81, 5726535
0.81, 5719726
0.81, 5631555
0.81, 5606949
0.81, 5601952
0.81, 5598190
0.81, 5593033
0.81, 5592707
0.81, 5591167
0.81, 5581705
0.81, 5578789
0.82, 5554996
0.82, 5548206
0.83, 5532705
0.83, 5531073
0.83, 5529668
0.83, 5525531
0.83, 5524018
0.83, 5522849
0.83, 5504883
0.83, 5480914
0.83, 5464129
0.83, 5447455
0.87, 5422788
0.87, 5408940
0.87, 5408427
0.88, 5404718
0.88, 5347955
0.88, 5338676
0.88, 5335108
0.88, 5285298
0.9, 5275990
0.9, 5274701
0.9, 5273223
0.9, 5264453
0.9, 5260737
0.9, 5260562
0.9, 5251059
0.9, 5236019
0.9, 5235041
0.9, 5231130
0.9, 5195343
0.9, 5190533
0.9, 5186030
0.9, 5136748
0.9, 5133469
0.9, 5126791
0.9, 5120807
0.9, 5120310
0.9, 5082752
0.9, 5066858
0.9, 5066728
0.9, 5034391
0.9, 5032686
0.9, 5027764
0.9, 5019721
0.9, 5008188
0.9, 5003526
0.91, 4992937
0.91, 4944231
0.91, 4938120
0.91, 4932403
0.91, 4911088
0.91, 4907077
0.91, 4905510
0.96, 4854283
0.96, 4844520
0.96, 4843680
0.96, 4826657
0.96, 4810396
0.96, 4805867
0.96, 4797901
0.96, 4761659
0.96, 4752338
0.96, 4735033
0.96, 4730083
0.96, 4725774
0.96, 4722961
0.96, 4718054
0.96, 4602562
0.96, 4565914
0.96, 4565677
0.96, 4563800
0.96, 4559536
0.96, 4553066
0.96, 4534243
0.96, 4533933
0.96, 4531783
0.96, 4491789
0.96, 4474951
0.96, 4474588
0.96, 4474511
0.96, 4435794
0.97, 4413662
0.97, 4373396
0.97, 4373118
0.97, 4350953
1.0, 4326413
1.0, 4315963
1.0, 4306979
1.0, 4303542
1.0, 4301808
1.0, 4288743
1.0, 4279100
1.0, 4275935
1.0, 4270550
1.0, 4262107
1.0, 4258952
1.0, 4254927
1.0, 4244761
1.0, 4213912
1.01, 4210902
1.01, 4198337
1.01, 4197566
1.01, 4186530
1.01, 4184109
1.01, 4183656
1.01, 4165575
1.01, 4165240
1.01, 4156616
1.01, 4114726
1.01, 4112956
1.01, 4071795
1.01, 4056598
1.01, 4055567
1.01, 4055244
1.02, 4054820
1.02, 4046210
1.02, 4037513
1.02, 4035296
1.02, 4031588
1.02, 4023205
1.02, 4023144
1.02, 4016648
1.02, 4013637
1.02, 3992269
1.02, 3982663
1.02, 3971995
1.02, 3971067
1.02, 3971059
1.02, 3970020
1.02, 3968711
1.02, 3944736
1.02, 3942567
1.02, 3938855
1.02, 3926355
1.02, 3909208
1.02, 3907258
1.02, 3906584
1.02, 3903551
1.02, 3875355
1.02, 3873086
1.02, 3868114
1.02, 3863114
1.02, 3847712
1.02, 3846219
1.02, 3842968
1.02, 3842682
1.02, 3814235
1.02, 3810991
1.02, 3797388
1.02, 3789780
1.02, 3767146
1.03, 3763481
1.03, 3759313
1.03, 3698426
1.03, 3694515
1.03, 3678212
1.03, 3667093
1.03, 3662337
1.03, 3657965
1.03, 3657194
1.03, 3653775
1.03, 3648960
1.03, 3647393
1.03, 3636040
1.03, 3632006
1.03, 3622123
1.03, 3621613
1.03, 3619924
1.04, 3592855
1.04, 3556448
1.04, 3550677
1.04, 3538683
1.04, 3538525
1.04, 3531555
1.04, 3516672
1.04, 3512456
1.04, 3469626
1.04, 3453723
1.04, 3442313
1.04, 3412654
1.04, 3412446
1.04, 3412006
1.04, 3405479
1.07, 3386309
1.07, 3385523
1.07, 3380369
1.07, 3359365
1.07, 3356387
1.07, 3303153
1.07, 3299448
1.07, 3299252
1.07, 3298856
1.07, 3298803
1.07, 3293451
1.07, 3293105
1.07, 3289314
1.07, 3283221
1.07, 3277430
1.08, 3276959
1.08, 3276779
1.08, 3268927
1.08, 3256245
1.08, 3255845
1.08, 3252351
1.08, 3247688
1.08, 3241807
1.08, 3235918
1.08, 3235561
1.08, 3229903
1.08, 3227897
1.08, 3215255
1.08, 3212859
1.08, 3207989
1.08, 3205809
1.08, 3204727
1.08, 3196592
1.08, 3168283
1.08, 3168262
1.08, 3168202
1.08, 3162690
1.08, 3156371
1.08, 3153117
1.09, 3150184
1.09, 3144329
1.09, 3140871
1.09, 3140685
1.09, 3138504
1.09, 3133414
1.09, 3121160
1.09, 3115591
1.09, 3115369
1.09, 3113574
1.09, 3082149
1.09, 3082010
1.09, 3081143
1.09, 3079018
1.09, 3076615
1.09, 3070740
1.09, 3067085
1.09, 3052362
1.09, 3046225
1.09, 3044701
1.09, 3040608
1.09, 3035109
1.09, 3028123
1.09, 3000777
1.09, 2997967
1.09, 2994075
1.09, 2991180
1.1, 2972607
1.1, 2968700
1.1, 2968522
1.1, 2964598
1.1, 2957533
1.1, 2953331
1.1, 2948061
1.1, 2947927
1.1, 2937400
1.1, 2928711
1.1, 2911204
1.1, 2899088
1.1, 2896001
1.1, 2895379
1.1, 2887483
1.1, 2886811
1.1, 2882928
1.1, 2881647
1.1, 2877049
1.1, 2876802
1.11, 2876548
1.11, 2871050
1.11, 2858669
1.11, 2855518
1.12, 2842318
1.12, 2834541
1.12, 2816828
1.12, 2813943
1.12, 2812055
1.12, 2811596
1.12, 2808769
1.12, 2808270
1.12, 2805278
1.12, 2805187
1.12, 2803862
1.12, 2797141
1.12, 2791894
1.12, 2789291
1.12, 2776199
1.12, 2775881
1.12, 2773539
1.12, 2772213
1.12, 2765025
1.12, 2757908
1.12, 2746319
1.12, 2742244
1.12, 2736713
1.12, 2731170
1.12, 2720528
1.12, 2719909
1.12, 2716170
1.12, 2714072
1.12, 2713897
1.12, 2703983
1.12, 2698079
1.12, 2693355
1.12, 2682066
1.12, 2663057
1.12, 2658906
1.12, 2655030
1.12, 2651472
1.12, 2648552
1.13, 2646837
1.13, 2630221
1.13, 2627987
1.13, 2627003
1.13, 2616722
1.13, 2606183
1.13, 2594744
1.13, 2586598
1.13, 2582449
1.15, 2550824
1.15, 2547295
1.15, 2540372
1.15, 2534875
1.15, 2524388
1.15, 2522757
1.15, 2522126
1.15, 2518266
1.15, 2518151
1.15, 2517726
1.15, 2514083
1.15, 2510637
1.15, 2509330
1.15, 2502774
1.15, 2501394
1.15, 2485529
1.15, 2484306
1.15, 2483379
1.15, 2469941
1.15, 2466920
1.15, 2452195
1.15, 2444614
1.15, 2420335
1.15, 2420323
1.15, 2419385
1.15, 2418845
1.15, 2398803
1.15, 2377747
1.15, 2374533
1.15, 2360014
1.15, 2358202
1.15, 2354795
1.16, 2354526
1.16, 2346388
1.16, 2345037
1.16, 2344982
1.16, 2336931
1.16, 2336488
1.16, 2336240
1.16, 2328899
1.16, 2323750
1.16, 2313362
1.16, 2312118
1.16, 2309103
1.16, 2308961
1.16, 2308466
1.16, 2286416
1.16, 2284577
1.16, 2283900
1.16, 2283815
1.16, 2276795
1.16, 2276384
1.16, 2266870
1.16, 2265510
1.16, 2255389
1.16, 2243990
1.16, 2241544
1.16, 2236853
1.16, 2234633
1.16, 2229031
1.16, 2222611
1.16, 2220303
1.16, 2219857
1.16, 2216556
1.16, 2199353
1.16, 2197962
1.17, 2194644
1.18, 2181346
1.18, 2176415
1.18, 2168067
1.18, 2165812
1.18, 2165146
1.18, 2164315
1.18, 2158615
1.18, 2148595
1.18, 2147292
1.19, 2133998
1.19, 2107106
1.19, 2106917
1.19, 2090862
1.19, 2082569
1.19, 2081317
1.19, 2081166
1.19, 2079115
1.19, 2078924
1.19, 2065725
1.19, 2061620
1.19, 2058863
1.19, 2047382
1.19, 2046500
1.19, 2045147
1.19, 2044495
1.19, 2040377
1.19, 2039291
1.19, 2038899
1.19, 2035537
1.19, 2034202
1.19, 2033331
1.19, 2030591
1.19, 2028812
1.19, 2024365
1.2, 2019836
1.2, 2013660
1.2, 2011034
1.2, 2009348
1.2, 2001426
1.2, 1974520
1.2, 1973994
1.2, 1970469
1.2, 1967911
1.2, 1958448
1.2, 1957579
1.2, 1957486
1.2, 1945649
1.2, 1944906
1.21, 1942399
1.21, 1937746
1.21, 1934146
1.21, 1932259
1.21, 1932161
1.21, 1922872
1.21, 1921388
1.21, 1920485
1.21, 1919535
1.21, 1919293
1.21, 1914636
1.21, 1912088
1.21, 1910862
1.21, 1905723
1.21, 1902135
1.21, 1897288
1.21, 1895703
1.21, 1894957
1.21, 1894725
1.21, 1894359
1.21, 1894156
1.21, 1893653
1.21, 1890541
1.21, 1889813
1.21, 1889095
1.21, 1888753
1.21, 1880981
1.21, 1879849
1.21, 1869042
1.21, 1865017
1.21, 1859139
1.21, 1858931
1.21, 1848560
1.21, 1842406
1.21, 1841966
1.21, 1841248
1.21, 1839414
1.22, 1837988
1.22, 1837936
1.22, 1837467
1.22, 1836283
1.22, 1836275
1.22, 1836039
1.22, 1832005
1.22, 1828719
1.22, 1827766
1.22, 1826962
1.22, 1823233
1.22, 1823205
1.22, 1820012
1.22, 1819617
1.22, 1816621
1.22, 1816489
1.22, 1812246
1.22, 1804771
1.22, 1801061
1.22, 1791186
1.22, 1788256
1.23, 1787501
1.23, 1784279
1.23, 1782797
1.23, 1778933
1.23, 1777112
1.23, 1775138
1.23, 1774355
1.23, 1773601
1.23, 1773492
1.23, 1772366
1.23, 1765360
1.23, 1762481
1.23, 1751335
1.23, 1749070
1.23, 1748821
1.23, 1748086
1.23, 1747599
1.23, 1746120
1.23, 1741572
1.23, 1733100
1.23, 1732953
1.23, 1723850
1.23, 1723670
1.23, 1723097
1.23, 1722976
1.23, 1721751
1.23, 1721254
1.23, 1719875
1.23, 1716322
1.23, 1712871
1.24, 1704182
1.24, 1700708
1.24, 1700130
1.24, 1693340
1.24, 1681608
1.24, 1681376
1.24, 1677011
1.24, 1671730
1.24, 1670154
1.24, 1668460
1.24, 1668384
1.24, 1668338
1.24, 1663268
1.24, 1661423
1.24, 1656709
1.24, 1656309
1.24, 1654729
1.24, 1653755
1.24, 1652113
1.24, 1650500
1.24, 1650404
1.24, 1639301
1.24, 1636914
1.24, 1631362
1.24, 1627517
1.24, 1625953
1.24, 1625732
1.24, 1625262
1.24, 1616216
1.24, 1615953
1.24, 1615147
1.24, 1614018
1.24, 1613510
1.24, 1612168
1.24, 1609042
1.24, 1605624
1.24, 1597330
1.25, 1596261
1.25, 1596032
1.25, 1595875
1.25, 1584096
1.25, 1583844
1.25, 1583303
1.25, 1583121
1.25, 1581526
1.25, 1568752
1.26, 1568049
1.26, 1560547
1.26, 1560527
1.26, 1560497
1.26, 1548032
1.26, 1527204
1.26, 1527143
1.26, 1525431
1.26, 1525373
1.27, 1525062
1.27, 1524325
1.27, 1522857
1.27, 1522849
1.27, 1522187
1.27, 1522114
1.27, 1521606
1.27, 1519750
1.27, 1515732
1.27, 1513529
1.27, 1506756
1.27, 1504522
1.27, 1504303
1.27, 1503997
1.27, 1503485
1.27, 1502903
1.27, 1502539
1.27, 1501765
1.27, 1491909
1.27, 1491100
1.27, 1480265
1.27, 1478854
1.27, 1477213
1.27, 1473863
1.27, 1471744
1.27, 1471463
1.27, 1470840
1.27, 1467440
1.27, 1466371
1.27, 1466082
1.27, 1464492
1.27, 1463603
1.27, 1462108
1.27, 1459419
1.27, 1447983
1.27, 1447665
1.27, 1446904
1.27, 1446371
1.27, 1444826
1.27, 1441862
1.27, 1441218
1.27, 1439185
1.27, 1438341
1.27, 1437559
1.27, 1432414
1.28, 1425626
1.28, 1422909
1.28, 1419405
1.28, 1418706
1.28, 1416847
1.28, 1416397
1.28, 1415656
1.28, 1408764
1.28, 1402047
1.28, 1400473
1.28, 1396975
1.28, 1395285
1.28, 1394054
1.28, 1393549
1.28, 1392369
1.28, 1389171
1.28, 1383719
1.28, 1379852
1.28, 1377080
1.28, 1367827
1.28, 1367490
1.29, 1346492
1.29, 1344740
1.29, 1343860
1.29, 1342660
1.29, 1342297
1.29, 1336910
1.29, 1335675
1.29, 1328574
1.29, 1324225
1.29, 1322287
1.29, 1320744
1.29, 1320603
1.29, 1311861
1.29, 1309035
1.29, 1307230
1.29, 1306267
1.29, 1306247
1.29, 1306039
1.29, 1298821
1.3, 1298477
1.3, 1296494
1.3, 1296148
1.3, 1295125
1.3, 1293104
1.3, 1292308
1.3, 1290998
1.3, 1290369
1.3, 1288668
1.3, 1287584
1.3, 1282645
1.3, 1281099
1.3, 1280835
1.3, 1277134
1.3, 1276878
1.3, 1273335
1.3, 1272606
1.3, 1269635
1.3, 1268784
1.3, 1268452
1.3, 1266845
1.3, 1266751
1.3, 1265602
1.31, 1262786
1.31, 1261388
1.32, 1260976
1.32, 1259584
1.32, 1259455
1.32, 1259192
1.32, 1257764
1.32, 1255529
1.32, 1254188
1.32, 1251399
1.32, 1251119
1.32, 1250844
1.32, 1250254
1.33, 1250063
1.33, 1247825
1.34, 1247685
1.34, 1246095
1.34, 1243943
1.34, 1243768
1.35, 1243158
1.35, 1241644
1.35, 1241290
1.35, 1241272
1.35, 1238433
1.35, 1236593
1.35, 1235058
1.35, 1231217
1.35, 1230794
1.35, 1230752
1.35, 1227313
1.35, 1223171
1.35, 1222615
1.35, 1219358
1.35, 1215146
1.35, 1214427
1.35, 1212338
1.35, 1212253
1.35, 1212161
1.35, 1209948
1.35, 1208671
1.35, 1206627
1.35, 1206501
1.35, 1205743
1.35, 1205249
1.35, 1203696
1.35, 1199288
1.35, 1198979
1.35, 1198869
1.35, 1198508
1.35, 1196480
1.35, 1195429
1.35, 1191570
1.35, 1190981
1.35, 1186910
1.35, 1184861
1.35, 1178985
1.35, 1177979
1.35, 1176381
1.35, 1171288
1.35, 1170765
1.36, 1170444
1.36, 1166532
1.36, 1165468
1.36, 1162622
1.36, 1154510
1.36, 1154403
1.36, 1150322
1.36, 1145477
1.36, 1141768
1.36, 1141624
1.36, 1140317
1.36, 1138748
1.36, 1137234
1.36, 1135345
1.36, 1133138
1.36, 1132667
1.36, 1129678
1.36, 1127736
1.36, 1127547
1.36, 1127023
1.37, 1123912
1.37, 1123136
1.37, 1122394
1.37, 1121691
1.37, 1120496
1.37, 1120261
1.37, 1119697
1.37, 1118512
1.37, 1118333
1.37, 1116171
1.37, 1115799
1.37, 1115747
1.37, 1114127
1.37, 1111973
1.38, 1110267
1.38, 1109756
1.38, 1108751
1.38, 1106741
1.38, 1103713
1.38, 1101398
1.38, 1098621
1.38, 1096589
1.38, 1092331
1.38, 1088513
1.38, 1088090
1.38, 1084826
1.38, 1084490
1.38, 1083795
1.38, 1082852
1.38, 1082502
1.38, 1081061
1.38, 1075717
1.38, 1071667
1.38, 1067150
1.38, 1066281
1.38, 1063485
1.38, 1061969
1.38, 1061570
1.38, 1059410
1.38, 1058081
1.39, 1057431
1.39, 1054677
1.39, 1051870
1.39, 1047538
1.39, 1046712
1.39, 1037925
1.39, 1037426
1.39, 1034102
1.39, 1031146
1.39, 1030605
1.39, 1029368
1.4, 1028446
1.4, 1027303
1.4, 1026386
1.4, 1026128
1.4, 1024160
1.4, 1019435
1.4, 1019403
1.4, 1018703
1.42, 1018566
1.42, 1016083
1.42, 1013693
1.42, 1013219
1.42, 996842
1.42, 996782
1.42, 995796
1.42, 995225
1.42, 993083
1.42, 991670
1.43, 990266
1.43, 987056
1.43, 985134
1.43, 985130
1.45, 984419
1.45, 983942
1.45, 983514
1.45, 980731
1.45, 980424
1.45, 979421
1.45, 975950
1.45, 971013
1.45, 970849
1.45, 970393
1.45, 969103
1.45, 968796
1.45, 967955
1.46, 964920
1.46, 959889
1.46, 959630
1.46, 955225
1.46, 953527
1.47, 953288
1.48, 952909
1.48, 951608
1.48, 951253
1.48, 949701
1.48, 945749
1.48, 945029
1.48, 944842
1.48, 942222
1.48, 941940
1.48, 941285
1.48, 940115
1.48, 940018
1.48, 939600
1.48, 938981
1.48, 937520
1.48, 936638
1.48, 935805
1.48, 935436
1.48, 935210
1.48, 931921
1.49, 931896
1.49, 931893
1.49, 931415
1.5, 929228
1.5, 928527
1.5, 925890
1.5, 925605
1.5, 924461
1.5, 923128
1.5, 918490
1.5, 918273
1.5, 912918
1.5, 912538
1.5, 912236
1.5, 911599
1.5, 911488
1.5, 910659
1.5, 910104
1.5, 907764
1.5, 907286
1.5, 906853
1.5, 905916
1.5, 905505
1.5, 904850
1.51, 904493
1.51, 903552
1.51, 902445
1.51, 901072
1.51, 900920
1.51, 900744
1.51, 897904
1.51, 895896
1.51, 894474
1.51, 893105
1.51, 892928
1.51, 892484
1.51, 891709
1.51, 891593
1.51, 890105
1.52, 889943
1.52, 887012
1.52, 886100
1.52, 885989
1.52, 878830
1.52, 877837
1.52, 877074
1.52, 874873
1.52, 874399
1.52, 870469
1.52, 870169
1.52, 870161
1.52, 870064
1.52, 869114
1.52, 867675
1.52, 866867
1.52, 863417
1.52, 863364
1.53, 862498
1.53, 861661
1.54, 861619
1.54, 861495
1.54, 860850
1.54, 860681
1.54, 860151
1.54, 859186
1.55, 857988
1.55, 856463
1.55, 856211
1.55, 856092
1.55, 854945
1.55, 852068
1.55, 851709
1.55, 851206
1.55, 849945
1.56, 849831
1.56, 846945
1.56, 842021
1.56, 839900
1.56, 838271
1.56, 833742
1.56, 832667
1.56, 832275
1.56, 832125
1.56, 830543
1.56, 829716
1.57, 829403
1.57, 827848
1.57, 827567
1.57, 826048
1.57, 825367
1.57, 823844
1.57, 821418
1.57, 820722
1.57, 820230
1.57, 816476
1.57, 816081
1.57, 814757
1.58, 813473
1.58, 813135
1.58, 812677
1.58, 811969
1.58, 811192
1.58, 809760
1.58, 808450
1.58, 808018
1.58, 807769
1.58, 805830
1.58, 802394
1.58, 802212
1.58, 802096
1.58, 801729
1.58, 801126
1.58, 799088
1.58, 798898
1.59, 798794
1.59, 798272
1.59, 795304
1.59, 794063
1.59, 792845
1.59, 790357
1.59, 788921
1.6, 788816
1.6, 787967
1.6, 787698
1.61, 787465
1.61, 784943
1.61, 784826
1.61, 784713
1.61, 784296
1.62, 782470
1.62, 780704
1.62, 780365
1.62, 780323
1.62, 780044
1.62, 779053
1.62, 778837
1.62, 778623
1.62, 778446
1.62, 778444
1.62, 778017
1.62, 776955
1.63, 776889
1.63, 769139
1.63, 769068
1.63, 768609
1.63, 768515
1.63, 767957
1.64, 767551
1.64, 767266
1.64, 766926
1.64, 766246
1.64, 765828
1.64, 765550
1.65, 764840
1.65, 764673
1.65, 764231
1.65, 763930
1.65, 759290
1.65, 757857
1.65, 757613
1.65, 757415
1.65, 756551
1.66, 755661
1.66, 754793
1.66, 754222
1.66, 753757
1.66, 753235
1.66, 753006
1.66, 752945
1.66, 752177
1.66, 750918
1.66, 749740
1.66, 749005
1.66, 748918
1.66, 748473
1.67, 747220
1.67, 746310
1.67, 745753
1.67, 745278
1.67, 745169
1.67, 745167
1.67, 744867
1.68, 743916
1.68, 743652
1.69, 742860
1.69, 742840
1.71, 742441
1.71, 742105
1.71, 740930
1.71, 740357
1.71, 739612
1.71, 738528
1.71, 738012
1.71, 737982
1.71, 737006
1.71, 736232
1.71, 735475
1.71, 734828
1.71, 733651
1.72, 733569
1.72, 727590
1.73, 726987
1.73, 726807
1.73, 726114
1.73, 725553
1.73, 725309
1.73, 723707
1.73, 722810
1.73, 722371
1.73, 722282
1.73, 721944
1.73, 720950
1.74, 719957
1.76, 719730
1.76, 718579
1.76, 717910
1.76, 717670
1.76, 717574
1.77, 717273
1.77, 716262
1.77, 715213
1.78, 714920
1.78, 714890
1.78, 714807
1.78, 714168
1.79, 714051
1.8, 713554
1.8, 713399
1.82, 712160
1.82, 711984
1.82, 710677
1.83, 710372
1.85, 710210
1.85, 710164
1.85, 710126
1.85, 709965
1.86, 709451
1.87, 708992
1.87, 708798
1.9, 706273
1.9, 706254
1.92, 705732
1.93, 705439
1.93, 704426
1.93, 704366
1.93, 703770
1.96, 703524
1.98, 703495
1.98, 703433
1.98, 703270
1.98, 702017
1.98, 701855
1.98, 700801
1.99, 700789
2.01, 700626
2.03, 700422
2.06, 700371
2.07, 698523
2.1, 698420
2.11, 697539
2.13, 697120
2.15, 697003
2.15, 696089
2.18, 695578
2.19, 695559
2.25, 695338
2.3, 694795
2.38, 694767
