0.0, 7194985
0.0, 7144571
0.0, 7143519
0.0, 7135693
0.0, 7067085
0.0, 7052210
0.0, 7041501
0.0, 7038515
0.0, 7034296
0.0, 7030444
0.0, 7024673
0.0, 7011410
0.0, 7011284
0.0, 7011254
0.0, 6955947
0.0, 6942002
0.0, 6934802
0.0, 6927765
0.0, 6922701
0.0, 6920418
0.0, 6917997
0.0, 6904647
0.0, 6904066
0.0, 6903736
0.0, 6892867
0.0, 6884241
0.0, 6879663
0.0, 6875582
0.0, 6866288
0.0, 6855838
0.0, 6855822
0.0, 6855420
0.0, 6851820
0.0, 6850052
0.0, 6831298
0.0, 6819634
0.0, 6807864
0.0, 6792968
0.0, 6757160
0.0, 6756581
0.0, 6754621
0.0, 6750632
0.0, 6747898
0.0, 6743161
0.0, 6740270
0.0, 6671756
0.0, 6633773
0.0, 6581610
0.03, 6558506
0.03, 6498128
0.03, 6488814
0.08, 6484063
0.08, 6483286
0.08, 6437796
0.08, 6407337
0.08, 6406735
0.08, 6396020
0.32, 6388681
0.32, 6357926
0.32, 6343045
0.32, 6337666
0.32, 6335852
0.32, 6335264
0.32, 6324960
0.32, 6288533
0.32, 6288261
0.43, 6279766
0.43, 6268886
0.43, 6266139
0.43, 6251168
0.43, 6228043
0.43, 6218323
0.43, 6201012
0.43, 6197290
0.71, 6195951
0.71, 6175916
0.71, 6171755
0.71, 6166169
0.71, 6156948
0.71, 6156041
0.71, 6099385
0.71, 6099361
0.71, 6088579
0.71, 6083692
0.71, 6021421
0.71, 6020129
0.79, 6005114
0.79, 5994689
0.79, 5992858
0.79, 5982155
0.79, 5966449
0.79, 5927437
0.79, 5907873
0.79, 5904997
0.79, 5897938
0.79, 5891024
0.88, 5887718
0.88, 5887455
0.88, 5881856
0.88, 5871846
0.88, 5855494
0.88, 5850421
0.88, 5847024
0.88, 5846202
0.88, 5839471
0.9, 5807417
0.9, 5807242
0.9, 5768700
0.9, 5761858
0.9, 5759099
0.9, 5746417
0.9, 5680412
0.9, 5678722
0.9, 5673723
0.9, 5652642
0.9, 5649779
0.9, 5648123
0.91, 5633671
0.91, 5544922
0.91, 5536222
0.91, 5534056
0.91, 5530670
0.92, 5527223
0.96, 5510772
0.96, 5502034
0.96, 5497469
0.96, 5495768
0.96, 5495694
0.96, 5493231
0.96, 5486957
0.96, 5482634
0.96, 5465952
0.96, 5456575
0.97, 5443447
0.97, 5441060
0.97, 5437169
0.97, 5436827
0.97, 5432510
0.97, 5422763
0.97, 5403980
0.97, 5397395
0.97, 5395534
0.97, 5395470
0.97, 5388128
0.97, 5382180
0.97, 5377591
0.97, 5376029
0.97, 5375778
0.97, 5337191
0.97, 5334347
0.97, 5328648
0.98, 5299138
0.98, 5290515
0.98, 5275684
0.98, 5275454
0.98, 5273910
0.98, 5243078
0.98, 5243030
0.98, 5241170
0.98, 5195671
0.98, 5195254
0.99, 5148237
0.99, 5146782
0.99, 5143057
0.99, 5133064
0.99, 5123190
0.99, 5120245
0.99, 5103826
0.99, 5088528
0.99, 5088191
0.99, 5072164
0.99, 5066359
0.99, 5035987
0.99, 5004968
0.99, 4998686
0.99, 4982216
0.99, 4979796
0.99, 4976724
0.99, 4968259
0.99, 4960650
0.99, 4919438
0.99, 4909672
0.99, 4909531
0.99, 4896200
0.99, 4887190
0.99, 4885444
0.99, 4867364
0.99, 4860079
1.01, 4847974
1.01, 4847737
1.01, 4829754
1.01, 4828039
1.01, 4824981
1.01, 4820279
1.01, 4818735
1.01, 4818662
1.01, 4815886
1.01, 4807541
1.01, 4805784
1.01, 4803886
1.01, 4800217
1.01, 4792408
1.01, 4733980
1.01, 4731978
1.01, 4724375
1.01, 4723086
1.01, 4670879
1.01, 4630610
1.03, 4624598
1.03, 4623927
1.03, 4622000
1.03, 4606291
1.03, 4604066
1.03, 4603708
1.03, 4600751
1.03, 4588893
1.03, 4579846
1.03, 4575389
1.03, 4568442
1.03, 4531465
1.03, 4509976
1.03, 4499084
1.03, 4495703
1.03, 4490568
1.03, 4479180
1.03, 4468678
1.03, 4467084
1.03, 4443205
1.03, 4434779
1.03, 4428623
1.07, 4428174
1.07, 4427911
1.07, 4413723
1.07, 4412815
1.07, 4409782
1.07, 4407286
1.07, 4379795
1.07, 4353815
1.07, 4338087
1.08, 4337916
1.08, 4337789
1.08, 4333204
1.08, 4327930
1.08, 4318710
1.08, 4317986
1.08, 4277473
1.08, 4201441
1.08, 4201099
1.08, 4154054
1.08, 4151147
1.08, 4145518
1.08, 4133789
1.08, 4126435
1.08, 4102220
1.08, 4098043
1.08, 4095904
1.08, 4095168
1.08, 4094385
1.08, 4090572
1.08, 4082055
1.08, 4074340
1.08, 4041302
1.08, 4014833
1.09, 4009412
1.09, 4009064
1.09, 4008467
1.09, 4008306
1.09, 4007957
1.09, 3979554
1.09, 3965174
1.09, 3925439
1.09, 3920626
1.09, 3917792
1.09, 3901075
1.09, 3896201
1.09, 3888910
1.09, 3886234
1.09, 3882663
1.09, 3881111
1.09, 3880634
1.09, 3854892
1.09, 3854468
1.09, 3851155
1.09, 3845825
1.09, 3839741
1.09, 3836493
1.09, 3833391
1.09, 3832213
1.09, 3830762
1.1, 3825898
1.1, 3825272
1.1, 3824176
1.1, 3794732
1.1, 3792907
1.1, 3790306
1.1, 3788511
1.1, 3787119
1.1, 3784325
1.1, 3782985
1.1, 3778365
1.1, 3778172
1.1, 3770324
1.1, 3747664
1.1, 3741999
1.1, 3734754
1.1, 3734163
1.1, 3733396
1.1, 3722387
1.1, 3711684
1.11, 3655399
1.11, 3648542
1.11, 3647132
1.11, 3623953
1.11, 3617261
1.11, 3615853
1.11, 3605196
1.11, 3572291
1.11, 3558256
1.11, 3558045
1.12, 3538593
1.12, 3536564
1.12, 3533872
1.12, 3529955
1.12, 3525027
1.12, 3518002
1.12, 3515100
1.12, 3513869
1.12, 3496398
1.12, 3495495
1.12, 3480441
1.12, 3438780
1.12, 3430455
1.12, 3418626
1.12, 3393734
1.12, 3384687
1.12, 3383253
1.12, 3381510
1.12, 3374596
1.12, 3363828
1.12, 3357389
1.12, 3288584
1.12, 3287783
1.12, 3282577
1.12, 3280623
1.12, 3277039
1.12, 3272448
1.12, 3265950
1.13, 3238824
1.13, 3235676
1.13, 3234918
1.15, 3233177
1.15, 3230355
1.15, 3190851
1.15, 3187527
1.15, 3170661
1.15, 3169988
1.15, 3164430
1.15, 3125993
1.15, 3121040
1.15, 3105140
1.15, 3102340
1.15, 3094180
1.15, 3086006
1.15, 3079494
1.15, 3073035
1.15, 3072766
1.15, 3067050
1.15, 3065036
1.15, 3038714
1.15, 3035963
1.15, 3035828
1.15, 3035705
1.15, 3035512
1.15, 3035508
1.15, 3020993
1.15, 3017164
1.15, 3011230
1.15, 3004495
1.15, 3004084
1.15, 2993517
1.15, 2987544
1.15, 2983162
1.15, 2982515
1.15, 2982393
1.15, 2980176
1.15, 2979894
1.15, 2971345
1.17, 2961285
1.17, 2960615
1.17, 2950509
1.18, 2943997
1.18, 2943113
1.18, 2940719
1.18, 2935469
1.18, 2933767
1.18, 2932671
1.18, 2930528
1.18, 2928214
1.18, 2924941
1.18, 2918409
1.18, 2915637
1.18, 2915417
1.18, 2879707
1.18, 2879160
1.18, 2871305
1.18, 2870612
1.18, 2867209
1.18, 2864592
1.18, 2863524
1.18, 2859081
1.18, 2849483
1.18, 2828831
1.18, 2822030
1.18, 2821836
1.18, 2821439
1.18, 2819508
1.18, 2810262
1.18, 2808029
1.18, 2805290
1.18, 2803359
1.18, 2802339
1.18, 2801927
1.18, 2801908
1.19, 2792732
1.19, 2785126
1.19, 2783712
1.19, 2772719
1.19, 2765860
1.19, 2762115
1.19, 2755945
1.19, 2752760
1.19, 2752085
1.19, 2751075
1.19, 2749842
1.19, 2741840
1.19, 2723965
1.19, 2715373
1.19, 2710271
1.19, 2680912
1.19, 2670880
1.19, 2670751
1.19, 2669583
1.19, 2654659
1.19, 2653587
1.19, 2647758
1.19, 2647417
1.19, 2644957
1.19, 2640387
1.19, 2638647
1.2, 2631539
1.2, 2626954
1.2, 2625344
1.2, 2621954
1.2, 2620805
1.2, 2617812
1.2, 2610786
1.2, 2610103
1.2, 2607758
1.2, 2603158
1.2, 2599173
1.2, 2596538
1.2, 2574068
1.2, 2573190
1.2, 2572320
1.2, 2571150
1.2, 2564849
1.2, 2561805
1.2, 2557153
1.2, 2556222
1.2, 2549372
1.2, 2548475
1.21, 2527189
1.21, 2502947
1.21, 2482907
1.21, 2479271
1.21, 2477018
1.21, 2474504
1.21, 2465714
1.21, 2465393
1.21, 2450002
1.21, 2431484
1.21, 2427528
1.21, 2426962
1.21, 2425412
1.21, 2424725
1.21, 2420952
1.21, 2420631
1.21, 2419170
1.21, 2418071
1.21, 2404616
1.21, 2387676
1.21, 2387393
1.21, 2376331
1.21, 2375856
1.21, 2373508
1.23, 2369903
1.23, 2367390
1.23, 2352536
1.23, 2348218
1.23, 2331810
1.23, 2323841
1.23, 2322815
1.23, 2309785
1.23, 2309442
1.23, 2308844
1.23, 2306907
1.23, 2304652
1.23, 2302998
1.23, 2294779
1.23, 2288814
1.23, 2277113
1.23, 2274914
1.23, 2261601
1.23, 2254875
1.23, 2252966
1.23, 2252059
1.23, 2251776
1.23, 2244147
1.23, 2241344
1.23, 2239075
1.23, 2231426
1.23, 2231040
1.23, 2230012
1.23, 2229525
1.23, 2226465
1.23, 2226234
1.23, 2223871
1.23, 2209791
1.23, 2194702
1.23, 2193866
1.23, 2186191
1.23, 2177902
1.23, 2173782
1.24, 2173198
1.24, 2165608
1.24, 2142548
1.24, 2123897
1.24, 2110097
1.24, 2108095
1.24, 2096449
1.24, 2094248
1.24, 2093092
1.24, 2090013
1.24, 2067946
1.25, 2033579
1.25, 2030504
1.25, 2026061
1.25, 2024794
1.25, 2024608
1.25, 2022932
1.25, 2021459
1.26, 2010128
1.26, 2009865
1.26, 2009814
1.26, 2005712
1.26, 1997578
1.26, 1997406
1.26, 1990898
1.26, 1989784
1.26, 1989736
1.26, 1986954
1.26, 1981891
1.26, 1975937
1.26, 1969854
1.26, 1964200
1.26, 1934340
1.27, 1928760
1.27, 1915657
1.27, 1915278
1.27, 1915189
1.27, 1914141
1.27, 1913810
1.27, 1912566
1.27, 1910347
1.27, 1909897
1.27, 1905196
1.27, 1903285
1.27, 1901215
1.27, 1897533
1.27, 1895671
1.27, 1895060
1.27, 1877687
1.27, 1873400
1.27, 1873360
1.27, 1834358
1.27, 1833910
1.28, 1819269
1.28, 1813491
1.28, 1798072
1.28, 1797430
1.28, 1790451
1.28, 1789292
1.28, 1786726
1.28, 1785810
1.28, 1776437
1.28, 1774158
1.28, 1773749
1.28, 1772677
1.28, 1771076
1.28, 1767739
1.28, 1766759
1.28, 1763702
1.28, 1762282
1.28, 1758534
1.28, 1758227
1.28, 1751013
1.28, 1749183
1.28, 1740801
1.28, 1735323
1.28, 1730178
1.28, 1725075
1.28, 1724713
1.28, 1723294
1.28, 1719982
1.28, 1717413
1.28, 1714096
1.28, 1710166
1.28, 1708634
1.28, 1704363
1.28, 1703276
1.28, 1700626
1.28, 1699239
1.28, 1698976
1.28, 1697498
1.28, 1697405
1.28, 1691220
1.28, 1686824
1.28, 1686576
1.28, 1686418
1.28, 1685453
1.28, 1679377
1.29, 1678547
1.29, 1670172
1.29, 1667518
1.29, 1667368
1.29, 1664283
1.29, 1664017
1.29, 1648879
1.29, 1647994
1.29, 1646263
1.29, 1645645
1.29, 1644279
1.29, 1637023
1.29, 1636209
1.33, 1618959
1.33, 1614244
1.33, 1614135
1.33, 1607209
1.33, 1603046
1.33, 1600536
1.33, 1599191
1.33, 1588168
1.33, 1588038
1.33, 1587271
1.33, 1582487
1.33, 1576640
1.33, 1574228
1.33, 1562303
1.33, 1561887
1.33, 1559695
1.34, 1559326
1.34, 1559073
1.35, 1554262
1.35, 1551852
1.35, 1548822
1.35, 1544753
1.35, 1529628
1.35, 1527607
1.35, 1520515
1.35, 1519863
1.35, 1516890
1.35, 1506988
1.36, 1502979
1.36, 1502499
1.36, 1502117
1.36, 1501266
1.36, 1500061
1.36, 1492982
1.36, 1490574
1.36, 1488853
1.36, 1477978
1.36, 1477476
1.36, 1477433
1.36, 1476040
1.36, 1473400
1.36, 1472292
1.36, 1469672
1.36, 1469645
1.36, 1469037
1.36, 1468915
1.36, 1458940
1.36, 1458659
1.36, 1458439
1.36, 1454041
1.36, 1453281
1.36, 1452375
1.36, 1446595
1.36, 1445975
1.36, 1442164
1.36, 1439039
1.36, 1432963
1.36, 1430747
1.36, 1430090
1.36, 1429092
1.36, 1425686
1.36, 1425623
1.36, 1424851
1.36, 1422968
1.36, 1417467
1.36, 1415750
1.36, 1414678
1.36, 1414322
1.36, 1407943
1.36, 1406614
1.36, 1404352
1.36, 1402263
1.36, 1395075
1.36, 1395059
1.36, 1391876
1.36, 1388922
1.38, 1388790
1.38, 1386906
1.38, 1384806
1.38, 1384066
1.38, 1383230
1.38, 1383063
1.38, 1381781
1.38, 1380457
1.38, 1379542
1.38, 1378689
1.38, 1376473
1.38, 1376126
1.38, 1369951
1.38, 1369762
1.39, 1366085
1.39, 1363128
1.39, 1357104
1.39, 1356516
1.4, 1356122
1.4, 1354997
1.4, 1354035
1.4, 1349089
1.4, 1347064
1.4, 1338607
1.4, 1332013
1.4, 1327470
1.4, 1318691
1.4, 1315948
1.4, 1309372
1.4, 1307586
1.4, 1305433
1.4, 1304558
1.4, 1302763
1.4, 1301067
1.4, 1299705
1.4, 1298089
1.4, 1291531
1.4, 1290981
1.41, 1290386
1.41, 1289562
1.41, 1288410
1.41, 1287825
1.41, 1287365
1.41, 1286581
1.41, 1285545
1.41, 1283640
1.42, 1282313
1.42, 1278525
1.43, 1277407
1.43, 1271447
1.43, 1271373
1.43, 1270398
1.43, 1268626
1.43, 1267061
1.43, 1261087
1.43, 1255760
1.43, 1251776
1.43, 1249104
1.43, 1243250
1.43, 1243011
1.43, 1238421
1.43, 1237624
1.43, 1237034
1.43, 1237018
1.43, 1236375
1.43, 1236354
1.43, 1235722
1.43, 1231313
1.43, 1230242
1.43, 1228596
1.43, 1228249
1.43, 1225006
1.43, 1224881
1.43, 1223287
1.43, 1222527
1.43, 1221038
1.44, 1220972
1.44, 1219934
1.44, 1214708
1.44, 1214303
1.44, 1213321
1.44, 1212290
1.44, 1211877
1.44, 1211294
1.44, 1209880
1.44, 1209862
1.44, 1206002
1.44, 1199294
1.44, 1197970
1.44, 1190778
1.44, 1190377
1.44, 1189191
1.44, 1183456
1.44, 1182468
1.44, 1180319
1.44, 1175581
1.44, 1175578
1.44, 1173387
1.44, 1170710
1.44, 1169691
1.44, 1167376
1.44, 1166273
1.44, 1165090
1.44, 1164082
1.44, 1161388
1.44, 1161337
1.44, 1161308
1.44, 1159787
1.44, 1158638
1.44, 1150694
1.44, 1150380
1.44, 1149231
1.44, 1148715
1.44, 1146823
1.44, 1146167
1.45, 1143166
1.45, 1141648
1.45, 1141290
1.45, 1140154
1.45, 1138400
1.45, 1138358
1.45, 1135733
1.45, 1133730
1.45, 1133702
1.45, 1133460
1.45, 1132512
1.45, 1128324
1.45, 1127198
1.45, 1127053
1.45, 1125763
1.45, 1122746
1.45, 1121984
1.45, 1121658
1.45, 1120959
1.45, 1120175
1.46, 1120054
1.46, 1117495
1.46, 1117434
1.46, 1116916
1.46, 1116765
1.46, 1116298
1.46, 1111378
1.46, 1110134
1.46, 1097710
1.46, 1097125
1.46, 1095315
1.46, 1095274
1.5, 1090773
1.5, 1090600
1.5, 1088983
1.5, 1085446
1.5, 1084992
1.5, 1083431
1.5, 1079677
1.5, 1079547
1.5, 1078290
1.5, 1077694
1.5, 1077100
1.5, 1076942
1.5, 1075888
1.5, 1071150
1.5, 1071101
1.5, 1069743
1.5, 1069659
1.5, 1067748
1.51, 1067550
1.51, 1066519
1.51, 1065251
1.51, 1065056
1.51, 1062088
1.51, 1061790
1.51, 1058726
1.51, 1058590
1.51, 1056478
1.51, 1055702
1.51, 1055362
1.51, 1053662
1.51, 1053452
1.51, 1052077
1.51, 1049755
1.51, 1047906
1.51, 1046300
1.51, 1045678
1.51, 1044650
1.52, 1043890
1.52, 1042808
1.52, 1042726
1.52, 1042309
1.52, 1036070
1.52, 1036017
1.52, 1034359
1.52, 1033116
1.52, 1032526
1.52, 1032355
1.52, 1031908
1.52, 1030458
1.52, 1028502
1.52, 1027225
1.52, 1026255
1.52, 1026147
1.52, 1026141
1.52, 1025811
1.52, 1025148
1.52, 1023209
1.52, 1020529
1.52, 1019691
1.52, 1016418
1.52, 1015341
1.52, 1013753
1.52, 1012154
1.52, 1009215
1.52, 1009188
1.52, 1006991
1.52, 1006922
1.52, 1006099
1.53, 1004089
1.53, 993937
1.53, 993201
1.53, 991630
1.53, 989087
1.53, 987949
1.53, 985524
1.53, 983931
1.53, 983861
1.53, 983260
1.53, 983129
1.53, 982148
1.53, 981500
1.54, 980369
1.54, 979507
1.54, 979083
1.54, 978928
1.54, 978888
1.54, 977613
1.54, 977203
1.54, 976608
1.54, 973443
1.54, 970886
1.54, 964604
1.54, 962861
1.54, 962192
1.54, 961729
1.55, 959918
1.55, 949533
1.55, 947777
1.56, 946053
1.56, 945406
1.56, 943046
1.56, 942817
1.56, 942572
1.56, 942465
1.56, 936716
1.56, 933628
1.56, 933473
1.56, 932872
1.56, 932759
1.56, 932405
1.56, 931213
1.56, 930380
1.56, 928785
1.56, 926295
1.56, 924929
1.56, 921526
1.56, 920707
1.56, 919984
1.56, 918636
1.56, 918605
1.56, 918166
1.56, 917540
1.57, 916493
1.57, 914615
1.57, 914335
1.57, 911803
1.57, 911648
1.57, 911124
1.57, 911117
1.57, 911006
1.57, 909950
1.57, 908412
1.57, 908230
1.57, 905570
1.57, 905046
1.57, 904379
1.58, 903665
1.58, 903243
1.58, 898316
1.59, 898220
1.59, 897739
1.59, 897730
1.59, 896971
1.59, 896706
1.59, 896620
1.59, 892780
1.59, 891162
1.59, 890654
1.61, 888833
1.61, 888586
1.61, 887303
1.61, 881174
1.61, 880873
1.61, 879825
1.61, 879340
1.61, 877824
1.61, 876720
1.61, 873335
1.62, 872458
1.62, 872147
1.62, 871753
1.62, 868884
1.62, 867771
1.62, 867358
1.62, 866517
1.62, 865578
1.62, 865372
1.62, 865313
1.63, 864923
1.63, 863446
1.63, 863389
1.63, 863351
1.63, 861779
1.63, 861721
1.63, 861304
1.63, 858181
1.63, 857805
1.63, 857537
1.64, 849643
1.64, 848440
1.64, 846781
1.64, 844301
1.64, 842439
1.65, 841159
1.65, 840755
1.65, 840465
1.66, 840102
1.66, 838879
1.66, 837592
1.66, 835056
1.66, 834859
1.66, 834442
1.66, 833495
1.66, 832727
1.66, 832162
1.66, 830493
1.66, 830428
1.66, 829765
1.66, 829103
1.66, 828723
1.66, 828616
1.66, 827986
1.66, 826416
1.66, 824299
1.66, 823508
1.66, 821914
1.66, 820953
1.66, 820413
1.67, 819396
1.67, 818725
1.67, 818006
1.67, 817268
1.67, 816712
1.67, 815874
1.67, 814886
1.67, 814438
1.67, 814321
1.67, 813830
1.67, 810684
1.68, 808050
1.68, 807732
1.68, 807600
1.68, 807587
1.68, 807147
1.68, 804253
1.68, 803239
1.68, 802549
1.68, 802384
1.68, 800508
1.69, 800267
1.69, 799826
1.69, 798215
1.69, 796583
1.69, 796511
1.69, 795874
1.69, 795406
1.69, 795315
1.69, 794872
1.69, 794380
1.69, 793068
1.69, 792850
1.69, 792635
1.69, 791877
1.69, 791754
1.7, 791454
1.7, 790013
1.7, 789859
1.7, 789816
1.7, 788961
1.71, 788864
1.71, 787353
1.71, 787208
1.71, 786611
1.71, 783851
1.71, 783489
1.71, 782450
1.71, 781786
1.72, 781157
1.72, 781003
1.72, 780890
1.72, 780541
1.72, 777255
1.72, 774821
1.73, 774059
1.73, 773929
1.73, 773721
1.73, 771372
1.73, 765393
1.75, 765234
1.75, 753484
1.75, 753183
1.75, 752751
1.76, 751800
1.76, 751639
1.76, 751366
1.76, 751336
1.76, 750933
1.76, 750514
1.76, 750379
1.76, 750121
1.76, 749147
1.76, 745748
1.77, 745618
1.77, 743835
1.77, 743396
1.77, 741966
1.77, 736923
1.77, 736402
1.77, 736277
1.77, 736097
1.77, 735607
1.78, 735490
1.78, 734671
1.78, 733635
1.78, 731837
1.78, 731439
1.78, 729720
1.78, 726901
1.78, 726406
1.79, 726256
1.79, 725717
1.79, 723777
1.79, 723383
1.79, 723280
1.79, 722891
1.8, 722884
1.8, 722096
1.8, 721400
1.8, 720827
1.8, 720657
1.81, 718342
1.81, 718265
1.81, 717663
1.81, 717492
1.81, 713397
1.81, 713246
1.81, 712507
1.81, 712256
1.82, 711973
1.82, 711303
1.82, 711214
1.82, 710960
1.82, 710932
1.82, 710592
1.83, 709235
1.83, 707810
1.83, 707753
1.83, 707420
1.83, 707056
1.83, 706816
1.84, 706559
1.84, 705583
1.84, 705487
1.84, 705274
1.84, 704933
1.84, 704751
1.85, 704443
1.85, 704016
1.85, 703806
1.85, 703370
1.86, 703316
1.86, 702240
1.86, 702192
1.86, 701697
1.86, 701696
1.87, 701589
1.87, 701314
1.87, 701278
1.87, 699494
1.87, 699453
1.87, 698207
1.88, 696597
1.88, 696535
1.88, 696255
1.88, 695875
1.89, 694927
1.89, 694265
1.89, 694164
1.89, 692136
1.89, 691684
1.89, 691663
1.9, 691418
1.9, 691348
1.91, 690610
1.91, 690468
1.91, 690343
1.91, 690130
1.91, 689816
1.91, 689019
1.91, 688775
1.92, 688754
1.92, 688557
1.92, 688087
1.92, 687631
1.93, 687213
1.93, 686580
1.93, 685585
1.94, 684452
1.94, 684386
1.94, 683917
1.95, 683819
1.95, 683813
1.95, 683424
1.95, 683386
1.95, 683334
1.96, 683125
1.97, 682242
1.97, 682216
1.98, 681381
1.98, 680955
1.99, 680604
2.0, 679771
2.0, 678941
2.01, 678518
2.01, 678464
2.03, 678108
2.03, 676751
2.03, 676729
2.04, 675390
2.05, 675195
2.05, 674948
2.05, 674896
2.06, 674874
2.08, 674168
2.09, 673892
2.09, 673473
2.09, 671715
2.1, 671693
2.12, 671095
2.12, 670634
2.13, 670527
2.14, 670267
2.15, 669281
2.17, 669098
2.21, 667800
2.22, 667798
2.24, 667738
2.24, 667576
2.28, 666352
2.29, 666211
2.29, 666209
2.3, 665607
2.32, 664940
2.54, 664912
