0.0, 7191377
0.0, 7174833
0.0, 7172020
0.0, 7162846
0.0, 7148752
0.0, 7110439
0.0, 7072596
0.0, 7069803
0.0, 7065082
0.0, 7044588
0.0, 7035595
0.0, 7035365
0.0, 7032294
0.0, 7026819
0.0, 6949804
0.0, 6934829
0.0, 6930513
0.0, 6928953
0.0, 6927914
0.0, 6918206
0.0, 6816703
0.0, 6813913
0.01, 6811646
0.01, 6796980
0.01, 6751414
0.01, 6713551
0.01, 6697784
0.01, 6696904
0.01, 6665666
0.01, 6665342
0.01, 6652749
0.01, 6652374
0.01, 6615286
0.04, 6589862
0.04, 6554797
0.04, 6508992
0.04, 6497702
0.04, 6497375
0.04, 6487085
0.04, 6479130
0.16, 6462919
0.23, 6444021
0.23, 6438503
0.23, 6398847
0.23, 6396615
0.23, 6391511
0.23, 6389741
0.23, 6384394
0.34, 6369425
0.34, 6325145
0.34, 6301449
0.36, 6279791
0.36, 6267415
0.36, 6267385
0.36, 6251256
0.36, 6239612
0.36, 6236569
0.36, 6227527
0.36, 6216763
0.65, 6166914
0.65, 6156254
0.65, 6109182
0.65, 6090918
0.65, 6079643
0.74, 6074427
0.74, 6070514
0.74, 6065529
0.74, 6060970
0.74, 6058541
0.74, 6042077
0.74, 6015012
0.74, 6014224
0.74, 6012259
0.74, 5989569
0.74, 5982741
0.74, 5967178
0.74, 5959186
0.74, 5958808
0.74, 5956729
0.74, 5955587
0.75, 5945658
0.75, 5942037
0.75, 5939504
0.75, 5925548
0.75, 5911324
0.75, 5899560
0.75, 5884103
0.75, 5856590
0.75, 5848588
0.75, 5833483
0.75, 5831343
0.75, 5830808
0.75, 5826392
0.75, 5807334
0.75, 5803558
0.75, 5766141
0.75, 5743397
0.75, 5725238
0.75, 5710343
0.75, 5662229
0.75, 5651131
0.75, 5643250
0.79, 5624543
0.79, 5622205
0.79, 5620729
0.79, 5620554
0.79, 5616309
0.84, 5601149
0.84, 5594950
0.84, 5591439
0.84, 5583621
0.84, 5519151
0.84, 5477803
0.84, 5473820
0.84, 5460799
0.84, 5460412
0.84, 5450582
0.84, 5448333
0.84, 5438344
0.84, 5420795
0.84, 5408521
0.84, 5374931
0.84, 5371328
0.84, 5333366
0.84, 5331053
0.84, 5300370
0.84, 5292968
0.84, 5286516
0.84, 5259410
0.84, 5253020
0.84, 5249869
0.84, 5233951
0.84, 5223990
0.84, 5219277
0.84, 5132439
0.87, 5113848
0.87, 5096725
0.87, 5077222
0.87, 5070888
0.87, 5068622
0.87, 5067588
0.87, 5056852
0.87, 5051196
0.87, 5039664
0.87, 5035407
0.87, 5030863
0.87, 5022587
0.87, 5021530
0.87, 5021358
0.87, 5021081
0.89, 4983351
0.89, 4976564
0.89, 4974498
0.89, 4964803
0.89, 4958831
0.89, 4958702
0.89, 4958319
0.89, 4954992
0.89, 4930344
0.89, 4922770
0.89, 4919603
0.89, 4887293
0.89, 4871927
0.89, 4864219
0.89, 4827846
0.89, 4821360
0.89, 4819639
0.9, 4817341
0.9, 4815321
0.9, 4808854
0.9, 4800873
0.9, 4796530
0.9, 4791343
0.9, 4779420
0.9, 4766753
0.91, 4736963
0.91, 4730717
0.91, 4730511
0.91, 4707265
0.91, 4702420
0.91, 4664695
0.92, 4660594
0.92, 4649431
0.92, 4636110
0.92, 4636068
0.92, 4631179
0.92, 4624613
0.92, 4614357
0.92, 4613631
0.92, 4601763
0.92, 4543275
0.92, 4502634
0.92, 4502459
0.92, 4439693
0.92, 4432613
0.92, 4432356
0.92, 4419431
0.92, 4402911
0.92, 4397085
0.92, 4395638
0.92, 4372286
0.92, 4340695
0.95, 4333993
0.95, 4331636
0.95, 4331580
0.95, 4323757
0.95, 4323372
0.95, 4306764
0.95, 4306372
0.95, 4292605
0.95, 4289280
0.95, 4279038
0.95, 4275496
0.95, 4258257
0.95, 4241591
0.95, 4148572
0.95, 4142428
0.95, 4121928
0.95, 4116842
0.95, 4111160
0.95, 4084669
0.95, 4083287
0.95, 4078979
0.95, 4062238
0.95, 4034442
0.95, 4025729
0.95, 4021133
0.98, 4011461
0.98, 4008824
0.98, 4004933
0.98, 3994202
0.98, 3945385
0.98, 3935932
0.98, 3930164
0.98, 3916804
0.98, 3907058
0.98, 3906780
0.98, 3892069
0.98, 3890076
0.98, 3887061
0.98, 3883648
0.98, 3865980
0.98, 3848183
0.98, 3847131
0.98, 3841499
0.98, 3836853
0.98, 3803176
0.98, 3802621
0.98, 3794493
0.98, 3792803
0.98, 3788535
0.98, 3781179
0.98, 3755916
0.98, 3732807
0.98, 3732085
0.98, 3724617
1.0, 3717492
1.0, 3716982
1.0, 3706945
1.0, 3669379
1.0, 3651635
1.0, 3639248
1.0, 3638720
1.0, 3636362
1.0, 3633114
1.01, 3627154
1.01, 3626862
1.01, 3625104
1.01, 3624850
1.01, 3615815
1.01, 3611897
1.01, 3602494
1.01, 3602339
1.01, 3596335
1.01, 3595512
1.01, 3589725
1.01, 3580982
1.01, 3571794
1.01, 3569082
1.01, 3561533
1.01, 3554344
1.01, 3547363
1.01, 3491768
1.02, 3488230
1.02, 3485822
1.02, 3471889
1.02, 3471025
1.02, 3439693
1.02, 3435902
1.02, 3427020
1.02, 3420647
1.02, 3419620
1.02, 3382230
1.03, 3351273
1.03, 3342883
1.03, 3340279
1.03, 3306284
1.03, 3303482
1.03, 3299452
1.03, 3289762
1.03, 3277635
1.03, 3275729
1.03, 3273121
1.03, 3256058
1.03, 3253039
1.03, 3249560
1.03, 3229702
1.03, 3229478
1.03, 3224066
1.03, 3220791
1.03, 3219150
1.03, 3218035
1.03, 3216840
1.03, 3211581
1.03, 3210762
1.03, 3204501
1.03, 3202652
1.03, 3197116
1.03, 3190034
1.03, 3165477
1.03, 3152044
1.03, 3147221
1.03, 3133056
1.03, 3113963
1.03, 3107333
1.03, 3102678
1.03, 3092726
1.03, 3092578
1.03, 3084131
1.03, 3083075
1.04, 3070677
1.04, 3064379
1.04, 3063133
1.04, 3062056
1.04, 3057230
1.04, 3052441
1.04, 3052338
1.04, 3051456
1.04, 3043197
1.07, 3038207
1.07, 3036850
1.07, 3034569
1.07, 2986061
1.07, 2980101
1.07, 2976047
1.07, 2974838
1.07, 2972583
1.07, 2944150
1.07, 2922440
1.07, 2917777
1.07, 2916327
1.07, 2906816
1.07, 2895382
1.07, 2889521
1.07, 2881321
1.07, 2878304
1.07, 2870106
1.07, 2866273
1.07, 2860772
1.07, 2848415
1.07, 2832962
1.07, 2824499
1.07, 2822130
1.07, 2810510
1.08, 2806632
1.08, 2804861
1.08, 2798959
1.08, 2794573
1.08, 2771890
1.08, 2770228
1.08, 2766337
1.08, 2760020
1.08, 2756012
1.08, 2745805
1.08, 2730145
1.08, 2727056
1.08, 2725100
1.08, 2708831
1.08, 2704338
1.08, 2700044
1.08, 2692651
1.08, 2686921
1.08, 2686599
1.09, 2654948
1.09, 2650297
1.09, 2648643
1.09, 2633400
1.09, 2632562
1.09, 2631427
1.09, 2625518
1.09, 2604814
1.09, 2598889
1.09, 2593725
1.09, 2591825
1.09, 2586479
1.09, 2581370
1.09, 2580844
1.09, 2574859
1.09, 2559730
1.09, 2554238
1.09, 2544192
1.09, 2542322
1.09, 2535764
1.09, 2534958
1.09, 2526776
1.09, 2515379
1.09, 2513695
1.09, 2513326
1.09, 2508773
1.09, 2504786
1.1, 2488240
1.1, 2487446
1.1, 2479375
1.1, 2476165
1.1, 2453071
1.1, 2433522
1.1, 2432441
1.1, 2422230
1.1, 2418144
1.1, 2414026
1.1, 2410768
1.1, 2404042
1.1, 2397850
1.1, 2389741
1.1, 2383434
1.1, 2375253
1.1, 2374738
1.1, 2372574
1.1, 2369026
1.1, 2361907
1.1, 2360859
1.1, 2359373
1.12, 2357789
1.12, 2350486
1.12, 2349145
1.12, 2345340
1.12, 2344378
1.12, 2343838
1.12, 2343259
1.12, 2342173
1.12, 2335864
1.12, 2335685
1.12, 2330630
1.12, 2330404
1.12, 2330038
1.12, 2329187
1.14, 2325715
1.14, 2319978
1.14, 2316058
1.14, 2287559
1.14, 2264032
1.14, 2257108
1.14, 2253193
1.14, 2234189
1.14, 2233928
1.14, 2228365
1.14, 2227645
1.14, 2225555
1.14, 2220494
1.14, 2214179
1.14, 2212742
1.15, 2210606
1.15, 2209436
1.15, 2206403
1.15, 2205992
1.15, 2205650
1.15, 2198300
1.15, 2192249
1.15, 2182080
1.15, 2179799
1.15, 2179646
1.15, 2175606
1.15, 2171352
1.15, 2168194
1.15, 2165210
1.15, 2154483
1.15, 2150598
1.16, 2133533
1.16, 2114779
1.16, 2109104
1.16, 2104321
1.16, 2100689
1.16, 2091816
1.16, 2087361
1.16, 2084581
1.16, 2082812
1.16, 2081731
1.16, 2079812
1.16, 2078013
1.16, 2074327
1.16, 2051563
1.16, 2050700
1.16, 2048894
1.16, 2040920
1.16, 2037854
1.16, 2029117
1.16, 2021149
1.16, 2020402
1.16, 2019328
1.16, 2010761
1.16, 2008032
1.16, 2007326
1.16, 2001864
1.16, 1980403
1.16, 1977670
1.16, 1977264
1.16, 1976955
1.16, 1975070
1.16, 1974575
1.16, 1974532
1.16, 1966264
1.16, 1960214
1.16, 1944829
1.16, 1943245
1.16, 1943222
1.16, 1942786
1.16, 1940234
1.16, 1939963
1.16, 1939608
1.16, 1939469
1.19, 1938545
1.19, 1936966
1.19, 1936313
1.19, 1931122
1.19, 1931081
1.19, 1930335
1.19, 1929892
1.19, 1925247
1.19, 1924627
1.19, 1921944
1.19, 1919901
1.19, 1909412
1.19, 1899109
1.19, 1898079
1.19, 1895069
1.19, 1894411
1.19, 1886215
1.19, 1883961
1.2, 1860788
1.2, 1857507
1.2, 1856906
1.2, 1853475
1.2, 1846475
1.2, 1843423
1.2, 1840408
1.2, 1837937
1.2, 1833917
1.2, 1830975
1.2, 1826995
1.2, 1814298
1.2, 1811886
1.2, 1804743
1.2, 1803277
1.21, 1802921
1.21, 1802796
1.21, 1800546
1.21, 1794991
1.21, 1792675
1.21, 1791476
1.21, 1785702
1.21, 1784381
1.21, 1784234
1.21, 1774400
1.21, 1771508
1.21, 1771235
1.21, 1763131
1.21, 1751317
1.21, 1750747
1.21, 1739601
1.21, 1737732
1.21, 1731815
1.21, 1728690
1.21, 1727484
1.21, 1720623
1.21, 1719114
1.21, 1709216
1.22, 1708471
1.22, 1708282
1.22, 1707853
1.22, 1704855
1.22, 1703463
1.22, 1697918
1.22, 1692670
1.22, 1686049
1.22, 1680602
1.22, 1677864
1.22, 1673555
1.22, 1654080
1.22, 1645972
1.22, 1645163
1.22, 1644905
1.22, 1643286
1.22, 1634173
1.22, 1628260
1.22, 1616109
1.22, 1615791
1.23, 1613408
1.23, 1609310
1.23, 1598386
1.23, 1593847
1.23, 1593091
1.23, 1579461
1.23, 1578164
1.23, 1576202
1.23, 1576165
1.23, 1573244
1.23, 1572266
1.23, 1570934
1.23, 1570803
1.23, 1567783
1.23, 1566833
1.23, 1566716
1.23, 1564205
1.23, 1559815
1.23, 1559538
1.23, 1558694
1.23, 1558427
1.23, 1551829
1.23, 1548092
1.23, 1540571
1.23, 1534893
1.23, 1534417
1.23, 1529250
1.23, 1529040
1.23, 1528115
1.23, 1525254
1.23, 1525073
1.23, 1512124
1.23, 1502748
1.23, 1502644
1.23, 1502463
1.23, 1497901
1.24, 1494314
1.24, 1494186
1.24, 1492879
1.24, 1489153
1.24, 1480091
1.24, 1479845
1.24, 1479603
1.24, 1478488
1.24, 1472835
1.24, 1469187
1.24, 1465824
1.24, 1465496
1.24, 1464910
1.24, 1462699
1.24, 1458001
1.24, 1456318
1.24, 1455287
1.24, 1449683
1.24, 1438858
1.24, 1438229
1.24, 1437872
1.24, 1430602
1.24, 1427035
1.24, 1422735
1.24, 1420904
1.24, 1420288
1.24, 1412836
1.24, 1402655
1.24, 1400717
1.24, 1397746
1.24, 1393349
1.24, 1393330
1.24, 1392709
1.24, 1389818
1.24, 1386356
1.24, 1383003
1.24, 1380936
1.26, 1380789
1.26, 1376459
1.26, 1373636
1.26, 1365014
1.26, 1364963
1.26, 1364701
1.26, 1364432
1.26, 1363066
1.26, 1363052
1.26, 1363045
1.26, 1362991
1.26, 1361941
1.26, 1359318
1.26, 1356528
1.26, 1351680
1.26, 1351169
1.26, 1338021
1.26, 1334931
1.26, 1333934
1.26, 1330376
1.26, 1328918
1.26, 1326384
1.27, 1325824
1.27, 1324715
1.27, 1321444
1.27, 1318815
1.28, 1314550
1.28, 1314100
1.28, 1306687
1.28, 1304025
1.28, 1301750
1.28, 1299293
1.28, 1296697
1.28, 1292895
1.28, 1291202
1.28, 1291170
1.28, 1291154
1.28, 1289055
1.28, 1286738
1.28, 1285849
1.28, 1282134
1.28, 1279137
1.28, 1276082
1.28, 1274993
1.28, 1274368
1.28, 1273255
1.28, 1271116
1.28, 1268433
1.28, 1265821
1.28, 1264283
1.28, 1260795
1.28, 1258477
1.28, 1258276
1.28, 1257928
1.28, 1257441
1.28, 1254038
1.28, 1243810
1.28, 1242973
1.28, 1242466
1.29, 1235831
1.29, 1234343
1.29, 1226755
1.29, 1225952
1.29, 1222386
1.29, 1221232
1.29, 1220336
1.29, 1217796
1.3, 1215009
1.3, 1213100
1.3, 1210192
1.3, 1207648
1.3, 1201549
1.3, 1199899
1.3, 1197504
1.3, 1195651
1.3, 1193660
1.3, 1193301
1.3, 1190728
1.3, 1190275
1.3, 1190247
1.3, 1189652
1.3, 1188727
1.3, 1186583
1.31, 1184321
1.31, 1182255
1.31, 1172327
1.31, 1172066
1.31, 1168152
1.31, 1167617
1.31, 1166036
1.31, 1162932
1.31, 1160868
1.31, 1160415
1.31, 1156701
1.31, 1151533
1.31, 1150771
1.31, 1150464
1.31, 1136836
1.31, 1136483
1.32, 1132218
1.32, 1131011
1.32, 1127797
1.34, 1124471
1.34, 1118591
1.34, 1117952
1.34, 1115267
1.34, 1115040
1.34, 1114678
1.34, 1110275
1.34, 1107814
1.34, 1106550
1.34, 1106031
1.34, 1105919
1.34, 1104313
1.34, 1097228
1.34, 1096298
1.34, 1093781
1.34, 1093724
1.34, 1092808
1.35, 1092711
1.35, 1091011
1.35, 1089069
1.35, 1088345
1.35, 1087867
1.35, 1087200
1.36, 1085186
1.36, 1083038
1.36, 1081648
1.36, 1080810
1.36, 1079967
1.36, 1078314
1.36, 1078247
1.36, 1075164
1.36, 1075084
1.36, 1072068
1.36, 1070945
1.36, 1067478
1.36, 1067468
1.36, 1064346
1.36, 1063785
1.36, 1061978
1.36, 1060074
1.36, 1060056
1.36, 1057504
1.36, 1056542
1.36, 1055183
1.36, 1055025
1.36, 1054224
1.36, 1053493
1.36, 1051253
1.36, 1048696
1.36, 1048402
1.36, 1046922
1.36, 1046377
1.36, 1034183
1.36, 1031483
1.36, 1026661
1.36, 1025715
1.36, 1020120
1.36, 1016367
1.37, 1015964
1.38, 1014504
1.38, 1011223
1.38, 1010574
1.38, 1010557
1.38, 1010159
1.38, 1009438
1.38, 1008724
1.39, 1008443
1.39, 1007869
1.39, 1006552
1.39, 1005158
1.39, 1002960
1.39, 1001726
1.39, 1000467
1.4, 999788
1.4, 999591
1.4, 998889
1.4, 998083
1.4, 997979
1.4, 994472
1.4, 992338
1.4, 991940
1.41, 990131
1.41, 989963
1.41, 987832
1.41, 986322
1.41, 984885
1.41, 983934
1.41, 981728
1.41, 977712
1.41, 977375
1.41, 976228
1.41, 975528
1.41, 975502
1.41, 975309
1.42, 974607
1.42, 973255
1.42, 972823
1.42, 972632
1.42, 971504
1.42, 970117
1.42, 969497
1.42, 961647
1.42, 960676
1.42, 960625
1.42, 959231
1.42, 957355
1.42, 953879
1.42, 953060
1.42, 952370
1.42, 952074
1.42, 951574
1.42, 951228
1.42, 950767
1.42, 948360
1.42, 946144
1.43, 945528
1.43, 944165
1.43, 942430
1.43, 940314
1.43, 939433
1.43, 933754
1.43, 931528
1.43, 927639
1.43, 925913
1.43, 924674
1.43, 923434
1.43, 922602
1.43, 922355
1.43, 921380
1.43, 920162
1.43, 915682
1.43, 914959
1.43, 914049
1.43, 912543
1.43, 912179
1.43, 911613
1.43, 910568
1.43, 910307
1.44, 909059
1.44, 907074
1.44, 903802
1.44, 903568
1.44, 902715
1.44, 902534
1.44, 901715
1.44, 901205
1.44, 899682
1.44, 897798
1.44, 897251
1.44, 897004
1.44, 896997
1.44, 895793
1.44, 895272
1.44, 892681
1.44, 889771
1.44, 889234
1.44, 889139
1.44, 887992
1.45, 886672
1.45, 885976
1.45, 884999
1.45, 884127
1.45, 882116
1.45, 881499
1.45, 881378
1.45, 878633
1.45, 878328
1.45, 876439
1.45, 876284
1.45, 876268
1.45, 876025
1.46, 872499
1.46, 872331
1.46, 869769
1.46, 866222
1.46, 864946
1.46, 864629
1.46, 861798
1.46, 861073
1.46, 860942
1.47, 859113
1.47, 857850
1.47, 856983
1.47, 856763
1.47, 856098
1.47, 854653
1.47, 854195
1.47, 854137
1.47, 853905
1.47, 853161
1.47, 852315
1.48, 850764
1.48, 850591
1.48, 850342
1.49, 850299
1.49, 849888
1.5, 849444
1.5, 847073
1.5, 844587
1.5, 843410
1.5, 843332
1.5, 840938
1.5, 840191
1.5, 839393
1.5, 836480
1.5, 836208
1.5, 835450
1.5, 834855
1.5, 832366
1.5, 831519
1.51, 830753
1.51, 826992
1.51, 825233
1.51, 825156
1.51, 822416
1.51, 820291
1.51, 816971
1.51, 816346
1.51, 815471
1.51, 815408
1.51, 814777
1.51, 813578
1.51, 811560
1.52, 810502
1.52, 810391
1.52, 809793
1.52, 809488
1.52, 807952
1.53, 807716
1.53, 805585
1.53, 805564
1.53, 805500
1.53, 803694
1.53, 802203
1.53, 802106
1.53, 795492
1.53, 795243
1.53, 794984
1.54, 794527
1.54, 794348
1.54, 794197
1.54, 793485
1.54, 792843
1.54, 792682
1.54, 792409
1.54, 791492
1.54, 788402
1.54, 788325
1.54, 786200
1.54, 784929
1.55, 784408
1.55, 783356
1.55, 783312
1.55, 783175
1.55, 782752
1.55, 782628
1.55, 782553
1.55, 781424
1.55, 780631
1.55, 780191
1.56, 778918
1.56, 776182
1.56, 775849
1.56, 775190
1.56, 774388
1.56, 774035
1.56, 773888
1.56, 773450
1.56, 773291
1.56, 772915
1.56, 771627
1.56, 771323
1.56, 770935
1.57, 768929
1.57, 768876
1.57, 767565
1.57, 767468
1.57, 766604
1.57, 766435
1.57, 766244
1.57, 765960
1.57, 765831
1.57, 765307
1.57, 765196
1.57, 765073
1.57, 765039
1.57, 763262
1.57, 762677
1.57, 762539
1.57, 762032
1.57, 760714
1.57, 759424
1.58, 758407
1.59, 758342
1.59, 757866
1.59, 757659
1.59, 757217
1.59, 757213
1.6, 757135
1.6, 756464
1.6, 755860
1.6, 755845
1.6, 755498
1.6, 755436
1.61, 754977
1.61, 753259
1.61, 752548
1.61, 751370
1.61, 751348
1.61, 751169
1.62, 750558
1.62, 747113
1.62, 745323
1.62, 745096
1.62, 743329
1.62, 743056
1.62, 742912
1.62, 742602
1.62, 742543
1.62, 738028
1.62, 736870
1.62, 736727
1.62, 736563
1.62, 736532
1.62, 735740
1.62, 734890
1.62, 734627
1.63, 733701
1.63, 733565
1.63, 733390
1.63, 732949
1.63, 732750
1.63, 732523
1.64, 732496
1.64, 731421
1.64, 730827
1.64, 730486
1.65, 730047
1.65, 729668
1.65, 729185
1.65, 729082
1.65, 728410
1.65, 728347
1.65, 727982
1.65, 727975
1.65, 727898
1.65, 727789
1.65, 727510
1.66, 726941
1.66, 726912
1.68, 726239
1.68, 725829
1.68, 725190
1.68, 723391
1.68, 722817
1.68, 722180
1.69, 721441
1.69, 721377
1.69, 721314
1.69, 720932
1.69, 720326
1.7, 719791
1.7, 718803
1.71, 716641
1.71, 716370
1.71, 715750
1.72, 715542
1.73, 715334
1.73, 715184
1.75, 714575
1.75, 714557
1.75, 713166
1.75, 712666
1.76, 712653
1.78, 711960
1.79, 711807
1.79, 709890
1.8, 708604
1.8, 708579
1.81, 708557
1.81, 707623
1.82, 707306
1.82, 707172
1.82, 707082
1.84, 706121
1.84, 706099
1.85, 705937
1.85, 705757
1.86, 705342
1.87, 705140
1.88, 703756
1.89, 703749
1.91, 703720
1.91, 701141
1.91, 697896
1.91, 697885
1.92, 697714
1.92, 696718
1.93, 696350
1.94, 695383
1.95, 695214
1.95, 694935
1.96, 694692
1.96, 694117
1.97, 693959
1.98, 693804
1.98, 693756
2.0, 693646
2.01, 693327
2.01, 693163
2.01, 692894
2.03, 692875
2.03, 692696
2.03, 692530
2.03, 692401
2.03, 691975
2.08, 691764
2.11, 691572
2.13, 691536
2.18, 690686
2.21, 690655
2.22, 690633
2.24, 690614
2.27, 690536
2.28, 688005
2.29, 687858
2.3, 687830
