195.64, 6810288
381.69, 6642037
568.67, 6497327
758.18, 6352797
947.28, 6209130
1169.8, 6069072
1361.08, 5934235
1601.34, 5803710
1804.0, 5674701
1992.23, 5550380
2186.61, 5426609
2374.89, 5305801
2562.53, 5189277
2750.97, 5076832
2938.42, 4973111
3127.97, 4870352
3316.3, 4775739
3507.0, 4682101
3697.4, 4587410
3886.81, 4497262
4075.87, 4407857
4264.84, 4320973
4454.7, 4234813
4644.58, 4150073
4835.19, 4070229
5025.42, 3984727
5216.88, 3905376
5404.89, 3827203
5594.16, 3753653
5785.28, 3675849
5973.61, 3602563
6163.78, 3533978
6354.43, 3464636
6545.47, 3398557
6738.23, 3330590
6928.23, 3265783
7117.62, 3198308
7303.98, 3132265
7492.78, 3069196
7683.84, 3007090
7876.0, 2947706
8066.09, 2891620
8255.68, 2833992
8446.27, 2778996
8634.99, 2726461
8825.97, 2675559
9014.85, 2623874
9205.95, 2573627
9394.37, 2524845
9585.81, 2479330
9777.58, 2435129
9968.8, 2390321
10158.21, 2347222
10345.61, 2304888
10537.52, 2263596
10729.19, 2225049
10919.8, 2183650
11109.01, 2146314
11297.82, 2109967
11485.45, 2073902
11678.33, 2038231
11867.1, 2003932
12056.2, 1970095
12246.36, 1936403
12439.06, 1903582
12631.36, 1870905
12821.3, 1839033
13011.81, 1803458
13201.63, 1771619
13391.62, 1739843
13577.82, 1710230
13769.05, 1682147
13957.62, 1654575
14148.66, 1625842
14338.75, 1598730
14531.1, 1573242
14725.05, 1547280
14914.54, 1521906
15102.72, 1499602
15291.76, 1477673
15478.94, 1456140
15667.31, 1435606
15856.22, 1417305
16045.1, 1401078
16235.77, 1385068
16426.43, 1369667
16614.78, 1354589
16806.49, 1339028
16993.98, 1324798
17184.11, 1310773
17374.36, 1296694
17562.74, 1283523
17754.63, 1269878
17943.87, 1248465
18131.58, 1236251
18321.86, 1224294
18509.65, 1210128
18700.39, 1198242
18890.46, 1187115
19079.16, 1176460
19268.64, 1164154
19456.62, 1153603
19648.88, 1143242
19837.14, 1132942
20025.94, 1122823
20215.87, 1112818
20404.9, 1102912
20593.18, 1093307
20782.14, 1084622
20973.41, 1075947
21161.68, 1067685
21351.45, 1059579
21539.36, 1051620
21731.47, 1043734
21920.61, 1036191
22111.14, 1026784
22303.4, 1018459
22494.25, 1011451
22683.93, 1004577
22875.38, 997704
23066.41, 990868
23256.28, 984322
23446.88, 977920
23639.77, 971618
23831.48, 965661
24021.73, 956541
24211.61, 950708
24402.59, 945664
24591.04, 939128
24781.66, 934292
24970.7, 929497
25161.63, 925082
25351.15, 919870
25540.38, 915049
25732.08, 910673
25920.71, 906524
26109.55, 902473
26299.27, 898505
26491.24, 894554
26681.37, 890475
26869.75, 886528
27059.64, 882599
27249.2, 877796
27438.03, 873917
27628.96, 870038
27820.37, 866166
28012.79, 862439
28203.25, 857512
28391.76, 853849
28583.24, 850237
28771.28, 846639
28961.47, 843053
29151.44, 839779
29338.3, 836591
29528.99, 833335
29730.87, 829932
29921.8, 826922
30110.82, 824070
30300.57, 820036
30490.29, 817163
30679.59, 814398
30871.33, 811089
31061.02, 808335
31248.07, 805448
31437.34, 802709
31627.9, 800042
31816.73, 797384
32005.24, 794737
32199.11, 792189
32387.62, 789779
32576.68, 787389
32765.5, 785202
32957.01, 783035
33149.25, 780924
33336.79, 778824
33526.48, 776824
33715.6, 774843
33907.6, 772921
34100.2, 771069
34287.69, 769227
34479.79, 766668
34672.82, 764848
34865.39, 763050
35055.27, 761284
35245.3, 758306
35436.95, 756549
35627.25, 754821
35818.67, 752872
36009.54, 751177
36198.72, 749499
36388.31, 747829
36578.81, 746205
36769.43, 744602
36959.87, 743060
37150.22, 741622
37339.55, 740220
37529.45, 738834
37716.72, 737453
37908.26, 736116
38099.22, 734804
38286.13, 733498
38473.25, 732274
38661.55, 731067
38852.29, 729947
39042.27, 728406
39231.55, 726238
39421.42, 723576
39612.21, 720562
39802.75, 718418
39992.65, 712191
40184.93, 710430
40374.6, 708714
40563.9, 707038
40752.23, 705659
40941.24, 704554
41130.9, 703511
41320.13, 702518
41512.38, 701536
41702.88, 700569
41891.44, 699482
42083.8, 698515
42275.15, 697571
42465.64, 696663
42654.26, 695826
42842.04, 694998
43032.52, 693747
43221.31, 692998
43409.78, 692298
43599.16, 691598
43790.25, 690943
43979.59, 690341
44168.29, 689740
44358.28, 689145
44547.7, 688566
44733.33, 688029
44920.92, 687546
45109.13, 685063
45298.86, 683738
45487.81, 683260
45679.12, 682822
45869.75, 682385
46059.92, 681959
46250.76, 681579
46442.34, 681260
46632.33, 680994
46821.31, 680761
47013.75, 680544
47204.48, 680350
47394.25, 680188
47584.8, 680022
47775.64, 679877
47965.68, 679748
48157.44, 679627
48348.94, 679419
48539.34, 679340
48727.8, 678895
48916.69, 678829
49107.03, 678313
49294.93, 678253
49482.18, 678218
49671.07, 677561
49862.83, 677533
