245.1, 6749943
444.58, 6564960
641.81, 6385977
837.31, 6240851
1054.4, 6095767
1252.21, 5946356
1448.54, 5808663
1668.53, 5666780
1863.53, 5529765
2059.82, 5411377
2254.94, 5282667
2449.26, 5164398
2644.17, 5053726
2837.66, 4944964
3034.36, 4840949
3228.56, 4742645
3423.19, 4644888
3618.32, 4548644
3815.59, 4446553
4009.95, 4356014
4201.31, 4265013
4394.97, 4175057
4590.2, 4089355
4784.41, 4004164
4980.24, 3922198
5176.91, 3848373
5369.71, 3770410
5565.45, 3693821
5760.49, 3621145
5954.98, 3550169
6147.03, 3482603
6337.78, 3415232
6534.05, 3349515
6729.08, 3285467
6923.95, 3223908
7118.74, 3166774
7315.14, 3106782
7508.47, 3049176
7702.45, 2992649
7898.67, 2935955
8095.06, 2880108
8289.74, 2824572
8486.86, 2767862
8683.75, 2720026
8877.33, 2674161
9071.86, 2629006
9265.0, 2577030
9459.5, 2534321
9652.81, 2490717
9845.16, 2450238
10039.47, 2409810
10236.36, 2369479
10430.01, 2329593
10625.6, 2290835
10821.56, 2251778
11015.96, 2212141
11210.46, 2175348
11404.83, 2137152
11600.15, 2101768
11794.56, 2064286
11989.14, 2029008
12184.0, 1993998
12378.04, 1960486
12573.79, 1923957
12770.49, 1886092
12965.55, 1852601
13161.21, 1820546
13354.64, 1788303
13547.41, 1758110
13742.84, 1731381
13936.28, 1705001
14129.68, 1676347
14325.42, 1651568
14519.88, 1623595
14711.88, 1595876
14907.57, 1569584
15102.8, 1545234
15297.14, 1522233
15491.36, 1500854
15685.69, 1478733
15879.98, 1459846
16073.41, 1441801
16266.85, 1422553
16462.15, 1404600
16653.25, 1386962
16847.26, 1369803
17042.24, 1353739
17236.3, 1337731
17429.71, 1321783
17624.89, 1305818
17818.41, 1291487
18014.32, 1275790
18209.68, 1259836
18413.41, 1246980
18634.12, 1233468
18847.92, 1220954
19057.55, 1208064
19263.27, 1196041
19471.8, 1177785
19668.26, 1163250
19876.22, 1150335
20092.29, 1136894
20294.34, 1125980
20490.01, 1115480
20685.23, 1105175
20879.4, 1095229
21072.38, 1085517
21267.72, 1076091
21464.96, 1066575
21660.32, 1057290
21854.56, 1048012
22051.58, 1039393
22245.17, 1031009
22437.38, 1023053
22631.42, 1015331
22828.89, 1007923
23024.28, 1000668
23218.42, 989849
23413.12, 982660
23607.75, 975769
23803.17, 969045
23998.62, 962499
24191.94, 956336
24385.99, 950444
24580.93, 944313
24777.54, 938063
24975.64, 932199
25170.36, 925540
25363.26, 919931
25559.47, 914370
25754.43, 909649
25950.31, 905167
26144.83, 900936
26338.65, 896729
26534.12, 892680
26728.22, 888882
26922.41, 884780
27114.8, 881003
27310.7, 877327
27503.53, 873674
27703.44, 870071
27908.33, 866559
28112.74, 861888
28306.74, 858452
28500.9, 855122
28695.68, 851084
28890.6, 846147
29083.38, 841260
29279.15, 834927
29471.49, 830327
29667.19, 826534
29862.76, 822748
30059.37, 819563
30253.21, 816078
30445.88, 812914
30639.83, 809741
30835.34, 806585
31028.88, 803534
31223.46, 799544
31419.08, 796607
31614.27, 793684
31808.74, 790829
32004.55, 787295
32198.78, 784604
32395.04, 781918
32588.15, 779288
32785.51, 776680
32981.63, 774109
33176.81, 771827
33372.14, 769548
33568.87, 767304
33765.86, 765087
33961.47, 762956
34156.02, 760829
34349.62, 758861
34545.6, 756221
34743.87, 754255
34943.34, 752336
35138.93, 750470
35335.01, 748555
35531.91, 746190
35728.0, 744354
35921.14, 742044
36113.51, 738335
36309.07, 736504
36502.4, 734810
36697.22, 733223
36892.04, 731672
37086.08, 730379
37278.42, 729139
37473.14, 727920
37668.63, 726708
37863.91, 725417
38060.96, 724205
38255.69, 722935
38449.68, 721747
38641.72, 720582
38836.61, 719417
39038.68, 718268
39241.64, 717141
39437.04, 713569
39631.87, 712136
39827.36, 711012
40021.0, 709960
40214.33, 707569
40408.45, 706546
40604.48, 705607
40800.71, 704733
40995.53, 703862
41186.8, 702249
41380.75, 701091
41575.38, 700271
41768.14, 699480
41962.26, 698700
42156.76, 697989
42349.98, 697288
42545.81, 696457
42741.52, 695835
42938.11, 695147
43131.68, 694533
43324.58, 693984
43519.45, 693455
43712.29, 692718
43906.87, 692202
44101.99, 691705
44295.51, 691215
44488.3, 690762
44683.38, 690310
44879.28, 689891
45074.37, 689486
45269.79, 689084
45464.54, 688712
45659.08, 688399
45854.09, 688103
46049.38, 687362
46244.77, 686670
46439.72, 686041
46632.7, 685334
46826.01, 684732
47020.67, 684356
47215.85, 684061
47409.78, 683773
47602.96, 683514
47797.65, 683267
47991.03, 683024
48185.72, 682862
48379.02, 682709
48574.2, 682564
48769.68, 682458
48965.76, 682388
49160.1, 681283
49353.82, 681221
49546.16, 681160
49743.18, 680756
49940.95, 679925
50137.65, 679548
50331.73, 678830
50530.37, 677884
50729.05, 677862
