0.0, 7373656
0.0, 7369387
0.0, 7368631
0.0, 7368293
0.0, 7360089
0.0, 7337273
0.0, 7322447
0.0, 7310717
0.0, 7210038
0.0, 7201554
0.0, 7188937
0.0, 7188119
0.0, 7175592
0.0, 7169881
0.0, 7166869
0.0, 7156282
0.0, 7095396
0.0, 7087097
0.0, 7085011
0.0, 7084926
0.0, 7060678
0.0, 7040921
0.0, 7037772
0.0, 7020005
0.0, 7016366
0.0, 7009997
0.0, 7008904
0.0, 6993845
0.0, 6993804
0.0, 6992514
0.0, 6990338
0.0, 6976598
0.0, 6962854
0.0, 6944412
0.0, 6924205
0.0, 6904011
0.0, 6903410
0.0, 6903138
0.0, 6855034
0.0, 6852040
0.0, 6838757
0.0, 6826813
0.0, 6822643
0.0, 6818058
0.0, 6806381
0.0, 6700225
0.0, 6699610
0.0, 6687246
0.0, 6655361
0.0, 6606321
0.0, 6486069
0.0, 6476422
0.0, 6406045
0.0, 6403385
0.0, 6375251
0.36, 6361960
0.36, 6355455
0.53, 6277240
0.53, 6242109
0.63, 6232700
0.63, 6224074
0.63, 6219372
0.63, 6163137
0.63, 6154467
0.65, 6131317
0.65, 6115922
0.65, 6094084
0.65, 6089142
0.65, 6083951
0.65, 6052209
0.65, 6047585
0.65, 6046355
0.65, 6002541
0.65, 6002267
0.65, 5987021
0.65, 5959461
0.65, 5937202
0.65, 5935320
0.67, 5915776
0.67, 5911690
0.67, 5897484
0.67, 5897029
0.67, 5895632
0.67, 5887733
0.67, 5886042
0.67, 5845380
0.75, 5828059
0.75, 5802155
0.75, 5801361
0.75, 5800641
0.75, 5800112
0.75, 5782450
0.75, 5777672
0.76, 5771191
0.76, 5769079
0.76, 5764595
0.76, 5737473
0.76, 5731427
0.76, 5729178
0.76, 5705236
0.76, 5697434
0.76, 5696258
0.76, 5674540
0.76, 5673001
0.76, 5671707
0.76, 5653269
0.76, 5652756
0.76, 5609457
0.76, 5589541
0.76, 5533662
0.78, 5531760
0.78, 5531285
0.78, 5529636
0.78, 5528499
0.78, 5526129
0.78, 5508537
0.78, 5489363
0.78, 5482478
0.78, 5469209
0.78, 5459581
0.78, 5458966
0.78, 5457009
0.78, 5449433
0.8, 5426702
0.8, 5426515
0.8, 5425886
0.8, 5401292
0.8, 5398775
0.8, 5385461
0.8, 5378209
0.81, 5352423
0.81, 5335339
0.81, 5331374
0.81, 5311749
0.81, 5308851
0.81, 5292192
0.81, 5287270
0.81, 5261668
0.81, 5258996
0.81, 5258504
0.81, 5251770
0.81, 5247226
0.81, 5238540
0.81, 5223545
0.81, 5214714
0.81, 5211009
0.81, 5193404
0.81, 5186251
0.81, 5138350
0.81, 5127192
0.82, 5102673
0.83, 5094706
0.83, 5094086
0.83, 5073490
0.83, 5073085
0.83, 5072397
0.84, 5069745
0.84, 5064180
0.84, 5008406
0.84, 5008050
0.84, 5005856
0.84, 5001597
0.84, 4994837
0.84, 4967753
0.84, 4965439
0.84, 4955894
0.84, 4926125
0.84, 4918951
0.85, 4892346
0.85, 4877183
0.85, 4876825
0.85, 4869355
0.85, 4863323
0.85, 4850869
0.85, 4850246
0.85, 4821971
0.85, 4820561
0.85, 4789223
0.85, 4783329
0.85, 4758889
0.85, 4752340
0.85, 4747283
0.85, 4742548
0.85, 4684853
0.85, 4651227
0.85, 4651071
0.85, 4649288
0.88, 4634968
0.88, 4632351
0.88, 4614715
0.88, 4600464
0.88, 4593647
0.88, 4573205
0.88, 4572085
0.88, 4561934
0.88, 4538973
0.88, 4532893
0.89, 4498745
0.89, 4491635
0.89, 4489857
0.89, 4484266
0.89, 4472453
0.89, 4458235
0.89, 4447960
0.89, 4435572
0.89, 4434721
0.89, 4433543
0.89, 4431773
0.89, 4431613
0.89, 4426880
0.89, 4410126
0.9, 4404205
0.9, 4404119
0.9, 4387238
0.9, 4379461
0.9, 4377484
0.9, 4366640
0.9, 4363020
0.9, 4362331
0.9, 4359586
0.9, 4355087
0.9, 4353302
0.9, 4346971
0.9, 4309922
0.9, 4306475
0.9, 4304771
0.9, 4303991
0.9, 4275001
0.9, 4264155
0.9, 4262964
0.9, 4259689
0.9, 4257641
0.9, 4251886
0.9, 4247232
0.9, 4246781
0.9, 4240117
0.9, 4233001
0.9, 4214221
0.9, 4199819
0.9, 4159092
0.9, 4148443
0.9, 4147755
0.9, 4145096
0.9, 4128773
0.9, 4119963
0.9, 4117838
0.9, 4111093
0.9, 4110277
0.9, 4061579
0.9, 4051512
0.9, 4027328
0.9, 4017068
0.9, 4016821
0.9, 3988994
0.9, 3987899
0.9, 3986428
0.9, 3985213
0.9, 3974211
0.9, 3971500
0.9, 3960326
0.9, 3960199
0.9, 3960094
0.9, 3957900
0.9, 3957273
0.9, 3956528
0.9, 3953352
0.9, 3952890
0.9, 3948168
0.9, 3943995
0.9, 3934757
0.9, 3917154
0.9, 3902511
0.9, 3895105
0.91, 3843679
0.91, 3840454
0.91, 3839391
0.91, 3834907
0.91, 3830175
0.91, 3829569
0.91, 3827167
0.91, 3824997
0.91, 3821724
0.91, 3813371
0.91, 3810325
0.91, 3804376
0.91, 3802600
0.91, 3798440
0.91, 3797435
0.92, 3794881
0.92, 3791375
0.92, 3791272
0.92, 3788671
0.92, 3763893
0.92, 3763176
0.92, 3740705
0.92, 3716149
0.92, 3688099
0.92, 3687333
0.92, 3661683
0.92, 3613751
0.92, 3587499
0.93, 3580456
0.93, 3575271
0.93, 3567205
0.96, 3544240
0.96, 3530522
0.96, 3525637
0.96, 3523658
0.96, 3523470
0.96, 3521138
0.96, 3515128
0.96, 3504170
0.96, 3503950
0.96, 3498932
0.96, 3495465
0.98, 3492351
0.98, 3491593
0.98, 3483202
0.98, 3418126
0.99, 3417276
0.99, 3386176
0.99, 3381200
0.99, 3365063
0.99, 3344926
0.99, 3336122
0.99, 3333695
0.99, 3326627
0.99, 3308324
0.99, 3303951
0.99, 3300669
0.99, 3293286
0.99, 3291649
0.99, 3289497
0.99, 3271263
0.99, 3250173
0.99, 3244811
0.99, 3244203
0.99, 3230649
0.99, 3229431
0.99, 3229272
0.99, 3208915
0.99, 3208877
0.99, 3204680
0.99, 3201157
0.99, 3198831
0.99, 3179913
0.99, 3171811
0.99, 3171801
0.99, 3171390
0.99, 3168083
0.99, 3166789
0.99, 3161490
0.99, 3143145
0.99, 3143086
0.99, 3142548
0.99, 3136216
0.99, 3135434
0.99, 3134124
0.99, 3132351
0.99, 3127591
0.99, 3120293
0.99, 3105472
0.99, 3105176
1.0, 3102804
1.0, 3098359
1.0, 3097251
1.0, 3093150
1.0, 3082431
1.0, 3073892
1.0, 3037060
1.0, 3036056
1.0, 3030637
1.0, 3027358
1.0, 3022810
1.0, 3021977
1.0, 3003648
1.0, 3003080
1.0, 2998658
1.0, 2994640
1.0, 2992691
1.0, 2991465
1.0, 2990382
1.0, 2972534
1.0, 2966100
1.0, 2946144
1.0, 2945569
1.0, 2944053
1.0, 2941181
1.0, 2940303
1.0, 2935215
1.0, 2927145
1.0, 2922226
1.0, 2917770
1.0, 2917167
1.0, 2905154
1.0, 2899905
1.0, 2892007
1.0, 2890820
1.0, 2886497
1.0, 2880419
1.0, 2879685
1.0, 2878742
1.02, 2855807
1.02, 2843570
1.02, 2841781
1.02, 2839418
1.02, 2821913
1.02, 2793784
1.02, 2786657
1.02, 2772123
1.02, 2772115
1.02, 2769145
1.02, 2763726
1.02, 2761718
1.02, 2759529
1.02, 2731522
1.02, 2725609
1.03, 2721870
1.03, 2721261
1.03, 2720497
1.03, 2718871
1.03, 2712876
1.03, 2709358
1.03, 2709315
1.03, 2707929
1.03, 2691323
1.03, 2676659
1.03, 2673493
1.03, 2672745
1.03, 2671006
1.03, 2646207
1.03, 2624292
1.03, 2602563
1.03, 2596854
1.03, 2591095
1.03, 2587153
1.03, 2573016
1.03, 2569661
1.03, 2564881
1.03, 2564752
1.03, 2559009
1.03, 2558672
1.03, 2554945
1.03, 2553952
1.03, 2544789
1.03, 2527976
1.03, 2523932
1.03, 2521721
1.03, 2502358
1.03, 2502305
1.03, 2500219
1.03, 2492802
1.03, 2483433
1.03, 2478239
1.05, 2477545
1.05, 2477070
1.05, 2471310
1.05, 2468990
1.05, 2467930
1.05, 2463140
1.05, 2460618
1.05, 2457557
1.05, 2456248
1.05, 2429924
1.05, 2428407
1.05, 2427269
1.05, 2426291
1.05, 2417180
1.06, 2416801
1.06, 2410468
1.06, 2404759
1.06, 2404746
1.06, 2400959
1.06, 2399750
1.06, 2395756
1.06, 2385646
1.06, 2381717
1.06, 2380959
1.06, 2380001
1.06, 2353647
1.06, 2348436
1.06, 2344921
1.06, 2342485
1.06, 2340371
1.06, 2340352
1.06, 2339138
1.06, 2336910
1.07, 2332549
1.07, 2304830
1.07, 2292870
1.07, 2280396
1.07, 2279913
1.07, 2270622
1.07, 2263154
1.07, 2262572
1.07, 2261336
1.07, 2259441
1.07, 2258923
1.07, 2258832
1.07, 2253544
1.07, 2253008
1.07, 2251330
1.07, 2249471
1.07, 2248133
1.07, 2244500
1.07, 2243582
1.07, 2243453
1.07, 2241318
1.07, 2239084
1.08, 2236973
1.08, 2217606
1.08, 2213867
1.08, 2210012
1.08, 2209234
1.08, 2201879
1.08, 2201158
1.08, 2190262
1.08, 2180260
1.08, 2179445
1.08, 2177796
1.08, 2174511
1.08, 2165025
1.08, 2160651
1.08, 2157110
1.08, 2155772
1.08, 2153176
1.08, 2150717
1.08, 2149379
1.08, 2149267
1.08, 2148047
1.08, 2112059
1.08, 2094593
1.08, 2093901
1.08, 2093610
1.08, 2088527
1.08, 2087508
1.08, 2083989
1.08, 2081961
1.08, 2081203
1.08, 2080753
1.08, 2078675
1.08, 2049399
1.08, 2048680
1.09, 2047824
1.09, 2045517
1.09, 2045466
1.09, 2040963
1.09, 2029105
1.09, 2026737
1.09, 2022862
1.09, 2021710
1.09, 2020338
1.09, 2015059
1.09, 2011326
1.09, 2008580
1.09, 1995361
1.09, 1985989
1.09, 1985717
1.09, 1981707
1.09, 1977946
1.09, 1977553
1.09, 1974261
1.09, 1959410
1.09, 1959325
1.09, 1959215
1.1, 1958301
1.1, 1957628
1.1, 1939944
1.1, 1938390
1.1, 1937908
1.1, 1937714
1.1, 1935283
1.1, 1933557
1.1, 1930603
1.1, 1929711
1.1, 1922648
1.1, 1916594
1.1, 1912474
1.1, 1907504
1.1, 1905320
1.1, 1903032
1.1, 1899030
1.1, 1895531
1.1, 1869589
1.1, 1867048
1.1, 1853952
1.1, 1853434
1.1, 1851691
1.1, 1850069
1.1, 1849661
1.11, 1847481
1.11, 1847443
1.11, 1842692
1.11, 1841874
1.11, 1830410
1.11, 1827053
1.11, 1821959
1.11, 1819236
1.11, 1817551
1.11, 1816602
1.11, 1816177
1.11, 1811054
1.11, 1804341
1.11, 1801557
1.11, 1800496
1.11, 1793886
1.11, 1792889
1.11, 1792382
1.11, 1774405
1.11, 1770909
1.12, 1742209
1.12, 1737079
1.12, 1732237
1.12, 1725292
1.12, 1718101
1.12, 1715461
1.12, 1711438
1.12, 1708170
1.12, 1707546
1.12, 1703961
1.12, 1697317
1.12, 1696461
1.12, 1696146
1.12, 1695850
1.12, 1695543
1.12, 1694113
1.12, 1693087
1.12, 1683767
1.12, 1682616
1.12, 1681664
1.12, 1680571
1.15, 1680521
1.15, 1676968
1.15, 1676407
1.15, 1676184
1.15, 1674103
1.15, 1663350
1.15, 1657343
1.15, 1642666
1.15, 1641329
1.15, 1639196
1.16, 1633861
1.16, 1633193
1.16, 1631322
1.16, 1624805
1.16, 1621112
1.16, 1620307
1.16, 1619650
1.16, 1617256
1.16, 1616804
1.16, 1615662
1.16, 1614922
1.16, 1614495
1.16, 1614047
1.16, 1603894
1.16, 1589540
1.16, 1585474
1.16, 1583023
1.16, 1579941
1.16, 1579405
1.16, 1578898
1.16, 1578793
1.16, 1569236
1.16, 1568971
1.16, 1567787
1.16, 1560796
1.16, 1555718
1.16, 1551389
1.16, 1545071
1.16, 1544577
1.16, 1542473
1.17, 1534039
1.17, 1527356
1.17, 1527108
1.17, 1524481
1.17, 1522267
1.17, 1521675
1.17, 1521537
1.17, 1520188
1.17, 1518632
1.17, 1511285
1.17, 1506838
1.17, 1502144
1.17, 1501313
1.17, 1496661
1.17, 1495036
1.17, 1487713
1.17, 1487654
1.17, 1485762
1.18, 1484354
1.18, 1478655
1.18, 1477812
1.18, 1477241
1.18, 1474737
1.18, 1471250
1.18, 1470654
1.18, 1464917
1.18, 1464256
1.18, 1463120
1.18, 1462355
1.18, 1458765
1.18, 1449300
1.19, 1440089
1.19, 1440057
1.19, 1439572
1.19, 1439145
1.19, 1438572
1.19, 1431960
1.19, 1422800
1.19, 1418194
1.19, 1410300
1.19, 1407605
1.19, 1404756
1.19, 1398062
1.19, 1396315
1.19, 1394431
1.19, 1388821
1.19, 1387841
1.19, 1385983
1.19, 1385780
1.19, 1385424
1.19, 1385359
1.19, 1384014
1.19, 1382816
1.19, 1382784
1.19, 1382085
1.19, 1381532
1.19, 1380237
1.19, 1378334
1.19, 1378205
1.19, 1377099
1.2, 1375541
1.2, 1375277
1.2, 1374302
1.2, 1372685
1.2, 1372481
1.2, 1363078
1.2, 1362962
1.2, 1340572
1.2, 1339607
1.2, 1339262
1.2, 1337528
1.2, 1337174
1.2, 1336025
1.2, 1332992
1.2, 1325900
1.2, 1323740
1.2, 1323506
1.2, 1322901
1.2, 1319945
1.2, 1318323
1.2, 1318029
1.2, 1316466
1.2, 1316081
1.2, 1315405
1.2, 1308076
1.2, 1300355
1.2, 1299981
1.2, 1299386
1.2, 1298654
1.2, 1297555
1.21, 1297042
1.21, 1296931
1.21, 1293268
1.21, 1292528
1.21, 1287169
1.21, 1287022
1.21, 1286494
1.21, 1281985
1.21, 1279610
1.21, 1279469
1.21, 1275192
1.21, 1275118
1.21, 1274331
1.21, 1272600
1.21, 1272596
1.21, 1271415
1.21, 1269057
1.21, 1267746
1.21, 1266912
1.21, 1260677
1.21, 1257843
1.21, 1256922
1.21, 1251418
1.21, 1251174
1.21, 1249664
1.21, 1244774
1.21, 1239684
1.21, 1238841
1.21, 1238668
1.22, 1238028
1.22, 1237346
1.22, 1234719
1.22, 1234518
1.22, 1229913
1.23, 1225650
1.23, 1224641
1.23, 1224466
1.23, 1222505
1.23, 1221458
1.23, 1220718
1.23, 1215230
1.23, 1213892
1.23, 1213039
1.23, 1210253
1.23, 1207617
1.23, 1207548
1.23, 1206835
1.23, 1206395
1.24, 1202706
1.24, 1200522
1.24, 1196923
1.24, 1195954
1.24, 1195749
1.24, 1194840
1.24, 1193610
1.24, 1193588
1.24, 1191614
1.24, 1190960
1.25, 1190199
1.25, 1189084
1.25, 1181451
1.25, 1179995
1.25, 1178859
1.25, 1176841
1.25, 1176497
1.25, 1171674
1.25, 1170875
1.25, 1167982
1.25, 1167085
1.25, 1166695
1.25, 1165479
1.26, 1160057
1.26, 1159983
1.26, 1157969
1.26, 1154435
1.26, 1151748
1.26, 1151680
1.26, 1150895
1.26, 1150161
1.26, 1147650
1.26, 1146869
1.26, 1143255
1.26, 1143191
1.26, 1142617
1.26, 1141898
1.26, 1140610
1.26, 1139479
1.26, 1139127
1.26, 1136875
1.26, 1136140
1.26, 1135552
1.26, 1133798
1.26, 1132253
1.26, 1131204
1.26, 1127835
1.26, 1124454
1.26, 1123365
1.26, 1123335
1.26, 1122972
1.27, 1119461
1.27, 1116750
1.27, 1114090
1.27, 1113806
1.27, 1111776
1.27, 1110298
1.27, 1109136
1.27, 1104516
1.27, 1104227
1.27, 1104047
1.27, 1102388
1.27, 1102153
1.27, 1098405
1.27, 1098335
1.27, 1098251
1.27, 1098227
1.27, 1096933
1.27, 1096459
1.28, 1095722
1.28, 1094726
1.28, 1092636
1.28, 1090649
1.28, 1090461
1.28, 1090281
1.28, 1089778
1.28, 1089304
1.28, 1089167
1.28, 1088448
1.28, 1084185
1.28, 1083256
1.28, 1082837
1.28, 1079803
1.28, 1079393
1.28, 1078130
1.28, 1075158
1.28, 1074558
1.28, 1071385
1.28, 1071205
1.28, 1071027
1.28, 1070506
1.28, 1069080
1.28, 1068710
1.28, 1068651
1.28, 1062083
1.28, 1057691
1.28, 1057662
1.28, 1056584
1.28, 1056319
1.29, 1055994
1.29, 1055787
1.29, 1055760
1.29, 1051810
1.29, 1050701
1.29, 1045581
1.29, 1045575
1.29, 1044643
1.29, 1040545
1.29, 1040449
1.29, 1039224
1.29, 1036858
1.29, 1036857
1.29, 1036425
1.29, 1036118
1.29, 1033495
1.29, 1031762
1.29, 1031375
1.29, 1029163
1.29, 1027510
1.29, 1026006
1.29, 1024899
1.29, 1024447
1.3, 1024373
1.3, 1024253
1.3, 1016990
1.3, 1016883
1.3, 1016773
1.3, 1015800
1.3, 1014402
1.3, 1012317
1.3, 1012158
1.3, 1011973
1.3, 1010836
1.3, 1009955
1.3, 1009447
1.3, 1007797
1.3, 1006218
1.3, 1005836
1.3, 1005346
1.3, 1004910
1.3, 1001608
1.3, 1000505
1.3, 996772
1.3, 994173
1.31, 992612
1.31, 990335
1.31, 989591
1.31, 989388
1.31, 988219
1.31, 986338
1.31, 985950
1.31, 984450
1.31, 984152
1.31, 981845
1.31, 981055
1.31, 980129
1.31, 980084
1.31, 977825
1.31, 977413
1.31, 974327
1.31, 974094
1.31, 974072
1.31, 972154
1.31, 972123
1.31, 971150
1.31, 967367
1.31, 965360
1.31, 965250
1.31, 963810
1.31, 963628
1.31, 961620
1.31, 959014
1.31, 958870
1.31, 957868
1.31, 956961
1.31, 956844
1.31, 952447
1.31, 950929
1.31, 950210
1.32, 950143
1.32, 947114
1.32, 946937
1.32, 945273
1.32, 944979
1.32, 944284
1.32, 943251
1.32, 942806
1.32, 942515
1.32, 942316
1.32, 942169
1.32, 941251
1.32, 941246
1.32, 941111
1.32, 940550
1.32, 937816
1.32, 937149
1.32, 935817
1.32, 932691
1.32, 928384
1.32, 928374
1.32, 926431
1.32, 926090
1.32, 922436
1.32, 921738
1.32, 920764
1.33, 917584
1.33, 915951
1.33, 915391
1.33, 915130
1.34, 914536
1.34, 914223
1.34, 913790
1.34, 912016
1.34, 911031
1.34, 907253
1.34, 906159
1.34, 905469
1.34, 904819
1.34, 901017
1.34, 899562
1.34, 897386
1.35, 894445
1.35, 893994
1.35, 892696
1.35, 890766
1.35, 890492
1.35, 889747
1.36, 884147
1.36, 883098
1.36, 881282
1.36, 880110
1.36, 879827
1.36, 878729
1.36, 877936
1.36, 877118
1.36, 877117
1.36, 876697
1.36, 874365
1.36, 874137
1.36, 873571
1.37, 872255
1.37, 870722
1.37, 870620
1.38, 869382
1.38, 869224
1.38, 866681
1.38, 866000
1.38, 865791
1.39, 865038
1.39, 863955
1.39, 863821
1.39, 862965
1.39, 862377
1.39, 861523
1.39, 860468
1.39, 859424
1.39, 859183
1.39, 856129
1.39, 855699
1.39, 855247
1.39, 855085
1.39, 855056
1.39, 854100
1.39, 853548
1.39, 852924
1.39, 852276
1.4, 850701
1.4, 850324
1.4, 846853
1.4, 845542
1.4, 844979
1.4, 844592
1.4, 844586
1.4, 844537
1.4, 843900
1.4, 843784
1.4, 841610
1.4, 839825
1.4, 839113
1.42, 838959
1.42, 838137
1.42, 836650
1.42, 836302
1.42, 835672
1.42, 834036
1.42, 833642
1.42, 833454
1.42, 833072
1.42, 831786
1.42, 831372
1.42, 830864
1.42, 830802
1.42, 830627
1.42, 830006
1.42, 828106
1.42, 826985
1.42, 826728
1.43, 824305
1.43, 823395
1.43, 823253
1.43, 821944
1.43, 821625
1.43, 821600
1.43, 814574
1.43, 813786
1.43, 813745
1.43, 813573
1.43, 813122
1.43, 810544
1.44, 809420
1.44, 809392
1.44, 807208
1.44, 806820
1.44, 806325
1.45, 806245
1.45, 804619
1.45, 803866
1.45, 803471
1.45, 803204
1.45, 803178
1.45, 802796
1.45, 802319
1.45, 801635
1.45, 801428
1.45, 799234
1.45, 799114
1.45, 799031
1.45, 798085
1.46, 797870
1.46, 794896
1.46, 794812
1.46, 794493
1.46, 793820
1.46, 793316
1.46, 792141
1.47, 791796
1.47, 789024
1.47, 788968
1.47, 788735
1.47, 788377
1.47, 788320
1.47, 786106
1.47, 785269
1.47, 784964
1.47, 783939
1.47, 782661
1.47, 781629
1.47, 779719
1.47, 777984
1.47, 776622
1.47, 775110
1.47, 774408
1.47, 774332
1.48, 773958
1.48, 772639
1.48, 772535
1.48, 769843
1.48, 769735
1.48, 768778
1.48, 767231
1.48, 766762
1.48, 764569
1.48, 764146
1.48, 763384
1.48, 762482
1.48, 762081
1.49, 761916
1.49, 761757
1.49, 760275
1.49, 759967
1.49, 759428
1.49, 759152
1.49, 758452
1.49, 757286
1.49, 755931
1.49, 755789
1.49, 755158
1.5, 754969
1.5, 754822
1.5, 753823
1.5, 751129
1.5, 750488
1.5, 750083
1.5, 749661
1.5, 749383
1.51, 748580
1.51, 748578
1.51, 748471
1.51, 748356
1.51, 748270
1.51, 748264
1.51, 747894
1.51, 747280
1.52, 746328
1.52, 745658
1.52, 745493
1.53, 745382
1.53, 745377
1.53, 745363
1.54, 745066
1.54, 744710
1.54, 744630
1.54, 744623
1.54, 743778
1.54, 742274
1.54, 741929
1.54, 741694
1.55, 741324
1.55, 741262
1.57, 741149
1.57, 741146
1.57, 740040
1.57, 739566
1.57, 739520
1.57, 739327
1.57, 739181
1.58, 737953
1.58, 737006
1.58, 736516
1.58, 735972
1.58, 735041
1.59, 733130
1.59, 733033
1.59, 732637
1.59, 731268
1.59, 730409
1.59, 729698
1.61, 728967
1.61, 728950
1.61, 728181
1.61, 727563
1.61, 726895
1.61, 725859
1.61, 725278
1.62, 724396
1.62, 723853
1.62, 723360
1.62, 722329
1.62, 721599
1.62, 720235
1.63, 719735
1.64, 719670
1.64, 718612
1.64, 718498
1.65, 718273
1.66, 718196
1.66, 717944
1.66, 717697
1.66, 717640
1.66, 717183
1.67, 715678
1.67, 715643
1.67, 715501
1.68, 713969
1.68, 713212
1.68, 712688
1.68, 712578
1.68, 712179
1.68, 711306
1.69, 710934
1.7, 710454
1.7, 710389
1.71, 710352
1.71, 709860
1.71, 709838
1.72, 709518
1.72, 709500
1.75, 709032
1.75, 708371
1.75, 707283
1.76, 707056
1.76, 706743
1.77, 705939
1.79, 705917
1.79, 705149
1.8, 704696
1.8, 704678
1.8, 703661
1.8, 703483
1.81, 702094
1.81, 702067
1.82, 701823
1.84, 701679
1.85, 699397
1.85, 698602
1.86, 698430
1.91, 698412
1.94, 698352
2.05, 698004
2.25, 697337
