224.44, 6582543
447.34, 6403945
679.42, 6252344
906.85, 6105364
1145.82, 5963022
1342.9, 5821535
1569.34, 5684262
1853.34, 5550616
2194.68, 5414315
2463.15, 5289823
2659.75, 5165397
2856.48, 5049302
3053.85, 4938768
3456.89, 4822786
3749.42, 4718192
4015.25, 4617066
4341.36, 4519229
4731.89, 4422905
5079.96, 4331642
5375.41, 4243952
5638.95, 4161148
5835.48, 4083580
6190.01, 4006312
6443.49, 3931540
6641.04, 3857563
6840.79, 3783868
7039.28, 3712931
7238.59, 3642235
7456.42, 3574594
7667.34, 3512644
7867.26, 3449161
8068.54, 3387331
8271.54, 3323991
8472.7, 3262655
8676.58, 3207647
8876.47, 3149020
9078.19, 3094541
9340.64, 3036887
9552.25, 2983266
9805.8, 2930303
10017.26, 2877940
10213.35, 2829405
10422.38, 2779798
10622.8, 2730338
10824.6, 2684405
11023.7, 2639877
11228.21, 2595526
11438.99, 2552342
11634.27, 2509408
11833.24, 2467644
12029.37, 2427218
12222.49, 2385528
12419.09, 2345043
12620.79, 2305703
12819.28, 2267269
13016.3, 2228634
13212.48, 2190372
13414.77, 2154061
13627.66, 2115834
13827.36, 2080605
14027.09, 2042389
14226.28, 2004420
14425.98, 1969876
14624.29, 1935878
14822.57, 1902823
15019.94, 1869443
15222.52, 1838273
15421.35, 1807355
15618.54, 1779416
15821.68, 1749573
16019.44, 1721075
16226.2, 1694241
16424.89, 1668612
16625.81, 1641225
16826.51, 1617294
17026.11, 1595183
17230.99, 1569353
17438.18, 1549051
17631.74, 1525829
17825.13, 1506952
18023.15, 1488078
18220.7, 1469391
18416.54, 1452753
18611.77, 1435695
18808.09, 1416923
19004.15, 1401321
19201.81, 1386485
19399.81, 1372347
19596.11, 1358475
19793.75, 1344925
19991.61, 1331576
20189.02, 1318317
20402.48, 1305071
20615.56, 1291395
20825.5, 1272998
21064.93, 1259971
21281.0, 1247135
21491.93, 1234314
21690.33, 1221802
21919.94, 1209337
22122.54, 1197078
22336.54, 1185134
22537.1, 1173663
22734.29, 1162530
22934.7, 1150791
23132.08, 1137643
23331.45, 1126895
23529.08, 1116657
23725.36, 1106466
23923.15, 1095715
24123.01, 1085575
24320.28, 1075988
24520.38, 1066447
24720.34, 1056171
24918.04, 1047514
25118.88, 1039564
25320.41, 1031665
25537.6, 1023983
25731.32, 1016207
25940.59, 1008153
26151.77, 1000588
26349.27, 993079
26549.23, 985945
26747.3, 972741
26947.69, 965770
27149.8, 959554
27346.86, 953577
27543.77, 947799
27742.7, 942424
27937.93, 936275
28132.01, 928894
28326.59, 923568
28521.21, 918179
28716.37, 912916
28910.41, 907794
29130.24, 902550
29330.73, 897769
29525.12, 893054
29722.99, 888432
29923.13, 883861
30133.72, 879362
30338.36, 874917
30540.19, 870069
30736.88, 865454
30954.02, 861123
31173.4, 856952
31372.46, 852934
31569.34, 849228
31765.46, 845840
31960.78, 842457
32158.5, 838415
32355.56, 835069
32549.33, 831470
32745.65, 827652
32939.25, 823018
33137.73, 819728
33331.61, 816457
33524.15, 813135
33717.55, 809876
33913.54, 806838
34107.91, 804026
34301.18, 801332
34494.85, 798739
34690.52, 796146
34885.36, 793570
35080.72, 790997
35275.92, 788510
35470.51, 786191
35667.76, 784109
35862.68, 782030
36057.93, 779951
36251.72, 777931
36445.78, 775449
36639.28, 773477
36837.38, 771547
37033.12, 768164
37227.36, 766266
37420.89, 764389
37616.55, 762574
37812.77, 760804
38010.51, 759077
38204.39, 757148
38401.46, 755465
38597.82, 753878
38794.85, 752296
38989.94, 750742
39189.16, 749215
39386.09, 747702
39582.83, 746207
39779.0, 744755
39975.89, 743358
40170.77, 742046
40362.94, 740823
40559.56, 739641
40754.02, 738489
40951.94, 737405
41148.44, 736364
41343.77, 735353
41538.44, 734186
41735.18, 733210
41932.15, 732241
42127.03, 730888
42320.91, 724293
42514.84, 723188
42709.21, 722223
42907.29, 721269
43100.67, 720347
43295.72, 719429
43493.15, 718552
43687.91, 717695
43884.76, 716433
44080.62, 715602
44274.99, 714232
44470.51, 712836
44666.29, 711701
44864.35, 710583
45059.56, 709828
45252.88, 709086
45447.46, 708367
45640.71, 707663
45834.95, 706970
46029.82, 706000
46223.18, 705327
46419.85, 704572
46616.47, 703903
46814.3, 703243
47010.18, 702623
47205.57, 700530
47400.95, 699934
47597.35, 699343
47792.99, 697560
47987.93, 696975
48184.69, 696336
48381.17, 695817
48576.43, 695313
48773.64, 694566
48973.57, 694094
49170.57, 693445
49366.86, 693011
49563.42, 692617
49759.91, 692275
49954.87, 691961
50149.78, 691671
50344.71, 691388
50540.86, 691112
50738.61, 690852
50936.4, 690603
51132.42, 690376
51328.95, 690165
51524.44, 689898
51719.54, 689718
51916.57, 688780
52110.29, 688580
52307.13, 688411
52501.0, 688266
52696.45, 688128
52892.83, 687715
53087.19, 687598
53281.92, 687570
53477.33, 687550
