195.88, 6887715
387.39, 6716379
578.18, 6553912
767.67, 6403990
953.88, 6251443
1169.72, 6103805
1361.56, 5956726
1555.43, 5816685
1770.51, 5679122
1962.19, 5547342
2155.55, 5418062
2344.85, 5292368
2536.89, 5165521
2726.44, 5050038
2915.7, 4948041
3105.64, 4838540
3295.65, 4741204
3486.25, 4641827
3675.74, 4544314
3865.94, 4447450
4057.83, 4353447
4247.01, 4255125
4436.26, 4165212
4627.45, 4077348
4814.88, 3994419
5003.46, 3917182
5193.49, 3831966
5382.93, 3754832
5571.03, 3680208
5757.34, 3605972
5947.32, 3533571
6134.83, 3465304
6324.04, 3400888
6512.77, 3335794
6701.76, 3271502
6891.61, 3212813
7080.77, 3154394
7271.61, 3096760
7460.08, 3039843
7651.21, 2985357
7840.11, 2931299
8030.94, 2879557
8220.58, 2829327
8412.05, 2777031
8602.65, 2726178
8793.57, 2676471
8987.79, 2628468
9196.3, 2581955
9391.65, 2535556
9581.36, 2485692
9771.15, 2438391
9961.14, 2392294
10151.76, 2350185
10340.54, 2307909
10528.33, 2266267
10716.7, 2225581
10905.55, 2185174
11096.55, 2146063
11285.08, 2106911
11473.92, 2069312
11664.08, 2032425
11853.5, 1996021
12042.04, 1959645
12230.89, 1923517
12420.46, 1890114
12609.0, 1857978
12796.96, 1824559
12985.31, 1794413
13174.92, 1764812
13362.97, 1736674
13553.26, 1706616
13742.31, 1675028
13934.3, 1648500
14124.51, 1622782
14314.87, 1597865
14502.23, 1573363
14690.73, 1550605
14880.82, 1532079
15069.76, 1510714
15259.55, 1492280
15450.23, 1475168
15642.3, 1458121
15832.49, 1441202
16021.02, 1424558
16208.82, 1408238
16398.01, 1393073
16589.38, 1378065
16779.44, 1362958
16968.9, 1348459
17160.38, 1334303
17350.33, 1320500
17546.81, 1307254
17752.35, 1294134
17959.31, 1281127
18163.86, 1268331
18365.63, 1255869
18568.87, 1243453
18773.37, 1231358
18976.36, 1219742
19180.33, 1209047
19385.24, 1198422
19589.07, 1187921
19783.51, 1177486
19974.21, 1167121
20161.58, 1156304
20349.81, 1146034
20539.43, 1135916
20737.89, 1126057
20941.73, 1116273
21146.17, 1106506
21340.94, 1096452
21533.52, 1086936
21732.45, 1077550
21984.86, 1068310
22200.79, 1059279
22404.29, 1051095
22610.51, 1043407
22814.47, 1035810
23006.59, 1027685
23208.02, 1020275
23476.46, 1013121
23720.1, 1006160
23943.34, 999415
24136.8, 992793
24334.3, 987007
24527.45, 980640
24745.17, 974852
24939.8, 964585
25131.18, 957967
25324.01, 952235
25520.84, 946587
25721.22, 940958
25916.43, 935496
26109.04, 930132
26335.9, 925034
26601.73, 920077
26834.21, 915147
27030.96, 910689
27228.67, 906266
27431.11, 900539
27622.68, 896215
27819.34, 891952
28012.48, 887859
28206.75, 883832
28402.03, 879822
28596.05, 873673
28791.36, 869841
28984.09, 865976
29176.81, 862195
29368.47, 858537
29561.22, 855027
29753.67, 851608
29945.77, 848302
30137.01, 845103
30329.85, 842185
30520.76, 839286
30715.64, 836408
30907.07, 833368
31102.69, 830269
31296.95, 827489
31492.98, 824795
31687.98, 822257
31879.83, 819734
32078.16, 816256
32270.8, 813025
32465.59, 810511
32661.06, 808048
32853.03, 805610
33055.74, 803373
33289.15, 801209
33491.81, 799090
33687.37, 795560
33890.91, 792944
34183.84, 790908
34447.74, 788945
34676.77, 785467
34993.4, 783757
35272.35, 782077
35516.15, 780401
35755.79, 778827
35962.91, 777361
36195.83, 775903
36392.72, 774476
36595.86, 773081
36791.79, 763720
36991.41, 762336
37189.9, 760973
37385.85, 759479
37581.27, 758167
37777.83, 756896
37971.18, 755640
38164.49, 754450
38358.55, 751437
38552.18, 748998
38742.72, 746641
38943.67, 744156
39140.55, 743002
39334.46, 740889
39529.29, 739753
39727.3, 738635
39922.63, 737181
40117.82, 736066
40313.63, 734969
40511.52, 733303
40705.96, 732216
40900.76, 731081
41093.35, 730012
41286.75, 728971
41524.74, 727980
41736.12, 727026
41929.85, 726126
42126.78, 725333
42321.03, 724541
42516.39, 723765
42711.36, 722993
42905.7, 722226
43101.22, 721469
43308.79, 720734
43503.91, 720017
43697.8, 719316
43903.01, 718485
44122.08, 717817
44331.0, 717157
44531.09, 716508
44729.32, 715899
44930.25, 715311
45133.36, 713920
45330.43, 713389
45577.58, 712865
45800.06, 712367
46025.62, 711892
46230.8, 711451
46430.43, 711025
46629.67, 710614
46863.7, 710230
47075.2, 709851
47353.02, 709504
47618.67, 709166
47817.4, 708732
48024.89, 708423
48227.08, 708171
48433.99, 707751
48674.69, 707047
48977.47, 706801
49211.91, 706569
49406.46, 706359
49651.92, 706055
49953.19, 705876
50183.81, 705376
50394.78, 705204
50591.56, 705035
50786.05, 704869
50986.2, 704712
51192.93, 704069
51393.98, 703920
51601.48, 703800
51810.9, 703742
52022.38, 703071
52225.71, 703013
52506.58, 702955
52727.53, 702903
52924.78, 701407
53150.67, 696147
53354.48, 696098
53576.74, 696069
53799.45, 695349
54051.87, 695291
54264.19, 694806
54457.65, 694778
