0.0, 6961280
0.0, 6933038
0.0, 6911851
0.0, 6890251
0.0, 6814586
0.0, 6814049
0.0, 6811814
0.0, 6750046
0.0, 6745296
0.0, 6717389
0.0, 6678874
0.0, 6652261
0.0, 6629148
0.0, 6624826
0.0, 6620742
0.0, 6617091
0.0, 6603896
0.0, 6602841
0.0, 6601897
0.0, 6594802
0.0, 6573670
0.0, 6573134
0.0, 6538067
0.0, 6533381
0.0, 6510183
0.0, 6508912
0.0, 6501773
0.0, 6495811
0.0, 6488363
0.0, 6481947
0.0, 6475621
0.04, 6474276
0.04, 6422528
0.06, 6398575
0.06, 6346505
0.06, 6345403
0.06, 6344701
0.06, 6334743
0.06, 6330978
0.06, 6330957
0.06, 6317685
0.06, 6314143
0.06, 6262595
0.37, 6252772
0.37, 6251895
0.37, 6248407
0.37, 6247763
0.37, 6228781
0.37, 6217917
0.57, 6217071
0.57, 6216443
0.57, 6201792
0.57, 6149927
0.57, 6149270
0.57, 6148601
0.57, 6145061
0.6, 6138892
0.6, 6107140
0.6, 6103866
0.6, 6101366
0.6, 6085561
0.6, 6085264
0.6, 6057561
0.6, 6035231
0.6, 6016733
0.6, 6005206
0.75, 5979426
0.75, 5896846
0.75, 5895879
0.75, 5869303
0.75, 5830276
0.75, 5819912
0.75, 5810381
0.75, 5768802
0.75, 5750816
0.75, 5732384
0.79, 5730059
0.79, 5694180
0.79, 5689455
0.79, 5685013
0.79, 5681282
0.79, 5616832
0.79, 5607416
0.79, 5567347
0.79, 5533102
0.79, 5531238
0.79, 5511535
0.79, 5484203
0.79, 5474252
0.79, 5467958
0.79, 5459933
0.79, 5423316
0.8, 5412845
0.8, 5412154
0.8, 5400684
0.8, 5384253
0.8, 5383022
0.81, 5381815
0.81, 5376134
0.81, 5373280
0.81, 5367149
0.81, 5350927
0.81, 5346530
0.81, 5339765
0.81, 5336645
0.86, 5278133
0.86, 5257201
0.86, 5194018
0.86, 5184815
0.86, 5179691
0.86, 5175016
0.86, 5171181
0.86, 5169293
0.86, 5167449
0.86, 5160381
0.86, 5145753
0.86, 5096013
0.86, 5087952
0.86, 5080246
0.86, 5077657
0.86, 5076482
0.86, 5067793
0.87, 5064644
0.87, 5059665
0.87, 5049537
0.87, 5047799
0.87, 5046732
0.87, 5026466
0.87, 5021148
0.87, 5018938
0.87, 5016465
0.87, 5000844
0.87, 4999734
0.87, 4998866
0.87, 4918465
0.88, 4909287
0.88, 4897491
0.88, 4884918
0.89, 4867970
0.89, 4867131
0.89, 4866358
0.89, 4859838
0.89, 4858773
0.89, 4858348
0.89, 4837735
0.89, 4837555
0.89, 4834539
0.89, 4832062
0.89, 4814370
0.89, 4739136
0.89, 4732866
0.89, 4731855
0.89, 4727178
0.89, 4726867
0.9, 4710620
0.9, 4692886
0.9, 4632597
0.9, 4632559
0.9, 4632556
0.9, 4626111
0.9, 4614263
0.9, 4613845
0.9, 4602316
0.9, 4594954
0.9, 4593641
0.9, 4571570
0.9, 4558436
0.9, 4544174
0.9, 4537326
0.9, 4529488
0.9, 4525391
0.9, 4509141
0.9, 4498206
0.9, 4436514
0.9, 4423153
0.9, 4397609
0.92, 4382267
0.92, 4353722
0.92, 4350148
0.92, 4349793
0.92, 4330625
0.92, 4327937
0.92, 4325360
0.92, 4319658
0.92, 4319597
0.92, 4315578
0.92, 4313145
0.92, 4308236
0.92, 4300865
0.92, 4286058
0.92, 4285102
0.92, 4243827
0.93, 4243556
0.93, 4216025
0.93, 4208943
0.93, 4208653
0.93, 4207638
0.93, 4206133
0.93, 4204700
0.93, 4203586
0.93, 4198680
0.93, 4183094
0.93, 4172918
0.93, 4162446
0.93, 4160221
0.93, 4147618
0.93, 4138927
0.93, 4138174
0.93, 4123576
0.93, 4118113
0.93, 4117910
0.93, 4115442
0.93, 4112638
0.93, 4072050
0.93, 4059504
0.93, 4040267
0.93, 3994192
0.93, 3992187
0.93, 3961334
0.93, 3956910
0.93, 3943671
0.93, 3927395
0.93, 3926814
0.93, 3922893
0.93, 3921263
0.96, 3909787
0.96, 3869888
0.96, 3864070
0.96, 3862762
0.96, 3861058
0.96, 3857583
0.96, 3847192
0.96, 3835618
0.96, 3834212
0.96, 3821126
0.96, 3821047
0.96, 3819855
0.96, 3816963
0.96, 3808204
0.96, 3791877
0.96, 3789043
0.96, 3782769
0.96, 3780511
0.96, 3771946
0.96, 3769809
0.96, 3769159
0.96, 3762289
0.96, 3743271
0.96, 3719600
0.96, 3714581
0.96, 3713894
0.97, 3696326
0.97, 3696023
0.97, 3684329
0.97, 3678354
0.97, 3669106
0.97, 3666277
0.98, 3665122
0.98, 3659163
0.98, 3618970
0.98, 3614610
0.98, 3610424
0.99, 3609555
0.99, 3604081
0.99, 3598361
0.99, 3596596
0.99, 3512250
0.99, 3509272
0.99, 3496861
0.99, 3495373
0.99, 3494088
0.99, 3472997
0.99, 3466542
0.99, 3451679
0.99, 3448057
0.99, 3438152
0.99, 3421557
0.99, 3403415
0.99, 3397634
0.99, 3394040
0.99, 3393073
0.99, 3390352
0.99, 3388768
0.99, 3386016
0.99, 3380516
0.99, 3380346
0.99, 3379263
0.99, 3313387
0.99, 3296228
0.99, 3294573
0.99, 3286068
0.99, 3285421
0.99, 3280019
0.99, 3276569
0.99, 3275977
0.99, 3263443
0.99, 3263153
0.99, 3259090
0.99, 3251520
0.99, 3250707
0.99, 3217417
0.99, 3217050
0.99, 3211989
0.99, 3211295
0.99, 3191616
0.99, 3188632
0.99, 3187203
0.99, 3184452
0.99, 3183518
0.99, 3179825
0.99, 3176369
0.99, 3169774
0.99, 3160863
1.0, 3151240
1.0, 3143920
1.0, 3125107
1.0, 3119199
1.0, 3100767
1.0, 3100607
1.0, 3099558
1.0, 3094255
1.0, 3093742
1.0, 3064470
1.0, 3059113
1.0, 3050729
1.0, 3026154
1.0, 3022129
1.0, 3021924
1.0, 3015370
1.0, 3006937
1.0, 3000647
1.0, 2954052
1.0, 2930088
1.0, 2929088
1.0, 2925165
1.0, 2915078
1.0, 2904971
1.0, 2898006
1.0, 2896372
1.0, 2890522
1.0, 2890418
1.0, 2889239
1.0, 2888901
1.0, 2886998
1.0, 2879929
1.0, 2872530
1.0, 2864938
1.0, 2848210
1.0, 2831127
1.0, 2824162
1.0, 2820993
1.0, 2820269
1.0, 2820208
1.0, 2816739
1.0, 2809118
1.0, 2804996
1.0, 2804529
1.0, 2801883
1.0, 2771401
1.0, 2770420
1.0, 2759615
1.0, 2755768
1.0, 2734198
1.0, 2732174
1.0, 2730671
1.0, 2712789
1.0, 2706549
1.01, 2693607
1.01, 2687743
1.01, 2685889
1.01, 2683087
1.01, 2682421
1.01, 2682364
1.01, 2677433
1.01, 2676133
1.01, 2675281
1.01, 2666656
1.01, 2660795
1.01, 2652999
1.01, 2648687
1.01, 2643318
1.01, 2637715
1.01, 2622958
1.03, 2617709
1.03, 2616042
1.03, 2603146
1.03, 2590141
1.03, 2574418
1.03, 2570991
1.03, 2567501
1.03, 2565749
1.03, 2565199
1.03, 2564182
1.06, 2562490
1.06, 2557726
1.07, 2543012
1.07, 2536932
1.07, 2534708
1.07, 2531397
1.07, 2531310
1.07, 2529033
1.07, 2526934
1.07, 2519700
1.07, 2515580
1.07, 2512089
1.07, 2506404
1.07, 2505694
1.07, 2501417
1.07, 2497111
1.07, 2492447
1.07, 2491162
1.07, 2490683
1.07, 2489466
1.07, 2487357
1.07, 2486931
1.07, 2482259
1.07, 2481020
1.07, 2473626
1.07, 2468376
1.07, 2464001
1.07, 2463578
1.07, 2459508
1.07, 2454574
1.07, 2436222
1.07, 2435983
1.07, 2433480
1.07, 2431164
1.07, 2420026
1.07, 2414194
1.07, 2410663
1.07, 2409389
1.07, 2405853
1.07, 2404417
1.07, 2398829
1.07, 2397242
1.07, 2391207
1.07, 2388526
1.07, 2383616
1.07, 2375847
1.07, 2358475
1.07, 2357101
1.07, 2353595
1.07, 2344522
1.07, 2334405
1.07, 2334127
1.07, 2317105
1.09, 2310980
1.09, 2310287
1.09, 2309374
1.09, 2308714
1.09, 2306325
1.09, 2304865
1.1, 2287665
1.1, 2282857
1.1, 2278480
1.1, 2274989
1.1, 2272245
1.1, 2271926
1.1, 2259731
1.1, 2256247
1.1, 2252294
1.1, 2249633
1.1, 2248060
1.1, 2244368
1.1, 2242071
1.1, 2231949
1.1, 2222141
1.1, 2221075
1.1, 2220023
1.1, 2216827
1.1, 2208981
1.1, 2208109
1.1, 2203402
1.1, 2200768
1.1, 2198440
1.1, 2188776
1.1, 2140435
1.1, 2136417
1.1, 2122953
1.1, 2119135
1.1, 2088270
1.1, 2085951
1.1, 2079844
1.1, 2078663
1.1, 2077297
1.11, 2071484
1.11, 2070660
1.11, 2066059
1.11, 2029601
1.11, 2021773
1.12, 2002562
1.12, 1998548
1.12, 1997536
1.12, 1997292
1.12, 1996197
1.12, 1994911
1.12, 1994532
1.12, 1993401
1.12, 1990002
1.12, 1987390
1.12, 1983978
1.12, 1982907
1.12, 1966009
1.13, 1964908
1.13, 1957637
1.13, 1956103
1.13, 1947576
1.13, 1945783
1.13, 1945093
1.13, 1942035
1.13, 1936969
1.13, 1932287
1.13, 1930989
1.13, 1926059
1.13, 1925213
1.13, 1924687
1.14, 1919169
1.14, 1918972
1.14, 1918167
1.14, 1917922
1.14, 1913792
1.14, 1912022
1.14, 1907720
1.14, 1907514
1.14, 1907052
1.14, 1906169
1.14, 1905728
1.14, 1898284
1.14, 1897448
1.14, 1894781
1.14, 1893104
1.14, 1891600
1.14, 1889846
1.14, 1878431
1.15, 1873062
1.15, 1871930
1.15, 1870869
1.15, 1867952
1.15, 1864048
1.15, 1860938
1.15, 1860160
1.15, 1857280
1.15, 1851291
1.15, 1849592
1.15, 1846898
1.15, 1838924
1.15, 1837434
1.15, 1831080
1.15, 1821583
1.15, 1815593
1.15, 1813276
1.15, 1808380
1.15, 1805698
1.15, 1804827
1.15, 1800679
1.15, 1799824
1.15, 1799544
1.15, 1797967
1.15, 1796660
1.15, 1794938
1.15, 1789043
1.15, 1785948
1.15, 1781361
1.15, 1778401
1.15, 1778353
1.15, 1776182
1.15, 1770406
1.15, 1770111
1.15, 1769305
1.15, 1767846
1.15, 1763395
1.15, 1758946
1.15, 1757247
1.15, 1756164
1.15, 1753211
1.15, 1751938
1.15, 1745528
1.15, 1741457
1.16, 1740921
1.16, 1732606
1.16, 1729719
1.16, 1728957
1.16, 1727869
1.16, 1717451
1.16, 1716819
1.16, 1715561
1.16, 1712559
1.16, 1710228
1.16, 1709922
1.16, 1705923
1.16, 1705041
1.17, 1699533
1.17, 1698009
1.18, 1694548
1.18, 1688522
1.18, 1687850
1.18, 1684088
1.18, 1683774
1.18, 1683058
1.18, 1680910
1.18, 1676473
1.18, 1676248
1.18, 1675460
1.18, 1674342
1.18, 1674219
1.18, 1670290
1.18, 1668590
1.18, 1667904
1.18, 1664594
1.18, 1660046
1.18, 1659875
1.18, 1657475
1.18, 1655138
1.18, 1652630
1.18, 1650330
1.18, 1648485
1.18, 1647938
1.18, 1644351
1.18, 1642932
1.18, 1637879
1.18, 1629788
1.18, 1629582
1.18, 1629372
1.18, 1627857
1.18, 1627340
1.18, 1624118
1.18, 1610849
1.18, 1610638
1.18, 1610253
1.19, 1596862
1.19, 1596530
1.19, 1595495
1.19, 1594980
1.19, 1591457
1.19, 1585863
1.19, 1584410
1.19, 1581767
1.19, 1577601
1.19, 1576449
1.19, 1574021
1.19, 1572405
1.2, 1568816
1.2, 1567620
1.2, 1564088
1.2, 1564079
1.2, 1553172
1.2, 1548507
1.2, 1547469
1.2, 1542956
1.2, 1542677
1.2, 1542086
1.2, 1536251
1.2, 1534721
1.2, 1532785
1.2, 1523303
1.2, 1520898
1.2, 1515382
1.2, 1513139
1.2, 1511085
1.2, 1508199
1.2, 1506801
1.2, 1504607
1.21, 1503555
1.21, 1496052
1.21, 1495589
1.21, 1495125
1.21, 1488626
1.21, 1481849
1.21, 1470502
1.21, 1468625
1.21, 1459605
1.21, 1452349
1.21, 1449772
1.21, 1439988
1.21, 1435515
1.22, 1434894
1.22, 1432831
1.22, 1432179
1.22, 1429288
1.22, 1421192
1.22, 1420925
1.22, 1414016
1.22, 1413507
1.22, 1408363
1.22, 1408172
1.22, 1407927
1.22, 1407609
1.25, 1401999
1.25, 1401825
1.25, 1400515
1.25, 1400016
1.25, 1399097
1.25, 1395006
1.25, 1391508
1.25, 1390376
1.25, 1388339
1.26, 1387687
1.26, 1375972
1.26, 1372462
1.26, 1369983
1.26, 1366303
1.26, 1355488
1.26, 1351339
1.26, 1338538
1.26, 1338388
1.26, 1338115
1.26, 1337781
1.26, 1337045
1.26, 1336437
1.26, 1336190
1.26, 1335845
1.26, 1332035
1.27, 1330609
1.27, 1330580
1.27, 1326000
1.27, 1324811
1.27, 1324691
1.27, 1324086
1.27, 1315464
1.27, 1314158
1.27, 1312156
1.27, 1297118
1.27, 1295171
1.27, 1293628
1.27, 1291446
1.27, 1288646
1.27, 1283791
1.27, 1278495
1.27, 1268696
1.27, 1265062
1.27, 1264720
1.27, 1264053
1.27, 1258422
1.27, 1257129
1.28, 1253897
1.28, 1252157
1.28, 1248652
1.28, 1246862
1.28, 1246242
1.28, 1245744
1.28, 1245655
1.28, 1244540
1.28, 1243101
1.28, 1239998
1.28, 1239573
1.28, 1238710
1.28, 1238141
1.28, 1231387
1.28, 1231078
1.28, 1230735
1.28, 1229361
1.28, 1228073
1.28, 1225191
1.28, 1224163
1.28, 1219163
1.28, 1217988
1.28, 1215748
1.28, 1215084
1.28, 1214451
1.28, 1213829
1.28, 1212114
1.28, 1209498
1.28, 1208931
1.28, 1208763
1.28, 1208583
1.28, 1208532
1.28, 1206698
1.28, 1206206
1.28, 1204491
1.28, 1204069
1.28, 1200167
1.28, 1197632
1.28, 1197443
1.29, 1197280
1.29, 1196374
1.29, 1194761
1.29, 1189552
1.29, 1184377
1.29, 1183012
1.29, 1181111
1.29, 1180994
1.29, 1179827
1.29, 1178882
1.29, 1177971
1.29, 1173450
1.29, 1172535
1.29, 1168386
1.29, 1167483
1.29, 1166976
1.3, 1165706
1.3, 1159129
1.3, 1158957
1.3, 1157924
1.3, 1157782
1.3, 1155446
1.3, 1155272
1.3, 1155191
1.3, 1154742
1.3, 1154416
1.3, 1153141
1.3, 1152001
1.3, 1147682
1.3, 1146013
1.3, 1144692
1.3, 1144295
1.3, 1142105
1.3, 1142032
1.3, 1135170
1.3, 1131216
1.3, 1130918
1.3, 1130319
1.32, 1129880
1.32, 1126773
1.32, 1126296
1.32, 1124167
1.33, 1113634
1.33, 1112936
1.33, 1111499
1.33, 1110106
1.33, 1109926
1.33, 1105947
1.33, 1104045
1.33, 1103990
1.33, 1102548
1.33, 1097924
1.33, 1097120
1.34, 1096061
1.34, 1095316
1.34, 1095226
1.34, 1094193
1.34, 1094131
1.34, 1090790
1.34, 1090490
1.34, 1089344
1.34, 1087860
1.34, 1084487
1.34, 1083994
1.34, 1083635
1.34, 1082091
1.34, 1079056
1.34, 1078491
1.34, 1077617
1.34, 1077378
1.34, 1076080
1.34, 1075524
1.34, 1073440
1.34, 1072629
1.34, 1072607
1.34, 1068413
1.34, 1066694
1.34, 1065157
1.34, 1064830
1.34, 1061894
1.34, 1060360
1.35, 1059481
1.35, 1058358
1.35, 1055664
1.35, 1053416
1.35, 1052468
1.35, 1051672
1.35, 1051410
1.35, 1050275
1.35, 1049401
1.35, 1049350
1.35, 1047803
1.35, 1046278
1.35, 1045745
1.35, 1044318
1.35, 1043860
1.35, 1042092
1.35, 1041196
1.35, 1040274
1.35, 1039361
1.35, 1039037
1.35, 1035735
1.35, 1034256
1.35, 1033270
1.35, 1032385
1.35, 1032134
1.35, 1030689
1.35, 1028857
1.35, 1028832
1.35, 1027875
1.35, 1025594
1.35, 1025448
1.35, 1025129
1.35, 1024038
1.36, 1023225
1.36, 1021908
1.36, 1016248
1.36, 1014985
1.36, 1012112
1.36, 1009781
1.36, 1004917
1.37, 1004488
1.37, 1003201
1.37, 1002379
1.37, 1001913
1.37, 1001616
1.37, 997560
1.37, 996139
1.37, 995024
1.37, 994310
1.37, 992649
1.37, 992496
1.37, 992353
1.38, 991204
1.38, 990949
1.38, 990694
1.38, 986825
1.38, 985161
1.38, 985058
1.38, 983379
1.39, 983067
1.39, 982853
1.39, 982483
1.39, 980685
1.39, 973559
1.39, 973381
1.39, 973095
1.39, 971793
1.39, 968403
1.39, 967298
1.39, 966607
1.39, 966044
1.39, 963325
1.39, 962643
1.39, 962004
1.39, 961680
1.39, 961263
1.4, 961177
1.4, 961171
1.4, 958190
1.4, 958166
1.4, 953076
1.4, 952083
1.4, 949979
1.4, 949973
1.4, 944890
1.4, 942779
1.4, 942018
1.4, 941309
1.4, 940923
1.4, 939441
1.4, 939437
1.4, 938012
1.4, 937542
1.4, 934245
1.41, 933719
1.41, 933675
1.41, 933641
1.41, 932379
1.41, 931955
1.41, 928893
1.41, 928801
1.41, 928157
1.41, 927005
1.43, 926673
1.43, 922584
1.43, 919975
1.43, 919140
1.44, 907985
1.44, 905185
1.44, 903894
1.44, 903464
1.44, 900985
1.44, 900773
1.44, 898173
1.44, 898077
1.44, 896803
1.44, 896772
1.44, 896206
1.44, 894896
1.44, 894457
1.44, 893854
1.44, 893788
1.44, 893766
1.44, 893185
1.44, 892399
1.44, 891752
1.44, 891409
1.44, 891147
1.44, 888995
1.44, 888839
1.44, 888830
1.44, 888500
1.44, 887332
1.44, 885687
1.44, 880395
1.44, 878412
1.45, 878335
1.45, 877805
1.45, 876075
1.45, 875367
1.45, 874687
1.45, 873441
1.45, 864868
1.45, 863800
1.45, 863729
1.45, 862530
1.45, 860313
1.46, 860083
1.46, 859095
1.46, 858252
1.46, 858172
1.46, 857510
1.47, 857508
1.47, 856969
1.47, 855933
1.47, 851142
1.47, 850948
1.47, 850781
1.47, 849471
1.47, 848886
1.47, 847598
1.47, 845396
1.47, 844861
1.47, 844198
1.47, 843293
1.47, 842334
1.47, 841044
1.48, 841037
1.48, 840808
1.48, 840025
1.48, 838439
1.48, 838393
1.48, 838337
1.48, 836741
1.48, 835529
1.48, 835449
1.48, 835332
1.48, 832226
1.48, 832150
1.48, 830847
1.49, 830300
1.49, 827836
1.49, 825710
1.49, 824661
1.49, 824169
1.49, 823086
1.49, 821750
1.49, 820712
1.49, 820700
1.49, 820467
1.49, 820371
1.49, 819221
1.49, 818801
1.49, 816236
1.5, 815552
1.5, 814981
1.51, 814794
1.51, 814595
1.51, 814261
1.51, 813369
1.52, 812110
1.52, 812015
1.52, 811036
1.52, 810939
1.52, 810666
1.52, 809621
1.52, 809107
1.52, 808655
1.52, 808053
1.52, 807862
1.52, 807782
1.53, 807155
1.53, 807153
1.53, 807120
1.53, 806952
1.53, 806887
1.53, 805965
1.54, 803797
1.54, 802824
1.54, 801868
1.54, 801803
1.54, 799717
1.54, 798985
1.54, 798397
1.54, 797834
1.55, 796883
1.55, 796574
1.55, 796461
1.55, 796356
1.55, 796331
1.55, 795308
1.55, 794532
1.55, 793284
1.55, 790958
1.55, 790586
1.55, 789856
1.55, 789628
1.56, 788965
1.56, 788157
1.56, 788102
1.56, 787216
1.56, 787081
1.56, 787002
1.56, 786421
1.56, 785684
1.56, 784701
1.56, 782568
1.56, 782373
1.56, 781968
1.57, 781941
1.57, 781687
1.57, 780551
1.57, 780060
1.57, 779601
1.57, 779573
1.57, 778160
1.57, 778014
1.57, 776357
1.57, 775954
1.57, 775564
1.57, 775255
1.57, 771949
1.57, 771672
1.57, 771671
1.57, 771248
1.58, 771228
1.58, 770889
1.58, 769851
1.58, 769754
1.58, 769660
1.58, 769064
1.58, 769035
1.58, 768755
1.59, 768427
1.59, 768211
1.59, 767855
1.59, 766836
1.59, 766804
1.59, 766267
1.59, 765788
1.6, 765432
1.6, 764966
1.6, 764700
1.6, 764684
1.6, 764336
1.6, 763142
1.6, 762694
1.6, 762386
1.61, 761748
1.61, 761703
1.61, 759292
1.61, 759272
1.61, 759201
1.61, 758798
1.61, 758108
1.61, 757678
1.61, 757279
1.62, 757258
1.62, 757074
1.62, 755822
1.62, 754635
1.62, 754225
1.62, 754012
1.62, 753393
1.63, 753122
1.63, 753113
1.63, 752172
1.63, 751517
1.63, 751175
1.63, 750518
1.63, 750226
1.63, 750067
1.63, 748683
1.63, 748630
1.63, 748295
1.63, 748049
1.63, 747699
1.64, 747284
1.64, 746841
1.64, 746237
1.64, 745982
1.65, 745847
1.65, 745698
1.65, 744388
1.66, 744095
1.66, 744051
1.67, 743977
1.67, 743468
1.67, 743145
1.67, 742988
1.67, 742344
1.68, 742329
1.68, 742278
1.68, 742250
1.68, 741557
1.68, 741236
1.69, 740996
1.69, 740170
1.69, 740017
1.69, 739712
1.69, 739073
1.7, 738710
1.7, 738021
1.7, 736873
1.7, 736447
1.7, 736284
1.71, 736207
1.71, 735924
1.71, 735504
1.72, 735211
1.72, 735012
1.72, 734864
1.72, 734116
1.72, 733828
1.73, 733618
1.73, 733566
1.73, 733530
1.74, 733509
1.74, 733301
1.75, 733295
1.76, 733165
1.76, 733067
1.77, 731996
1.77, 731857
1.77, 731845
1.77, 731557
1.77, 730741
1.77, 730519
1.78, 729610
1.78, 729434
1.78, 729070
1.79, 728665
1.79, 728608
1.81, 728237
1.82, 728160
1.82, 727662
1.83, 725210
1.84, 725152
1.84, 723964
1.84, 723929
1.85, 723625
1.86, 723605
1.86, 723293
1.87, 723136
1.87, 723107
1.87, 723106
1.87, 722436
1.88, 721905
1.88, 721295
1.88, 720415
1.89, 720163
1.92, 719946
1.92, 717621
1.93, 717168
1.93, 717134
1.94, 716494
1.95, 716423
1.96, 715630
1.96, 715326
1.97, 714737
1.97, 714588
1.98, 714559
1.98, 713805
1.98, 713783
1.99, 712723
1.99, 712673
2.0, 710816
2.0, 710214
2.01, 710039
2.04, 709707
2.05, 709545
2.07, 709379
2.12, 709280
2.14, 708704
2.18, 708639
2.2, 708610
2.23, 708452
2.28, 707987
2.32, 707913
2.37, 707766
2.38, 707637
2.42, 707618
2.42, 707534
2.43, 707474
