0.0, 7280226
0.0, 7268920
0.0, 7266933
0.0, 7152960
0.0, 7121577
0.0, 7113844
0.0, 7113159
0.0, 7100788
0.0, 7099596
0.0, 7098589
0.0, 7095333
0.0, 7094655
0.0, 7089950
0.0, 7056992
0.0, 6924774
0.0, 6923505
0.0, 6903600
0.0, 6894156
0.0, 6892975
0.0, 6881757
0.0, 6867990
0.0, 6862987
0.0, 6768512
0.0, 6763928
0.0, 6692280
0.0, 6683770
0.0, 6611478
0.0, 6606292
0.0, 6600349
0.0, 6594980
0.0, 6543055
0.0, 6507554
0.0, 6479561
0.0, 6466694
0.0, 6459474
0.0, 6455943
0.0, 6452844
0.0, 6451816
0.0, 6427604
0.0, 6426847
0.0, 6426021
0.0, 6410803
0.25, 6407717
0.25, 6368096
0.25, 6345970
0.25, 6343319
0.25, 6342595
0.25, 6338984
0.25, 6295539
0.25, 6286029
0.25, 6204138
0.25, 6105614
0.25, 6103124
0.58, 6072020
0.58, 6067257
0.58, 6047609
0.58, 6036207
0.58, 6007578
0.58, 5978024
0.58, 5976939
0.58, 5951955
0.58, 5951802
0.58, 5948411
0.76, 5946437
0.76, 5944963
0.76, 5942888
0.78, 5936271
0.78, 5933975
0.78, 5918862
0.78, 5903807
0.78, 5897394
0.78, 5887571
0.78, 5852674
0.78, 5848754
0.78, 5843400
0.79, 5842327
0.79, 5833199
0.79, 5786646
0.79, 5782869
0.79, 5777236
0.79, 5772513
0.79, 5762157
0.79, 5758939
0.79, 5755149
0.79, 5744608
0.79, 5741065
0.79, 5716926
0.79, 5711217
0.79, 5708488
0.79, 5692007
0.79, 5682262
0.79, 5664115
0.79, 5654824
0.79, 5579554
0.79, 5576323
0.79, 5575594
0.79, 5572331
0.79, 5568762
0.79, 5559432
0.79, 5552916
0.79, 5550210
0.81, 5542704
0.81, 5539765
0.81, 5529288
0.81, 5527951
0.81, 5496834
0.81, 5459493
0.81, 5443432
0.81, 5407288
0.83, 5400767
0.83, 5373216
0.83, 5372468
0.83, 5364915
0.83, 5322022
0.83, 5319843
0.83, 5312305
0.83, 5185587
0.87, 5175583
0.87, 5167115
0.87, 5160466
0.87, 5155958
0.87, 5155391
0.87, 5101245
0.88, 5086296
0.88, 5080838
0.88, 5070147
0.88, 5059859
0.88, 5059753
0.88, 5051927
0.88, 5043782
0.89, 4996467
0.89, 4988543
0.89, 4976803
0.89, 4966417
0.89, 4961448
0.89, 4957188
0.89, 4941333
0.89, 4908767
0.89, 4907017
0.89, 4906131
0.89, 4903971
0.9, 4902692
0.9, 4897244
0.9, 4896696
0.9, 4890332
0.9, 4887767
0.9, 4884559
0.9, 4867433
0.9, 4867119
0.9, 4858153
0.9, 4857412
0.9, 4853881
0.9, 4849478
0.9, 4843291
0.9, 4837005
0.9, 4833928
0.9, 4829332
0.9, 4789035
0.9, 4786299
0.9, 4781202
0.9, 4780371
0.93, 4759470
0.93, 4759431
0.93, 4651047
0.93, 4650492
0.93, 4650333
0.93, 4617862
0.93, 4612434
0.93, 4608034
0.93, 4604650
0.93, 4604585
0.93, 4584953
0.93, 4575094
0.93, 4568966
0.93, 4556024
0.93, 4555444
0.93, 4555013
0.94, 4554478
0.94, 4548010
0.94, 4542385
0.94, 4538959
0.94, 4519359
0.94, 4515491
0.94, 4504469
0.94, 4467159
0.94, 4465897
0.95, 4457025
0.95, 4450731
0.95, 4440679
0.95, 4424006
0.95, 4418808
0.95, 4415910
0.95, 4413055
0.95, 4384197
0.95, 4380053
0.95, 4378697
0.95, 4372557
0.95, 4372533
0.95, 4352395
0.95, 4350669
0.95, 4350244
0.95, 4348500
0.95, 4347359
0.95, 4329906
0.95, 4306744
0.95, 4306449
0.95, 4302237
0.95, 4295693
0.95, 4289407
0.95, 4276352
0.95, 4276347
0.95, 4265948
0.95, 4248483
0.95, 4244531
0.95, 4240815
0.95, 4239514
0.95, 4239507
0.95, 4238516
0.95, 4235516
0.95, 4224271
0.95, 4214510
0.95, 4199874
0.95, 4176586
0.95, 4175935
0.95, 4174851
0.95, 4166721
0.95, 4152795
0.95, 4152091
0.95, 4151530
0.95, 4146148
0.95, 4139362
0.95, 4131262
0.95, 4130016
0.95, 4116333
0.95, 4059216
0.95, 4046092
0.95, 4040874
0.95, 4035945
0.95, 4035718
0.95, 4033083
0.95, 3976201
0.95, 3976047
0.96, 3972601
0.97, 3969239
0.97, 3966479
0.97, 3956347
0.97, 3950488
0.97, 3949099
0.97, 3936471
0.97, 3931932
0.97, 3931591
0.97, 3916369
0.97, 3878485
0.97, 3872621
0.97, 3869237
0.97, 3861053
0.99, 3847452
0.99, 3840430
0.99, 3833536
0.99, 3827781
0.99, 3805492
0.99, 3800796
0.99, 3795810
0.99, 3790338
0.99, 3763887
0.99, 3752999
0.99, 3742220
0.99, 3739574
0.99, 3735044
0.99, 3732222
0.99, 3731461
0.99, 3729700
0.99, 3727938
0.99, 3720634
0.99, 3719594
0.99, 3696323
0.99, 3681848
0.99, 3679916
0.99, 3671297
0.99, 3669602
0.99, 3661942
0.99, 3622546
0.99, 3620816
0.99, 3592013
0.99, 3590138
0.99, 3590011
0.99, 3587771
0.99, 3578862
0.99, 3575306
0.99, 3574602
0.99, 3567533
0.99, 3566852
0.99, 3561427
0.99, 3537621
1.0, 3518329
1.0, 3516427
1.0, 3515491
1.0, 3500092
1.0, 3493993
1.0, 3491198
1.0, 3488345
1.0, 3463142
1.0, 3461664
1.0, 3461420
1.0, 3426354
1.0, 3424049
1.0, 3395717
1.0, 3389349
1.0, 3388622
1.0, 3377151
1.0, 3352024
1.0, 3346494
1.0, 3319983
1.0, 3315016
1.0, 3309840
1.0, 3307946
1.0, 3306831
1.0, 3294742
1.01, 3294413
1.01, 3292411
1.01, 3291539
1.01, 3275995
1.01, 3271816
1.01, 3269477
1.01, 3268143
1.01, 3260141
1.01, 3242510
1.01, 3233311
1.01, 3214093
1.01, 3204811
1.01, 3203518
1.01, 3199572
1.01, 3187977
1.01, 3183867
1.01, 3179905
1.02, 3171313
1.02, 3164980
1.02, 3156868
1.02, 3149124
1.02, 3142343
1.02, 3125589
1.02, 3125090
1.02, 3113922
1.02, 3088146
1.02, 3087779
1.02, 3068563
1.02, 3065584
1.02, 3058660
1.02, 3055065
1.02, 3054546
1.02, 3054511
1.02, 3053478
1.02, 3052097
1.02, 3049222
1.02, 3040203
1.02, 3038733
1.02, 3013899
1.02, 2995528
1.02, 2990939
1.02, 2987940
1.02, 2983580
1.02, 2980858
1.02, 2978034
1.02, 2968721
1.02, 2968361
1.02, 2967244
1.02, 2958998
1.02, 2958943
1.02, 2954013
1.02, 2953765
1.02, 2953627
1.02, 2945156
1.02, 2944057
1.02, 2943402
1.02, 2943165
1.02, 2941000
1.02, 2935448
1.02, 2934686
1.02, 2929887
1.02, 2929698
1.02, 2926885
1.03, 2925040
1.03, 2905620
1.03, 2896561
1.03, 2888162
1.03, 2858565
1.03, 2855661
1.03, 2851242
1.03, 2848618
1.03, 2848530
1.03, 2847735
1.03, 2844473
1.03, 2843910
1.03, 2835393
1.03, 2834318
1.03, 2809235
1.03, 2802795
1.03, 2792533
1.03, 2787400
1.03, 2787326
1.03, 2787161
1.05, 2777775
1.05, 2766151
1.05, 2765807
1.05, 2753067
1.05, 2750165
1.05, 2747056
1.05, 2746918
1.05, 2746526
1.05, 2743441
1.05, 2741758
1.05, 2739707
1.05, 2720264
1.05, 2709525
1.05, 2707716
1.05, 2706512
1.05, 2696925
1.05, 2694209
1.05, 2693434
1.05, 2683047
1.05, 2679754
1.05, 2669802
1.05, 2667245
1.05, 2665797
1.05, 2662667
1.05, 2657826
1.05, 2653214
1.05, 2653178
1.05, 2648722
1.05, 2642306
1.05, 2636789
1.05, 2631085
1.09, 2628156
1.09, 2626147
1.09, 2623574
1.09, 2623494
1.09, 2620473
1.09, 2603407
1.09, 2594984
1.09, 2594605
1.09, 2593090
1.09, 2580086
1.09, 2570535
1.09, 2565396
1.09, 2553824
1.09, 2546809
1.09, 2542941
1.09, 2540769
1.09, 2536587
1.09, 2534309
1.09, 2532344
1.09, 2531947
1.09, 2529073
1.09, 2527574
1.09, 2520499
1.09, 2513580
1.09, 2506675
1.09, 2505704
1.09, 2485986
1.09, 2473947
1.09, 2468644
1.09, 2466046
1.09, 2454441
1.09, 2445460
1.09, 2434877
1.09, 2433139
1.09, 2429524
1.09, 2426918
1.09, 2421039
1.09, 2407009
1.09, 2405948
1.09, 2404967
1.09, 2397149
1.09, 2396202
1.09, 2385788
1.09, 2374547
1.09, 2372526
1.09, 2366016
1.09, 2357418
1.09, 2341814
1.09, 2335135
1.09, 2327961
1.09, 2327614
1.09, 2314274
1.09, 2307074
1.09, 2305035
1.09, 2298074
1.09, 2297771
1.09, 2294297
1.1, 2293369
1.1, 2268072
1.1, 2265436
1.1, 2262446
1.1, 2257079
1.1, 2255446
1.1, 2255390
1.1, 2250948
1.1, 2244432
1.1, 2220676
1.1, 2220076
1.11, 2208307
1.11, 2207850
1.11, 2206548
1.11, 2199884
1.11, 2198795
1.11, 2198705
1.11, 2198112
1.11, 2197370
1.11, 2196459
1.11, 2194842
1.11, 2190964
1.11, 2186563
1.11, 2186495
1.11, 2186359
1.11, 2184336
1.11, 2184164
1.11, 2149725
1.11, 2149200
1.11, 2145403
1.11, 2143991
1.11, 2143912
1.11, 2143732
1.11, 2142738
1.11, 2133309
1.11, 2124716
1.11, 2105938
1.11, 2097835
1.12, 2090733
1.12, 2090207
1.12, 2088218
1.12, 2087392
1.12, 2083816
1.12, 2080972
1.13, 2078705
1.13, 2078700
1.13, 2073379
1.13, 2063567
1.13, 2062268
1.13, 2060349
1.13, 2060238
1.13, 2055416
1.13, 2052550
1.13, 2047364
1.13, 2042919
1.13, 2042481
1.13, 2040583
1.13, 2037945
1.13, 2035592
1.13, 2029790
1.13, 2029044
1.13, 2028335
1.13, 2026181
1.13, 2021704
1.13, 2020053
1.13, 2014086
1.13, 2013092
1.13, 2012828
1.13, 2012343
1.13, 2006179
1.13, 1997703
1.13, 1996892
1.13, 1986612
1.13, 1976464
1.13, 1976298
1.13, 1965923
1.13, 1965405
1.13, 1961553
1.13, 1951441
1.13, 1920072
1.13, 1912599
1.13, 1909761
1.13, 1901600
1.13, 1901450
1.13, 1900821
1.13, 1892019
1.13, 1891472
1.13, 1887906
1.13, 1886215
1.13, 1864729
1.14, 1863628
1.14, 1861274
1.14, 1858626
1.15, 1853403
1.15, 1849338
1.15, 1847923
1.15, 1846785
1.15, 1846664
1.15, 1843796
1.15, 1842085
1.15, 1839877
1.15, 1839003
1.15, 1838927
1.15, 1838111
1.15, 1837219
1.17, 1830187
1.17, 1829899
1.17, 1827936
1.17, 1821225
1.17, 1810557
1.17, 1805655
1.17, 1796011
1.17, 1790545
1.17, 1789241
1.17, 1788654
1.17, 1787766
1.17, 1786205
1.17, 1776741
1.17, 1774504
1.17, 1773253
1.17, 1770915
1.17, 1767977
1.17, 1762917
1.17, 1755936
1.17, 1755148
1.17, 1749248
1.17, 1746227
1.17, 1743707
1.17, 1743117
1.17, 1742633
1.17, 1735448
1.17, 1725752
1.17, 1720855
1.17, 1716016
1.17, 1715720
1.17, 1715204
1.18, 1711037
1.18, 1700070
1.18, 1699951
1.18, 1697328
1.18, 1696293
1.18, 1690303
1.18, 1690084
1.18, 1689628
1.18, 1687794
1.18, 1686821
1.18, 1680405
1.18, 1677534
1.18, 1671653
1.18, 1667476
1.18, 1666392
1.18, 1665520
1.18, 1665261
1.18, 1659929
1.18, 1657498
1.18, 1657145
1.18, 1652416
1.18, 1645594
1.18, 1643214
1.18, 1637738
1.18, 1637029
1.18, 1623006
1.18, 1622878
1.18, 1620330
1.18, 1619244
1.18, 1609798
1.18, 1606846
1.18, 1602727
1.18, 1599484
1.18, 1598960
1.18, 1596959
1.18, 1587643
1.18, 1582272
1.18, 1575799
1.18, 1575461
1.18, 1573859
1.19, 1573543
1.19, 1570578
1.19, 1570465
1.19, 1568705
1.19, 1567177
1.19, 1560959
1.19, 1548110
1.19, 1547457
1.19, 1546702
1.19, 1544663
1.19, 1544482
1.19, 1544415
1.19, 1543119
1.19, 1542854
1.19, 1542228
1.2, 1538496
1.2, 1535895
1.2, 1530623
1.2, 1528029
1.2, 1527050
1.2, 1517858
1.2, 1516886
1.2, 1506111
1.2, 1504553
1.2, 1501440
1.2, 1499897
1.2, 1494483
1.2, 1491717
1.2, 1466472
1.2, 1465355
1.21, 1460997
1.21, 1457377
1.21, 1453096
1.21, 1452247
1.21, 1444025
1.21, 1443286
1.21, 1441085
1.21, 1435877
1.21, 1435426
1.21, 1427209
1.21, 1424474
1.21, 1424246
1.21, 1423302
1.21, 1422772
1.21, 1422525
1.21, 1422171
1.21, 1420386
1.21, 1415952
1.22, 1413483
1.22, 1408404
1.22, 1405501
1.22, 1405208
1.25, 1403087
1.25, 1401069
1.25, 1398646
1.25, 1396700
1.25, 1394591
1.25, 1394200
1.25, 1392482
1.25, 1392039
1.25, 1381006
1.25, 1378707
1.25, 1378229
1.25, 1378103
1.25, 1371503
1.25, 1368407
1.25, 1368229
1.26, 1363351
1.27, 1363274
1.27, 1357104
1.27, 1356908
1.27, 1349785
1.27, 1349458
1.27, 1348914
1.27, 1336529
1.28, 1336300
1.28, 1333636
1.28, 1329712
1.28, 1326763
1.28, 1325648
1.28, 1313109
1.28, 1308839
1.28, 1308528
1.28, 1308014
1.28, 1299154
1.28, 1299119
1.28, 1297604
1.29, 1296587
1.29, 1295876
1.29, 1294804
1.29, 1290462
1.29, 1284165
1.29, 1283186
1.29, 1282534
1.29, 1282115
1.29, 1280933
1.29, 1278843
1.29, 1278247
1.29, 1277226
1.29, 1268783
1.29, 1265001
1.29, 1259280
1.29, 1259112
1.29, 1258647
1.29, 1250989
1.29, 1250718
1.29, 1248559
1.29, 1245942
1.29, 1245822
1.29, 1244849
1.29, 1241009
1.29, 1235495
1.29, 1233278
1.31, 1231984
1.31, 1231703
1.31, 1230779
1.31, 1229846
1.31, 1229581
1.31, 1226922
1.31, 1225417
1.31, 1224501
1.31, 1223515
1.32, 1221732
1.32, 1221687
1.32, 1220611
1.33, 1211514
1.33, 1204965
1.33, 1204694
1.33, 1198998
1.33, 1197516
1.33, 1197400
1.33, 1197218
1.33, 1197206
1.33, 1197057
1.33, 1190753
1.33, 1188147
1.33, 1184867
1.34, 1184643
1.34, 1183052
1.34, 1174574
1.35, 1173989
1.35, 1172984
1.35, 1170673
1.35, 1169545
1.35, 1168929
1.35, 1168338
1.35, 1167803
1.35, 1160361
1.35, 1160131
1.35, 1157317
1.35, 1156558
1.35, 1154853
1.35, 1153087
1.35, 1152518
1.35, 1150532
1.35, 1147895
1.35, 1147496
1.35, 1147405
1.35, 1146986
1.35, 1145980
1.35, 1141873
1.35, 1140969
1.35, 1139907
1.35, 1136581
1.35, 1135918
1.35, 1134499
1.35, 1134490
1.35, 1132589
1.35, 1130885
1.35, 1130834
1.35, 1130792
1.35, 1130286
1.35, 1128458
1.35, 1125499
1.35, 1125296
1.35, 1124883
1.35, 1123283
1.35, 1122247
1.35, 1109642
1.35, 1108675
1.36, 1103337
1.36, 1098704
1.36, 1095601
1.36, 1094122
1.36, 1091290
1.36, 1088541
1.36, 1087254
1.36, 1084982
1.36, 1083326
1.37, 1080923
1.37, 1079301
1.37, 1079149
1.38, 1078852
1.38, 1073793
1.38, 1071013
1.38, 1070805
1.38, 1067944
1.38, 1067458
1.38, 1063667
1.38, 1061026
1.38, 1059950
1.38, 1055810
1.38, 1055112
1.38, 1054906
1.38, 1054861
1.38, 1049334
1.38, 1049211
1.38, 1048365
1.38, 1047942
1.38, 1046430
1.38, 1040208
1.38, 1034920
1.38, 1034892
1.38, 1033801
1.38, 1033019
1.39, 1032936
1.39, 1030167
1.39, 1029454
1.39, 1028819
1.39, 1027387
1.39, 1026425
1.39, 1025039
1.39, 1022118
1.39, 1019800
1.39, 1019321
1.39, 1017831
1.39, 1011747
1.39, 1009613
1.39, 1006154
1.39, 1006056
1.39, 998441
1.39, 996505
1.39, 996064
1.39, 992077
1.39, 991118
1.4, 989578
1.4, 988060
1.4, 987855
1.4, 986503
1.4, 984495
1.4, 984206
1.4, 983322
1.4, 979018
1.4, 978390
1.4, 977492
1.4, 975681
1.41, 975021
1.41, 972865
1.41, 967535
1.41, 964055
1.41, 960565
1.41, 960560
1.41, 959918
1.41, 957251
1.41, 956543
1.41, 956411
1.41, 956330
1.41, 952336
1.41, 951075
1.41, 951053
1.41, 949492
1.41, 948974
1.41, 948194
1.41, 946812
1.41, 946372
1.41, 946241
1.41, 945035
1.41, 942250
1.41, 941404
1.41, 940532
1.41, 940000
1.42, 939602
1.42, 938765
1.42, 938738
1.42, 937995
1.42, 934932
1.42, 932952
1.42, 932383
1.42, 931170
1.42, 926599
1.42, 922448
1.42, 921776
1.42, 920343
1.43, 919006
1.43, 917612
1.43, 916088
1.43, 915485
1.44, 913657
1.44, 913248
1.44, 912842
1.44, 910752
1.44, 906427
1.44, 904560
1.44, 902372
1.44, 901663
1.44, 897969
1.44, 897122
1.44, 896718
1.44, 896060
1.44, 895462
1.44, 893642
1.44, 892532
1.44, 891999
1.45, 891199
1.45, 890737
1.45, 890037
1.45, 884031
1.45, 883489
1.45, 881863
1.45, 879103
1.45, 877724
1.45, 871902
1.45, 871678
1.45, 868160
1.45, 865807
1.45, 861457
1.45, 861036
1.46, 858496
1.46, 857450
1.46, 856142
1.46, 855573
1.46, 854424
1.46, 854184
1.46, 854041
1.46, 852268
1.46, 851825
1.47, 851701
1.47, 849212
1.47, 848912
1.47, 848842
1.47, 848825
1.47, 848657
1.47, 848349
1.48, 844190
1.48, 844153
1.48, 842817
1.48, 842577
1.48, 841681
1.48, 840771
1.48, 837463
1.48, 836278
1.48, 834893
1.48, 834867
1.48, 833392
1.48, 831219
1.48, 831193
1.48, 830398
1.48, 826125
1.48, 826030
1.48, 825750
1.48, 821832
1.48, 820598
1.49, 819894
1.49, 819806
1.49, 819112
1.49, 819056
1.49, 817075
1.5, 816906
1.5, 816321
1.5, 816056
1.5, 815343
1.5, 814512
1.5, 813767
1.5, 813737
1.5, 810590
1.5, 808473
1.5, 808168
1.51, 807486
1.51, 807190
1.51, 806631
1.51, 805206
1.51, 804779
1.51, 804309
1.51, 803011
1.51, 802128
1.51, 801260
1.51, 800449
1.51, 797897
1.51, 796885
1.52, 795726
1.52, 794286
1.52, 794239
1.52, 793884
1.52, 792774
1.52, 791352
1.52, 790528
1.52, 788730
1.52, 788708
1.52, 788681
1.52, 786774
1.52, 786536
1.52, 786185
1.53, 785175
1.53, 784965
1.53, 784794
1.53, 784543
1.53, 784541
1.53, 784088
1.53, 783436
1.54, 783354
1.54, 782632
1.54, 782227
1.54, 781835
1.54, 781834
1.54, 781394
1.54, 780082
1.54, 778725
1.54, 777951
1.55, 777912
1.55, 777740
1.55, 777099
1.55, 776494
1.56, 776403
1.56, 775182
1.56, 774389
1.56, 773689
1.56, 773040
1.56, 771965
1.56, 771534
1.56, 770666
1.56, 770404
1.57, 769587
1.57, 769150
1.57, 767494
1.57, 767347
1.58, 765190
1.58, 762190
1.58, 761335
1.58, 761274
1.58, 760996
1.58, 760853
1.58, 760145
1.58, 759344
1.58, 759343
1.58, 759339
1.58, 759334
1.58, 758956
1.58, 758893
1.58, 758102
1.59, 757421
1.59, 756666
1.59, 756310
1.59, 756145
1.59, 755951
1.6, 754322
1.6, 754248
1.6, 753696
1.6, 753081
1.6, 752555
1.6, 749460
1.6, 748546
1.6, 748207
1.61, 747687
1.61, 746699
1.61, 746456
1.61, 746307
1.61, 745609
1.61, 744752
1.61, 743892
1.61, 743711
1.62, 741778
1.62, 736518
1.62, 735741
1.63, 735340
1.63, 734691
1.63, 734579
1.63, 734438
1.63, 733915
1.64, 733895
1.64, 733820
1.64, 733345
1.64, 732165
1.64, 731882
1.64, 731841
1.64, 728767
1.64, 728678
1.64, 728494
1.65, 726339
1.65, 725752
1.66, 725702
1.67, 725685
1.67, 724810
1.67, 724344
1.67, 724145
1.67, 722919
1.67, 722543
1.68, 721291
1.68, 720822
1.68, 720614
1.68, 720411
1.69, 720066
1.69, 720025
1.69, 719745
1.69, 719309
1.69, 719234
1.7, 717877
1.7, 717580
1.7, 716960
1.7, 715950
1.7, 715948
1.7, 715893
1.7, 715736
1.71, 715704
1.71, 715176
1.71, 714886
1.71, 714696
1.71, 714436
1.72, 714225
1.72, 713483
1.72, 711856
1.73, 711065
1.73, 710891
1.73, 710555
1.74, 710276
1.74, 708964
1.75, 708885
1.75, 708843
1.75, 708332
1.76, 707424
1.76, 706883
1.77, 706690
1.77, 705912
1.77, 705732
1.78, 705555
1.78, 705195
1.79, 704432
1.79, 704249
1.79, 703621
1.79, 702841
1.8, 701749
1.82, 701111
1.82, 700641
1.83, 700413
1.83, 699068
1.84, 698075
1.84, 697473
1.88, 696815
1.88, 695798
1.91, 695740
1.94, 695593
1.94, 693493
1.95, 693433
1.95, 692891
1.95, 692469
1.95, 691493
1.99, 690826
2.0, 689032
2.0, 689004
2.03, 689002
2.09, 688722
2.16, 688505
2.33, 688419
