198.23, 6603057
388.42, 6432026
576.72, 6269563
766.08, 6130228
954.43, 5995025
1171.32, 5857041
1358.96, 5733268
1571.32, 5612202
1766.5, 5487052
1956.27, 5366486
2147.05, 5257306
2342.18, 5145800
2534.9, 5036550
2725.61, 4933420
2916.17, 4833314
3107.1, 4734455
3297.19, 4637225
3489.56, 4543763
3678.44, 4455040
3867.52, 4366587
4053.8, 4279755
4240.48, 4196955
4430.94, 4117208
4622.56, 4042505
4811.84, 3969663
5011.42, 3897949
5202.29, 3826826
5394.73, 3749367
5583.31, 3681059
5773.2, 3614166
5962.34, 3547222
6152.51, 3480419
6340.03, 3416880
6530.44, 3353696
6719.62, 3292160
6910.37, 3234263
7100.45, 3177011
7291.66, 3116148
7482.15, 3059088
7673.07, 3006124
7864.11, 2950460
8054.48, 2882859
8245.84, 2830711
8435.41, 2779037
8624.3, 2726630
8812.05, 2674541
9001.07, 2623708
9190.49, 2575083
9381.56, 2529178
9571.56, 2483412
9763.37, 2438885
9976.57, 2392717
10166.68, 2349071
10406.19, 2306337
10612.07, 2265009
10804.92, 2223091
10995.03, 2181815
11187.48, 2142631
11377.84, 2106801
11568.28, 2072902
11756.46, 2039666
11946.34, 2004799
12138.38, 1970623
12326.57, 1938109
12517.18, 1908555
12706.88, 1875762
12897.8, 1847032
13087.12, 1818704
13277.25, 1788906
13467.29, 1762709
13655.13, 1736933
13844.51, 1711470
14034.22, 1686106
14225.45, 1662668
14413.41, 1639924
14602.48, 1618287
14792.39, 1598327
14998.02, 1578622
15192.62, 1559322
15395.06, 1540136
15586.13, 1522422
15775.39, 1505146
15966.41, 1488036
16156.71, 1472285
16347.13, 1456149
16539.52, 1440940
16729.3, 1426071
16916.19, 1411611
17104.47, 1396627
17293.18, 1382443
17482.32, 1368152
17671.99, 1354414
17861.16, 1340407
18052.39, 1326547
18243.7, 1312883
18435.32, 1299239
18624.41, 1285688
18814.53, 1273015
19003.58, 1259640
19193.48, 1247707
19384.53, 1231804
19572.84, 1220617
19765.55, 1209568
19955.69, 1198764
20146.33, 1182992
20338.22, 1172689
20529.83, 1162612
20720.87, 1152568
20912.53, 1142327
21105.76, 1132441
21296.17, 1122904
21486.54, 1113420
21675.94, 1102664
21867.98, 1093773
22059.38, 1085008
22249.64, 1076276
22440.36, 1067767
22630.75, 1059209
22822.94, 1050609
23014.21, 1042165
23204.06, 1033730
23393.17, 1025321
23580.95, 1017333
23769.58, 1009447
23960.88, 999486
24154.35, 992022
24344.19, 984747
24534.97, 977482
24724.11, 970358
24914.94, 962960
25105.76, 956354
25296.08, 949851
25483.55, 943633
25672.63, 937476
25859.7, 931442
26050.83, 925694
26241.89, 920086
26431.01, 914554
26619.16, 909088
26807.77, 903837
26997.94, 898758
27190.01, 893683
27380.46, 888492
27569.94, 881446
27758.51, 876544
27946.24, 871989
28134.85, 864988
28323.61, 859635
28512.16, 854019
28701.83, 849550
28892.96, 845455
29083.78, 841450
29277.32, 837502
29468.15, 833668
29656.92, 829053
29846.87, 825249
30039.14, 821553
30230.15, 818140
30420.97, 814769
30611.46, 811480
30801.98, 808196
30996.73, 804934
31186.99, 801732
31379.0, 798566
31569.58, 795495
31760.19, 792475
31951.16, 789520
32144.29, 786764
32336.89, 784025
32527.51, 781312
32716.86, 778965
32906.11, 776664
33093.26, 774491
33284.12, 772107
33473.4, 770002
33663.58, 767923
33854.24, 765896
34042.48, 763890
34233.58, 761930
34424.06, 759977
34611.3, 758111
34801.67, 756066
35000.71, 754258
35192.42, 752467
35385.3, 750734
35653.8, 749050
35845.31, 747508
36035.37, 746030
36223.64, 742579
36411.51, 741124
36599.22, 739679
36791.25, 737585
36980.88, 736168
37173.65, 734578
37372.14, 732808
37573.76, 731454
37778.37, 730106
37977.68, 728761
38169.35, 727449
38362.17, 726178
38552.02, 724954
38739.2, 723774
38928.87, 722218
39119.5, 721046
39309.14, 719880
39499.56, 718715
39688.12, 717606
39876.34, 715374
40064.58, 714317
40254.34, 712172
40443.2, 711127
40634.74, 710086
40824.39, 709155
41013.66, 708265
41203.92, 707403
41393.72, 706547
41583.38, 705721
41772.45, 704900
41961.01, 703587
42149.82, 702798
42338.84, 702031
42529.33, 700020
42717.09, 699293
42906.56, 698656
43098.98, 698035
43288.89, 697433
43478.7, 696833
43668.63, 696235
43858.51, 695667
44047.16, 695105
44236.56, 694584
44425.02, 694076
44613.95, 693572
44806.04, 692825
44995.83, 692329
45186.16, 691879
45377.78, 691459
45566.46, 690731
45754.35, 690190
45943.39, 689791
46134.92, 689393
46323.56, 689029
46514.05, 688164
46702.89, 687800
46891.94, 687455
47080.53, 687172
47273.11, 686426
47462.75, 685637
47651.67, 685047
47841.4, 684768
48032.22, 684492
48222.32, 684256
48412.12, 684054
48602.05, 683899
48791.02, 683820
48980.15, 683755
49169.12, 683478
49356.45, 683450
49544.71, 683428
49734.56, 683409
