0.0, 6984545
0.0, 6982082
0.0, 6945483
0.0, 6908789
0.0, 6892323
0.0, 6840640
0.0, 6830035
0.0, 6823430
0.0, 6815934
0.0, 6815002
0.0, 6783019
0.0, 6772893
0.0, 6767603
0.0, 6766456
0.0, 6766090
0.0, 6765673
0.0, 6696802
0.0, 6674093
0.02, 6664655
0.02, 6601259
0.02, 6596922
0.02, 6539186
0.02, 6537767
0.04, 6537012
0.04, 6516104
0.04, 6508814
0.04, 6497778
0.04, 6472621
0.04, 6472348
0.04, 6455849
0.04, 6453954
0.04, 6428622
0.04, 6426604
0.04, 6405838
0.04, 6403103
0.04, 6374940
0.3, 6362610
0.3, 6356677
0.3, 6326140
0.3, 6325806
0.3, 6321369
0.3, 6312169
0.3, 6310196
0.3, 6300265
0.3, 6298939
0.3, 6297307
0.55, 6287848
0.55, 6273892
0.63, 6268693
0.63, 6261862
0.63, 6259109
0.63, 6136703
0.63, 6134814
0.63, 6055917
0.67, 6014026
0.67, 6009564
0.67, 6006737
0.67, 6006497
0.67, 6006254
0.67, 5997092
0.67, 5993615
0.67, 5935646
0.67, 5914841
0.67, 5856169
0.67, 5810234
0.77, 5786416
0.79, 5779959
0.79, 5737960
0.79, 5730245
0.79, 5727464
0.79, 5722346
0.79, 5719411
0.79, 5713861
0.79, 5687966
0.79, 5684645
0.79, 5667042
0.79, 5662101
0.79, 5657178
0.79, 5639234
0.79, 5545813
0.79, 5539474
0.79, 5538382
0.79, 5504472
0.79, 5499725
0.79, 5453204
0.79, 5451496
0.79, 5448985
0.79, 5448914
0.79, 5430459
0.83, 5430108
0.83, 5411334
0.83, 5406788
0.83, 5384134
0.83, 5313233
0.83, 5258804
0.83, 5257922
0.83, 5235184
0.83, 5234517
0.83, 5222584
0.88, 5205792
0.88, 5194467
0.88, 5193198
0.88, 5191826
0.88, 5188204
0.88, 5183995
0.88, 5092437
0.88, 5091357
0.88, 5075736
0.88, 5074241
0.88, 5054342
0.88, 5047135
0.88, 5041855
0.88, 5041226
0.88, 5032751
0.88, 5017737
0.88, 5016355
0.88, 5008005
0.88, 4999033
0.88, 4982930
0.88, 4961791
0.88, 4959240
0.88, 4937839
0.88, 4937101
0.88, 4936135
0.88, 4917661
0.88, 4916942
0.88, 4883388
0.88, 4866094
0.88, 4865905
0.88, 4859179
0.88, 4844629
0.88, 4823569
0.88, 4823020
0.92, 4820199
0.92, 4806679
0.92, 4799564
0.92, 4788937
0.92, 4785710
0.92, 4755060
0.92, 4754970
0.92, 4754762
0.92, 4751235
0.92, 4735619
0.92, 4730279
0.92, 4727706
0.92, 4726093
0.92, 4712099
0.92, 4703837
0.93, 4656741
0.93, 4620512
0.93, 4615161
0.93, 4614632
0.93, 4614114
0.93, 4605043
0.93, 4605042
0.93, 4604068
0.93, 4600774
0.93, 4588408
0.93, 4585236
0.93, 4582874
0.93, 4514141
0.93, 4395519
0.93, 4393836
0.93, 4391813
0.93, 4389165
0.93, 4388279
0.93, 4387161
0.93, 4376627
0.93, 4372710
0.93, 4371122
0.94, 4352302
0.94, 4297253
0.94, 4293966
0.94, 4285414
0.94, 4265220
0.94, 4233970
0.94, 4211798
0.94, 4207596
0.94, 4207180
0.94, 4190657
0.94, 4172150
0.94, 4163074
0.94, 4162011
0.94, 4153657
0.95, 4152911
0.95, 4151608
0.95, 4141993
0.95, 4129375
0.95, 4125735
0.95, 4116226
0.95, 4108803
0.95, 4087695
0.95, 4068413
0.95, 4063874
0.95, 4063593
0.95, 4057967
0.95, 4057328
0.95, 4053045
0.95, 4038170
0.95, 4035030
0.95, 4019375
0.95, 4012663
0.95, 4011790
0.95, 4008324
0.95, 3990338
0.95, 3989962
0.95, 3983252
0.95, 3980830
0.95, 3979821
0.95, 3975532
0.95, 3967232
0.95, 3964220
0.95, 3962229
0.95, 3957313
0.95, 3945008
0.95, 3940005
0.95, 3938795
0.95, 3936746
0.95, 3928131
0.95, 3925838
0.95, 3904970
0.95, 3890833
0.95, 3879130
0.96, 3877870
0.96, 3863339
0.96, 3859818
0.96, 3855637
0.96, 3854936
0.96, 3819722
0.96, 3810229
0.98, 3807489
0.98, 3789447
0.98, 3738363
0.98, 3724469
0.98, 3724337
0.98, 3720034
0.99, 3695319
0.99, 3671421
0.99, 3652694
0.99, 3641166
0.99, 3632703
0.99, 3631221
0.99, 3610914
0.99, 3601095
0.99, 3588171
0.99, 3582151
0.99, 3573483
0.99, 3559832
0.99, 3544667
0.99, 3543416
0.99, 3536860
0.99, 3528497
0.99, 3520966
0.99, 3520078
0.99, 3505288
0.99, 3476262
0.99, 3465275
0.99, 3461333
0.99, 3457255
0.99, 3456960
0.99, 3455101
0.99, 3447935
0.99, 3429675
0.99, 3423658
0.99, 3414282
0.99, 3408137
0.99, 3404566
0.99, 3404081
0.99, 3396495
0.99, 3375654
0.99, 3372230
0.99, 3359593
0.99, 3350952
0.99, 3350867
0.99, 3350357
0.99, 3347333
0.99, 3346737
0.99, 3346455
0.99, 3344122
0.99, 3342641
0.99, 3339630
0.99, 3327571
0.99, 3326619
0.99, 3325892
0.99, 3320463
0.99, 3315100
0.99, 3313023
0.99, 3312705
0.99, 3310051
0.99, 3265885
0.99, 3261708
0.99, 3253894
0.99, 3251584
0.99, 3250128
1.0, 3241579
1.0, 3240511
1.0, 3240233
1.0, 3237758
1.0, 3236803
1.0, 3231516
1.0, 3206042
1.03, 3203886
1.03, 3200338
1.03, 3198401
1.03, 3193851
1.03, 3178622
1.03, 3155078
1.03, 3152799
1.03, 3151725
1.03, 3143765
1.03, 3142142
1.03, 3133192
1.03, 3131679
1.03, 3129400
1.03, 3129271
1.03, 3120518
1.03, 3116409
1.03, 3105925
1.03, 3097225
1.03, 3097175
1.04, 3070631
1.04, 3064409
1.04, 3055898
1.04, 3053412
1.04, 3041853
1.04, 3040645
1.04, 3038827
1.04, 3034351
1.04, 3032268
1.04, 3020803
1.04, 3003377
1.04, 3001289
1.04, 2990687
1.04, 2989184
1.04, 2987349
1.04, 2979683
1.04, 2974798
1.04, 2973431
1.04, 2960864
1.04, 2960397
1.04, 2959063
1.05, 2949137
1.05, 2948941
1.05, 2936782
1.05, 2934437
1.05, 2920573
1.05, 2920233
1.05, 2917148
1.05, 2917090
1.05, 2903106
1.05, 2900430
1.05, 2895984
1.05, 2890108
1.05, 2889890
1.05, 2886120
1.06, 2856814
1.06, 2856811
1.06, 2842890
1.06, 2830745
1.06, 2826605
1.06, 2808215
1.06, 2805666
1.06, 2795155
1.06, 2774667
1.06, 2774270
1.06, 2771712
1.06, 2767791
1.06, 2766370
1.06, 2766260
1.06, 2765548
1.06, 2760720
1.06, 2759989
1.06, 2759499
1.06, 2746727
1.06, 2732663
1.06, 2732477
1.06, 2728110
1.06, 2725840
1.06, 2718865
1.06, 2716322
1.06, 2708712
1.06, 2708144
1.06, 2693529
1.06, 2690467
1.06, 2687549
1.06, 2687474
1.06, 2687070
1.06, 2677597
1.06, 2676556
1.06, 2671674
1.06, 2668985
1.06, 2662189
1.06, 2656767
1.07, 2648471
1.07, 2643272
1.07, 2643059
1.07, 2629543
1.07, 2628015
1.07, 2625962
1.07, 2625422
1.07, 2624763
1.07, 2622393
1.07, 2621958
1.07, 2620357
1.07, 2603259
1.07, 2589168
1.07, 2585575
1.07, 2571009
1.07, 2557271
1.07, 2550123
1.07, 2541711
1.07, 2536703
1.07, 2526572
1.07, 2518179
1.07, 2517935
1.07, 2511931
1.08, 2496176
1.08, 2489098
1.08, 2477693
1.08, 2473367
1.08, 2467102
1.08, 2458643
1.08, 2431633
1.08, 2430681
1.08, 2422656
1.08, 2392381
1.08, 2388673
1.08, 2378170
1.08, 2375002
1.08, 2372895
1.08, 2354971
1.08, 2352803
1.08, 2345629
1.08, 2342005
1.08, 2333237
1.08, 2330114
1.08, 2322119
1.08, 2314313
1.08, 2304696
1.08, 2303515
1.08, 2295477
1.08, 2292918
1.11, 2291596
1.11, 2291369
1.11, 2271674
1.11, 2250744
1.11, 2247027
1.11, 2245305
1.11, 2238106
1.11, 2236593
1.12, 2234764
1.12, 2232004
1.12, 2219096
1.12, 2212489
1.12, 2209094
1.12, 2203775
1.12, 2201335
1.12, 2197299
1.12, 2192980
1.12, 2189234
1.12, 2187694
1.12, 2181291
1.12, 2170259
1.12, 2160001
1.12, 2159430
1.12, 2157749
1.12, 2154994
1.12, 2148355
1.12, 2119624
1.12, 2119169
1.12, 2118713
1.12, 2115525
1.12, 2113408
1.12, 2113365
1.12, 2100400
1.12, 2098830
1.12, 2092091
1.12, 2089917
1.12, 2084613
1.12, 2076080
1.12, 2073637
1.12, 2072490
1.12, 2063639
1.12, 2062439
1.12, 2060212
1.12, 2058010
1.12, 2056542
1.12, 2053809
1.12, 2053629
1.12, 2053056
1.12, 2052599
1.12, 2052359
1.12, 2049417
1.12, 2041422
1.12, 2039596
1.12, 2037944
1.12, 2031358
1.12, 2026715
1.12, 2025103
1.12, 2021145
1.12, 2020867
1.12, 2013582
1.12, 2006442
1.12, 2003605
1.16, 1999103
1.16, 1986235
1.16, 1983966
1.16, 1983792
1.16, 1979343
1.16, 1972017
1.16, 1967902
1.16, 1964410
1.16, 1956714
1.17, 1948761
1.17, 1944654
1.17, 1944276
1.17, 1937950
1.17, 1927625
1.17, 1924332
1.17, 1922742
1.17, 1920252
1.17, 1919704
1.17, 1918862
1.17, 1916388
1.17, 1913549
1.17, 1913396
1.17, 1906893
1.17, 1903501
1.17, 1903385
1.17, 1898897
1.17, 1890569
1.17, 1890117
1.17, 1888891
1.17, 1881635
1.17, 1874883
1.17, 1874325
1.17, 1869878
1.17, 1869544
1.18, 1866581
1.18, 1864216
1.18, 1863492
1.18, 1863276
1.18, 1861043
1.18, 1859135
1.18, 1843151
1.18, 1833727
1.18, 1830739
1.18, 1826284
1.18, 1819286
1.18, 1808824
1.19, 1797007
1.19, 1795725
1.19, 1789587
1.19, 1789240
1.19, 1780611
1.19, 1775890
1.19, 1772902
1.19, 1770521
1.19, 1769893
1.19, 1766629
1.19, 1755388
1.19, 1754920
1.19, 1753227
1.19, 1752373
1.19, 1751719
1.19, 1751427
1.19, 1750158
1.19, 1748895
1.19, 1747404
1.19, 1742066
1.19, 1732657
1.19, 1717163
1.2, 1710681
1.2, 1709612
1.2, 1709146
1.2, 1702603
1.2, 1702572
1.2, 1701710
1.2, 1682620
1.2, 1681288
1.2, 1680054
1.2, 1678667
1.2, 1677970
1.2, 1676571
1.2, 1676087
1.2, 1669623
1.21, 1668523
1.21, 1668508
1.21, 1658393
1.21, 1651871
1.21, 1649255
1.21, 1644679
1.21, 1640333
1.21, 1640104
1.21, 1639812
1.21, 1638441
1.21, 1637772
1.21, 1628901
1.21, 1624615
1.21, 1623945
1.21, 1621428
1.21, 1619963
1.21, 1616933
1.22, 1615247
1.22, 1615239
1.22, 1609253
1.22, 1609056
1.22, 1605921
1.22, 1603394
1.22, 1596244
1.22, 1591377
1.22, 1582359
1.22, 1580159
1.22, 1573788
1.22, 1568633
1.22, 1568455
1.22, 1566141
1.22, 1565808
1.22, 1565319
1.22, 1563079
1.22, 1559550
1.22, 1557291
1.22, 1554022
1.22, 1542061
1.22, 1540718
1.22, 1535910
1.22, 1534637
1.23, 1532650
1.23, 1529832
1.23, 1529302
1.23, 1529051
1.23, 1527059
1.23, 1526716
1.23, 1519866
1.23, 1517564
1.23, 1516602
1.23, 1512651
1.23, 1510961
1.23, 1507305
1.23, 1505041
1.23, 1502421
1.23, 1501385
1.23, 1500835
1.23, 1498644
1.23, 1498151
1.23, 1475134
1.23, 1474776
1.23, 1473182
1.23, 1472659
1.23, 1472422
1.23, 1472095
1.23, 1469322
1.23, 1469209
1.23, 1465115
1.23, 1457656
1.23, 1452943
1.23, 1451610
1.23, 1451572
1.23, 1451515
1.23, 1451400
1.23, 1451101
1.23, 1443729
1.23, 1440481
1.23, 1438932
1.25, 1438917
1.25, 1438400
1.25, 1438191
1.25, 1438059
1.25, 1438040
1.25, 1437449
1.25, 1433831
1.25, 1432717
1.25, 1432582
1.25, 1420729
1.25, 1420566
1.26, 1418778
1.26, 1417557
1.26, 1415136
1.26, 1413600
1.26, 1410980
1.26, 1406307
1.26, 1405854
1.26, 1401022
1.26, 1400111
1.26, 1399254
1.27, 1397151
1.27, 1394379
1.27, 1392861
1.27, 1392541
1.27, 1390526
1.27, 1384415
1.27, 1383992
1.27, 1383248
1.27, 1377634
1.27, 1371301
1.27, 1368979
1.27, 1367346
1.27, 1367034
1.27, 1366021
1.27, 1363356
1.27, 1362060
1.27, 1357374
1.27, 1356334
1.27, 1355296
1.27, 1352283
1.27, 1349274
1.27, 1345042
1.27, 1344958
1.27, 1342597
1.27, 1341384
1.27, 1337993
1.27, 1335415
1.27, 1335199
1.27, 1334641
1.27, 1334044
1.27, 1333263
1.27, 1328569
1.27, 1324540
1.27, 1318660
1.27, 1316790
1.27, 1314731
1.27, 1311841
1.27, 1302377
1.27, 1302222
1.27, 1300904
1.27, 1293132
1.27, 1291993
1.28, 1291830
1.28, 1291186
1.28, 1289628
1.28, 1289182
1.28, 1288746
1.28, 1286905
1.28, 1284562
1.28, 1284289
1.28, 1283059
1.28, 1279906
1.28, 1277164
1.28, 1275335
1.28, 1274869
1.28, 1269799
1.28, 1263937
1.29, 1263510
1.29, 1263089
1.29, 1259655
1.29, 1254752
1.29, 1250641
1.29, 1247864
1.29, 1245191
1.29, 1244235
1.29, 1241263
1.29, 1240939
1.29, 1239781
1.29, 1238177
1.29, 1238052
1.29, 1236703
1.29, 1235665
1.29, 1235411
1.29, 1234993
1.29, 1231857
1.29, 1231080
1.29, 1230787
1.29, 1227923
1.29, 1227093
1.29, 1226682
1.29, 1224338
1.29, 1223259
1.29, 1216577
1.29, 1215581
1.29, 1214153
1.29, 1211128
1.29, 1210199
1.29, 1207441
1.29, 1206338
1.29, 1203441
1.29, 1203142
1.29, 1202290
1.29, 1200388
1.29, 1200320
1.29, 1199882
1.29, 1199328
1.29, 1197979
1.29, 1196694
1.29, 1192314
1.3, 1191312
1.3, 1191204
1.3, 1187198
1.3, 1187103
1.3, 1186918
1.3, 1186859
1.3, 1186197
1.3, 1185152
1.3, 1183859
1.3, 1182455
1.3, 1181549
1.3, 1180948
1.3, 1179913
1.31, 1177033
1.32, 1174860
1.32, 1172352
1.32, 1172188
1.32, 1168303
1.32, 1166802
1.32, 1166056
1.32, 1162954
1.32, 1162332
1.32, 1158186
1.32, 1149388
1.32, 1148914
1.32, 1148455
1.32, 1146376
1.32, 1143226
1.32, 1142978
1.32, 1142258
1.32, 1141901
1.32, 1141508
1.32, 1141393
1.33, 1140138
1.33, 1137031
1.33, 1136259
1.33, 1128066
1.33, 1128059
1.33, 1127988
1.33, 1126216
1.33, 1123032
1.33, 1119001
1.33, 1118799
1.33, 1112267
1.34, 1109459
1.34, 1109202
1.34, 1107284
1.34, 1107067
1.34, 1107010
1.34, 1106099
1.34, 1106048
1.34, 1105709
1.34, 1102950
1.34, 1101344
1.34, 1100535
1.34, 1100168
1.34, 1098929
1.34, 1098624
1.34, 1097382
1.34, 1096507
1.34, 1094624
1.34, 1093070
1.35, 1092825
1.35, 1092808
1.35, 1092603
1.35, 1091720
1.36, 1087005
1.36, 1084999
1.36, 1080865
1.36, 1079301
1.36, 1078479
1.36, 1077746
1.36, 1075833
1.36, 1073887
1.37, 1071787
1.37, 1070876
1.37, 1070833
1.37, 1069837
1.37, 1064799
1.37, 1060559
1.37, 1060336
1.37, 1059104
1.37, 1058332
1.37, 1057789
1.37, 1057277
1.37, 1055305
1.37, 1054672
1.37, 1049629
1.37, 1049191
1.37, 1044923
1.37, 1040502
1.37, 1040214
1.37, 1037194
1.37, 1030867
1.37, 1030258
1.37, 1029182
1.37, 1028443
1.37, 1028435
1.37, 1027320
1.37, 1027201
1.37, 1026857
1.37, 1025195
1.37, 1024403
1.37, 1019085
1.38, 1017885
1.38, 1015578
1.38, 1013752
1.39, 1013380
1.39, 1013012
1.39, 1012615
1.39, 1009919
1.39, 1006790
1.39, 1006489
1.39, 1004730
1.39, 1004597
1.39, 1002603
1.39, 1001985
1.39, 1000467
1.4, 1000118
1.4, 999922
1.4, 997168
1.4, 995030
1.4, 994046
1.4, 993764
1.4, 993728
1.4, 992938
1.4, 991596
1.4, 990747
1.4, 990258
1.4, 989417
1.4, 986287
1.4, 985446
1.4, 985024
1.4, 984030
1.4, 983434
1.4, 983023
1.4, 982723
1.4, 981143
1.4, 980040
1.4, 978304
1.4, 974330
1.4, 973477
1.4, 973069
1.4, 972455
1.41, 969030
1.41, 967646
1.41, 966554
1.41, 964539
1.41, 963723
1.41, 963683
1.41, 962121
1.41, 952971
1.42, 952688
1.42, 950445
1.42, 948992
1.43, 945532
1.43, 944610
1.43, 944167
1.43, 943023
1.43, 942098
1.43, 939739
1.43, 939504
1.43, 935309
1.43, 932719
1.43, 931673
1.43, 931521
1.43, 929858
1.43, 929407
1.43, 929158
1.43, 928423
1.43, 928297
1.43, 925039
1.43, 920630
1.43, 919650
1.43, 918791
1.43, 916507
1.43, 915983
1.43, 915777
1.44, 915674
1.44, 915090
1.44, 915059
1.44, 914127
1.44, 913654
1.44, 911743
1.44, 909855
1.44, 907913
1.44, 906150
1.44, 903637
1.44, 901784
1.44, 901585
1.44, 901330
1.44, 901119
1.44, 900953
1.44, 900438
1.45, 898840
1.45, 897473
1.45, 897333
1.45, 897330
1.45, 897290
1.45, 896726
1.45, 895478
1.45, 893822
1.45, 892723
1.45, 890386
1.45, 888447
1.45, 887883
1.45, 886313
1.45, 885423
1.45, 885266
1.45, 884686
1.45, 882531
1.45, 881061
1.45, 880250
1.45, 880050
1.45, 879828
1.46, 877519
1.46, 876841
1.46, 876381
1.46, 874384
1.46, 873063
1.46, 871596
1.46, 871350
1.46, 870729
1.46, 869608
1.46, 867955
1.46, 866831
1.46, 865942
1.46, 865090
1.46, 864731
1.46, 862705
1.46, 862250
1.46, 861707
1.46, 861361
1.46, 859087
1.46, 858992
1.46, 858158
1.46, 856625
1.47, 856325
1.47, 855451
1.47, 854725
1.47, 854601
1.47, 853668
1.47, 852127
1.47, 851606
1.47, 851230
1.47, 851087
1.47, 849709
1.47, 848476
1.47, 848393
1.47, 847545
1.47, 846798
1.47, 845868
1.47, 845170
1.47, 844937
1.47, 844178
1.47, 843513
1.49, 841441
1.49, 840395
1.49, 838612
1.49, 838557
1.49, 838452
1.5, 837601
1.5, 837158
1.5, 836859
1.5, 836665
1.5, 836403
1.5, 835992
1.5, 835472
1.5, 834771
1.5, 834362
1.5, 833550
1.5, 833403
1.5, 833270
1.5, 832744
1.5, 832467
1.5, 832309
1.5, 831694
1.5, 831546
1.5, 831082
1.5, 830185
1.51, 830069
1.51, 828886
1.51, 828606
1.51, 828089
1.51, 827124
1.51, 824995
1.51, 816160
1.51, 814482
1.52, 809883
1.52, 808682
1.52, 807670
1.52, 806149
1.52, 804301
1.52, 803064
1.52, 802335
1.52, 801691
1.52, 800044
1.53, 795188
1.53, 794908
1.53, 794760
1.53, 794227
1.53, 793876
1.53, 793241
1.53, 790982
1.53, 789480
1.53, 788953
1.53, 788163
1.53, 786732
1.54, 786216
1.54, 785647
1.55, 785543
1.55, 785381
1.56, 785193
1.56, 783517
1.56, 779760
1.56, 779312
1.58, 775513
1.59, 775158
1.59, 771772
1.59, 769935
1.59, 758112
1.59, 756365
1.59, 756177
1.59, 756048
1.59, 755780
1.59, 755497
1.59, 754660
1.59, 754566
1.6, 754283
1.6, 753237
1.6, 751045
1.6, 750997
1.6, 750832
1.6, 748844
1.6, 748057
1.6, 748033
1.6, 747629
1.61, 747278
1.61, 747046
1.62, 746326
1.62, 743751
1.62, 743349
1.62, 743264
1.62, 742489
1.62, 741395
1.62, 741392
1.62, 741350
1.63, 740405
1.63, 739264
1.63, 736685
1.63, 736320
1.63, 735959
1.63, 735616
1.63, 735585
1.63, 735313
1.64, 734879
1.64, 734855
1.64, 733386
1.64, 732772
1.64, 732633
1.64, 732610
1.64, 732194
1.65, 732154
1.65, 732132
1.65, 731609
1.65, 730518
1.65, 730299
1.65, 730177
1.66, 729979
1.67, 729382
1.67, 729345
1.67, 728341
1.67, 727919
1.67, 727313
1.68, 727012
1.69, 726641
1.69, 725891
1.69, 725236
1.69, 725214
1.69, 724249
1.7, 723443
1.7, 723363
1.7, 722557
1.71, 722222
1.71, 722028
1.71, 720140
1.71, 719637
1.72, 719619
1.72, 719320
1.72, 719134
1.72, 718679
1.74, 718667
1.74, 718143
1.74, 717858
1.74, 717731
1.74, 717311
1.74, 716191
1.75, 715503
1.75, 715482
1.75, 714848
1.75, 714646
1.76, 714480
1.76, 714358
1.76, 714303
1.76, 714156
1.77, 713573
1.77, 713027
1.78, 712671
1.78, 712277
1.79, 711874
1.79, 711806
1.79, 710021
1.79, 709857
1.8, 709799
1.82, 708586
1.83, 708067
1.85, 707089
1.86, 705314
1.86, 705024
1.87, 703771
1.87, 703731
1.87, 703652
1.87, 703445
1.88, 703176
1.88, 703014
1.91, 702992
1.92, 702816
1.92, 702812
1.92, 702441
1.94, 702266
1.96, 702221
1.98, 702066
1.98, 701990
1.98, 701727
1.99, 701589
2.0, 701586
2.01, 701569
2.02, 701555
2.02, 701552
2.05, 701548
2.05, 701347
2.06, 700821
2.07, 700569
2.08, 700544
2.09, 700522
2.09, 699958
2.12, 699626
2.18, 699447
2.22, 699415
2.4, 699412
