198.15, 7005127
390.93, 6835233
581.95, 6681387
773.72, 6530460
968.57, 6379869
1167.12, 6233718
1359.49, 6088902
1552.68, 5944492
1746.26, 5803600
1940.3, 5662871
2131.67, 5526635
2322.07, 5392842
2515.56, 5264294
2708.12, 5138243
2900.91, 5017168
3095.07, 4916539
3288.2, 4817836
3481.65, 4716234
3673.8, 4620942
3865.95, 4526956
4059.56, 4439457
4251.33, 4351772
4444.84, 4264923
4637.41, 4170463
4828.78, 4088846
5019.97, 4007300
5212.3, 3933809
5402.95, 3861812
5597.14, 3789354
5789.0, 3719794
5980.71, 3646653
6172.49, 3576903
6364.85, 3511741
6556.71, 3448022
6749.95, 3384492
6942.51, 3322440
7135.72, 3259861
7328.73, 3201569
7519.4, 3143664
7711.09, 3085845
7903.32, 3028031
8095.3, 2971487
8286.17, 2914874
8477.94, 2862648
8669.89, 2811310
8865.53, 2760445
9057.1, 2712360
9251.73, 2665556
9444.23, 2616746
9637.01, 2570977
9829.65, 2526907
10021.31, 2481735
10214.18, 2436859
10406.62, 2394950
10598.8, 2354189
10791.89, 2313604
10982.44, 2269475
11172.64, 2232935
11365.59, 2195768
11557.3, 2160025
11748.5, 2124305
11939.62, 2090012
12132.84, 2056682
12323.54, 2023697
12515.67, 1991931
12705.74, 1961223
12896.62, 1930531
13089.66, 1901964
13281.03, 1871480
13471.62, 1841458
13665.15, 1813312
13857.09, 1783415
14050.32, 1754894
14241.17, 1726638
14434.05, 1699328
14625.08, 1672824
14815.89, 1648137
15007.08, 1625756
15199.94, 1603329
15391.68, 1581355
15584.17, 1560092
15774.34, 1533907
15965.52, 1513545
16156.08, 1491389
16348.82, 1467686
16541.69, 1447629
16733.99, 1427498
16925.42, 1408291
17119.3, 1390069
17310.12, 1374245
17500.88, 1359080
17696.39, 1341658
17889.13, 1325105
18079.56, 1310418
18271.04, 1296636
18463.72, 1283927
18655.02, 1271363
18846.91, 1257351
19038.34, 1245760
19229.98, 1234233
19420.64, 1223196
19620.77, 1212539
19841.4, 1201666
20034.68, 1191185
20225.22, 1180977
20415.29, 1170997
20606.0, 1159366
20796.44, 1149815
20988.06, 1140429
21179.16, 1131118
21369.46, 1122216
21561.31, 1113517
21750.0, 1104840
21941.51, 1096338
22132.86, 1085605
22323.24, 1077190
22514.83, 1069401
22703.73, 1061655
22894.93, 1054002
23089.0, 1039396
23278.56, 1031419
23469.57, 1023839
23660.86, 1016261
23851.58, 1008753
24042.93, 1001491
24233.86, 994774
24426.14, 988040
24618.5, 981636
24809.56, 974711
25000.48, 968554
25193.77, 962625
25386.08, 956970
25576.1, 950271
25766.58, 944710
25957.84, 939157
26150.78, 933688
26342.41, 928350
26533.55, 923165
26724.61, 918043
26917.14, 913319
27108.52, 908641
27301.05, 903999
27495.06, 899467
27686.15, 895043
27882.09, 889237
28075.91, 884849
28268.04, 880622
28458.93, 876418
28650.39, 872241
28844.81, 868149
29035.73, 864195
29228.44, 860457
29419.66, 856752
29612.85, 853047
29803.94, 849353
29994.44, 845923
30187.18, 842035
30379.31, 838518
30571.02, 835131
30762.77, 831784
30955.83, 827254
31148.89, 823996
31340.05, 820743
31531.22, 817656
31723.79, 814606
31916.06, 810804
32107.37, 807762
32297.76, 804758
32489.54, 801756
32680.73, 798824
32872.71, 795941
33064.48, 793146
33258.68, 790404
33451.12, 787601
33642.86, 784861
33835.72, 782188
34027.87, 779585
34220.03, 777131
34410.17, 774717
34600.91, 772325
34793.65, 769707
34985.25, 767317
35177.97, 765035
35370.07, 762871
35563.29, 760771
35754.51, 758725
35945.99, 755988
36137.08, 754296
36328.33, 752635
36518.8, 750613
36709.88, 748961
36900.39, 747327
37091.29, 745715
37283.09, 744054
37475.66, 742477
37667.03, 740989
37858.94, 739530
38051.68, 738085
38243.8, 736631
38435.07, 735055
38626.73, 733686
38821.91, 732341
39012.75, 731029
39204.79, 729723
39398.29, 728502
39589.55, 721976
39780.23, 720761
39971.64, 718750
40164.39, 717545
40356.57, 716421
40548.23, 715341
40739.46, 714267
40932.46, 712255
41122.58, 711214
41314.02, 710025
41507.42, 709049
41698.63, 708095
41889.0, 707164
42080.27, 705366
42272.14, 704474
42463.35, 702685
42657.0, 701820
42848.43, 700976
43038.42, 700064
43229.87, 698273
43422.67, 697310
43614.81, 696487
43805.03, 695729
43998.08, 695002
44191.17, 694368
44399.51, 693746
44611.96, 693066
44802.77, 692456
44995.79, 691853
45191.18, 691251
45394.48, 690654
45598.53, 690060
45790.87, 689240
45982.23, 688655
46173.4, 688016
46365.9, 687450
46557.21, 686911
46748.1, 686373
46940.47, 685855
47132.39, 685383
47325.15, 684956
47516.44, 684537
47710.01, 684137
47902.25, 683789
48092.86, 683468
48284.99, 683155
48476.89, 682859
48667.94, 682575
48858.56, 682300
49051.06, 682047
49243.81, 680992
49435.37, 680743
49627.22, 680507
49819.72, 680290
50010.05, 680085
50201.86, 679358
50394.0, 678876
50596.78, 677337
50788.13, 677132
50979.59, 676963
51170.91, 676839
51362.31, 676736
51554.35, 676640
51746.16, 676495
51938.44, 676435
52130.77, 676403
52321.52, 676399
52512.71, 676381
