15.92, 6099417
31.83, 5917996
47.45, 5739620
63.9, 5560471
79.27, 5385573
95.0, 5218374
110.95, 5046148
127.04, 4883094
142.53, 4721382
157.6, 4572372
173.64, 4421774
189.02, 4269811
204.51, 4123743
220.32, 3983054
235.28, 3849448
250.55, 3734247
266.01, 3619235
282.13, 3510458
299.7, 3409811
319.98, 3310973
351.03, 3213707
371.71, 3117607
419.83, 3023002
439.4, 2916367
459.04, 2830884
477.94, 2747233
494.6, 2669512
513.98, 2571855
529.99, 2497216
546.63, 2421140
563.16, 2352281
578.6, 2282454
594.38, 2217185
609.91, 2154283
625.43, 2097038
641.14, 2041067
657.08, 1985692
672.21, 1929824
687.26, 1877429
702.71, 1829548
717.6, 1784785
732.55, 1738871
748.09, 1692244
762.98, 1653145
778.09, 1617020
793.19, 1568536
809.09, 1536936
824.7, 1501397
842.92, 1467594
859.43, 1439780
878.38, 1411130
905.48, 1385968
923.22, 1365366
939.63, 1345368
955.24, 1325930
970.44, 1306568
985.51, 1287685
1000.94, 1261602
1016.43, 1243411
1031.53, 1225764
1049.04, 1208602
1066.64, 1187617
1081.83, 1172000
1098.2, 1157159
1114.11, 1143510
1129.51, 1130687
1145.44, 1116004
1160.47, 1103624
1176.2, 1092200
1191.34, 1081201
1206.7, 1070645
1222.34, 1056177
1237.31, 1039159
1252.32, 1029898
1267.53, 1021217
1283.73, 1012752
1299.32, 1003070
1314.69, 994926
1329.95, 988059
1345.84, 981354
1361.49, 959992
1377.41, 952289
1393.18, 946262
1408.36, 933654
1424.0, 927823
1438.88, 922002
1454.57, 916702
1469.52, 911945
1484.43, 907240
1499.39, 903398
1515.48, 900052
1530.46, 896712
1545.88, 893094
1561.43, 889991
1576.46, 887073
1591.38, 884168
1606.44, 881396
1622.16, 878656
1637.09, 876501
1652.44, 874389
1667.53, 869032
1684.62, 867064
1700.12, 865133
1715.65, 863562
1731.51, 862173
1746.91, 860887
1761.92, 859799
1777.0, 858716
1792.87, 857932
1807.9, 857254
1823.2, 856056
1838.92, 855839
1854.43, 855799
1870.76, 855760
