0.0, 6208260
0.0, 6184494
0.0, 6151332
0.0, 6073419
0.0, 5921043
0.0, 5891077
0.0, 5853347
0.0, 5830769
0.0, 5803570
0.0, 5774205
0.0, 5763722
0.0, 5731978
0.0, 5722184
0.0, 5717837
0.0, 5716705
0.0, 5693955
0.0, 5651057
0.0, 5597109
0.0, 5556644
0.0, 5501114
0.0, 5475909
0.0, 5421038
0.0, 5420938
0.0, 5389892
0.0, 5385521
0.0, 5355486
0.0, 5343507
0.0, 5275042
0.0, 5256957
0.0, 5239740
0.0, 5235667
0.0, 5232651
0.0, 5221572
0.0, 5154703
0.01, 5124122
0.01, 5045217
0.01, 5033990
0.04, 4989785
0.05, 4985074
0.05, 4968694
0.05, 4959138
0.05, 4846190
0.05, 4829177
0.22, 4811268
0.22, 4798029
0.22, 4778718
0.22, 4718489
0.25, 4651791
0.28, 4595978
0.32, 4512566
0.34, 4471769
0.34, 4355544
0.34, 4318620
0.34, 4318292
0.34, 4260462
0.34, 4254371
0.34, 4249014
0.35, 4246054
0.35, 4245981
0.35, 4235565
0.35, 4214195
0.36, 4158327
0.36, 4136634
0.36, 4080983
0.36, 4067237
0.36, 4057099
0.37, 3976843
0.38, 3932588
0.38, 3915961
0.38, 3910140
0.38, 3891458
0.38, 3884145
0.38, 3844779
0.38, 3844209
0.38, 3834883
0.38, 3830221
0.38, 3815080
0.38, 3813000
0.38, 3753913
0.38, 3742406
0.38, 3727077
0.38, 3717959
0.38, 3717898
0.38, 3675073
0.38, 3663309
0.4, 3648130
0.4, 3631154
0.4, 3629392
0.41, 3569434
0.41, 3546770
0.41, 3477156
0.41, 3459031
0.41, 3437079
0.42, 3402073
0.42, 3342353
0.42, 3338584
0.42, 3325640
0.42, 3307890
0.42, 3298948
0.42, 3279137
0.43, 3278050
0.43, 3271108
0.43, 3269936
0.43, 3265364
0.43, 3264990
0.43, 3224489
0.43, 3206286
0.43, 3195852
0.43, 3191668
0.43, 3167458
0.43, 3162618
0.43, 3125365
0.43, 3122176
0.43, 3113514
0.43, 3110628
0.43, 3109025
0.43, 3075899
0.43, 2957215
0.43, 2952944
0.43, 2951831
0.43, 2936712
0.43, 2930501
0.43, 2920296
0.43, 2917854
0.43, 2908109
0.43, 2900535
0.43, 2895434
0.43, 2893716
0.43, 2893149
0.44, 2847113
0.45, 2845115
0.45, 2835932
0.45, 2813795
0.45, 2805352
0.45, 2793133
0.45, 2780011
0.45, 2776011
0.45, 2762884
0.45, 2743121
0.45, 2725461
0.45, 2722866
0.45, 2717210
0.45, 2711287
0.45, 2704029
0.45, 2696656
0.45, 2658084
0.45, 2650960
0.45, 2647960
0.45, 2639940
0.45, 2634388
0.45, 2626886
0.45, 2610386
0.46, 2591604
0.46, 2573400
0.46, 2560386
0.46, 2523805
0.46, 2522339
0.46, 2475296
0.46, 2467011
0.46, 2455048
0.46, 2455029
0.46, 2438055
0.46, 2426470
0.46, 2418930
0.46, 2414956
0.46, 2404901
0.47, 2404663
0.47, 2374322
0.47, 2359602
0.47, 2359553
0.47, 2346200
0.47, 2310965
0.47, 2310926
0.47, 2299730
0.47, 2267175
0.48, 2265789
0.48, 2248864
0.48, 2242173
0.48, 2208767
0.48, 2173650
0.48, 2122225
0.48, 2121027
0.48, 2071578
0.48, 2058659
0.48, 2039124
0.48, 2033455
0.48, 2025213
0.48, 2022353
0.48, 2010974
0.48, 1988488
0.48, 1973166
0.48, 1953693
0.48, 1941533
0.48, 1925300
0.48, 1920122
0.48, 1908094
0.48, 1895696
0.48, 1869568
0.48, 1867120
0.49, 1864493
0.49, 1862618
0.49, 1859739
0.49, 1857328
0.49, 1848003
0.49, 1843366
0.49, 1830872
0.49, 1818764
0.49, 1807599
0.49, 1758644
0.49, 1748900
0.49, 1739930
0.5, 1739414
0.5, 1730062
0.5, 1725439
0.5, 1715609
0.5, 1715207
0.5, 1715009
0.51, 1678992
0.51, 1659102
0.51, 1655543
0.51, 1652177
0.51, 1637406
0.51, 1631032
0.51, 1628227
0.51, 1611441
0.51, 1587968
0.51, 1576240
0.51, 1575322
0.51, 1568001
0.51, 1549746
0.51, 1548124
0.51, 1519403
0.51, 1508534
0.51, 1490758
0.51, 1486288
0.51, 1475106
0.51, 1472792
0.51, 1456299
0.51, 1452094
0.51, 1450766
0.51, 1443321
0.51, 1437372
0.51, 1408440
0.51, 1399924
0.51, 1395521
0.51, 1394699
0.51, 1388842
0.52, 1374924
0.52, 1364763
0.52, 1360638
0.52, 1351352
0.52, 1346424
0.52, 1346297
0.53, 1342933
0.53, 1341438
0.53, 1332004
0.53, 1321940
0.53, 1318690
0.53, 1312557
0.53, 1290447
0.53, 1288645
0.53, 1252057
0.53, 1244825
0.53, 1240462
0.53, 1220260
0.53, 1217002
0.53, 1208387
0.53, 1207071
0.53, 1195927
0.54, 1195002
0.54, 1194778
0.54, 1193226
0.54, 1175435
0.55, 1167508
0.55, 1159020
0.55, 1147838
0.55, 1143682
0.55, 1143207
0.55, 1139990
0.55, 1139389
0.55, 1138428
0.55, 1133129
0.55, 1132343
0.55, 1127982
0.55, 1127761
0.55, 1124771
0.55, 1118653
0.55, 1115155
0.55, 1114960
0.55, 1113088
0.55, 1108838
0.55, 1104923
0.55, 1101939
0.55, 1101330
0.56, 1090582
0.56, 1090061
0.56, 1090052
0.56, 1088233
0.56, 1086922
0.56, 1085293
0.56, 1078882
0.56, 1071741
0.56, 1071294
0.56, 1065187
0.56, 1061918
0.56, 1056807
0.56, 1054917
0.57, 1053780
0.57, 1053351
0.57, 1049192
0.57, 1046585
0.57, 1043078
0.57, 1043005
0.57, 1039776
0.58, 1038823
0.58, 1037721
0.58, 1025859
0.58, 1023683
0.58, 1022975
0.58, 1013537
0.58, 1002781
0.58, 1001881
0.58, 1000329
0.58, 990557
0.58, 989142
0.58, 987069
0.58, 967295
0.58, 966876
0.58, 965241
0.58, 951784
0.58, 946806
0.58, 944800
0.58, 933406
0.58, 919722
0.58, 919682
0.58, 918086
0.58, 916969
0.58, 910069
0.58, 909874
0.58, 907942
0.58, 906856
0.58, 906460
0.59, 904239
0.59, 902526
0.59, 895700
0.59, 895112
0.59, 893302
0.59, 892536
0.59, 890094
0.59, 887787
0.59, 887200
0.59, 886804
0.59, 886335
0.59, 885121
0.59, 878845
0.59, 877931
0.59, 877475
0.59, 874041
0.59, 872725
0.59, 867547
0.59, 867501
0.59, 865898
0.59, 863743
0.59, 859901
0.59, 858714
0.6, 858702
0.6, 857864
0.6, 855151
0.6, 849540
0.6, 846834
0.6, 846719
0.6, 845635
0.63, 845326
0.63, 843730
0.63, 841719
0.63, 841301
0.63, 839973
0.64, 837545
0.64, 837068
0.65, 835247
0.65, 833549
0.65, 832806
0.65, 832027
0.65, 831565
0.69, 831184
0.69, 831064
0.69, 831024
0.7, 828166
0.7, 827770
0.75, 826713
