15.87, 5975499
31.15, 5769947
46.94, 5585251
62.53, 5403826
77.71, 5225548
93.81, 5036078
109.6, 4856356
125.92, 4679969
141.57, 4508358
157.32, 4353223
173.41, 4200513
190.83, 4044715
206.76, 3892292
221.94, 3762196
238.31, 3639271
258.35, 3510293
277.84, 3358067
296.21, 3244350
321.98, 3137149
339.98, 3034218
392.02, 2943693
410.16, 2845744
427.93, 2753686
444.26, 2660638
460.03, 2565501
477.18, 2482585
494.96, 2401197
511.32, 2330327
527.72, 2267320
544.93, 2208794
561.21, 2151139
577.64, 2099566
596.49, 2047475
614.29, 1997331
632.47, 1947812
648.71, 1897833
667.39, 1846879
683.01, 1807413
698.55, 1761560
714.24, 1723129
730.21, 1677511
745.85, 1640715
761.66, 1606681
777.72, 1574239
793.82, 1542605
810.87, 1512170
826.96, 1483133
845.84, 1453867
868.24, 1426527
884.67, 1399501
901.45, 1373649
918.08, 1348063
933.76, 1322781
950.8, 1300020
967.55, 1281606
982.87, 1263498
998.18, 1230848
1013.38, 1213971
1029.49, 1198124
1045.22, 1182412
1061.03, 1167037
1076.91, 1146153
1092.68, 1130996
1108.35, 1116389
1124.07, 1102958
1140.46, 1090454
1156.2, 1078310
1171.82, 1067186
1187.08, 1045418
1203.35, 1035414
1219.33, 1025634
1235.58, 1016360
1251.95, 1007324
1267.22, 998840
1282.89, 990973
1298.75, 983270
1314.92, 975646
1330.61, 967347
1346.33, 960024
1362.56, 954373
1378.14, 948765
1393.73, 937279
1409.2, 928363
1426.41, 922340
1442.33, 917230
1460.91, 912524
1479.32, 900846
1496.8, 896248
1512.42, 892074
1528.1, 888051
1544.31, 884705
1559.73, 881383
1574.85, 879661
1590.52, 878005
1606.48, 876382
1621.84, 874227
1637.66, 872911
1653.5, 871664
1669.45, 870727
1684.52, 869889
1699.8, 869110
1716.01, 868893
1731.96, 868682
1747.27, 868552
1762.37, 861968
1778.57, 861861
1793.77, 861822
