0.0, 6304354
0.0, 6263161
0.0, 6259576
0.0, 6242549
0.0, 6237854
0.0, 6222533
0.0, 6206410
0.0, 6142359
0.0, 6071042
0.0, 6064487
0.0, 6061112
0.0, 6019979
0.0, 6001319
0.0, 5984446
0.0, 5941684
0.0, 5939413
0.0, 5923067
0.0, 5894934
0.0, 5885160
0.0, 5882746
0.0, 5879982
0.0, 5797518
0.0, 5733399
0.0, 5711338
0.0, 5600030
0.0, 5581387
0.0, 5553618
0.0, 5520133
0.0, 5512280
0.0, 5481585
0.0, 5448662
0.0, 5386033
0.0, 5365178
0.0, 5364440
0.0, 5343574
0.0, 5335593
0.0, 5300145
0.0, 5299716
0.0, 5236621
0.0, 5211107
0.01, 5180323
0.04, 5159712
0.04, 5157597
0.04, 5134017
0.04, 5102579
0.04, 5040235
0.04, 5031290
0.07, 5004308
0.08, 4965911
0.08, 4953635
0.1, 4903860
0.11, 4852556
0.11, 4851974
0.12, 4828456
0.12, 4802340
0.24, 4789932
0.28, 4738474
0.28, 4674282
0.29, 4641679
0.3, 4603979
0.3, 4594566
0.3, 4564615
0.3, 4546187
0.3, 4533838
0.3, 4484882
0.3, 4348963
0.3, 4286028
0.32, 4277099
0.32, 4274371
0.34, 4243977
0.34, 4206729
0.34, 4197009
0.34, 4167112
0.34, 4124170
0.34, 4091310
0.34, 4081865
0.34, 4080935
0.34, 4077990
0.36, 4069959
0.36, 4051119
0.36, 4038531
0.36, 4034519
0.37, 4022725
0.37, 4018776
0.37, 3935387
0.37, 3914648
0.37, 3849054
0.37, 3844319
0.37, 3829565
0.38, 3829529
0.38, 3814677
0.38, 3811715
0.38, 3804678
0.38, 3768859
0.38, 3768755
0.38, 3752731
0.38, 3751717
0.38, 3730062
0.38, 3717413
0.38, 3696372
0.38, 3688342
0.38, 3688109
0.38, 3644336
0.38, 3633881
0.38, 3631636
0.38, 3598105
0.38, 3581762
0.38, 3577783
0.38, 3571139
0.39, 3562286
0.39, 3533695
0.39, 3523731
0.4, 3512532
0.4, 3452756
0.4, 3452181
0.4, 3405174
0.4, 3402687
0.4, 3380938
0.4, 3283650
0.4, 3250338
0.4, 3216395
0.4, 3210105
0.4, 3200048
0.4, 3179108
0.4, 3176217
0.4, 3166377
0.41, 3140070
0.41, 3101540
0.41, 3071195
0.41, 3059531
0.41, 3047290
0.41, 3042450
0.41, 3031947
0.41, 2990828
0.41, 2976346
0.41, 2935786
0.41, 2926320
0.41, 2918995
0.41, 2899541
0.41, 2898792
0.41, 2854179
0.41, 2811820
0.42, 2750616
0.42, 2749683
0.42, 2745556
0.42, 2744333
0.42, 2743199
0.42, 2680781
0.42, 2679450
0.42, 2678068
0.42, 2673218
0.42, 2662449
0.42, 2606366
0.42, 2602351
0.42, 2598395
0.42, 2593904
0.42, 2576705
0.44, 2564505
0.44, 2554055
0.44, 2553766
0.44, 2509625
0.44, 2487342
0.44, 2458718
0.44, 2417903
0.44, 2403135
0.45, 2370228
0.45, 2361667
0.45, 2318604
0.45, 2317294
0.45, 2316028
0.45, 2315261
0.45, 2313631
0.45, 2311737
0.45, 2308895
0.45, 2303211
0.45, 2297286
0.45, 2283575
0.45, 2282591
0.45, 2278639
0.45, 2252288
0.45, 2207755
0.45, 2197938
0.45, 2178968
0.45, 2171011
0.45, 2158882
0.45, 2145856
0.45, 2143954
0.45, 2127178
0.45, 2099433
0.45, 2075718
0.45, 2042637
0.45, 2031267
0.45, 2030497
0.45, 2029908
0.45, 1987184
0.45, 1973214
0.45, 1967978
0.45, 1950501
0.45, 1915160
0.46, 1905887
0.46, 1901168
0.46, 1896348
0.46, 1884645
0.46, 1874174
0.46, 1873626
0.46, 1826297
0.46, 1817591
0.46, 1813166
0.46, 1805155
0.46, 1775903
0.46, 1765984
0.46, 1764847
0.46, 1759383
0.46, 1736588
0.46, 1719639
0.46, 1718267
0.47, 1693339
0.48, 1691315
0.48, 1678116
0.48, 1676688
0.48, 1661902
0.48, 1659549
0.48, 1648493
0.48, 1646758
0.48, 1646481
0.48, 1643085
0.48, 1612133
0.48, 1600022
0.48, 1599261
0.48, 1592499
0.48, 1585747
0.48, 1584423
0.48, 1583988
0.48, 1578378
0.48, 1572710
0.48, 1563250
0.48, 1543945
0.48, 1526349
0.49, 1509137
0.49, 1482628
0.49, 1481084
0.49, 1467621
0.49, 1466357
0.5, 1461971
0.5, 1452567
0.5, 1451575
0.5, 1444424
0.5, 1434878
0.5, 1427199
0.5, 1413737
0.5, 1372866
0.5, 1358456
0.5, 1357492
0.5, 1352952
0.5, 1350984
0.5, 1345932
0.5, 1345305
0.5, 1341947
0.5, 1326140
0.5, 1318288
0.5, 1311323
0.51, 1307195
0.51, 1294612
0.51, 1293321
0.51, 1290117
0.51, 1286482
0.51, 1258752
0.51, 1255685
0.51, 1243372
0.51, 1242273
0.51, 1235571
0.51, 1227954
0.51, 1225784
0.51, 1211848
0.51, 1195508
0.51, 1195479
0.51, 1193562
0.51, 1192545
0.51, 1190468
0.51, 1187603
0.51, 1179324
0.51, 1178443
0.51, 1172805
0.51, 1167712
0.51, 1162053
0.51, 1159938
0.51, 1146729
0.51, 1135310
0.53, 1133062
0.53, 1130085
0.53, 1125868
0.53, 1121890
0.53, 1119247
0.53, 1117930
0.53, 1105196
0.53, 1100771
0.53, 1098362
0.53, 1088183
0.53, 1051599
0.53, 1051529
0.53, 1050738
0.54, 1048005
0.54, 1044233
0.54, 1042448
0.54, 1036200
0.54, 1033272
0.54, 1032812
0.54, 1016593
0.54, 1009077
0.54, 1002332
0.54, 991780
0.54, 990321
0.54, 974734
0.54, 972057
0.54, 969192
0.56, 965441
0.56, 962173
0.56, 961373
0.56, 959144
0.56, 952473
0.56, 950777
0.56, 949249
0.56, 945261
0.56, 945028
0.56, 941427
0.56, 937922
0.56, 937075
0.56, 934089
0.56, 933398
0.58, 918202
0.58, 915398
0.58, 912109
0.58, 904273
0.58, 904158
0.58, 903505
0.58, 901851
0.58, 901816
0.58, 889008
0.58, 888547
0.58, 887069
0.58, 885617
0.58, 883693
0.58, 882536
0.59, 880747
0.59, 878779
0.59, 872244
0.59, 871896
0.59, 871681
0.59, 871294
0.6, 867819
0.6, 866165
0.6, 866122
0.6, 865726
0.6, 864093
0.6, 863697
0.6, 863684
0.6, 860970
0.6, 860368
0.61, 860171
0.61, 859775
0.62, 858608
0.62, 857357
0.63, 851733
0.63, 851414
0.63, 850886
0.63, 849447
0.63, 847374
0.63, 845763
0.63, 845363
0.64, 844287
0.64, 843040
0.64, 842399
0.69, 842031
0.69, 840343
0.69, 839939
0.69, 839814
0.7, 839723
0.7, 839684
0.7, 838977
0.7, 838407
0.72, 838406
0.77, 838367
