0.0, 5683276
0.0, 5651725
0.0, 5638587
0.0, 5614459
0.01, 5613943
0.01, 5589957
0.01, 5574607
0.01, 5544794
0.01, 5462139
0.01, 5390503
0.01, 5371210
0.01, 5348720
0.01, 5286418
0.01, 5281514
0.01, 5268294
0.01, 5252625
0.01, 5210012
0.01, 5193931
0.01, 5169992
0.01, 5133356
0.01, 5108426
0.02, 5098320
0.03, 5084427
0.05, 5079747
0.05, 5072308
0.06, 5064053
0.07, 5031537
0.07, 5021551
0.07, 4992452
0.07, 4985416
0.07, 4930122
0.19, 4876273
0.19, 4874314
0.19, 4856950
0.19, 4854651
0.19, 4834858
0.19, 4819538
0.2, 4802819
0.24, 4751459
0.24, 4744081
0.24, 4733006
0.27, 4692164
0.27, 4630681
0.3, 4610861
0.31, 4590303
0.31, 4586067
0.31, 4561675
0.31, 4538604
0.31, 4504561
0.31, 4503588
0.31, 4485968
0.31, 4474267
0.31, 4473536
0.31, 4431405
0.31, 4383408
0.32, 4356949
0.32, 4305711
0.32, 4241230
0.32, 4240070
0.34, 4231020
0.34, 4186325
0.34, 4179767
0.36, 4131032
0.36, 4128249
0.36, 4125403
0.36, 4095112
0.36, 4081203
0.36, 4050857
0.36, 4042985
0.36, 3983991
0.36, 3968049
0.36, 3944859
0.36, 3942176
0.36, 3936981
0.36, 3929072
0.38, 3913403
0.38, 3819673
0.38, 3794290
0.38, 3755578
0.38, 3741411
0.38, 3733238
0.38, 3658364
0.38, 3649547
0.38, 3641073
0.38, 3640042
0.38, 3615855
0.38, 3609409
0.39, 3603730
0.39, 3553868
0.39, 3548380
0.39, 3527167
0.39, 3521862
0.39, 3509394
0.4, 3505164
0.4, 3500380
0.4, 3431454
0.4, 3428084
0.4, 3419845
0.4, 3415219
0.4, 3414025
0.4, 3398956
0.4, 3392223
0.4, 3386312
0.4, 3373100
0.4, 3360802
0.4, 3357489
0.4, 3320948
0.4, 3316143
0.4, 3276631
0.4, 3257341
0.41, 3251319
0.41, 3226862
0.41, 3219122
0.41, 3213879
0.41, 3197273
0.41, 3183792
0.41, 3132177
0.41, 3122124
0.41, 3109687
0.41, 3085245
0.41, 3082409
0.42, 3075764
0.42, 3063809
0.42, 3050221
0.42, 3048158
0.42, 2974692
0.42, 2931301
0.42, 2915682
0.42, 2914808
0.42, 2883494
0.42, 2866406
0.42, 2865427
0.42, 2838178
0.42, 2837833
0.42, 2836739
0.42, 2817499
0.42, 2810777
0.42, 2807037
0.42, 2785628
0.42, 2729307
0.42, 2669813
0.42, 2655087
0.42, 2654859
0.42, 2650647
0.42, 2648786
0.43, 2644011
0.43, 2642583
0.43, 2630940
0.43, 2584851
0.43, 2541182
0.44, 2527043
0.44, 2521388
0.44, 2508161
0.44, 2480289
0.44, 2453299
0.44, 2439520
0.44, 2431293
0.44, 2372757
0.44, 2368582
0.44, 2368326
0.44, 2322748
0.44, 2319157
0.45, 2301239
0.45, 2292055
0.45, 2284641
0.45, 2212151
0.45, 2184014
0.45, 2170260
0.45, 2169992
0.45, 2167586
0.45, 2144215
0.46, 2135324
0.46, 2132867
0.46, 2118118
0.46, 2087086
0.46, 2072641
0.46, 2065963
0.46, 2050179
0.46, 2038740
0.46, 2006444
0.46, 1999197
0.46, 1970309
0.46, 1955621
0.46, 1950331
0.47, 1945989
0.47, 1940425
0.47, 1928116
0.47, 1915237
0.47, 1914277
0.47, 1907832
0.47, 1907008
0.47, 1901204
0.48, 1889019
0.48, 1868727
0.48, 1855023
0.48, 1847309
0.48, 1817910
0.48, 1812016
0.48, 1801004
0.48, 1798920
0.48, 1794189
0.48, 1792279
0.48, 1790248
0.48, 1775904
0.48, 1764885
0.48, 1763119
0.48, 1759604
0.48, 1750422
0.48, 1705066
0.48, 1698816
0.48, 1691486
0.48, 1691296
0.48, 1677988
0.48, 1666292
0.48, 1664582
0.49, 1657477
0.49, 1654854
0.49, 1649766
0.49, 1642610
0.49, 1642443
0.49, 1637858
0.49, 1636549
0.49, 1636525
0.49, 1624699
0.49, 1622660
0.49, 1610618
0.49, 1608260
0.49, 1606882
0.49, 1585621
0.49, 1581400
0.49, 1561309
0.49, 1548386
0.49, 1543332
0.49, 1530597
0.49, 1530206
0.49, 1528140
0.49, 1516643
0.49, 1496552
0.49, 1491810
0.49, 1486257
0.49, 1472017
0.49, 1468654
0.49, 1467585
0.49, 1458781
0.49, 1456004
0.49, 1444610
0.49, 1435092
0.49, 1431707
0.5, 1430713
0.5, 1429920
0.5, 1422507
0.5, 1415580
0.5, 1411647
0.5, 1411044
0.5, 1404094
0.5, 1395417
0.5, 1388767
0.5, 1388594
0.5, 1388236
0.5, 1379873
0.51, 1377837
0.51, 1374029
0.51, 1357909
0.51, 1357599
0.51, 1349505
0.52, 1344035
0.52, 1339514
0.52, 1332503
0.52, 1328524
0.52, 1327654
0.52, 1327546
0.52, 1324745
0.52, 1318870
0.52, 1310233
0.52, 1310050
0.52, 1308891
0.52, 1296895
0.52, 1295358
0.52, 1295095
0.52, 1292206
0.53, 1282320
0.53, 1274947
0.53, 1265132
0.53, 1264869
0.53, 1258902
0.53, 1257879
0.53, 1245635
0.53, 1226278
0.53, 1220276
0.53, 1211379
0.53, 1199684
0.53, 1194462
0.54, 1194457
0.54, 1175651
0.54, 1173029
0.54, 1171139
0.54, 1150048
0.54, 1150035
0.54, 1146651
0.54, 1143433
0.54, 1141155
0.54, 1138614
0.54, 1136218
0.54, 1136045
0.54, 1134465
0.55, 1132339
0.55, 1112484
0.55, 1102610
0.55, 1099311
0.55, 1097460
0.55, 1092024
0.55, 1090681
0.55, 1090584
0.55, 1090196
0.55, 1087756
0.55, 1084852
0.55, 1083753
0.55, 1081318
0.55, 1074706
0.56, 1074700
0.56, 1067212
0.56, 1060745
0.56, 1054732
0.56, 1053465
0.56, 1047965
0.56, 1046941
0.56, 1031008
0.56, 1030096
0.56, 1028049
0.56, 1027650
0.56, 1022287
0.56, 1021353
0.56, 1020309
0.56, 1018267
0.56, 1017124
0.56, 1015862
0.56, 1014866
0.56, 1014827
0.59, 1011682
0.59, 1011543
0.6, 1009634
0.6, 1009157
0.6, 1007516
0.6, 1002052
0.6, 1000487
0.6, 998812
0.6, 998039
0.6, 997245
0.6, 994349
0.6, 993353
0.6, 992931
0.6, 991313
0.61, 990682
0.61, 988245
0.62, 987899
0.62, 984836
0.62, 984693
0.62, 976207
0.62, 970944
0.62, 962172
0.62, 962020
0.62, 959842
0.62, 958570
0.62, 958495
0.63, 949028
0.63, 946895
0.63, 939822
0.63, 929100
0.63, 928017
0.63, 923210
0.63, 913743
0.63, 913113
0.63, 910755
0.63, 910742
0.64, 910401
0.64, 908839
0.64, 906306
0.64, 905014
0.64, 898876
0.64, 898769
0.65, 896056
0.65, 895218
0.65, 892453
0.65, 889423
0.65, 884411
0.65, 882890
0.65, 881111
0.65, 878206
0.66, 877815
0.67, 877065
0.67, 876462
0.67, 874495
0.67, 873874
0.67, 873222
0.67, 872594
0.67, 872361
0.68, 872063
0.68, 870445
0.68, 863682
0.68, 863514
0.68, 862486
0.68, 862024
0.68, 861137
0.72, 859069
0.76, 858749
