0.0, 5860586
0.0, 5855648
0.0, 5790177
0.0, 5761686
0.0, 5696333
0.0, 5619924
0.0, 5616142
0.0, 5591984
0.0, 5433650
0.0, 5394074
0.0, 5391548
0.0, 5323298
0.0, 5283383
0.0, 5255425
0.01, 5251497
0.01, 5235361
0.03, 5152426
0.03, 5081576
0.03, 5050178
0.05, 5022429
0.05, 5009663
0.05, 4951772
0.1, 4915249
0.18, 4907326
0.19, 4872441
0.19, 4849122
0.19, 4794676
0.19, 4736945
0.2, 4728055
0.2, 4712294
0.34, 4675393
0.36, 4672209
0.36, 4671968
0.36, 4670332
0.36, 4611242
0.36, 4610826
0.39, 4590240
0.39, 4548204
0.39, 4509399
0.39, 4474381
0.39, 4420545
0.39, 4405203
0.39, 4371936
0.39, 4359646
0.41, 4331471
0.41, 4304359
0.41, 4284609
0.41, 4270423
0.41, 4246585
0.41, 4242138
0.41, 4223864
0.43, 4206409
0.44, 4203986
0.44, 4196032
0.44, 4183101
0.44, 4078787
0.44, 4026018
0.45, 4013539
0.45, 3983320
0.45, 3981448
0.46, 3975403
0.46, 3973344
0.46, 3935909
0.46, 3885572
0.46, 3877213
0.47, 3877031
0.47, 3854667
0.47, 3802114
0.47, 3800500
0.47, 3800492
0.47, 3797287
0.47, 3781988
0.47, 3777331
0.47, 3775767
0.47, 3739544
0.47, 3683732
0.47, 3681884
0.48, 3670469
0.48, 3665703
0.48, 3614753
0.48, 3575429
0.48, 3570970
0.48, 3517634
0.48, 3487502
0.48, 3482318
0.48, 3477770
0.48, 3410695
0.49, 3353057
0.49, 3320234
0.49, 3316550
0.49, 3302796
0.49, 3263045
0.49, 3256346
0.49, 3228827
0.49, 3220583
0.49, 3211061
0.49, 3207979
0.49, 3160318
0.49, 3148137
0.49, 3126353
0.5, 3103633
0.5, 3101195
0.5, 3067035
0.5, 3065988
0.5, 3050485
0.5, 3029301
0.5, 3003792
0.5, 2998944
0.5, 2996144
0.5, 2981403
0.51, 2975486
0.51, 2926842
0.51, 2911219
0.51, 2907576
0.51, 2857288
0.51, 2857113
0.51, 2855724
0.51, 2852633
0.51, 2832290
0.51, 2798877
0.52, 2780632
0.52, 2775042
0.52, 2756815
0.52, 2691261
0.52, 2678516
0.52, 2677781
0.52, 2674304
0.52, 2671108
0.52, 2654174
0.52, 2640005
0.52, 2530553
0.53, 2526419
0.53, 2525230
0.53, 2522803
0.53, 2498470
0.53, 2490126
0.53, 2481600
0.53, 2436982
0.53, 2422712
0.53, 2416359
0.53, 2409295
0.53, 2397946
0.53, 2395846
0.53, 2384651
0.53, 2383131
0.54, 2383103
0.54, 2382177
0.54, 2372910
0.54, 2362152
0.54, 2360192
0.54, 2339764
0.54, 2331810
0.54, 2311376
0.54, 2307180
0.54, 2286992
0.54, 2282359
0.54, 2281807
0.54, 2253318
0.54, 2233723
0.54, 2233056
0.54, 2232897
0.54, 2228246
0.54, 2224962
0.54, 2194903
0.54, 2194256
0.54, 2183947
0.54, 2177476
0.54, 2166686
0.55, 2157614
0.55, 2136779
0.55, 2123744
0.55, 2122920
0.55, 2115585
0.55, 2096961
0.55, 2095680
0.55, 2075441
0.55, 2031370
0.55, 2025704
0.55, 2015210
0.55, 1979241
0.56, 1954909
0.56, 1931023
0.56, 1919234
0.56, 1911291
0.56, 1909622
0.56, 1904845
0.56, 1896523
0.56, 1878302
0.56, 1851803
0.56, 1838662
0.57, 1837538
0.57, 1817651
0.57, 1805759
0.57, 1805460
0.57, 1794630
0.57, 1784607
0.57, 1782556
0.57, 1781321
0.57, 1778010
0.57, 1775083
0.57, 1773228
0.57, 1769320
0.57, 1764507
0.58, 1763984
0.58, 1752900
0.58, 1744845
0.58, 1741307
0.58, 1730330
0.59, 1729698
0.59, 1728822
0.59, 1725487
0.59, 1714181
0.59, 1706410
0.59, 1668907
0.59, 1659989
0.59, 1656682
0.59, 1652570
0.59, 1645389
0.59, 1643748
0.59, 1643706
0.59, 1569026
0.59, 1568833
0.59, 1567376
0.59, 1564862
0.59, 1545155
0.59, 1544119
0.59, 1542996
0.59, 1533847
0.59, 1529820
0.59, 1526832
0.59, 1523891
0.59, 1514841
0.59, 1498981
0.59, 1474174
0.59, 1473989
0.59, 1473830
0.59, 1459693
0.6, 1455081
0.6, 1442644
0.6, 1441610
0.6, 1430072
0.6, 1429854
0.6, 1428864
0.6, 1425802
0.6, 1425456
0.6, 1425185
0.61, 1424632
0.61, 1418113
0.61, 1408856
0.61, 1408153
0.61, 1407848
0.61, 1406807
0.61, 1398258
0.61, 1393734
0.61, 1384675
0.61, 1382829
0.61, 1382403
0.61, 1376426
0.61, 1376139
0.61, 1368422
0.61, 1364047
0.61, 1359259
0.61, 1358738
0.61, 1357419
0.61, 1346638
0.61, 1336947
0.61, 1334815
0.61, 1329394
0.61, 1326898
0.61, 1319091
0.61, 1316769
0.61, 1313366
0.61, 1311407
0.61, 1310559
0.61, 1299888
0.61, 1299509
0.61, 1293634
0.61, 1286143
0.61, 1285939
0.61, 1277723
0.61, 1271461
0.61, 1260060
0.62, 1246098
0.62, 1244771
0.62, 1243882
0.62, 1242875
0.62, 1225809
0.62, 1225779
0.62, 1213756
0.62, 1212909
0.62, 1209811
0.62, 1199564
0.62, 1198634
0.62, 1189745
0.62, 1177854
0.62, 1177623
0.63, 1169465
0.63, 1163239
0.63, 1161687
0.63, 1156847
0.63, 1152522
0.63, 1151729
0.63, 1134138
0.63, 1129158
0.63, 1123398
0.63, 1119178
0.63, 1118240
0.63, 1118125
0.63, 1113231
0.63, 1110569
0.63, 1108131
0.63, 1107968
0.63, 1103849
0.63, 1102507
0.63, 1099127
0.63, 1097293
0.63, 1094580
0.63, 1079764
0.63, 1077385
0.63, 1072431
0.63, 1069625
0.63, 1066601
0.63, 1054956
0.63, 1052995
0.63, 1046232
0.63, 1039563
0.63, 1035385
0.63, 1024587
0.63, 1024345
0.63, 1019576
0.63, 1016645
0.63, 1004810
0.63, 1004199
0.63, 1003453
0.64, 1000033
0.64, 999664
0.64, 995791
0.64, 994761
0.64, 989126
0.64, 984141
0.64, 983349
0.64, 981275
0.64, 977062
0.64, 976120
0.64, 972139
0.64, 970358
0.64, 969209
0.64, 969089
0.64, 967433
0.66, 957024
0.66, 952606
0.66, 946544
0.66, 945835
0.66, 943501
0.66, 941453
0.67, 941186
0.67, 939498
0.67, 939048
0.67, 932570
0.67, 930415
0.68, 923457
0.68, 922344
0.68, 915954
0.68, 911453
0.68, 908765
0.68, 904156
0.68, 904054
0.68, 900837
0.68, 900680
0.68, 897974
0.69, 894662
0.69, 889471
0.69, 887425
0.7, 882318
0.7, 881431
0.7, 877747
0.7, 874358
0.7, 873419
0.7, 872186
0.7, 872146
0.7, 872135
0.7, 871671
0.7, 871665
0.7, 871459
0.7, 869521
0.7, 869196
0.7, 864012
0.71, 863844
0.72, 863663
0.72, 861528
0.72, 860504
0.73, 860402
0.73, 853983
0.73, 852697
0.73, 851688
0.73, 846848
0.73, 845520
0.73, 844714
0.73, 844107
0.74, 843853
0.74, 841337
0.74, 840051
0.74, 837015
0.74, 829771
0.74, 826869
0.75, 826713
0.75, 824681
0.76, 823686
0.76, 822749
0.76, 822232
0.76, 821799
0.76, 821256
0.79, 820742
0.8, 820702
0.81, 820485
0.91, 820446
