0.0, 6118364
0.0, 6111818
0.0, 6111722
0.0, 6088399
0.0, 6085464
0.0, 6065225
0.0, 6036299
0.0, 5977625
0.0, 5831619
0.0, 5736823
0.0, 5731530
0.0, 5726757
0.0, 5685824
0.0, 5685107
0.0, 5661791
0.0, 5634634
0.0, 5617839
0.0, 5570396
0.0, 5466077
0.0, 5428810
0.0, 5425139
0.0, 5374909
0.0, 5361811
0.0, 5336645
0.0, 5296657
0.0, 5266850
0.0, 5242732
0.0, 5176464
0.0, 5140765
0.0, 5098240
0.0, 5096297
0.0, 5053778
0.0, 5043523
0.02, 5042254
0.02, 5039372
0.03, 4998065
0.03, 4975647
0.03, 4849627
0.22, 4845380
0.22, 4809612
0.22, 4764678
0.22, 4762975
0.22, 4745180
0.23, 4634036
0.23, 4624645
0.32, 4605197
0.32, 4600067
0.32, 4586162
0.32, 4545407
0.32, 4501240
0.32, 4475636
0.32, 4443745
0.32, 4415870
0.32, 4367714
0.35, 4353985
0.35, 4333034
0.35, 4290833
0.35, 4211217
0.35, 4207868
0.35, 4204801
0.35, 4144987
0.38, 4139127
0.39, 4094335
0.39, 4068942
0.39, 4064576
0.39, 4030267
0.39, 4029795
0.39, 4029579
0.39, 4013490
0.39, 4003077
0.39, 3964490
0.39, 3933172
0.39, 3899593
0.39, 3889375
0.39, 3837475
0.4, 3815140
0.4, 3804202
0.4, 3727154
0.4, 3717287
0.4, 3685010
0.4, 3683877
0.4, 3651465
0.4, 3558782
0.4, 3545699
0.4, 3522135
0.42, 3465808
0.42, 3458608
0.42, 3422402
0.42, 3420173
0.43, 3419255
0.43, 3405825
0.43, 3363423
0.43, 3354120
0.43, 3337730
0.43, 3330674
0.43, 3326221
0.43, 3308698
0.43, 3290595
0.43, 3271783
0.44, 3204464
0.44, 3189732
0.44, 3188274
0.44, 3177247
0.44, 3149018
0.44, 3145885
0.44, 3122695
0.44, 3099748
0.44, 3091533
0.44, 3070457
0.44, 3044662
0.44, 3044442
0.44, 3023054
0.45, 3006675
0.45, 2981159
0.45, 2979260
0.45, 2968335
0.45, 2965100
0.45, 2961592
0.45, 2956272
0.45, 2953646
0.45, 2934721
0.45, 2933092
0.45, 2910964
0.46, 2899188
0.46, 2896104
0.46, 2893007
0.46, 2855001
0.46, 2854496
0.46, 2852637
0.46, 2841105
0.46, 2829199
0.46, 2772370
0.46, 2767394
0.46, 2721115
0.46, 2717680
0.46, 2711398
0.46, 2699336
0.46, 2684264
0.46, 2673996
0.46, 2659562
0.46, 2617205
0.46, 2613500
0.46, 2612532
0.46, 2609353
0.46, 2588078
0.46, 2582018
0.46, 2541276
0.48, 2530640
0.48, 2483895
0.48, 2455816
0.48, 2437904
0.48, 2436447
0.48, 2435125
0.48, 2422931
0.48, 2405442
0.48, 2384626
0.48, 2366418
0.48, 2355077
0.48, 2339698
0.48, 2339093
0.48, 2338230
0.48, 2324850
0.49, 2324168
0.49, 2309732
0.49, 2309380
0.49, 2308922
0.49, 2305449
0.49, 2300561
0.49, 2265632
0.49, 2246570
0.49, 2243994
0.49, 2236878
0.49, 2216852
0.49, 2215031
0.5, 2204757
0.5, 2174692
0.5, 2165373
0.5, 2157203
0.5, 2154439
0.5, 2147643
0.5, 2105666
0.5, 2100990
0.5, 2090977
0.5, 2089446
0.5, 2038928
0.5, 2038293
0.5, 2019866
0.5, 1996503
0.5, 1996450
0.5, 1979909
0.5, 1935276
0.5, 1914935
0.5, 1892145
0.5, 1877756
0.51, 1871972
0.51, 1870750
0.51, 1853858
0.51, 1824853
0.51, 1820079
0.51, 1819747
0.51, 1819522
0.51, 1819299
0.51, 1806388
0.51, 1800554
0.51, 1797252
0.52, 1788553
0.52, 1785231
0.52, 1779281
0.52, 1764672
0.52, 1763502
0.52, 1760379
0.52, 1759724
0.52, 1758812
0.52, 1757694
0.52, 1757434
0.52, 1749716
0.52, 1736989
0.52, 1736455
0.52, 1714422
0.52, 1707279
0.52, 1706392
0.52, 1706319
0.52, 1678084
0.52, 1658612
0.52, 1645525
0.52, 1627527
0.52, 1615441
0.52, 1614824
0.52, 1599338
0.52, 1587829
0.52, 1564793
0.52, 1555803
0.52, 1554743
0.53, 1546061
0.53, 1540142
0.53, 1536688
0.53, 1527149
0.53, 1518173
0.53, 1509148
0.53, 1494656
0.53, 1478600
0.53, 1476607
0.53, 1473243
0.53, 1472855
0.53, 1450557
0.53, 1430062
0.54, 1387542
0.54, 1387444
0.54, 1387099
0.54, 1369584
0.54, 1356178
0.54, 1355586
0.54, 1350501
0.55, 1342512
0.55, 1335612
0.55, 1327437
0.55, 1318244
0.55, 1316721
0.55, 1315901
0.55, 1315120
0.55, 1312414
0.55, 1308728
0.55, 1303401
0.55, 1303263
0.55, 1287143
0.55, 1286540
0.55, 1279313
0.56, 1272907
0.56, 1271392
0.56, 1271007
0.56, 1268507
0.56, 1265262
0.56, 1240853
0.56, 1240617
0.56, 1240541
0.56, 1231130
0.56, 1216874
0.56, 1214167
0.56, 1196449
0.56, 1194977
0.56, 1160674
0.57, 1142779
0.57, 1141965
0.57, 1120177
0.57, 1117809
0.58, 1117349
0.58, 1115163
0.58, 1111680
0.58, 1108656
0.58, 1100452
0.58, 1096548
0.58, 1096495
0.58, 1096240
0.58, 1088228
0.58, 1062698
0.58, 1060839
0.58, 1051595
0.58, 1051104
0.58, 1038806
0.58, 1034124
0.58, 1029732
0.58, 1029121
0.58, 1028713
0.58, 1028106
0.59, 1024778
0.59, 1019658
0.59, 1016952
0.59, 1015112
0.59, 1008296
0.59, 997744
0.59, 994133
0.59, 994074
0.59, 989191
0.59, 979930
0.59, 975037
0.59, 965101
0.59, 964975
0.59, 961932
0.59, 954615
0.59, 948660
0.6, 944771
0.6, 944377
0.6, 919342
0.6, 916437
0.6, 912983
0.6, 912312
0.6, 910118
0.6, 903141
0.6, 899864
0.6, 896805
0.6, 891729
0.6, 882912
0.6, 878235
0.62, 874786
0.63, 872126
0.63, 870756
0.63, 868912
0.68, 867408
0.68, 863745
0.68, 858061
0.7, 853619
0.7, 850776
0.7, 848759
0.71, 847356
0.71, 844491
0.71, 842677
0.71, 842228
0.71, 840747
0.71, 840061
0.71, 838086
0.71, 836146
0.72, 835736
0.72, 834714
0.72, 833386
0.72, 832990
0.75, 832685
0.76, 831406
0.76, 830957
0.78, 830349
0.78, 826799
0.78, 826192
0.78, 822789
0.79, 822315
0.79, 822085
0.79, 821608
0.8, 821568
0.8, 821529
0.81, 820731
0.81, 820691
