0.0, 5594834
0.0, 5594796
0.0, 5576081
0.0, 5570050
0.0, 5509224
0.0, 5431850
0.0, 5417520
0.0, 5408758
0.0, 5378937
0.0, 5304018
0.0, 5266103
0.01, 5256397
0.01, 5187642
0.01, 5174105
0.01, 5157425
0.01, 5146095
0.02, 5134520
0.02, 5126249
0.02, 5124310
0.02, 5119342
0.02, 5101431
0.02, 5099874
0.02, 5047820
0.02, 4991483
0.03, 4964171
0.03, 4868305
0.03, 4851873
0.19, 4837829
0.22, 4805110
0.22, 4682223
0.27, 4634620
0.27, 4630809
0.27, 4543466
0.27, 4374396
0.27, 4290458
0.27, 4280622
0.27, 4277505
0.27, 4271145
0.27, 4246564
0.35, 4233541
0.35, 4230565
0.35, 4206221
0.35, 4180608
0.35, 4139833
0.35, 4101558
0.35, 4099774
0.35, 4056028
0.35, 4006231
0.35, 3967562
0.35, 3934963
0.35, 3921922
0.36, 3875426
0.36, 3844707
0.37, 3836268
0.37, 3829403
0.37, 3823032
0.37, 3775359
0.37, 3759276
0.37, 3739345
0.37, 3709171
0.37, 3705296
0.37, 3685844
0.37, 3673337
0.38, 3660571
0.38, 3654009
0.39, 3651804
0.39, 3629117
0.39, 3612979
0.39, 3566924
0.39, 3515933
0.39, 3514129
0.39, 3474407
0.39, 3465865
0.39, 3462852
0.39, 3438448
0.4, 3384594
0.4, 3365910
0.4, 3333627
0.41, 3317663
0.41, 3315742
0.41, 3309686
0.41, 3293097
0.41, 3261442
0.41, 3247767
0.41, 3223851
0.41, 3207262
0.41, 3201620
0.41, 3182037
0.41, 3143560
0.41, 3103350
0.41, 3100960
0.41, 3085096
0.41, 3075705
0.41, 3062712
0.41, 3060136
0.41, 3007784
0.41, 3007343
0.41, 2993044
0.41, 2988383
0.41, 2985740
0.41, 2921023
0.41, 2902666
0.41, 2885646
0.41, 2853961
0.42, 2828108
0.42, 2822765
0.42, 2814324
0.42, 2804091
0.42, 2785757
0.42, 2779196
0.42, 2779165
0.42, 2760981
0.42, 2751299
0.42, 2749917
0.42, 2668626
0.42, 2634158
0.43, 2621731
0.43, 2602683
0.43, 2601647
0.43, 2586950
0.43, 2540983
0.43, 2495514
0.43, 2444847
0.43, 2410056
0.43, 2390993
0.43, 2390978
0.43, 2382072
0.43, 2376962
0.43, 2361872
0.43, 2358509
0.43, 2356752
0.43, 2349407
0.43, 2349244
0.43, 2329132
0.44, 2300282
0.44, 2297630
0.44, 2277400
0.44, 2249786
0.45, 2242002
0.45, 2236713
0.45, 2236251
0.45, 2233348
0.45, 2230139
0.45, 2227212
0.46, 2154190
0.46, 2144183
0.46, 2130357
0.46, 2121670
0.46, 2103921
0.46, 2102346
0.46, 2101888
0.46, 2084858
0.46, 2074538
0.46, 2061353
0.46, 2060628
0.46, 2056748
0.46, 2039266
0.46, 2038000
0.47, 2005946
0.47, 2003883
0.47, 2002172
0.47, 1987185
0.47, 1979316
0.47, 1975941
0.47, 1968260
0.47, 1943258
0.47, 1933890
0.47, 1933567
0.47, 1923927
0.47, 1921751
0.47, 1917744
0.47, 1912266
0.47, 1904751
0.47, 1893889
0.47, 1893828
0.47, 1889807
0.47, 1860980
0.47, 1859708
0.47, 1855464
0.47, 1853092
0.47, 1821633
0.47, 1818413
0.47, 1805421
0.48, 1805150
0.48, 1798924
0.48, 1794910
0.48, 1793940
0.48, 1792834
0.48, 1790888
0.48, 1782779
0.48, 1782152
0.48, 1763391
0.48, 1762413
0.48, 1762183
0.48, 1756490
0.48, 1754280
0.48, 1743067
0.48, 1738302
0.48, 1730809
0.48, 1730642
0.48, 1729974
0.48, 1714942
0.48, 1698619
0.48, 1681513
0.49, 1677471
0.49, 1668943
0.49, 1665588
0.49, 1663257
0.49, 1649107
0.49, 1636690
0.49, 1625686
0.49, 1621099
0.49, 1619078
0.49, 1598296
0.49, 1597618
0.49, 1588662
0.49, 1586161
0.49, 1563825
0.49, 1561360
0.49, 1560847
0.49, 1558473
0.49, 1539323
0.49, 1534970
0.49, 1526819
0.49, 1523841
0.49, 1508791
0.49, 1499011
0.49, 1497500
0.49, 1478613
0.49, 1476219
0.49, 1461971
0.49, 1460024
0.49, 1454050
0.49, 1446859
0.49, 1444092
0.49, 1438387
0.5, 1430325
0.5, 1398576
0.5, 1388912
0.5, 1375326
0.5, 1360880
0.5, 1353668
0.5, 1316898
0.5, 1316386
0.5, 1315139
0.5, 1313076
0.5, 1312207
0.5, 1306735
0.5, 1295886
0.5, 1293291
0.5, 1283996
0.5, 1283979
0.5, 1282212
0.5, 1272255
0.5, 1271887
0.5, 1269681
0.5, 1266256
0.5, 1253434
0.5, 1244330
0.5, 1242865
0.5, 1242161
0.5, 1236668
0.5, 1235899
0.5, 1235890
0.5, 1230497
0.5, 1227637
0.5, 1212199
0.5, 1208477
0.5, 1208357
0.5, 1208199
0.5, 1192179
0.5, 1191027
0.5, 1188246
0.5, 1187499
0.5, 1187000
0.5, 1182343
0.5, 1168230
0.5, 1157902
0.5, 1155532
0.5, 1151599
0.51, 1150707
0.52, 1148369
0.52, 1146650
0.52, 1146075
0.52, 1145511
0.52, 1143073
0.52, 1140928
0.52, 1136070
0.52, 1134697
0.52, 1130002
0.52, 1129311
0.52, 1118105
0.52, 1112153
0.52, 1105766
0.52, 1096176
0.52, 1088368
0.52, 1088224
0.52, 1087946
0.52, 1080681
0.52, 1079352
0.52, 1071313
0.52, 1068629
0.52, 1067806
0.54, 1062114
0.54, 1056260
0.54, 1042344
0.54, 1041058
0.54, 1040576
0.54, 1038519
0.54, 1030670
0.54, 1029874
0.54, 1028714
0.54, 1019589
0.54, 1018793
0.54, 1017667
0.54, 1015942
0.54, 1011877
0.55, 1010595
0.55, 1006552
0.55, 1004001
0.55, 997470
0.55, 983265
0.55, 979346
0.55, 958950
0.55, 953095
0.55, 948498
0.55, 947364
0.55, 942607
0.55, 930189
0.55, 929083
0.55, 928447
0.55, 926851
0.55, 926572
0.55, 925629
0.56, 913477
0.56, 910777
0.56, 903910
0.56, 902825
0.56, 901368
0.56, 900357
0.57, 898598
0.57, 897369
0.57, 895214
0.57, 893549
0.57, 893385
0.57, 889054
0.57, 887282
0.57, 883982
0.57, 881064
0.57, 878760
0.57, 877924
0.57, 877604
0.57, 865782
0.57, 864935
0.57, 863892
0.59, 855115
0.59, 854521
0.59, 853036
0.61, 852865
0.61, 849888
0.61, 849631
0.61, 848027
0.62, 847509
0.62, 846084
0.62, 844695
0.63, 843406
0.66, 842685
0.66, 842261
0.66, 842221
0.67, 841475
0.74, 841113
0.74, 839788
0.75, 838869
0.76, 838407
0.76, 838361
