52.47, 5598067
72.49, 5416513
90.83, 5217103
109.16, 5019647
128.13, 4855382
143.85, 4690435
160.36, 4531447
176.07, 4378764
191.94, 4241336
208.69, 4111685
224.29, 3986871
239.95, 3867693
256.3, 3744735
271.63, 3626472
288.05, 3507421
303.28, 3399900
318.39, 3295412
333.56, 3190103
348.88, 3087888
365.26, 2992114
381.58, 2897421
397.47, 2812419
414.39, 2735201
429.79, 2640622
447.43, 2568737
463.13, 2494832
478.69, 2424181
494.24, 2358493
509.8, 2293238
526.01, 2228970
541.51, 2165496
556.85, 2102358
572.58, 2049483
587.83, 2001813
604.32, 1952920
620.28, 1887864
636.57, 1843550
652.21, 1796538
667.98, 1755132
684.03, 1703283
699.23, 1661945
716.67, 1625228
732.29, 1586234
747.86, 1546573
763.81, 1511055
779.34, 1476958
794.95, 1444313
810.38, 1415079
826.36, 1387313
841.98, 1359663
857.68, 1327422
873.51, 1300608
889.21, 1274035
905.34, 1255539
921.27, 1237506
937.91, 1219959
957.16, 1203091
973.93, 1187166
999.38, 1171486
1017.24, 1156824
1032.88, 1142971
1048.87, 1129764
1065.23, 1116897
1081.31, 1104308
1096.93, 1092460
1113.49, 1081106
1129.55, 1070818
1145.41, 1060850
1161.2, 1051285
1176.96, 1042169
1193.66, 1033247
1209.01, 1026039
1224.41, 1009749
1239.98, 985559
1255.98, 979950
1271.35, 972811
1286.66, 967614
1302.26, 962436
1318.75, 956478
1334.48, 952228
1349.86, 949782
1365.24, 947342
1381.18, 945067
1396.88, 942839
1412.92, 935179
1428.51, 933066
1445.9, 931250
1462.06, 929794
1494.76, 928478
1513.51, 927192
1530.33, 925948
1546.4, 918215
1562.47, 915355
1578.21, 911447
1594.23, 910900
1609.81, 910854
1625.28, 910814
