15.59, 5742625
30.72, 5534805
46.1, 5335345
61.33, 5156800
77.01, 4978695
92.73, 4810915
108.76, 4649916
123.82, 4506213
139.54, 4363473
155.68, 4224339
171.16, 4085882
186.81, 3948804
202.09, 3810021
217.82, 3695572
233.23, 3570166
248.76, 3462167
263.77, 3355579
279.32, 3249511
294.56, 3155347
309.88, 3064113
326.5, 2970776
344.52, 2882794
366.32, 2792280
383.33, 2704898
422.58, 2625749
438.64, 2547300
455.71, 2476855
471.25, 2395541
487.96, 2325503
503.5, 2258932
519.42, 2193566
536.05, 2114675
551.11, 2062409
567.1, 2012410
582.4, 1966340
597.91, 1919380
612.89, 1875245
627.9, 1834871
643.52, 1797608
659.22, 1746483
674.63, 1710522
690.04, 1661495
705.66, 1625884
721.09, 1590712
736.66, 1557409
752.07, 1527081
769.09, 1491871
784.49, 1465856
799.84, 1441126
815.48, 1416653
831.16, 1394917
846.2, 1372582
861.66, 1352191
879.05, 1332193
896.33, 1312845
930.81, 1290365
945.96, 1266641
961.81, 1241060
977.0, 1221069
992.63, 1202422
1008.27, 1185203
1023.45, 1170065
1039.3, 1155389
1054.34, 1141171
1069.65, 1125368
1085.24, 1112108
1100.49, 1099139
1116.25, 1087562
1131.65, 1076065
1147.14, 1066480
1162.65, 1057539
1178.46, 1049622
1193.63, 1038185
1209.26, 1031264
1224.69, 1024295
1240.61, 1014256
1255.85, 1007803
1271.0, 1001363
1287.29, 986899
1302.53, 972622
1317.98, 963564
1335.08, 957497
1351.78, 932921
1367.27, 926998
1382.55, 921516
1398.07, 916037
1413.79, 911559
1429.64, 908153
1444.95, 904505
1460.51, 900931
1475.58, 897669
1490.66, 894818
1505.83, 892173
1521.47, 890254
1536.75, 888783
1552.46, 887367
1569.23, 886025
1585.07, 884739
1602.52, 883488
1618.01, 882879
1634.27, 882276
1649.83, 881814
1665.29, 881807
