16.35, 5732497
31.93, 5526770
47.72, 5330181
63.05, 5145158
78.87, 4962084
94.73, 4780911
110.97, 4625083
127.05, 4474570
143.22, 4328086
159.09, 4196035
174.84, 4055115
189.84, 3921881
204.92, 3791009
220.85, 3651960
236.2, 3527826
254.72, 3408715
271.6, 3287522
289.05, 3178060
305.53, 3073968
321.0, 2973202
337.33, 2876092
353.3, 2788399
368.38, 2689393
383.26, 2601731
399.47, 2505701
415.15, 2414297
430.68, 2324399
445.72, 2248752
461.53, 2173409
476.43, 2101888
491.81, 2031197
507.63, 1975704
522.71, 1921135
537.75, 1868399
552.77, 1818765
568.47, 1773436
583.57, 1735964
599.81, 1699167
615.34, 1664539
631.18, 1630394
646.85, 1596773
662.39, 1548774
678.49, 1518284
693.89, 1488209
709.56, 1460353
724.91, 1435278
741.12, 1407600
756.15, 1368072
771.09, 1344962
787.41, 1316805
803.82, 1291370
819.65, 1269473
835.48, 1247373
852.07, 1226831
867.7, 1207123
884.2, 1187596
899.81, 1154035
915.79, 1135055
930.8, 1118615
946.16, 1096461
961.62, 1082153
977.12, 1068039
992.56, 1053584
1008.6, 1040363
1026.8, 1027252
1042.87, 1014695
1078.32, 1003341
1094.41, 994841
1111.06, 980197
1127.08, 971746
1142.98, 961744
1159.24, 954012
1174.8, 946304
1190.96, 938773
1206.57, 931951
1222.33, 925821
1240.32, 919856
1257.04, 913906
1272.24, 908702
1288.66, 904020
1304.12, 899688
1319.69, 893935
1335.73, 890016
1351.2, 886410
1366.75, 881326
1381.97, 877247
1398.08, 873963
1413.14, 870694
1428.51, 867689
1444.0, 864367
1459.43, 861921
1474.87, 859848
1490.05, 858013
1506.28, 855095
1522.98, 853779
1538.89, 852483
1579.54, 851197
1597.44, 850003
1617.9, 849317
1634.69, 848470
1650.7, 848389
1666.44, 848172
1681.78, 848132
1697.34, 848093
