20.09, 5417294
35.2, 5203633
50.49, 5030854
66.21, 4862620
82.63, 4695040
98.56, 4538112
113.9, 4389039
130.53, 4243440
145.58, 4098725
161.27, 3968417
176.73, 3850898
192.43, 3730171
207.64, 3592782
223.13, 3475854
238.96, 3353799
254.71, 3234214
270.39, 3115983
286.23, 3010027
302.23, 2905313
317.1, 2790834
331.98, 2697563
347.17, 2607616
362.94, 2526590
378.06, 2443405
393.15, 2367189
408.64, 2299000
423.63, 2226007
438.69, 2151698
453.92, 2092334
469.69, 2038071
485.05, 1985865
500.39, 1925692
515.43, 1873422
531.35, 1802406
546.88, 1750869
562.13, 1700023
577.98, 1657421
593.0, 1616928
608.11, 1577232
624.19, 1540980
639.93, 1505649
655.52, 1473081
670.83, 1444052
686.03, 1418030
702.05, 1392500
718.56, 1368708
733.76, 1346613
749.66, 1323089
764.99, 1303225
780.49, 1283797
795.95, 1256630
811.8, 1237692
826.94, 1218809
842.38, 1201464
858.27, 1184649
873.56, 1168707
888.78, 1153290
905.04, 1138441
922.84, 1123984
938.23, 1110123
953.8, 1097318
969.28, 1076288
985.22, 1057200
1002.42, 1044556
1019.61, 1032432
1038.18, 1022826
1055.52, 1012112
1093.24, 1002810
1109.01, 993708
1125.3, 984808
1141.66, 976434
1157.33, 966760
1172.99, 958748
1189.46, 951108
1205.77, 943571
1221.53, 936363
1237.19, 930136
1252.67, 924605
1268.09, 919323
1283.49, 913727
1299.27, 892227
1314.68, 887273
1330.29, 882379
1346.42, 877487
1361.6, 873106
1377.55, 869033
1393.0, 865118
1409.12, 861850
1425.05, 858932
1442.78, 856492
1459.72, 854088
1477.01, 852477
1492.68, 851126
1509.72, 849875
1525.2, 848628
1540.64, 847691
1556.01, 846984
1571.29, 846903
1586.94, 846686
1602.43, 846647
