16.87, 5912207
32.24, 5707572
48.15, 5511738
63.94, 5314639
79.65, 5145847
95.25, 4980622
111.24, 4817412
127.11, 4649338
145.0, 4487524
163.18, 4332106
179.63, 4196564
195.88, 4041217
211.67, 3899316
227.63, 3768481
243.07, 3626036
258.98, 3508489
274.81, 3391261
290.43, 3279255
306.07, 3171157
322.45, 3064543
338.47, 2959210
353.6, 2856022
369.68, 2752649
385.32, 2651848
400.42, 2557914
415.51, 2470298
431.03, 2379150
446.44, 2295927
463.87, 2222624
481.8, 2138390
497.54, 2072658
512.54, 2013212
527.6, 1957049
543.25, 1904362
558.65, 1853551
574.36, 1814957
589.85, 1780032
605.88, 1746247
621.31, 1702499
637.0, 1660776
652.56, 1621126
668.17, 1589291
683.68, 1548011
698.98, 1520754
715.06, 1483935
730.28, 1453892
746.02, 1431139
761.58, 1409539
777.67, 1381673
792.85, 1362170
808.21, 1342883
824.04, 1324404
839.43, 1307485
855.18, 1290993
870.57, 1274786
886.47, 1246005
902.62, 1230062
917.78, 1214668
934.02, 1199483
951.24, 1186179
968.61, 1173840
984.12, 1157032
1002.18, 1123753
1021.15, 1111613
1040.23, 1099696
1057.69, 1086769
1076.59, 1075029
1100.98, 1064218
1116.34, 1054858
1132.36, 1045847
1147.74, 1032905
1163.56, 1023917
1178.95, 1015068
1195.68, 1003755
1211.31, 995042
1226.36, 987738
1241.55, 979934
1256.91, 973073
1271.99, 966911
1286.97, 959253
1302.45, 954667
1317.74, 950178
1332.87, 931838
1348.15, 922688
1363.8, 918032
1378.86, 908081
1393.95, 900761
1409.52, 896755
1425.16, 893087
1441.08, 889741
1459.02, 887046
1476.49, 884839
1493.25, 882871
1509.75, 880931
1527.68, 878997
1547.31, 874526
1565.21, 873198
1602.7, 871961
1618.99, 870997
1635.3, 870060
1651.43, 869160
1667.08, 868336
1683.11, 867727
1698.48, 867494
1714.14, 867032
1729.61, 866815
1745.52, 866775
1761.09, 866736
