0.0, 5910755
0.0, 5909929
0.0, 5899764
0.0, 5872504
0.0, 5847680
0.0, 5760086
0.0, 5724812
0.0, 5570746
0.0, 5568416
0.0, 5493266
0.0, 5487455
0.01, 5468070
0.01, 5439427
0.01, 5413934
0.01, 5405279
0.01, 5372739
0.01, 5254156
0.01, 5229798
0.02, 5208990
0.02, 5148686
0.04, 5126670
0.05, 5126105
0.05, 5111010
0.06, 5062561
0.07, 5059072
0.07, 5055510
0.07, 5036260
0.07, 5030155
0.07, 4987410
0.07, 4971445
0.07, 4904162
0.07, 4888122
0.07, 4791586
0.07, 4773912
0.07, 4747971
0.07, 4740407
0.33, 4709623
0.33, 4695185
0.33, 4628171
0.33, 4626771
0.33, 4582172
0.34, 4540276
0.34, 4528844
0.34, 4504047
0.34, 4484691
0.36, 4479134
0.36, 4447122
0.36, 4445197
0.36, 4417496
0.36, 4410226
0.36, 4379654
0.37, 4353728
0.38, 4285180
0.38, 4285026
0.38, 4255352
0.38, 4240717
0.38, 4239068
0.38, 4200471
0.38, 4134135
0.38, 4130694
0.38, 4119426
0.38, 4118006
0.38, 4107855
0.38, 4106130
0.38, 4095735
0.38, 4050254
0.39, 4042282
0.39, 4029527
0.4, 3982357
0.4, 3964962
0.4, 3952097
0.4, 3952031
0.4, 3895966
0.4, 3867752
0.4, 3860041
0.4, 3858808
0.4, 3800594
0.4, 3798636
0.4, 3761990
0.4, 3747867
0.4, 3735742
0.4, 3726699
0.4, 3690776
0.4, 3652069
0.4, 3537854
0.4, 3470411
0.4, 3454411
0.4, 3425211
0.4, 3412248
0.42, 3398218
0.42, 3355961
0.42, 3293637
0.43, 3275118
0.43, 3270436
0.43, 3264723
0.43, 3259052
0.43, 3252199
0.44, 3239727
0.44, 3187365
0.44, 3179122
0.44, 3157030
0.44, 3145586
0.44, 3078103
0.45, 3063656
0.45, 3055843
0.45, 2972664
0.45, 2953797
0.45, 2919280
0.45, 2860007
0.45, 2815772
0.46, 2809189
0.46, 2809009
0.46, 2763401
0.46, 2751999
0.46, 2742284
0.46, 2736887
0.46, 2732979
0.46, 2697540
0.46, 2683315
0.46, 2664345
0.46, 2663494
0.46, 2633670
0.46, 2617980
0.46, 2608988
0.46, 2598113
0.46, 2585130
0.46, 2566841
0.46, 2563772
0.46, 2558786
0.46, 2544219
0.46, 2533117
0.46, 2505936
0.46, 2503925
0.46, 2484774
0.46, 2484527
0.46, 2471981
0.47, 2466089
0.47, 2465938
0.47, 2460555
0.47, 2450933
0.47, 2434669
0.48, 2433091
0.48, 2396723
0.48, 2374523
0.48, 2362615
0.48, 2357487
0.48, 2344518
0.48, 2340696
0.48, 2335928
0.48, 2319083
0.48, 2316911
0.48, 2299156
0.48, 2279355
0.48, 2253171
0.48, 2238236
0.48, 2232389
0.49, 2226389
0.49, 2200322
0.49, 2191303
0.49, 2165488
0.49, 2158956
0.49, 2153170
0.49, 2148954
0.49, 2145370
0.5, 2143249
0.5, 2142310
0.5, 2139607
0.5, 2126429
0.5, 2123502
0.5, 2121041
0.5, 2096244
0.5, 2092430
0.5, 2091534
0.5, 2055308
0.5, 2054250
0.5, 2051746
0.5, 2047389
0.5, 2030844
0.5, 2023170
0.5, 2006677
0.5, 2002053
0.5, 1993296
0.5, 1959365
0.5, 1940799
0.5, 1927071
0.5, 1925094
0.5, 1916606
0.5, 1865717
0.51, 1865224
0.51, 1850150
0.51, 1823068
0.51, 1801989
0.51, 1801926
0.51, 1789281
0.51, 1785111
0.51, 1775491
0.51, 1773048
0.51, 1771137
0.51, 1768663
0.51, 1743829
0.51, 1740170
0.51, 1737623
0.51, 1726701
0.51, 1675813
0.51, 1645279
0.51, 1635030
0.51, 1632390
0.51, 1630578
0.51, 1629945
0.52, 1628001
0.52, 1600000
0.52, 1598401
0.52, 1589033
0.52, 1579246
0.52, 1570488
0.53, 1552857
0.53, 1549386
0.53, 1542396
0.53, 1535939
0.53, 1531194
0.53, 1530746
0.53, 1526995
0.53, 1519244
0.53, 1507901
0.53, 1507120
0.53, 1494385
0.53, 1479438
0.53, 1478712
0.53, 1469943
0.53, 1463072
0.53, 1462986
0.53, 1457885
0.53, 1448633
0.53, 1448175
0.54, 1445200
0.54, 1432730
0.54, 1422252
0.54, 1421359
0.54, 1417082
0.54, 1409445
0.54, 1409199
0.54, 1406355
0.54, 1397453
0.54, 1387842
0.54, 1387390
0.54, 1380390
0.54, 1379398
0.54, 1357839
0.54, 1328901
0.54, 1323560
0.54, 1305793
0.54, 1287922
0.55, 1281014
0.55, 1263498
0.55, 1262703
0.55, 1253480
0.55, 1253048
0.55, 1227028
0.55, 1223342
0.55, 1217406
0.55, 1205192
0.55, 1197357
0.55, 1175136
0.55, 1162331
0.55, 1141245
0.55, 1139176
0.55, 1127949
0.56, 1125966
0.56, 1120333
0.57, 1111846
0.57, 1110159
0.57, 1110086
0.57, 1097828
0.57, 1095417
0.57, 1095105
0.57, 1094630
0.57, 1092312
0.57, 1068330
0.57, 1066897
0.57, 1062215
0.57, 1060228
0.57, 1058092
0.57, 1053763
0.57, 1052233
0.57, 1042840
0.57, 1041900
0.57, 1040817
0.57, 1031718
0.57, 1025950
0.57, 1024992
0.58, 1024447
0.58, 1021180
0.58, 1020529
0.58, 1019419
0.58, 1017402
0.59, 1016032
0.59, 1015254
0.59, 1011466
0.59, 1009189
0.59, 1006928
0.59, 1005928
0.59, 1005072
0.59, 996134
0.59, 982230
0.59, 981053
0.59, 978469
0.59, 976707
0.59, 975646
0.59, 975241
0.59, 972336
0.6, 968175
0.6, 966396
0.6, 966386
0.6, 964464
0.6, 961732
0.6, 961557
0.6, 955548
0.6, 952724
0.6, 950423
0.61, 947432
0.62, 946177
0.62, 941249
0.62, 939965
0.62, 938297
0.62, 935709
0.62, 915875
0.62, 915802
0.62, 902046
0.63, 901529
0.63, 898353
0.63, 897934
0.63, 897364
0.63, 897198
0.63, 897190
0.63, 894220
0.63, 893534
0.66, 892776
0.66, 892357
0.66, 889543
0.66, 888460
0.66, 888243
0.67, 885950
0.67, 883683
0.68, 883159
0.68, 882589
0.68, 882536
0.68, 882287
0.68, 881928
0.68, 879873
0.68, 877116
0.68, 876639
0.68, 875705
0.7, 872150
0.7, 871745
0.7, 870057
0.7, 869500
0.7, 869081
0.7, 867665
0.7, 867534
0.71, 865546
0.71, 865351
0.72, 864663
0.72, 864164
0.72, 863985
0.72, 863904
0.73, 863745
0.74, 863218
