0.0, 5769634
0.0, 5760250
0.0, 5632956
0.0, 5560545
0.0, 5556655
0.0, 5499909
0.0, 5425808
0.0, 5403670
0.0, 5389915
0.0, 5306547
0.0, 5292580
0.01, 5260836
0.01, 5256628
0.01, 5220711
0.01, 5215252
0.01, 5178533
0.01, 5147724
0.01, 5144858
0.01, 5143741
0.01, 5132496
0.01, 5063994
0.01, 5042238
0.05, 5031341
0.05, 5011386
0.05, 4994830
0.05, 4934313
0.17, 4905878
0.17, 4896616
0.17, 4844837
0.17, 4819760
0.17, 4770001
0.17, 4760563
0.17, 4738090
0.28, 4730012
0.28, 4719048
0.28, 4711040
0.28, 4670539
0.28, 4625436
0.28, 4610838
0.28, 4577730
0.28, 4563419
0.28, 4533188
0.31, 4522752
0.31, 4522601
0.31, 4517162
0.31, 4504742
0.31, 4491640
0.31, 4467283
0.31, 4462290
0.31, 4453513
0.32, 4430603
0.32, 4428455
0.32, 4408649
0.32, 4321069
0.32, 4246795
0.34, 4236337
0.34, 4163019
0.36, 4150188
0.36, 4138067
0.36, 4132237
0.36, 4128572
0.36, 4101017
0.36, 4097132
0.36, 4070807
0.36, 4060406
0.36, 3974701
0.37, 3936616
0.38, 3903922
0.38, 3853617
0.38, 3835496
0.38, 3833506
0.38, 3824075
0.38, 3789056
0.38, 3784994
0.38, 3777021
0.38, 3763462
0.38, 3643623
0.38, 3641071
0.38, 3578344
0.38, 3573075
0.4, 3517666
0.4, 3510239
0.4, 3471354
0.4, 3453410
0.4, 3452393
0.4, 3436843
0.4, 3409922
0.4, 3392109
0.4, 3354491
0.4, 3340432
0.4, 3305918
0.4, 3284779
0.4, 3278147
0.41, 3249238
0.41, 3234069
0.41, 3226355
0.41, 3197060
0.41, 3169428
0.41, 3151942
0.41, 3117803
0.41, 3057733
0.42, 3057336
0.42, 3056999
0.42, 3008047
0.42, 2992455
0.42, 2956573
0.42, 2936595
0.42, 2914299
0.43, 2912367
0.43, 2871292
0.43, 2846609
0.43, 2844034
0.43, 2805116
0.43, 2801467
0.43, 2775858
0.43, 2764179
0.43, 2752642
0.43, 2750628
0.43, 2748430
0.43, 2720583
0.43, 2713797
0.43, 2708035
0.43, 2678531
0.43, 2654304
0.43, 2637562
0.44, 2632551
0.44, 2582498
0.44, 2576370
0.44, 2575866
0.44, 2572449
0.44, 2571576
0.44, 2567187
0.44, 2551535
0.44, 2540043
0.44, 2522465
0.44, 2517672
0.44, 2513971
0.44, 2496344
0.44, 2496172
0.44, 2492547
0.44, 2485192
0.44, 2479954
0.44, 2479730
0.44, 2476161
0.45, 2470887
0.45, 2470085
0.45, 2447193
0.45, 2437897
0.45, 2414549
0.45, 2413484
0.45, 2401197
0.45, 2372780
0.45, 2371986
0.45, 2363165
0.45, 2362711
0.45, 2359499
0.45, 2333150
0.45, 2310395
0.45, 2293158
0.45, 2287189
0.45, 2286350
0.45, 2271351
0.45, 2254570
0.45, 2254338
0.45, 2249333
0.45, 2210436
0.45, 2205142
0.45, 2203863
0.45, 2195845
0.45, 2179794
0.45, 2178854
0.47, 2162475
0.47, 2086819
0.47, 2086025
0.47, 2076467
0.47, 2059208
0.47, 2010016
0.47, 1987849
0.47, 1982897
0.47, 1968805
0.47, 1960779
0.47, 1933966
0.47, 1923358
0.47, 1918107
0.47, 1903976
0.47, 1897813
0.47, 1852872
0.47, 1846051
0.47, 1845562
0.47, 1827532
0.47, 1801431
0.48, 1797111
0.48, 1795594
0.48, 1781554
0.48, 1762018
0.48, 1751648
0.48, 1751607
0.48, 1738980
0.48, 1737629
0.48, 1727694
0.48, 1704029
0.48, 1685862
0.48, 1678555
0.48, 1663006
0.48, 1658703
0.48, 1650196
0.48, 1636354
0.48, 1634791
0.49, 1615374
0.49, 1613557
0.49, 1603907
0.49, 1596947
0.49, 1593766
0.49, 1583295
0.49, 1579148
0.49, 1578557
0.49, 1578047
0.49, 1553671
0.49, 1520857
0.49, 1513876
0.49, 1511929
0.49, 1504192
0.49, 1502325
0.49, 1498992
0.49, 1464519
0.49, 1440741
0.49, 1440698
0.49, 1432688
0.49, 1430916
0.49, 1430297
0.49, 1424572
0.49, 1418440
0.49, 1416309
0.49, 1414447
0.49, 1407491
0.5, 1407178
0.5, 1407133
0.5, 1404716
0.5, 1404479
0.5, 1390623
0.5, 1389732
0.5, 1385796
0.5, 1371340
0.5, 1364450
0.52, 1349853
0.52, 1347714
0.52, 1342525
0.52, 1334867
0.52, 1333549
0.52, 1328326
0.52, 1310208
0.52, 1308332
0.52, 1304778
0.52, 1304751
0.52, 1303058
0.52, 1299590
0.52, 1286376
0.52, 1263763
0.52, 1253631
0.52, 1247599
0.52, 1246315
0.52, 1237459
0.52, 1227890
0.52, 1223887
0.52, 1220701
0.52, 1218742
0.52, 1218737
0.52, 1215057
0.52, 1211663
0.53, 1200787
0.53, 1197104
0.53, 1188479
0.53, 1168291
0.53, 1166658
0.53, 1164898
0.53, 1162817
0.53, 1153172
0.53, 1143770
0.53, 1143298
0.53, 1135655
0.53, 1119840
0.53, 1119586
0.53, 1118664
0.53, 1110730
0.53, 1109732
0.53, 1104720
0.53, 1102673
0.53, 1100881
0.53, 1086729
0.53, 1073395
0.53, 1073139
0.53, 1069402
0.53, 1066582
0.53, 1063215
0.53, 1062040
0.53, 1059418
0.54, 1057552
0.54, 1057499
0.54, 1057379
0.54, 1052814
0.54, 1052770
0.54, 1045087
0.54, 1041730
0.54, 1037482
0.54, 1035408
0.54, 1029159
0.54, 1028602
0.54, 1028395
0.54, 1027595
0.55, 1024606
0.55, 1022516
0.55, 1009831
0.55, 1008052
0.55, 1005838
0.55, 1000136
0.56, 999866
0.56, 993619
0.56, 960602
0.56, 956875
0.56, 955663
0.56, 955269
0.56, 954960
0.56, 954539
0.56, 953351
0.56, 946221
0.56, 940820
0.56, 938086
0.57, 930667
0.57, 929688
0.57, 927334
0.57, 926411
0.57, 925140
0.58, 917937
0.58, 917000
0.58, 915933
0.58, 908990
0.58, 907054
0.58, 906854
0.58, 900791
0.58, 896795
0.58, 895640
0.58, 893515
0.58, 889742
0.58, 889056
0.58, 885434
0.58, 884865
0.59, 882597
0.59, 873522
0.59, 868104
0.59, 865398
0.59, 863980
0.6, 863910
0.6, 860992
0.6, 859160
0.6, 858018
0.6, 857054
0.61, 854155
0.61, 852098
0.61, 849003
0.61, 848950
0.63, 848715
0.63, 848708
0.63, 846830
0.63, 846087
0.64, 842244
0.64, 841594
0.65, 839876
0.65, 839837
0.65, 837131
0.65, 835842
0.65, 834905
0.65, 834058
0.66, 833317
0.66, 832001
0.66, 831989
0.67, 831732
0.67, 831617
0.67, 831384
0.67, 831336
0.68, 831255
0.68, 831017
0.69, 830800
0.69, 830191
0.69, 830152
0.73, 829730
0.73, 829729
0.82, 829690
