0.0, 5844824
0.0, 5811463
0.0, 5804954
0.0, 5697839
0.0, 5696393
0.0, 5658751
0.0, 5512074
0.0, 5472218
0.0, 5418429
0.0, 5417730
0.0, 5402553
0.0, 5399379
0.0, 5368616
0.0, 5367260
0.0, 5213381
0.0, 5211407
0.0, 5211175
0.0, 5185548
0.0, 5183357
0.02, 5037243
0.02, 5003469
0.02, 4972822
0.1, 4905486
0.15, 4814672
0.15, 4781625
0.19, 4758633
0.19, 4718810
0.27, 4690606
0.27, 4576768
0.31, 4559292
0.32, 4557960
0.32, 4508301
0.32, 4490233
0.34, 4485859
0.35, 4422165
0.35, 4418716
0.35, 4413805
0.35, 4401625
0.35, 4398612
0.35, 4381436
0.35, 4298713
0.35, 4259909
0.35, 4219147
0.36, 4206267
0.36, 4193972
0.36, 4189033
0.36, 4139049
0.36, 4121968
0.36, 4098110
0.36, 4090823
0.36, 4090573
0.36, 4081016
0.36, 4060643
0.37, 4060316
0.37, 4044110
0.37, 4010022
0.37, 3973780
0.38, 3914418
0.38, 3909294
0.38, 3803335
0.38, 3799708
0.38, 3796448
0.38, 3770371
0.38, 3727938
0.38, 3703462
0.38, 3686034
0.38, 3625618
0.38, 3585349
0.38, 3577626
0.38, 3530790
0.38, 3519145
0.38, 3498461
0.38, 3478960
0.38, 3439711
0.38, 3416441
0.41, 3384160
0.41, 3344847
0.41, 3323961
0.42, 3322309
0.42, 3293209
0.42, 3272961
0.42, 3262901
0.42, 3241943
0.42, 3218520
0.42, 3218049
0.42, 3217796
0.42, 3210263
0.42, 3199135
0.42, 3184951
0.42, 3151433
0.42, 3150879
0.42, 3137354
0.42, 3094729
0.43, 3065811
0.43, 3044650
0.43, 3000512
0.43, 2994268
0.43, 2978921
0.43, 2962814
0.43, 2935027
0.43, 2926850
0.43, 2925179
0.43, 2904084
0.43, 2887326
0.43, 2834918
0.43, 2791619
0.43, 2781961
0.43, 2755100
0.43, 2751031
0.43, 2748140
0.43, 2734208
0.43, 2721709
0.43, 2693706
0.43, 2688706
0.43, 2672712
0.45, 2626986
0.45, 2620886
0.45, 2618239
0.45, 2615314
0.45, 2603035
0.45, 2572609
0.45, 2542175
0.45, 2542062
0.45, 2516667
0.45, 2515918
0.45, 2505554
0.45, 2490832
0.45, 2485754
0.45, 2474053
0.45, 2469306
0.45, 2443345
0.45, 2437756
0.45, 2429944
0.47, 2402624
0.47, 2357589
0.47, 2342029
0.47, 2334261
0.47, 2316863
0.47, 2300625
0.47, 2295232
0.47, 2294108
0.47, 2274486
0.47, 2252309
0.47, 2252096
0.47, 2245608
0.47, 2244346
0.47, 2243308
0.47, 2222389
0.47, 2194917
0.47, 2190745
0.47, 2185879
0.47, 2179499
0.47, 2174146
0.47, 2173844
0.47, 2167030
0.47, 2159992
0.48, 2159904
0.48, 2135476
0.48, 2130139
0.48, 2123564
0.48, 2123406
0.48, 2115924
0.48, 2081094
0.48, 2036150
0.48, 1988352
0.48, 1985280
0.48, 1977940
0.48, 1972382
0.48, 1970295
0.49, 1968096
0.49, 1966142
0.49, 1963838
0.49, 1961097
0.49, 1947907
0.49, 1946729
0.49, 1940751
0.49, 1934849
0.49, 1923626
0.49, 1909357
0.49, 1907002
0.49, 1906713
0.49, 1884036
0.49, 1877360
0.49, 1866897
0.49, 1856652
0.49, 1856023
0.49, 1837436
0.49, 1835746
0.49, 1820193
0.49, 1818023
0.49, 1817611
0.49, 1792552
0.49, 1782448
0.49, 1768468
0.5, 1752869
0.5, 1749227
0.5, 1741570
0.5, 1732980
0.5, 1732571
0.5, 1724955
0.5, 1714083
0.5, 1713359
0.5, 1709516
0.5, 1706465
0.5, 1704498
0.5, 1703109
0.5, 1688939
0.5, 1688569
0.5, 1670010
0.5, 1665665
0.5, 1656766
0.5, 1656606
0.5, 1645712
0.5, 1643058
0.5, 1630859
0.5, 1613483
0.5, 1607580
0.5, 1597595
0.5, 1595687
0.5, 1589391
0.5, 1589390
0.5, 1578195
0.5, 1576416
0.5, 1571783
0.5, 1570849
0.5, 1553451
0.5, 1552608
0.5, 1543106
0.5, 1540708
0.5, 1539913
0.5, 1538038
0.5, 1529399
0.51, 1529384
0.51, 1527694
0.51, 1526865
0.51, 1522557
0.51, 1518536
0.51, 1505027
0.51, 1503272
0.51, 1501119
0.51, 1485371
0.51, 1470774
0.51, 1464406
0.51, 1421447
0.51, 1413806
0.51, 1405070
0.51, 1398527
0.51, 1397548
0.51, 1397270
0.51, 1396500
0.51, 1383951
0.52, 1327504
0.52, 1324354
0.52, 1317463
0.52, 1312088
0.52, 1295225
0.52, 1294493
0.52, 1293646
0.52, 1291284
0.53, 1284462
0.53, 1283070
0.53, 1271834
0.53, 1255899
0.54, 1247498
0.54, 1239211
0.54, 1238175
0.54, 1237879
0.54, 1236086
0.54, 1236045
0.54, 1236032
0.54, 1235154
0.54, 1230439
0.54, 1223609
0.54, 1223324
0.54, 1222208
0.54, 1221662
0.54, 1220754
0.54, 1219954
0.54, 1214963
0.54, 1209120
0.54, 1206475
0.54, 1200833
0.54, 1200439
0.54, 1198137
0.54, 1196164
0.54, 1194542
0.54, 1184249
0.54, 1184104
0.54, 1177344
0.54, 1168050
0.54, 1166817
0.54, 1166281
0.54, 1158570
0.54, 1144879
0.54, 1143761
0.56, 1139093
0.56, 1138981
0.56, 1131145
0.56, 1125186
0.56, 1124157
0.56, 1121612
0.56, 1114824
0.56, 1113760
0.56, 1112572
0.56, 1112220
0.56, 1104408
0.56, 1096767
0.56, 1096502
0.56, 1091837
0.56, 1089946
0.56, 1089823
0.56, 1083066
0.56, 1079516
0.56, 1078434
0.56, 1075863
0.56, 1067420
0.56, 1066015
0.56, 1065539
0.56, 1048133
0.57, 1046331
0.57, 1045221
0.57, 1029854
0.57, 1029771
0.57, 1028499
0.57, 1026279
0.57, 1022190
0.57, 1021158
0.57, 990846
0.58, 990707
0.58, 986993
0.58, 984296
0.58, 981590
0.58, 978158
0.58, 971042
0.58, 969557
0.58, 961749
0.58, 959480
0.58, 952990
0.58, 946013
0.58, 943882
0.59, 942828
0.59, 941557
0.59, 937567
0.59, 936330
0.59, 933582
0.59, 933521
0.59, 932323
0.59, 931023
0.59, 928530
0.6, 919514
0.6, 919201
0.6, 917226
0.6, 914659
0.6, 912973
0.6, 911781
0.6, 908281
0.6, 906196
0.6, 903864
0.6, 903431
0.6, 901848
0.6, 900540
0.6, 897462
0.6, 897078
0.61, 896215
0.61, 893222
0.61, 890009
0.62, 888860
0.62, 884824
0.62, 883413
0.62, 880709
0.62, 871503
0.62, 870435
0.62, 869733
0.62, 866549
0.62, 866538
0.62, 865711
0.62, 862748
0.63, 861280
0.63, 859938
0.63, 858897
0.63, 858861
0.64, 857720
0.64, 856064
0.64, 855789
0.64, 854629
0.64, 854002
0.64, 853921
0.64, 850487
0.65, 850193
0.65, 849414
0.65, 845698
0.65, 845293
0.65, 844418
0.65, 844352
0.66, 844185
0.66, 844139
0.67, 843984
0.67, 843205
0.67, 842416
0.67, 842348
0.67, 842233
0.67, 841996
0.67, 840145
0.68, 839696
0.68, 839084
0.68, 838147
0.69, 836103
0.73, 835784
0.74, 835664
0.74, 835215
0.74, 834894
0.77, 834818
0.82, 834779
