17.66, 5591498
33.2, 5397686
49.65, 5205261
66.06, 5016087
85.34, 4836415
103.77, 4651681
121.29, 4489340
138.27, 4324960
153.4, 4187117
168.84, 4040477
184.47, 3900680
200.07, 3773488
215.24, 3646628
232.18, 3520426
250.72, 3398647
269.86, 3286599
286.56, 3179566
324.13, 3068866
341.24, 2964918
356.94, 2858931
372.67, 2756400
388.05, 2666712
404.04, 2577244
421.75, 2492697
437.28, 2407274
452.96, 2328745
468.68, 2249004
484.03, 2170617
499.08, 2097975
514.89, 2030740
529.79, 1969771
544.8, 1903560
559.88, 1845172
575.6, 1787530
590.72, 1732478
605.84, 1684507
621.32, 1639569
636.31, 1601904
651.35, 1566536
666.65, 1532467
682.61, 1499532
699.16, 1467002
714.43, 1435717
729.38, 1404610
745.74, 1375796
762.49, 1350702
778.81, 1326509
819.69, 1302696
835.85, 1279129
852.01, 1257549
867.44, 1237430
884.12, 1218950
899.74, 1201427
914.99, 1185624
929.91, 1169906
945.53, 1154718
960.48, 1142787
975.91, 1130882
991.81, 1119342
1007.2, 1092771
1022.24, 1082820
1037.72, 1073561
1053.99, 1038339
1069.72, 1029463
1085.17, 1018986
1101.14, 1000461
1116.9, 989379
1132.16, 980612
1147.65, 972615
1163.59, 965194
1179.22, 957986
1194.77, 951801
1210.1, 947399
1225.6, 943316
1241.22, 939397
1256.62, 936094
1272.19, 918880
1287.45, 907843
1302.53, 906064
1317.67, 904289
1333.71, 902596
1348.84, 900933
1364.54, 899686
1380.31, 898504
1396.02, 897524
1411.69, 896624
1427.13, 895881
1443.03, 894944
1458.22, 894688
1473.22, 894455
1488.71, 893993
