17.25, 6391629
33.36, 6160237
51.06, 5977081
67.96, 5785500
84.5, 5589005
100.08, 5418996
115.82, 5255579
131.71, 5085002
147.14, 4927623
164.08, 4776231
180.48, 4626844
196.68, 4467633
212.44, 4320490
227.49, 4177423
242.49, 4031509
258.19, 3888463
273.88, 3756117
288.79, 3625343
304.87, 3497691
320.36, 3370696
335.56, 3242149
350.97, 3125173
366.83, 3000162
381.95, 2883229
397.11, 2768849
413.22, 2676470
428.85, 2585853
443.96, 2492242
459.29, 2402629
474.7, 2311537
489.56, 2226000
504.92, 2142540
520.24, 2066841
536.15, 2003450
552.71, 1937997
568.99, 1867573
584.86, 1788237
600.68, 1740077
616.16, 1689492
631.69, 1645907
647.75, 1605103
663.72, 1567802
680.42, 1532512
697.75, 1498550
714.47, 1464934
731.74, 1430338
747.81, 1397317
764.94, 1371771
780.64, 1347063
796.21, 1323160
811.97, 1291797
828.02, 1268748
843.34, 1246017
858.91, 1223474
874.54, 1195017
889.51, 1174873
904.95, 1157882
920.78, 1136148
936.4, 1120937
951.42, 1106542
967.73, 1093260
983.34, 1080940
999.46, 1069276
1016.93, 1055571
1034.53, 1043987
1052.35, 1032450
1071.82, 1023152
1093.65, 1014653
1109.63, 1006660
1126.15, 998952
1141.94, 991286
1157.18, 984292
1172.22, 977606
1188.91, 966097
1205.23, 959530
1221.06, 953667
1236.91, 948279
1251.93, 944312
1266.78, 940593
1282.24, 936983
1298.12, 933514
1313.43, 930079
1328.73, 927358
1344.73, 925024
1359.84, 923094
1374.84, 921406
1390.43, 920110
1406.8, 918820
1422.18, 915408
1437.62, 914164
1453.16, 913326
1468.96, 912699
1485.17, 910498
1500.29, 904931
1517.57, 881906
1533.61, 881502
1563.78, 881269
1588.28, 880346
1604.76, 880265
1621.13, 880048
1636.51, 880008
1651.72, 879969
