15.91, 5643839
31.93, 5447860
47.43, 5267765
63.44, 5073652
79.51, 4906135
95.06, 4731175
110.83, 4566961
126.54, 4407287
142.88, 4251282
158.31, 4103824
173.66, 3934674
189.73, 3787309
205.44, 3642009
220.96, 3497037
236.85, 3360694
253.16, 3218638
268.52, 3111382
283.97, 3013978
300.17, 2904346
316.38, 2815163
331.77, 2713698
347.26, 2628086
362.95, 2546219
378.37, 2461915
393.86, 2397723
409.01, 2317230
424.78, 2243250
440.09, 2184398
455.06, 2120793
470.27, 2064908
486.58, 2010341
501.85, 1957298
517.38, 1910943
533.52, 1868600
548.42, 1826358
563.64, 1781163
578.8, 1741209
594.88, 1702014
610.05, 1667300
625.37, 1624325
641.17, 1585339
656.12, 1550941
671.08, 1516983
686.0, 1488109
702.0, 1458802
717.01, 1431747
732.28, 1405317
747.91, 1373879
763.77, 1348899
778.79, 1327187
794.08, 1306355
809.78, 1285780
825.61, 1266321
841.07, 1246583
856.02, 1228927
871.94, 1211699
887.08, 1194846
902.86, 1178689
917.85, 1158728
933.23, 1137027
948.35, 1121441
963.54, 1103165
979.56, 1090824
997.36, 1078897
1015.83, 1068274
1034.45, 1058442
1050.28, 1048875
1087.11, 1031428
1102.64, 1019891
1118.44, 1010588
1134.32, 1003447
1150.62, 996367
1166.18, 974626
1181.65, 967863
1197.04, 961142
1212.51, 955279
1227.66, 949580
1243.14, 944137
1258.49, 939621
1273.61, 936230
1290.57, 933106
1307.36, 930116
1322.6, 922841
1338.09, 910527
1355.31, 903796
1371.23, 900884
1386.82, 898032
1403.18, 895387
1420.42, 891006
1436.04, 888851
1451.04, 886920
1466.68, 885349
1482.28, 883937
1497.85, 883037
1512.96, 881883
1528.65, 881045
1543.78, 880234
1558.79, 876734
1574.54, 876338
1590.34, 875976
1605.38, 875936
