0.0, 6463593
0.0, 6376003
0.0, 6280661
0.0, 6241876
0.0, 6204621
0.0, 6196993
0.0, 6194976
0.0, 6179114
0.0, 6128424
0.0, 6118844
0.0, 6114973
0.0, 6088746
0.0, 6087523
0.0, 6084130
0.0, 6078918
0.0, 6063348
0.0, 6061381
0.0, 5960547
0.0, 5941961
0.0, 5892442
0.0, 5873837
0.0, 5871530
0.0, 5855803
0.0, 5800304
0.0, 5715107
0.0, 5684095
0.0, 5680309
0.0, 5676821
0.0, 5587189
0.0, 5563327
0.0, 5562784
0.0, 5510388
0.0, 5509918
0.0, 5499419
0.0, 5443385
0.0, 5431452
0.0, 5320654
0.0, 5312723
0.0, 5309375
0.0, 5177419
0.0, 5175545
0.0, 5162892
0.0, 5102370
0.02, 5101285
0.02, 5092561
0.02, 4990835
0.02, 4920560
0.02, 4918788
0.02, 4917599
0.02, 4912865
0.04, 4837899
0.22, 4809193
0.22, 4785550
0.25, 4724203
0.25, 4699453
0.29, 4588332
0.29, 4513517
0.31, 4428868
0.31, 4428289
0.31, 4425275
0.31, 4393865
0.31, 4389621
0.32, 4382048
0.32, 4345257
0.32, 4336099
0.32, 4326700
0.32, 4278129
0.33, 4249899
0.33, 4182881
0.33, 4122574
0.34, 4107945
0.34, 4060205
0.34, 3998699
0.34, 3991499
0.34, 3988540
0.34, 3982041
0.34, 3977058
0.34, 3959434
0.36, 3941775
0.36, 3936099
0.36, 3867175
0.36, 3862762
0.36, 3804815
0.37, 3753621
0.37, 3720326
0.38, 3678163
0.38, 3644379
0.38, 3629588
0.38, 3549502
0.38, 3531740
0.38, 3445230
0.38, 3423725
0.4, 3395640
0.4, 3380745
0.4, 3278735
0.4, 3275171
0.4, 3258497
0.4, 3233369
0.4, 3223560
0.4, 3209753
0.4, 3169768
0.4, 3168557
0.4, 3154574
0.4, 3126842
0.4, 3094416
0.4, 3090646
0.4, 3084091
0.4, 3081214
0.41, 3056365
0.41, 3037781
0.41, 3028544
0.41, 3021374
0.42, 3015118
0.42, 2917553
0.42, 2883001
0.42, 2878359
0.42, 2875075
0.42, 2873673
0.42, 2864878
0.42, 2841145
0.42, 2817647
0.42, 2790480
0.42, 2728813
0.42, 2701806
0.42, 2674664
0.42, 2674614
0.42, 2622311
0.42, 2621602
0.43, 2616083
0.43, 2602009
0.43, 2601552
0.43, 2578393
0.43, 2575653
0.44, 2567627
0.44, 2520245
0.44, 2519672
0.44, 2509269
0.44, 2497873
0.44, 2497007
0.44, 2466202
0.44, 2435931
0.44, 2417400
0.44, 2405484
0.45, 2392374
0.45, 2372261
0.45, 2344076
0.45, 2337478
0.45, 2283669
0.45, 2279671
0.45, 2274806
0.45, 2266137
0.46, 2257335
0.46, 2233622
0.46, 2201695
0.46, 2194515
0.46, 2172389
0.46, 2160659
0.47, 2153641
0.47, 2143456
0.47, 2140727
0.47, 2138936
0.47, 2114622
0.47, 2109102
0.47, 2085015
0.47, 2066612
0.47, 2058921
0.47, 2043438
0.47, 2035388
0.47, 2031012
0.47, 2015698
0.47, 1998086
0.47, 1974033
0.47, 1970842
0.47, 1968795
0.47, 1964956
0.47, 1961836
0.47, 1955304
0.47, 1929609
0.47, 1897258
0.47, 1887736
0.47, 1885859
0.47, 1885722
0.47, 1877179
0.47, 1865994
0.47, 1865664
0.48, 1807676
0.48, 1805043
0.48, 1789758
0.48, 1785335
0.48, 1756477
0.48, 1739856
0.48, 1705415
0.48, 1701866
0.48, 1700300
0.48, 1699963
0.49, 1673171
0.49, 1668321
0.49, 1662281
0.49, 1637488
0.49, 1618838
0.5, 1616196
0.5, 1615127
0.5, 1601151
0.5, 1599578
0.5, 1587852
0.5, 1564021
0.5, 1557755
0.5, 1529722
0.5, 1519123
0.5, 1518953
0.5, 1497288
0.5, 1496764
0.5, 1465197
0.5, 1462570
0.5, 1456105
0.5, 1456000
0.5, 1452524
0.51, 1448557
0.51, 1446584
0.51, 1443981
0.51, 1428349
0.51, 1407696
0.51, 1401069
0.51, 1391980
0.51, 1387953
0.52, 1378606
0.52, 1376316
0.52, 1376121
0.52, 1358725
0.52, 1356794
0.52, 1355858
0.52, 1346303
0.52, 1338158
0.52, 1336304
0.52, 1333140
0.52, 1329321
0.52, 1307923
0.52, 1305148
0.52, 1301475
0.52, 1301326
0.52, 1297116
0.52, 1286470
0.52, 1278472
0.53, 1273460
0.53, 1268184
0.53, 1263717
0.53, 1263454
0.53, 1262440
0.53, 1259382
0.53, 1258477
0.53, 1257790
0.53, 1255729
0.53, 1254174
0.53, 1253174
0.53, 1250035
0.53, 1247870
0.53, 1237258
0.53, 1227410
0.53, 1226121
0.53, 1217181
0.53, 1202603
0.54, 1199250
0.54, 1197922
0.54, 1195805
0.54, 1193157
0.54, 1179612
0.54, 1175991
0.54, 1175837
0.54, 1173236
0.54, 1163947
0.55, 1161000
0.55, 1152513
0.55, 1152108
0.55, 1151040
0.55, 1149674
0.55, 1149370
0.55, 1143941
0.55, 1139512
0.55, 1133382
0.55, 1121851
0.55, 1116473
0.55, 1114427
0.55, 1112753
0.55, 1112110
0.55, 1106006
0.55, 1094010
0.55, 1092586
0.55, 1092217
0.55, 1087901
0.55, 1085161
0.55, 1078209
0.55, 1077675
0.55, 1066433
0.55, 1049557
0.55, 1046235
0.56, 1041621
0.56, 1040112
0.56, 1040093
0.56, 1039735
0.56, 1030861
0.56, 1027543
0.56, 1014208
0.56, 1010453
0.56, 1010100
0.56, 1007110
0.56, 1007099
0.56, 1004634
0.57, 995374
0.57, 992314
0.57, 975395
0.57, 974338
0.58, 960499
0.58, 959156
0.58, 958691
0.58, 948093
0.58, 926874
0.58, 923315
0.58, 921218
0.58, 917758
0.58, 906278
0.58, 905941
0.6, 900758
0.6, 896112
0.6, 895254
0.6, 885132
0.6, 885048
0.6, 879718
0.6, 878018
0.6, 875087
0.6, 874654
0.6, 874045
0.6, 867559
0.6, 866048
0.61, 854086
0.61, 846223
0.61, 845492
0.61, 843419
0.62, 838769
0.62, 836278
0.62, 834962
0.62, 833702
0.65, 831401
0.66, 829345
0.66, 827387
0.67, 827100
0.67, 826545
0.68, 826197
0.68, 825478
0.69, 825082
0.69, 824850
0.7, 824631
0.7, 824398
0.71, 824261
0.71, 823784
0.72, 823745
0.72, 823705
0.72, 823580
0.76, 823049
0.76, 823010
