20.8, 9566914
42.07, 9252678
62.83, 8946740
83.74, 8641334
104.77, 8349425
124.76, 8086273
145.52, 7832846
166.09, 7571305
186.81, 7311641
207.03, 7072138
227.73, 6846848
247.64, 6609093
267.41, 6384108
288.37, 6159645
308.52, 5938874
328.48, 5734165
348.91, 5534102
369.97, 5343200
390.2, 5160352
411.2, 4989106
431.68, 4824494
451.87, 4661789
472.57, 4492982
492.65, 4341321
512.47, 4197211
532.67, 4065643
552.67, 3938032
572.85, 3811415
593.46, 3677588
613.29, 3541669
633.59, 3436507
654.18, 3333721
674.41, 3234659
694.95, 3109954
715.7, 3017753
735.94, 2896361
755.97, 2808412
776.56, 2722561
796.26, 2658550
815.96, 2592863
836.24, 2528867
856.48, 2466303
876.17, 2411378
896.7, 2358430
916.53, 2305714
936.37, 2254006
956.42, 2203205
976.21, 2153888
996.57, 2099246
1021.35, 2054811
1041.89, 2020714
1080.62, 1966728
1101.22, 1933110
1121.82, 1901133
1142.13, 1869221
1162.92, 1838769
1183.48, 1800519
1204.02, 1768179
1225.48, 1742490
1245.78, 1712791
1266.06, 1690527
1287.07, 1668908
1307.42, 1647904
1328.14, 1627046
1348.97, 1606940
1368.56, 1587312
1388.31, 1571325
1408.46, 1555697
1428.65, 1536554
1448.49, 1523525
1468.56, 1511155
1488.59, 1499116
1509.22, 1487259
1530.61, 1476439
1574.8, 1465877
1595.31, 1455527
1616.25, 1446006
1636.34, 1436615
1656.32, 1427230
1677.04, 1417862
1697.16, 1410611
1717.26, 1404134
1738.05, 1397775
1758.11, 1391832
1777.82, 1385961
1798.87, 1380206
1819.51, 1375302
1845.62, 1370860
1871.25, 1366584
1893.79, 1362561
1915.31, 1358790
1936.05, 1355113
1956.27, 1352430
1976.62, 1350000
1997.49, 1345433
2017.99, 1343259
2038.34, 1339481
2058.91, 1337515
2079.58, 1335723
2099.48, 1334084
2119.92, 1332781
2140.8, 1323827
2161.52, 1322699
2182.17, 1320530
2202.15, 1319487
2222.63, 1318627
2244.02, 1316468
2264.8, 1314232
2285.26, 1312796
2306.05, 1311288
2325.84, 1310498
2346.21, 1309874
2367.17, 1309559
2387.59, 1309358
2407.49, 1308951
