22.58, 9869482
45.71, 9458784
68.58, 9085265
90.13, 8768100
110.38, 8455343
130.96, 8149538
152.81, 7846255
173.33, 7560813
197.54, 7276739
219.88, 7003939
244.6, 6725868
267.18, 6463324
295.85, 6229336
324.67, 5991601
353.69, 5766605
386.51, 5543194
415.25, 5329435
447.08, 5142791
476.25, 4961426
503.86, 4778968
527.08, 4600446
549.04, 4424336
573.91, 4263754
599.77, 4108666
628.48, 3952215
650.64, 3809140
672.13, 3669712
693.04, 3547231
714.78, 3394982
735.75, 3266299
756.49, 3149104
777.54, 3048057
798.74, 2950604
819.47, 2877898
840.4, 2773584
861.3, 2688508
882.57, 2614383
903.58, 2548495
924.23, 2484959
944.89, 2422099
969.37, 2356397
996.55, 2292425
1023.97, 2229982
1055.42, 2156078
1079.66, 2081101
1107.58, 2026936
1136.02, 1971454
1159.69, 1922507
1185.38, 1877078
1215.18, 1839354
1236.62, 1804670
1258.55, 1771954
1279.05, 1735219
1301.44, 1701761
1322.98, 1672737
1343.85, 1648081
1364.14, 1623804
1387.04, 1604156
1412.62, 1584602
1436.59, 1565563
1457.86, 1547309
1479.3, 1529652
1500.74, 1513941
1521.47, 1494533
1543.4, 1479865
1587.41, 1466815
1610.55, 1454586
1631.86, 1443078
1653.02, 1432258
1674.17, 1421490
1695.1, 1410723
1715.94, 1400031
1737.34, 1390791
1757.91, 1381624
1780.65, 1372735
1801.7, 1364215
1822.17, 1356165
1843.42, 1348232
1865.04, 1340320
1886.35, 1333360
1907.16, 1326457
1928.05, 1320778
1948.37, 1315170
1969.08, 1309570
1990.39, 1304481
2010.6, 1299413
2031.14, 1294753
2052.28, 1290215
2073.03, 1285850
2093.64, 1281487
2115.02, 1277869
2135.82, 1274498
2156.35, 1271320
2177.32, 1268461
2198.08, 1265671
2218.7, 1263550
2239.78, 1261749
2260.34, 1259605
2281.13, 1258132
2303.37, 1256755
2324.02, 1255469
2344.53, 1254375
2365.93, 1253685
2387.16, 1253026
2408.19, 1252441
2429.65, 1251889
2450.04, 1251408
2471.33, 1250934
2492.43, 1250538
2512.93, 1250362
