20.95, 9804297
41.58, 9460672
63.05, 9138678
84.16, 8833617
104.87, 8529068
125.78, 8233638
146.32, 7960276
166.95, 7660100
188.03, 7389672
208.3, 7121328
228.47, 6862254
249.41, 6610241
269.7, 6372315
290.05, 6135383
310.8, 5917413
330.9, 5707876
351.3, 5507805
372.12, 5313386
392.47, 5123421
413.24, 4941504
433.62, 4762672
453.45, 4590393
473.72, 4447305
493.98, 4290802
514.57, 4144289
535.66, 3999702
556.43, 3860464
576.82, 3722096
596.93, 3598631
617.47, 3475851
637.54, 3356153
657.88, 3245866
678.64, 3151538
698.51, 3052637
719.18, 2953491
739.81, 2867947
760.26, 2773032
780.66, 2688613
801.33, 2604590
821.07, 2524683
841.53, 2446484
862.32, 2374410
882.08, 2302998
902.35, 2232423
922.75, 2164028
942.76, 2111813
962.56, 2062674
983.33, 2016739
1004.83, 1973761
1027.67, 1932524
1050.5, 1897701
1091.28, 1865938
1112.36, 1833368
1133.34, 1804592
1153.75, 1775859
1174.05, 1747456
1194.47, 1719332
1215.88, 1692091
1236.13, 1651887
1256.74, 1625730
1276.82, 1602512
1297.11, 1580592
1317.78, 1559332
1338.34, 1538482
1358.54, 1517915
1379.21, 1498618
1399.41, 1480163
1419.34, 1462849
1440.13, 1449534
1460.32, 1438524
1480.6, 1428002
1501.52, 1417538
1522.27, 1399323
1541.94, 1377086
1562.0, 1367565
1581.76, 1358187
1602.26, 1349497
1623.09, 1341379
1643.37, 1333361
1663.88, 1325585
1684.32, 1319032
1704.17, 1312527
1724.21, 1303175
1745.18, 1296774
1765.45, 1291322
1785.8, 1286516
1806.41, 1281775
1826.09, 1277603
1845.75, 1273490
1866.65, 1269597
1886.69, 1266091
1907.13, 1263409
1927.77, 1261125
1948.03, 1258436
1968.31, 1256031
1989.36, 1252014
2009.72, 1249961
2029.64, 1243899
2051.14, 1242076
2070.99, 1240311
2090.76, 1238838
2111.5, 1237534
2131.23, 1234983
2151.53, 1233805
2172.17, 1232909
2192.47, 1232024
2212.85, 1231218
2233.42, 1230665
2254.0, 1230269
2274.48, 1229954
2295.36, 1229749
2315.75, 1229573
2335.58, 1229431
2356.85, 1229366
