21.79, 9374137
43.08, 9014512
63.43, 8674614
84.38, 8363159
105.61, 8074167
126.16, 7763050
146.74, 7476855
167.5, 7209555
187.7, 6890028
207.92, 6633399
228.25, 6385564
248.31, 6147582
268.27, 5923857
288.65, 5726818
309.14, 5482724
329.67, 5260469
350.1, 5064064
370.18, 4874217
389.78, 4695489
411.17, 4551780
431.23, 4415737
452.06, 4276005
472.55, 4086496
492.41, 3961020
512.64, 3813602
533.11, 3689791
552.97, 3570698
572.82, 3454660
594.6, 3365330
614.93, 3278177
635.35, 3191313
656.05, 3101668
675.95, 2999635
696.29, 2910697
716.51, 2818207
736.65, 2743274
756.91, 2684666
777.63, 2612744
797.39, 2554845
817.63, 2467201
838.7, 2412914
858.72, 2356073
878.64, 2309637
899.13, 2264148
919.54, 2219783
939.26, 2176853
959.51, 2134162
980.02, 2093576
1000.56, 2052995
1024.32, 2014898
1048.96, 1979030
1089.09, 1933324
1109.92, 1899359
1131.22, 1868434
1151.96, 1830172
1173.04, 1786631
1194.12, 1757535
1214.43, 1733664
1235.08, 1711298
1255.92, 1692724
1276.15, 1674293
1297.22, 1657002
1318.03, 1639825
1339.23, 1622907
1359.67, 1606103
1380.18, 1590270
1400.38, 1574504
1420.77, 1558819
1441.33, 1544326
1461.51, 1530280
1482.13, 1516576
1501.85, 1502894
1524.3, 1489916
1553.62, 1474407
1591.03, 1463348
1611.87, 1453237
1633.52, 1443472
1653.79, 1435132
1674.05, 1427420
1694.47, 1418816
1714.15, 1411750
1733.95, 1405410
1754.9, 1399638
1775.05, 1394001
1795.21, 1388822
1816.52, 1382667
1836.93, 1377721
1857.68, 1373196
1877.97, 1369173
1898.37, 1366257
1919.09, 1363422
1939.24, 1360672
1958.87, 1358242
1979.36, 1349399
2000.42, 1347358
2020.23, 1345641
2040.85, 1344306
2061.43, 1343128
2082.78, 1341988
2103.69, 1340894
2124.13, 1339815
2144.28, 1338790
2164.55, 1338172
2184.58, 1329571
2205.2, 1329165
2225.92, 1328794
2246.15, 1328387
2266.14, 1328054
2286.91, 1327219
2306.83, 1326977
2326.86, 1326760
2347.78, 1326553
2367.72, 1326348
2388.36, 1326160
2409.25, 1325686
2429.42, 1325510
2449.37, 1325368
2470.37, 1325331
2490.55, 1323801
2510.5, 1323736
