21.22, 9706919
41.77, 9331402
63.49, 8997064
84.61, 8669988
104.89, 8322912
125.84, 8021754
145.84, 7718775
166.38, 7434101
186.85, 7149624
206.66, 6889882
226.75, 6643906
246.7, 6424581
267.49, 6207197
288.15, 5993675
308.71, 5796306
328.66, 5603799
348.88, 5411613
369.34, 5228426
389.88, 5043006
409.82, 4859082
430.56, 4698292
451.56, 4562573
471.19, 4428126
491.3, 4293979
511.53, 4160054
531.18, 4021825
551.74, 3888457
571.47, 3758435
592.08, 3636745
612.75, 3517877
633.08, 3404057
653.01, 3292781
673.54, 3183642
693.22, 3080561
712.9, 2985434
733.33, 2899535
753.5, 2813012
773.95, 2730968
794.32, 2649986
814.32, 2577146
834.53, 2504727
854.92, 2428372
874.88, 2357705
894.99, 2287669
915.9, 2221750
936.41, 2152078
956.51, 2087031
976.73, 2026010
996.59, 1968649
1018.64, 1913610
1043.33, 1861292
1085.27, 1815026
1105.78, 1772124
1127.31, 1743380
1147.26, 1711717
1167.54, 1687199
1187.9, 1666089
1208.64, 1646011
1229.31, 1626030
1250.12, 1609814
1270.69, 1594018
1291.18, 1580450
1311.38, 1567038
1331.13, 1553826
1350.94, 1540321
1371.12, 1504389
1390.88, 1491191
1411.24, 1479120
1432.1, 1467223
1451.85, 1455484
1472.0, 1442484
1492.78, 1431925
1514.26, 1423082
1535.19, 1414664
1578.62, 1406730
1599.77, 1399008
1620.53, 1391862
1641.92, 1385085
1663.3, 1370453
1683.72, 1363817
1704.68, 1357403
1725.17, 1351002
1745.11, 1344608
1765.65, 1339540
1785.96, 1334502
1806.26, 1329293
1827.36, 1322439
1847.51, 1317570
1867.83, 1312720
1888.43, 1308359
1908.38, 1304502
1928.37, 1299773
1949.23, 1296155
1969.79, 1291993
1990.19, 1288620
2011.19, 1285544
2031.53, 1282724
2052.01, 1280298
2072.93, 1278036
2092.83, 1275718
2113.42, 1273606
2133.97, 1269411
2154.22, 1267445
2174.93, 1265653
2195.17, 1264301
2215.34, 1263235
2236.9, 1262195
2257.21, 1256058
2277.08, 1255161
2298.09, 1254355
2317.87, 1253675
2337.85, 1252159
2358.27, 1251503
2378.8, 1250867
2398.9, 1250243
2420.12, 1249771
2440.64, 1249400
2460.94, 1249057
2482.02, 1248915
