21.1, 9742073
41.38, 9397133
63.15, 9043553
82.87, 8706352
103.27, 8374609
124.88, 8046942
145.54, 7735606
165.29, 7423124
185.72, 7150802
206.61, 6900022
226.49, 6604274
246.8, 6364919
267.05, 6127084
288.43, 5910291
308.53, 5696172
328.94, 5481990
348.82, 5271961
369.27, 5063555
389.17, 4855641
409.32, 4657136
429.84, 4484311
449.59, 4317452
469.97, 4154038
490.66, 4005038
510.55, 3859762
531.19, 3718257
552.3, 3577609
572.62, 3449078
592.45, 3339693
612.7, 3237967
632.35, 3137304
652.74, 3025582
673.06, 2931438
693.46, 2847449
713.52, 2771769
734.19, 2689203
754.0, 2626663
774.0, 2565851
794.62, 2498719
815.09, 2439174
835.03, 2382296
856.2, 2327639
876.23, 2278171
896.2, 2223836
916.9, 2173041
936.86, 2137177
956.84, 2102172
977.15, 2067258
997.04, 2023228
1019.78, 1989934
1041.15, 1959998
1080.39, 1931265
1100.99, 1906812
1121.58, 1882877
1142.37, 1859306
1162.23, 1837006
1182.82, 1816325
1203.37, 1795814
1223.49, 1775537
1244.43, 1749003
1264.62, 1727112
1284.58, 1699771
1305.25, 1676973
1325.76, 1658307
1345.27, 1640266
1366.54, 1623007
1386.23, 1593493
1405.89, 1577299
1426.73, 1561236
1447.04, 1545316
1466.58, 1530514
1486.93, 1515871
1508.12, 1501411
1528.31, 1487729
1549.05, 1474424
1569.67, 1463049
1589.85, 1453353
1610.35, 1443673
1630.41, 1432295
1650.69, 1423452
1671.44, 1414847
1691.31, 1406369
1711.34, 1398497
1731.94, 1383477
1752.13, 1375192
1772.65, 1367480
1793.3, 1360416
1813.6, 1353385
1833.39, 1347851
1854.07, 1342647
1874.7, 1337833
1895.26, 1333896
1915.88, 1330373
1936.03, 1326918
1956.4, 1323940
1977.93, 1321403
1998.14, 1319028
2018.33, 1314896
2039.39, 1312615
2059.3, 1307641
2080.22, 1305700
2100.67, 1280085
2120.81, 1278654
2141.34, 1277360
2162.3, 1276149
2182.46, 1275066
2202.95, 1272227
2223.6, 1271342
2243.8, 1270679
2264.04, 1269537
2284.76, 1268745
2304.66, 1267953
2324.42, 1266792
2345.92, 1266169
2365.95, 1265570
2386.37, 1265394
2407.02, 1265252
2427.03, 1265122
2447.21, 1265071
