22.37, 9944797
43.97, 9622349
64.4, 9302529
85.69, 8991557
106.24, 8688770
126.64, 8382871
147.04, 8080881
167.89, 7788497
188.72, 7517346
209.42, 7218603
230.42, 6957812
250.18, 6705712
270.52, 6457047
291.3, 6217544
311.69, 5982112
332.03, 5743251
352.73, 5515822
373.01, 5301516
393.29, 5104557
414.24, 4934238
434.47, 4764417
454.55, 4595458
475.05, 4443594
495.52, 4304259
515.5, 4173498
536.39, 4050357
556.53, 3900092
576.62, 3778160
597.77, 3655510
617.69, 3535398
637.84, 3424654
659.36, 3310201
679.17, 3191811
699.5, 3097269
719.76, 3008062
739.52, 2928869
760.44, 2849956
781.49, 2756612
801.99, 2668992
822.34, 2597384
843.42, 2538923
863.25, 2483651
883.24, 2424775
903.72, 2362870
923.46, 2308543
943.88, 2265658
964.21, 2221255
983.97, 2182459
1006.26, 2147504
1031.54, 2113586
1054.46, 2080252
1099.9, 2050748
1120.81, 2010543
1142.18, 1968834
1162.69, 1928618
1183.45, 1902962
1204.95, 1877551
1225.86, 1854405
1246.85, 1829651
1266.52, 1807901
1286.46, 1786626
1306.85, 1765708
1326.68, 1717942
1346.35, 1699898
1366.66, 1684054
1387.59, 1668535
1407.25, 1653840
1428.53, 1639215
1448.34, 1626070
1467.97, 1613025
1490.05, 1600221
1510.42, 1587941
1531.11, 1570350
1552.6, 1556378
1597.98, 1544214
1618.3, 1532793
1639.54, 1521977
1660.48, 1512851
1680.85, 1504085
1701.6, 1496729
1722.18, 1488973
1742.4, 1482204
1762.96, 1473514
1783.24, 1467029
1803.22, 1460650
1824.04, 1455013
1844.39, 1449450
1864.49, 1442977
1884.99, 1438136
1905.12, 1433362
1925.13, 1428651
1945.8, 1424585
1965.58, 1419128
1985.66, 1416184
2006.24, 1412291
2025.95, 1409564
2046.15, 1407084
2066.94, 1401513
2087.48, 1382079
2107.65, 1378217
2128.62, 1375787
2148.88, 1366944
2168.8, 1365073
2189.71, 1363215
2209.94, 1359659
2230.13, 1358365
2250.27, 1357187
2270.37, 1356336
2290.27, 1355530
2310.74, 1354778
2330.72, 1352590
2350.5, 1350252
2371.46, 1348279
2391.82, 1347463
2412.09, 1346721
2432.71, 1345988
2452.83, 1345298
2473.23, 1344699
2494.06, 1344267
2514.29, 1343870
2535.0, 1343550
2555.5, 1342670
2575.7, 1342415
2595.99, 1342019
2616.44, 1341954
