21.25, 10329664
40.99, 9993014
61.11, 9674870
83.19, 9361102
105.45, 9048532
134.19, 8740774
159.97, 8433200
184.08, 8129624
207.14, 7833458
229.99, 7556521
251.21, 7272989
274.03, 7012990
295.19, 6764586
315.33, 6523233
335.95, 6290602
356.86, 6070718
377.51, 5860990
397.85, 5662652
418.58, 5446435
441.49, 5251713
461.95, 5058002
483.36, 4863227
507.7, 4678633
531.4, 4504870
556.19, 4337244
581.58, 4175333
605.72, 4019012
629.3, 3873089
649.8, 3734944
669.83, 3600446
690.29, 3486327
710.05, 3382597
730.44, 3290214
751.41, 3213860
771.92, 3139402
791.93, 3050335
812.69, 2980826
832.91, 2912333
852.66, 2844346
873.03, 2775249
893.34, 2706849
913.91, 2623737
939.34, 2554713
962.25, 2488875
1001.53, 2429368
1024.53, 2370957
1060.21, 2317847
1088.08, 2265093
1115.59, 2214135
1138.02, 2164045
1159.06, 2115473
1180.99, 2068050
1201.69, 1992364
1223.67, 1940965
1245.65, 1899972
1266.1, 1866200
1286.22, 1839941
1307.12, 1814037
1327.33, 1788935
1349.21, 1765325
1372.95, 1742627
1397.51, 1720140
1430.32, 1698014
1452.65, 1676900
1484.93, 1659109
1510.34, 1643089
1535.85, 1617156
1557.88, 1601875
1602.77, 1587073
1625.17, 1573700
1646.32, 1557794
1667.22, 1543523
1687.73, 1507666
1707.43, 1488216
1727.3, 1475101
1747.45, 1463457
1767.43, 1452043
1787.28, 1441693
1808.04, 1431649
1828.13, 1421962
1848.09, 1412314
1868.65, 1402685
1888.74, 1393851
1914.44, 1385759
1939.07, 1378720
1965.95, 1371941
1997.22, 1365459
2018.51, 1359370
2047.61, 1353299
2072.06, 1347468
2093.31, 1341884
2113.94, 1336349
2134.31, 1331866
2154.85, 1327505
2175.06, 1323318
2195.29, 1319233
2216.22, 1315368
2236.92, 1311808
2256.73, 1308252
2277.46, 1304878
2297.8, 1301839
2317.49, 1296852
2337.77, 1294014
2357.55, 1291287
2377.28, 1289169
2398.11, 1287516
2418.63, 1285927
2439.28, 1276973
2460.41, 1275450
2480.29, 1273931
2500.19, 1272770
2520.52, 1271919
2540.28, 1271113
2560.69, 1270307
2581.83, 1269517
2602.43, 1268918
2623.02, 1268436
2643.12, 1267959
2663.72, 1267661
2683.36, 1267449
2703.8, 1267138
2723.96, 1263889
2744.07, 1263214
2765.04, 1262235
2785.3, 1261402
2805.53, 1259858
2826.13, 1259451
2847.17, 1259309
2866.89, 1259244
2887.48, 1259193
