55.6, 10378792
81.13, 10049954
105.42, 9735036
130.08, 9422038
151.43, 9102420
172.64, 8798833
193.92, 8502718
215.82, 8191746
236.74, 7898339
257.8, 7611831
279.02, 7346771
299.57, 7077042
321.57, 6819220
342.77, 6560499
363.91, 6302975
384.85, 6071172
406.71, 5833527
430.79, 5607186
452.21, 5402597
473.0, 5207479
494.87, 5003147
516.31, 4814298
536.9, 4643130
557.4, 4453146
580.09, 4264809
600.82, 4096737
621.37, 3968303
642.89, 3820397
666.89, 3712997
688.92, 3610007
709.93, 3504335
731.33, 3403073
754.09, 3302074
778.16, 3209489
800.52, 3118562
821.91, 3027839
843.89, 2921680
864.66, 2836157
885.78, 2719581
907.88, 2638447
930.15, 2562865
952.11, 2466992
982.54, 2400539
1005.69, 2333412
1047.97, 2268184
1069.65, 2214454
1094.24, 2158036
1116.0, 2109266
1137.15, 2061072
1158.75, 2009010
1179.53, 1961595
1200.75, 1921507
1221.43, 1868354
1241.65, 1833591
1262.87, 1801614
1283.73, 1770519
1304.3, 1743137
1325.0, 1716348
1346.32, 1692810
1367.33, 1659693
1388.91, 1636865
1410.93, 1616555
1432.04, 1597075
1452.91, 1577971
1475.77, 1562307
1498.75, 1547531
1542.85, 1533025
1566.08, 1519120
1591.13, 1505552
1611.98, 1493894
1633.8, 1478653
1658.43, 1467077
1682.73, 1456215
1706.34, 1444758
1731.46, 1433253
1754.26, 1422485
1777.98, 1411927
1801.49, 1401976
1825.7, 1393560
1847.28, 1384102
1872.04, 1375762
1893.43, 1369604
1919.46, 1363664
1940.99, 1358596
1964.56, 1354113
1988.21, 1348891
2013.7, 1344449
2038.23, 1340087
2062.94, 1336103
2086.41, 1332287
2107.17, 1329272
2128.02, 1326993
2149.09, 1324017
2169.88, 1321771
2190.16, 1300795
2210.95, 1299504
2231.81, 1298326
2251.94, 1297593
2273.49, 1296733
2293.78, 1296301
2314.42, 1296113
2336.05, 1295639
2356.14, 1295488
2376.77, 1293860
2398.08, 1292781
2418.77, 1292639
2438.79, 1292529
2459.97, 1291119
2482.83, 1291054
