21.43, 10729273
43.19, 10363850
63.98, 10012984
84.59, 9673632
105.79, 9344488
126.3, 9034219
146.83, 8724832
167.42, 8433358
187.38, 8160495
207.57, 7890533
228.18, 7626273
248.3, 7361356
268.18, 7101750
289.26, 6862977
309.48, 6624517
329.39, 6396028
349.96, 6191883
370.46, 5993593
391.11, 5796857
412.03, 5600716
432.12, 5409602
452.41, 5227963
472.98, 5055414
493.18, 4885004
513.54, 4722319
534.37, 4561083
554.59, 4404223
575.12, 4251591
595.69, 4095599
616.03, 3950790
636.51, 3814227
657.49, 3670564
677.54, 3551336
697.7, 3437376
718.46, 3330330
738.7, 3227281
759.04, 3140180
780.17, 3057540
799.75, 2985203
819.85, 2914184
840.84, 2832207
861.24, 2763276
882.31, 2695334
902.86, 2628706
922.66, 2564660
942.78, 2508835
964.45, 2444113
986.92, 2388979
1010.62, 2339324
1031.9, 2290866
1072.84, 2243567
1093.43, 2196769
1116.34, 2159409
1136.84, 2070489
1157.45, 2033287
1179.73, 1998307
1199.97, 1961985
1219.63, 1924726
1240.81, 1890004
1260.99, 1856128
1280.87, 1822323
1301.64, 1791617
1321.48, 1748173
1341.21, 1720803
1361.79, 1695200
1382.25, 1671922
1401.95, 1648971
1422.79, 1628049
1443.86, 1607489
1463.44, 1587251
1484.01, 1569455
1503.61, 1552499
1525.25, 1538649
1563.68, 1525632
1588.9, 1500905
1609.55, 1489008
1630.43, 1478188
1651.05, 1467406
1671.22, 1457783
1692.34, 1437765
1712.2, 1396598
1732.77, 1386204
1753.0, 1376886
1772.79, 1367760
1793.3, 1358730
1813.66, 1347791
1833.77, 1338434
1853.85, 1330633
1874.71, 1323211
1894.65, 1315981
1914.86, 1309078
1935.57, 1303541
1955.81, 1297469
1976.24, 1292016
1996.29, 1275754
2016.26, 1271312
2036.01, 1266945
2056.67, 1262586
2077.02, 1258840
2097.27, 1255928
2117.87, 1253323
2137.76, 1250897
2158.22, 1248467
2179.23, 1243900
2199.78, 1241562
2220.04, 1239316
2241.11, 1237161
2261.38, 1235452
2282.17, 1233762
2302.68, 1232455
2322.32, 1231436
2342.73, 1230241
2362.95, 1229228
2383.36, 1228422
2403.09, 1227744
2423.78, 1226705
2443.86, 1226030
2464.11, 1225431
2485.0, 1225024
2505.29, 1224628
2526.27, 1224374
2546.24, 1224160
2566.63, 1224056
2587.21, 1223441
2608.03, 1222805
2628.4, 1222740
2649.18, 1222689
