0.0, 9874669
0.0, 9863614
0.0, 9837510
0.0, 9703471
0.0, 9678760
0.0, 9630152
0.0, 9387475
0.0, 9286024
0.0, 9189502
0.0, 9105282
0.0, 8919346
0.0, 8886595
0.0, 8776676
0.0, 8744485
0.0, 8706625
0.0, 8682276
0.0, 8669801
0.01, 8645443
0.01, 8621501
0.01, 8616511
0.01, 8524130
0.01, 8407199
0.01, 8400359
0.07, 8394928
0.07, 8330293
0.22, 8310350
0.25, 8309700
0.26, 8259405
0.26, 8229943
0.26, 8225400
0.26, 8103050
0.26, 8001044
0.26, 7992254
0.28, 7979297
0.28, 7873577
0.28, 7607251
0.28, 7577989
0.28, 7492217
0.28, 7487551
0.28, 7482339
0.28, 7452389
0.28, 7450429
0.28, 7436613
0.28, 7367625
0.28, 7323773
0.28, 7300602
0.32, 7239223
0.32, 7237680
0.32, 7230898
0.32, 7183007
0.32, 7172255
0.32, 7150349
0.34, 7105090
0.34, 7046702
0.34, 7040000
0.34, 7026540
0.35, 6982615
0.36, 6972160
0.36, 6962770
0.36, 6895126
0.36, 6874282
0.36, 6857978
0.36, 6845882
0.36, 6812005
0.36, 6682121
0.36, 6671235
0.36, 6663721
0.36, 6662860
0.37, 6656722
0.37, 6644451
0.37, 6640692
0.37, 6601271
0.37, 6569751
0.37, 6564147
0.37, 6493684
0.37, 6253008
0.37, 6206944
0.38, 6194688
0.39, 6193378
0.39, 6181137
0.39, 6155732
0.39, 6142619
0.39, 6095071
0.39, 5971379
0.39, 5959662
0.39, 5938529
0.39, 5902503
0.39, 5901835
0.39, 5869507
0.39, 5815831
0.4, 5806699
0.4, 5755289
0.4, 5753510
0.4, 5746053
0.4, 5743014
0.4, 5651885
0.4, 5595847
0.4, 5569024
0.4, 5543238
0.4, 5540567
0.4, 5516834
0.4, 5506595
0.4, 5495375
0.4, 5471817
0.4, 5349268
0.4, 5346652
0.4, 5341106
0.4, 5310901
0.41, 5304014
0.41, 5288320
0.41, 5166134
0.41, 5153710
0.41, 5148882
0.41, 5145332
0.41, 5144888
0.41, 5103981
0.41, 5086149
0.41, 5081982
0.41, 5065873
0.41, 5044127
0.41, 5042315
0.41, 5040270
0.41, 4978889
0.41, 4962969
0.41, 4961449
0.41, 4869378
0.41, 4848738
0.41, 4841880
0.41, 4840595
0.42, 4798094
0.42, 4792361
0.42, 4775605
0.42, 4742919
0.42, 4739037
0.42, 4669402
0.42, 4639002
0.42, 4637606
0.42, 4599613
0.42, 4579640
0.42, 4571541
0.42, 4535009
0.42, 4533250
0.42, 4512396
0.42, 4486099
0.42, 4481796
0.42, 4397497
0.42, 4390508
0.42, 4361205
0.42, 4359001
0.42, 4358063
0.42, 4316053
0.43, 4267237
0.43, 4256081
0.43, 4250467
0.43, 4194181
0.43, 4169781
0.43, 4093603
0.43, 4074992
0.43, 4070385
0.43, 4067379
0.43, 4066582
0.43, 4046489
0.43, 4038177
0.43, 4005655
0.45, 3998005
0.45, 3974175
0.45, 3895254
0.45, 3882930
0.45, 3867800
0.45, 3850964
0.45, 3841606
0.45, 3837971
0.45, 3806142
0.45, 3805237
0.45, 3802480
0.45, 3678786
0.45, 3678503
0.45, 3665596
0.45, 3646720
0.45, 3644018
0.45, 3606323
0.45, 3571977
0.45, 3535788
0.45, 3531799
0.45, 3515281
0.45, 3507363
0.45, 3506934
0.45, 3483013
0.46, 3472598
0.46, 3428341
0.46, 3410245
0.46, 3404676
0.46, 3393958
0.46, 3383059
0.46, 3333788
0.46, 3323496
0.46, 3317365
0.46, 3299893
0.46, 3295349
0.46, 3219965
0.46, 3197335
0.46, 3187541
0.46, 3169381
0.46, 3125176
0.48, 3120791
0.48, 3062023
0.48, 3042187
0.48, 3041496
0.48, 3026058
0.48, 3026038
0.48, 3013736
0.48, 3003178
0.48, 2999760
0.48, 2972369
0.48, 2971779
0.48, 2924661
0.48, 2915797
0.48, 2911748
0.48, 2905971
0.48, 2873475
0.48, 2834705
0.48, 2754482
0.48, 2754296
0.48, 2750660
0.48, 2734509
0.48, 2732736
0.48, 2719243
0.48, 2674971
0.48, 2674459
0.49, 2662987
0.49, 2646240
0.49, 2643502
0.49, 2632647
0.49, 2621398
0.49, 2620666
0.49, 2610213
0.49, 2604512
0.49, 2596334
0.49, 2568987
0.49, 2565344
0.49, 2561340
0.49, 2541202
0.49, 2524355
0.49, 2522783
0.49, 2521432
0.49, 2517602
0.49, 2507321
0.49, 2479371
0.5, 2475675
0.5, 2473351
0.5, 2468759
0.5, 2449046
0.5, 2445240
0.5, 2428719
0.5, 2416477
0.5, 2409594
0.5, 2405333
0.5, 2404475
0.5, 2381554
0.5, 2379216
0.5, 2365642
0.5, 2365093
0.5, 2360916
0.5, 2353835
0.5, 2328784
0.5, 2300224
0.5, 2300178
0.5, 2291565
0.5, 2226472
0.5, 2213424
0.5, 2186751
0.5, 2168563
0.5, 2168477
0.5, 2166577
0.5, 2114457
0.55, 2113917
0.55, 2112905
0.55, 2101182
0.55, 2096615
0.55, 2093164
0.55, 2082627
0.55, 2079083
0.55, 2077253
0.55, 2075526
0.55, 2075233
0.55, 2074050
0.55, 2065205
0.55, 2061336
0.55, 2055282
0.55, 2049281
0.55, 2047533
0.55, 2038228
0.55, 2034059
0.55, 2012023
0.56, 2005071
0.56, 2001389
0.56, 1999204
0.56, 1987374
0.56, 1978335
0.56, 1973377
0.56, 1970731
0.56, 1968873
0.56, 1968168
0.56, 1896695
0.56, 1890599
0.56, 1888300
0.56, 1867232
0.56, 1863653
0.56, 1862125
0.56, 1845614
0.56, 1845474
0.56, 1836448
0.56, 1829711
0.56, 1824758
0.56, 1824414
0.56, 1824397
0.56, 1823554
0.56, 1822571
0.56, 1805898
0.56, 1797899
0.56, 1785693
0.56, 1779112
0.56, 1778212
0.56, 1776957
0.56, 1684861
0.58, 1683895
0.58, 1680628
0.58, 1677109
0.58, 1676064
0.58, 1675695
0.58, 1673591
0.58, 1672570
0.58, 1669253
0.58, 1668688
0.58, 1660554
0.58, 1652969
0.58, 1649705
0.59, 1643400
0.59, 1640806
0.6, 1617636
0.6, 1610526
0.6, 1586533
0.6, 1584741
0.6, 1578749
0.6, 1578605
0.6, 1575663
0.6, 1572252
0.6, 1570708
0.6, 1570102
0.6, 1569038
0.6, 1565419
0.6, 1558853
0.6, 1558537
0.62, 1557429
0.62, 1557119
0.62, 1554409
0.62, 1530971
0.62, 1522524
0.62, 1520553
0.62, 1508433
0.62, 1496737
0.62, 1494641
0.62, 1493646
0.62, 1485471
0.62, 1477940
0.62, 1475834
0.62, 1466052
0.62, 1450135
0.62, 1450094
0.62, 1450015
0.62, 1447775
0.62, 1446855
0.62, 1444582
0.62, 1443506
0.62, 1429207
0.62, 1425974
0.62, 1420132
0.62, 1414886
0.62, 1411954
0.62, 1411148
0.62, 1410221
0.62, 1409586
0.62, 1401503
0.63, 1393605
0.63, 1392136
0.63, 1388166
0.63, 1380450
0.63, 1379904
0.63, 1378840
0.63, 1375867
0.63, 1372992
0.63, 1370594
0.63, 1366668
0.63, 1366272
0.63, 1362817
0.63, 1362019
0.63, 1361542
0.63, 1359585
0.63, 1358278
0.63, 1354260
0.63, 1353873
0.63, 1350017
0.63, 1349454
0.63, 1345250
0.63, 1341864
0.63, 1341405
0.63, 1334991
0.63, 1330255
0.63, 1330218
0.63, 1324752
0.63, 1323664
0.63, 1317888
0.65, 1316534
0.65, 1315251
0.65, 1313821
0.65, 1313070
0.66, 1312402
0.66, 1309574
0.67, 1307758
0.67, 1305991
0.67, 1305989
0.67, 1305354
0.67, 1300465
0.67, 1300134
0.67, 1298750
0.67, 1298728
0.67, 1295951
0.67, 1295741
0.67, 1291920
0.67, 1291740
0.67, 1291262
0.67, 1287553
0.68, 1285851
0.69, 1285791
0.69, 1283752
0.69, 1280499
0.69, 1279560
0.69, 1276947
0.69, 1276613
0.7, 1274467
0.7, 1273117
0.7, 1272407
0.7, 1270522
0.7, 1264144
0.7, 1262278
0.71, 1261715
0.71, 1261493
0.71, 1260853
0.71, 1260851
0.71, 1259005
0.71, 1257460
0.71, 1257261
0.74, 1257094
0.74, 1255283
0.74, 1254016
0.74, 1253906
0.76, 1253672
0.77, 1251815
0.77, 1250044
0.77, 1249538
0.77, 1246026
0.77, 1243324
0.88, 1243128
0.89, 1242654
0.9, 1242373
0.9, 1242322
