0.0, 11026675
0.0, 11013447
0.0, 10912872
0.0, 10880500
0.0, 10793240
0.0, 10714993
0.0, 10584699
0.0, 10578398
0.0, 10539382
0.0, 10439781
0.0, 10404520
0.0, 10284561
0.0, 10264087
0.0, 10239418
0.0, 10039347
0.0, 9875780
0.0, 9874500
0.0, 9795803
0.0, 9761735
0.0, 9733537
0.0, 9624814
0.0, 9605308
0.0, 9567067
0.0, 9432696
0.0, 9417130
0.0, 9372793
0.0, 9188491
0.0, 9171928
0.0, 9122308
0.0, 9112584
0.01, 9111593
0.01, 9030123
0.01, 8967667
0.01, 8857047
0.01, 8745668
0.01, 8691037
0.02, 8675985
0.02, 8652462
0.02, 8509740
0.06, 8415747
0.06, 8373952
0.06, 8370872
0.2, 8336795
0.25, 8336398
0.25, 8203711
0.25, 8164303
0.25, 7952398
0.25, 7926068
0.29, 7889379
0.29, 7742586
0.31, 7680695
0.31, 7678491
0.32, 7619862
0.32, 7613512
0.32, 7606142
0.32, 7592765
0.32, 7563085
0.32, 7549472
0.32, 7516617
0.32, 7516056
0.32, 7492881
0.33, 7427730
0.33, 7378216
0.33, 7366086
0.33, 7258167
0.33, 7083187
0.36, 7057380
0.36, 7056301
0.36, 7044520
0.36, 7041133
0.36, 7018158
0.36, 7015254
0.36, 6935114
0.36, 6854424
0.36, 6849614
0.36, 6808704
0.36, 6803134
0.36, 6708217
0.37, 6598343
0.37, 6583611
0.37, 6576292
0.37, 6530984
0.37, 6517691
0.37, 6512519
0.37, 6451443
0.37, 6358271
0.37, 6326413
0.37, 6308626
0.37, 6230245
0.37, 6114864
0.37, 6111101
0.37, 6085792
0.37, 6069461
0.37, 6060812
0.38, 6016296
0.38, 6013531
0.38, 6007282
0.38, 5947799
0.38, 5943660
0.38, 5939626
0.38, 5929408
0.38, 5925638
0.38, 5905461
0.38, 5896781
0.38, 5885238
0.38, 5872149
0.38, 5868413
0.38, 5861291
0.39, 5848805
0.39, 5674279
0.39, 5642166
0.39, 5631944
0.39, 5623247
0.39, 5604493
0.39, 5600705
0.39, 5591454
0.39, 5537211
0.39, 5514615
0.39, 5479152
0.39, 5456022
0.39, 5455574
0.39, 5440755
0.39, 5422589
0.39, 5400444
0.39, 5274011
0.39, 5266567
0.41, 5252881
0.41, 5143626
0.41, 5142434
0.41, 5105072
0.41, 5087654
0.41, 5025930
0.41, 4894370
0.41, 4881228
0.41, 4797259
0.41, 4794283
0.41, 4788755
0.41, 4628475
0.42, 4609691
0.42, 4608254
0.42, 4606462
0.42, 4589601
0.42, 4588663
0.42, 4567212
0.42, 4482145
0.42, 4459098
0.42, 4365032
0.43, 4306943
0.43, 4304937
0.43, 4178789
0.43, 4069219
0.43, 4046889
0.43, 4035415
0.43, 4013943
0.43, 4002628
0.43, 3998711
0.43, 3983381
0.43, 3981960
0.43, 3930043
0.43, 3870297
0.43, 3848791
0.44, 3840845
0.44, 3817858
0.44, 3755682
0.44, 3752338
0.45, 3737907
0.45, 3662933
0.45, 3640449
0.45, 3628450
0.45, 3621119
0.45, 3608067
0.45, 3606163
0.45, 3603828
0.45, 3602346
0.45, 3596345
0.46, 3543254
0.46, 3539027
0.46, 3483043
0.46, 3482104
0.46, 3461754
0.46, 3460828
0.46, 3447901
0.46, 3419574
0.47, 3411979
0.47, 3392707
0.47, 3351592
0.47, 3346279
0.47, 3315550
0.47, 3311388
0.47, 3309436
0.47, 3296736
0.47, 3286734
0.47, 3283776
0.47, 3283713
0.47, 3260537
0.47, 3236288
0.47, 3223719
0.47, 3192030
0.47, 3180839
0.47, 3178826
0.47, 3103704
0.47, 3097508
0.47, 3087590
0.47, 3083064
0.47, 3069012
0.47, 3059503
0.47, 3044673
0.47, 3044433
0.47, 3043640
0.47, 3042339
0.47, 3008487
0.47, 3000286
0.47, 2992315
0.47, 2986684
0.48, 2982111
0.48, 2975378
0.48, 2943045
0.48, 2935261
0.48, 2902241
0.48, 2894301
0.48, 2887284
0.48, 2884425
0.48, 2850537
0.48, 2812271
0.48, 2807308
0.48, 2771432
0.48, 2766803
0.48, 2765437
0.48, 2764480
0.48, 2756172
0.48, 2736826
0.48, 2700987
0.48, 2686355
0.48, 2680375
0.48, 2668037
0.48, 2637941
0.48, 2637330
0.49, 2588224
0.49, 2552533
0.49, 2517219
0.49, 2456959
0.49, 2456935
0.49, 2454867
0.49, 2406749
0.49, 2398652
0.49, 2387274
0.49, 2385648
0.49, 2377570
0.49, 2367001
0.49, 2364634
0.49, 2362374
0.49, 2358675
0.49, 2357710
0.49, 2357639
0.49, 2354056
0.49, 2334840
0.49, 2333757
0.49, 2296968
0.5, 2283654
0.5, 2283583
0.5, 2273299
0.5, 2272653
0.5, 2270798
0.5, 2255031
0.5, 2224892
0.5, 2214517
0.5, 2209771
0.5, 2208781
0.5, 2204007
0.5, 2203919
0.5, 2198886
0.5, 2181709
0.5, 2180342
0.5, 2180037
0.5, 2172294
0.5, 2167554
0.5, 2152867
0.5, 2137395
0.5, 2128124
0.5, 2106614
0.5, 2104762
0.5, 2093108
0.51, 2081664
0.51, 2079299
0.51, 2070581
0.51, 2069952
0.51, 2069772
0.51, 2069347
0.51, 2062996
0.51, 2039204
0.51, 2035610
0.51, 2033059
0.52, 1987654
0.52, 1964381
0.52, 1947527
0.52, 1935344
0.52, 1930559
0.52, 1906103
0.52, 1905508
0.52, 1898899
0.52, 1897600
0.52, 1878894
0.52, 1872195
0.52, 1871669
0.52, 1871245
0.52, 1871128
0.52, 1869102
0.52, 1858119
0.52, 1855317
0.52, 1851265
0.52, 1850069
0.52, 1845926
0.52, 1845459
0.52, 1836671
0.52, 1832982
0.53, 1820652
0.53, 1819611
0.53, 1799632
0.53, 1790318
0.53, 1778612
0.53, 1774729
0.53, 1732715
0.53, 1732668
0.53, 1712502
0.54, 1691833
0.54, 1665583
0.54, 1664691
0.54, 1662236
0.54, 1644482
0.54, 1642534
0.54, 1638051
0.54, 1622894
0.54, 1610011
0.54, 1604907
0.54, 1604847
0.54, 1590294
0.54, 1587657
0.54, 1578216
0.54, 1577874
0.54, 1576806
0.54, 1575259
0.54, 1573030
0.54, 1561282
0.54, 1559821
0.54, 1557314
0.54, 1556854
0.54, 1549385
0.54, 1524047
0.54, 1509048
0.54, 1507424
0.54, 1498909
0.54, 1498577
0.54, 1495990
0.54, 1495883
0.55, 1489115
0.57, 1477090
0.57, 1474105
0.57, 1468131
0.57, 1467727
0.57, 1460367
0.57, 1460210
0.57, 1459760
0.57, 1456802
0.57, 1456739
0.57, 1456178
0.57, 1452095
0.58, 1451545
0.59, 1448307
0.59, 1444956
0.59, 1444525
0.59, 1428324
0.59, 1427989
0.59, 1427097
0.59, 1421796
0.59, 1420834
0.59, 1420029
0.6, 1419851
0.6, 1419331
0.6, 1416324
0.6, 1415324
0.6, 1409884
0.6, 1409726
0.6, 1409481
0.6, 1408961
0.6, 1407710
0.6, 1405589
0.6, 1401080
0.6, 1400175
0.6, 1399112
0.6, 1391469
0.6, 1388257
0.61, 1388191
0.61, 1384011
0.61, 1382989
0.61, 1382847
0.61, 1381601
0.61, 1381416
0.61, 1376386
0.61, 1373643
0.62, 1370366
0.62, 1369495
0.62, 1367123
0.62, 1366953
0.62, 1364280
0.62, 1361363
0.62, 1359704
0.62, 1358819
0.62, 1358508
0.62, 1354169
0.62, 1353460
0.62, 1352181
0.62, 1350652
0.62, 1346252
0.62, 1345754
0.62, 1345454
0.62, 1341624
0.63, 1340471
0.63, 1338728
0.63, 1338689
0.63, 1334726
0.63, 1328940
0.63, 1326827
0.63, 1326710
0.63, 1316432
0.63, 1316042
0.63, 1315096
0.63, 1314443
0.63, 1301458
0.63, 1299792
0.63, 1298511
0.63, 1293270
0.64, 1292884
0.64, 1292819
0.64, 1292679
0.64, 1292332
0.64, 1290512
0.64, 1290427
0.64, 1288302
0.64, 1288051
0.64, 1286279
0.64, 1286118
0.64, 1283507
0.64, 1282984
0.64, 1282108
0.65, 1280081
0.65, 1279116
0.67, 1279103
0.68, 1274635
0.68, 1274066
0.68, 1273792
0.68, 1273011
0.68, 1270311
0.68, 1269505
0.68, 1269024
0.68, 1266786
0.68, 1266540
0.68, 1265313
0.68, 1265224
0.76, 1262807
0.76, 1262738
0.76, 1262458
0.76, 1262248
0.76, 1261840
0.77, 1261009
0.77, 1260561
0.77, 1260460
0.77, 1259652
0.77, 1259178
0.78, 1258634
0.78, 1258075
0.79, 1257928
0.79, 1257891
0.79, 1257462
0.79, 1256186
0.8, 1255328
0.8, 1254333
0.81, 1254280
0.81, 1254229
0.84, 1254051
0.89, 1254000
0.89, 1253165
