0.0, 10225377
0.0, 10210968
0.0, 10185732
0.0, 10133442
0.0, 10104481
0.0, 10103698
0.0, 9972576
0.0, 9911366
0.0, 9888568
0.0, 9887765
0.0, 9829865
0.0, 9822039
0.0, 9754144
0.0, 9734748
0.0, 9718797
0.0, 9707660
0.0, 9546580
0.0, 9501259
0.0, 9391514
0.0, 9168220
0.0, 9160390
0.0, 9116787
0.0, 9065517
0.0, 9046640
0.0, 9029819
0.0, 8942906
0.0, 8876717
0.0, 8720685
0.03, 8523061
0.03, 8453544
0.03, 8424113
0.03, 8177766
0.03, 8159328
0.03, 8141256
0.23, 8019206
0.26, 8016573
0.26, 7852289
0.26, 7813191
0.26, 7800779
0.26, 7670013
0.26, 7587146
0.26, 7539666
0.26, 7483180
0.26, 7430771
0.29, 7408644
0.29, 7383772
0.29, 7368904
0.32, 7355827
0.32, 7321757
0.32, 7307857
0.32, 7304053
0.32, 7281601
0.32, 7273023
0.32, 7179906
0.32, 7148227
0.33, 7141622
0.33, 7137071
0.33, 7124947
0.33, 7120516
0.33, 7110826
0.33, 7074273
0.33, 7059875
0.35, 7012706
0.35, 7010274
0.35, 6971841
0.35, 6957344
0.35, 6944594
0.35, 6943875
0.35, 6785873
0.35, 6753862
0.37, 6749923
0.37, 6684762
0.37, 6572341
0.37, 6537728
0.37, 6446091
0.37, 6139032
0.37, 6137106
0.37, 6092450
0.37, 6089849
0.37, 6084316
0.37, 6038578
0.37, 6019613
0.38, 5881954
0.38, 5844024
0.38, 5770104
0.38, 5724254
0.38, 5722119
0.38, 5717584
0.38, 5715462
0.38, 5647572
0.38, 5629576
0.38, 5609822
0.38, 5605721
0.38, 5573827
0.38, 5563970
0.38, 5540789
0.38, 5488557
0.38, 5324801
0.39, 5262403
0.39, 5236697
0.39, 5198261
0.39, 5197687
0.39, 5133690
0.39, 5066874
0.39, 5064705
0.39, 4988669
0.41, 4947867
0.41, 4924118
0.41, 4915783
0.41, 4893861
0.41, 4870374
0.41, 4869993
0.41, 4854388
0.41, 4842825
0.41, 4807733
0.41, 4796220
0.41, 4789936
0.41, 4778269
0.41, 4777250
0.41, 4751262
0.41, 4751232
0.41, 4748531
0.41, 4748174
0.41, 4745845
0.41, 4739891
0.41, 4714436
0.41, 4700035
0.41, 4673123
0.41, 4672717
0.41, 4664024
0.41, 4662473
0.41, 4659720
0.41, 4493403
0.41, 4445942
0.42, 4423742
0.42, 4423463
0.42, 4418499
0.42, 4384160
0.42, 4373779
0.42, 4365744
0.42, 4262424
0.42, 4234302
0.42, 4233273
0.42, 4230826
0.42, 4194566
0.42, 4147427
0.42, 4146180
0.42, 4104329
0.43, 4098523
0.43, 4078088
0.43, 4061309
0.43, 4060261
0.43, 4057612
0.43, 3951873
0.43, 3924374
0.43, 3725843
0.43, 3641055
0.43, 3641020
0.43, 3630207
0.43, 3626130
0.43, 3592090
0.43, 3588414
0.43, 3584964
0.43, 3544313
0.43, 3534982
0.43, 3520580
0.43, 3511260
0.43, 3458102
0.43, 3436662
0.46, 3377536
0.46, 3351545
0.46, 3351284
0.46, 3345189
0.46, 3341168
0.46, 3332142
0.46, 3330326
0.46, 3329292
0.46, 3324438
0.46, 3310394
0.46, 3197848
0.46, 3192178
0.46, 3191665
0.46, 3180746
0.46, 3168972
0.46, 3158345
0.46, 3111440
0.46, 3111027
0.46, 3106601
0.46, 3097095
0.46, 3085548
0.46, 3080907
0.46, 3078810
0.46, 3076723
0.46, 3073011
0.46, 3071008
0.46, 3066905
0.46, 3063628
0.46, 3062944
0.46, 3060322
0.46, 3022581
0.46, 3018560
0.46, 3014370
0.46, 2985981
0.46, 2968554
0.46, 2961641
0.47, 2945423
0.47, 2944422
0.47, 2929512
0.47, 2929258
0.48, 2918913
0.48, 2917260
0.48, 2889484
0.48, 2826597
0.48, 2826289
0.48, 2824949
0.48, 2823288
0.48, 2816157
0.48, 2793959
0.48, 2793510
0.48, 2761113
0.48, 2758826
0.48, 2743274
0.48, 2726425
0.48, 2725333
0.48, 2705241
0.48, 2699781
0.48, 2697315
0.48, 2694969
0.48, 2694592
0.48, 2658908
0.49, 2634109
0.49, 2596909
0.49, 2579646
0.49, 2562418
0.49, 2546397
0.49, 2540543
0.49, 2528288
0.5, 2525531
0.5, 2489110
0.5, 2444378
0.5, 2435172
0.5, 2428058
0.5, 2426690
0.5, 2426338
0.5, 2423533
0.5, 2413450
0.5, 2413051
0.5, 2408977
0.5, 2395970
0.5, 2392960
0.5, 2371404
0.5, 2366738
0.5, 2334397
0.5, 2330013
0.5, 2323099
0.5, 2319102
0.5, 2317880
0.5, 2315214
0.5, 2313962
0.5, 2291360
0.5, 2276367
0.5, 2249194
0.5, 2245150
0.5, 2230379
0.5, 2225133
0.51, 2224699
0.51, 2219804
0.51, 2201208
0.51, 2201190
0.51, 2181476
0.51, 2174044
0.51, 2170449
0.51, 2170205
0.51, 2170006
0.51, 2157281
0.51, 2143099
0.51, 2126134
0.51, 2119660
0.51, 2110959
0.51, 2110800
0.52, 2110591
0.52, 2110086
0.52, 2066769
0.52, 2061919
0.52, 2060456
0.52, 2051889
0.52, 2041590
0.53, 2028083
0.53, 2019384
0.53, 2013575
0.53, 2011405
0.53, 2011358
0.53, 2005341
0.53, 1960749
0.53, 1953032
0.53, 1951396
0.53, 1933783
0.53, 1933549
0.53, 1918219
0.53, 1908375
0.53, 1901300
0.53, 1897201
0.54, 1887259
0.54, 1886802
0.54, 1880001
0.54, 1869162
0.54, 1861366
0.54, 1854454
0.54, 1845127
0.54, 1839802
0.54, 1837966
0.54, 1837434
0.54, 1835636
0.54, 1835141
0.54, 1832378
0.54, 1831609
0.54, 1831594
0.54, 1828295
0.54, 1827361
0.54, 1825622
0.54, 1825561
0.54, 1811508
0.54, 1811326
0.54, 1802164
0.54, 1798182
0.54, 1796078
0.54, 1795581
0.54, 1786185
0.54, 1781688
0.54, 1779328
0.54, 1767442
0.54, 1765879
0.54, 1765526
0.55, 1744749
0.55, 1736077
0.55, 1729428
0.55, 1721472
0.55, 1721135
0.55, 1714640
0.55, 1712975
0.55, 1711394
0.55, 1681495
0.55, 1677080
0.55, 1674354
0.55, 1669671
0.56, 1653333
0.56, 1653123
0.56, 1652098
0.56, 1651766
0.56, 1648072
0.56, 1646360
0.56, 1645251
0.56, 1640107
0.56, 1640062
0.57, 1635459
0.57, 1622751
0.57, 1620960
0.57, 1612708
0.57, 1612392
0.57, 1605353
0.57, 1605194
0.57, 1579115
0.57, 1579107
0.57, 1570019
0.57, 1569845
0.57, 1565895
0.57, 1565196
0.57, 1561266
0.57, 1555312
0.57, 1547347
0.57, 1546867
0.57, 1546327
0.57, 1545748
0.57, 1528960
0.57, 1510059
0.57, 1509461
0.57, 1505840
0.57, 1503687
0.6, 1500593
0.6, 1500446
0.6, 1497364
0.6, 1493442
0.6, 1479744
0.6, 1465564
0.6, 1457082
0.6, 1452009
0.6, 1450952
0.6, 1446826
0.6, 1446642
0.6, 1442800
0.6, 1439437
0.6, 1436847
0.6, 1427680
0.6, 1426659
0.6, 1426298
0.6, 1419530
0.6, 1418821
0.6, 1416722
0.6, 1416060
0.6, 1412831
0.6, 1412408
0.6, 1411414
0.6, 1410551
0.6, 1409944
0.6, 1404428
0.6, 1402830
0.6, 1399525
0.6, 1367993
0.61, 1366445
0.61, 1362830
0.63, 1355952
0.63, 1355891
0.63, 1355427
0.63, 1355044
0.63, 1350857
0.63, 1347149
0.63, 1345653
0.63, 1344145
0.63, 1343256
0.63, 1337863
0.63, 1336682
0.63, 1336620
0.63, 1333296
0.63, 1332672
0.63, 1330026
0.64, 1328844
0.64, 1328039
0.64, 1326811
0.64, 1325125
0.64, 1325048
0.64, 1323982
0.64, 1316180
0.65, 1301418
0.65, 1301414
0.65, 1289007
0.65, 1288990
0.65, 1283876
0.65, 1283418
0.65, 1283353
0.65, 1282924
0.65, 1280725
0.65, 1280322
0.65, 1278356
0.65, 1277722
0.65, 1274777
0.66, 1272237
0.66, 1271779
0.66, 1271371
0.66, 1270369
0.66, 1268998
0.66, 1267589
0.66, 1264240
0.66, 1263641
0.66, 1263340
0.66, 1260807
0.66, 1258280
0.66, 1257248
0.67, 1254427
0.67, 1252889
0.67, 1251493
0.67, 1246760
0.67, 1246661
0.67, 1244191
0.67, 1244140
0.67, 1242919
0.67, 1242586
0.67, 1242521
0.67, 1239831
0.67, 1239470
0.67, 1239343
0.68, 1239076
0.68, 1238788
0.68, 1235919
0.68, 1235078
0.68, 1234593
0.68, 1234532
0.69, 1232873
0.69, 1232323
0.69, 1231843
0.69, 1231834
0.69, 1231827
0.69, 1231154
0.69, 1230944
0.69, 1229869
0.69, 1229271
0.69, 1229116
0.69, 1228564
0.69, 1226203
0.69, 1225604
0.69, 1225507
0.7, 1224366
0.7, 1223306
0.73, 1222954
0.74, 1221608
0.75, 1220529
0.75, 1220067
0.75, 1220063
0.75, 1219373
0.76, 1218526
0.76, 1217902
0.76, 1215062
0.76, 1214996
0.76, 1214017
0.76, 1213877
0.77, 1213308
0.77, 1213098
0.78, 1212901
0.8, 1212848
0.8, 1212660
0.8, 1212650
0.8, 1212152
0.8, 1211678
0.83, 1211522
0.83, 1211457
0.83, 1211315
0.83, 1211264
