0.0, 10674029
0.0, 10637026
0.0, 10624178
0.0, 10430398
0.0, 10395596
0.0, 10344002
0.0, 10316816
0.0, 10137521
0.0, 10035354
0.0, 9970228
0.0, 9918309
0.0, 9898153
0.0, 9876558
0.0, 9710253
0.0, 9683914
0.0, 9682622
0.0, 9676403
0.0, 9673709
0.0, 9582813
0.0, 9575657
0.0, 9518043
0.0, 9497692
0.0, 9457076
0.0, 9451265
0.0, 9443264
0.0, 9397272
0.0, 9392728
0.0, 9354414
0.0, 9280355
0.01, 9267108
0.01, 9221212
0.01, 9220870
0.01, 9147992
0.01, 9060163
0.01, 9060149
0.01, 8987323
0.01, 8984147
0.01, 8930756
0.01, 8885608
0.01, 8874087
0.01, 8858640
0.01, 8852092
0.01, 8652471
0.01, 8643755
0.07, 8640899
0.07, 8614806
0.12, 8469115
0.13, 8307134
0.13, 8300430
0.13, 8283177
0.18, 8262616
0.24, 8238120
0.25, 8174917
0.25, 8144906
0.26, 8076542
0.26, 7961899
0.26, 7783904
0.26, 7574170
0.26, 7544636
0.32, 7530825
0.32, 7517304
0.32, 7491824
0.32, 7490519
0.32, 7480180
0.32, 7478384
0.32, 7457571
0.32, 7442789
0.32, 7379152
0.32, 7377403
0.33, 7369726
0.33, 7328602
0.33, 7324346
0.33, 7298092
0.33, 7293550
0.33, 7287062
0.33, 7286592
0.33, 7181076
0.33, 7178098
0.33, 7175262
0.33, 6999840
0.34, 6820876
0.34, 6735840
0.34, 6734847
0.34, 6656405
0.34, 6600175
0.34, 6531713
0.35, 6477003
0.35, 6474754
0.35, 6450067
0.35, 6436810
0.35, 6413690
0.35, 6411668
0.37, 6366545
0.37, 6353859
0.37, 6349547
0.37, 6332660
0.37, 6317712
0.37, 6305466
0.37, 6220994
0.37, 6219240
0.37, 6152793
0.37, 6089080
0.37, 5830771
0.37, 5814235
0.38, 5801227
0.38, 5731161
0.38, 5620270
0.38, 5615235
0.38, 5609392
0.38, 5587209
0.38, 5581459
0.38, 5544883
0.39, 5538573
0.39, 5535208
0.39, 5482570
0.39, 5411552
0.39, 5390261
0.39, 5383842
0.39, 5380640
0.39, 5351572
0.39, 5345076
0.39, 5344615
0.39, 5298042
0.39, 5277362
0.39, 5277327
0.39, 5220778
0.39, 5199567
0.39, 5190038
0.39, 5189272
0.39, 5188372
0.4, 5153885
0.4, 5138789
0.4, 5126294
0.4, 5099113
0.4, 5081142
0.4, 5078357
0.4, 5062691
0.4, 5062386
0.4, 5060558
0.4, 5051838
0.4, 5046592
0.4, 5041114
0.4, 5037738
0.4, 4968232
0.4, 4968036
0.4, 4935135
0.4, 4932941
0.4, 4921524
0.4, 4919761
0.4, 4919217
0.4, 4909470
0.4, 4896405
0.41, 4770952
0.41, 4713307
0.41, 4705984
0.41, 4690314
0.41, 4666049
0.41, 4569367
0.41, 4561528
0.41, 4536144
0.41, 4482243
0.41, 4472237
0.41, 4469539
0.41, 4460691
0.41, 4418752
0.41, 4374411
0.41, 4373048
0.41, 4333838
0.41, 4333757
0.41, 4326482
0.41, 4325800
0.41, 4270498
0.42, 4227274
0.42, 4225110
0.42, 4186860
0.42, 4162817
0.42, 4159756
0.42, 4089816
0.43, 4057368
0.43, 4045130
0.43, 4019462
0.43, 4014082
0.43, 4008800
0.43, 3998411
0.43, 3993895
0.43, 3992580
0.43, 3990758
0.43, 3990659
0.43, 3969825
0.43, 3969418
0.43, 3961653
0.43, 3953568
0.43, 3947433
0.43, 3937098
0.43, 3936920
0.43, 3933379
0.43, 3873825
0.43, 3873786
0.44, 3847697
0.44, 3827575
0.44, 3817721
0.44, 3806229
0.44, 3805851
0.44, 3796644
0.44, 3757177
0.44, 3746660
0.44, 3744110
0.44, 3731282
0.44, 3652576
0.44, 3599481
0.44, 3558629
0.44, 3555845
0.44, 3543750
0.44, 3540047
0.44, 3539805
0.44, 3531334
0.44, 3446277
0.44, 3407060
0.44, 3405614
0.44, 3350605
0.44, 3305803
0.44, 3294949
0.44, 3279971
0.44, 3278561
0.44, 3268033
0.44, 3138374
0.44, 3114264
0.44, 3096054
0.44, 3081884
0.44, 3076118
0.45, 3069985
0.45, 3069254
0.45, 3046807
0.45, 3040356
0.45, 2992846
0.45, 2984588
0.45, 2973429
0.45, 2973296
0.46, 2970383
0.46, 2966054
0.46, 2950447
0.46, 2949832
0.46, 2920970
0.46, 2916851
0.46, 2850024
0.46, 2848721
0.46, 2840764
0.46, 2833578
0.46, 2826047
0.46, 2800024
0.46, 2763114
0.47, 2761999
0.47, 2747496
0.47, 2746062
0.47, 2740098
0.47, 2692685
0.47, 2632847
0.47, 2600201
0.47, 2598822
0.47, 2598157
0.47, 2596323
0.47, 2595372
0.47, 2583789
0.47, 2578293
0.47, 2571825
0.47, 2571443
0.47, 2557809
0.47, 2555924
0.49, 2554197
0.49, 2550364
0.49, 2536769
0.49, 2499867
0.49, 2493884
0.49, 2487124
0.49, 2465807
0.49, 2452225
0.49, 2431268
0.49, 2410714
0.49, 2401821
0.49, 2398925
0.49, 2353506
0.49, 2352492
0.49, 2329437
0.49, 2329099
0.49, 2305948
0.49, 2300461
0.49, 2283935
0.49, 2279222
0.49, 2279190
0.5, 2278940
0.5, 2255118
0.5, 2244812
0.5, 2236587
0.5, 2234943
0.5, 2233781
0.5, 2230611
0.5, 2218438
0.5, 2215481
0.5, 2169926
0.5, 2169261
0.5, 2166924
0.5, 2151856
0.5, 2146357
0.5, 2141782
0.5, 2135879
0.5, 2130473
0.5, 2127580
0.5, 2123308
0.5, 2123206
0.5, 2116255
0.5, 2112657
0.5, 2111431
0.5, 2087854
0.5, 2043222
0.5, 2042677
0.5, 2041096
0.5, 2032081
0.5, 2028962
0.5, 2027080
0.5, 2015523
0.5, 2014397
0.5, 2014218
0.5, 2009188
0.5, 1989793
0.5, 1987787
0.5, 1966618
0.5, 1964899
0.5, 1933227
0.5, 1930758
0.5, 1930496
0.5, 1928508
0.51, 1908558
0.51, 1902317
0.51, 1900845
0.51, 1891385
0.51, 1885814
0.51, 1869958
0.51, 1856651
0.51, 1854196
0.51, 1853583
0.51, 1851074
0.51, 1826650
0.51, 1825605
0.51, 1823368
0.51, 1822435
0.51, 1819365
0.51, 1818654
0.52, 1817772
0.52, 1805497
0.52, 1799649
0.52, 1795459
0.52, 1790797
0.52, 1777442
0.52, 1777392
0.52, 1776091
0.52, 1772889
0.52, 1772732
0.53, 1770223
0.53, 1769708
0.53, 1763496
0.53, 1761706
0.53, 1749334
0.53, 1737652
0.53, 1727078
0.53, 1726673
0.53, 1725074
0.53, 1722275
0.54, 1711291
0.54, 1709946
0.54, 1699357
0.54, 1696100
0.54, 1690213
0.54, 1687205
0.54, 1686675
0.54, 1684119
0.54, 1676188
0.54, 1669808
0.54, 1668683
0.54, 1665076
0.54, 1664275
0.54, 1662324
0.54, 1661936
0.54, 1649454
0.54, 1648711
0.54, 1638660
0.55, 1627228
0.55, 1626575
0.55, 1625984
0.55, 1610421
0.55, 1605285
0.55, 1595006
0.55, 1593555
0.55, 1589489
0.56, 1588087
0.56, 1573909
0.56, 1563831
0.56, 1560359
0.56, 1559152
0.56, 1553314
0.56, 1533792
0.56, 1530228
0.56, 1529332
0.56, 1519877
0.56, 1519129
0.57, 1518381
0.57, 1513088
0.57, 1512850
0.57, 1511199
0.57, 1508208
0.58, 1507280
0.58, 1499577
0.58, 1499173
0.58, 1498852
0.58, 1495705
0.58, 1493639
0.58, 1484305
0.58, 1476339
0.58, 1454809
0.58, 1451135
0.58, 1446801
0.58, 1446312
0.58, 1445592
0.58, 1445268
0.58, 1442687
0.58, 1442563
0.58, 1435898
0.58, 1432279
0.58, 1418311
0.58, 1418201
0.58, 1417156
0.58, 1413867
0.58, 1413828
0.58, 1413263
0.58, 1408187
0.58, 1405063
0.58, 1405015
0.58, 1404906
0.58, 1404825
0.58, 1396687
0.58, 1390700
0.59, 1383972
0.6, 1383969
0.6, 1383812
0.6, 1380308
0.6, 1373831
0.6, 1371897
0.6, 1370923
0.6, 1366862
0.6, 1360146
0.6, 1359023
0.6, 1358954
0.6, 1355486
0.6, 1355143
0.6, 1354011
0.6, 1352238
0.6, 1348405
0.61, 1345420
0.61, 1345341
0.61, 1339733
0.61, 1339233
0.61, 1336803
0.61, 1336246
0.62, 1335911
0.63, 1334109
0.63, 1334032
0.63, 1332104
0.63, 1329319
0.63, 1327959
0.63, 1327504
0.63, 1326743
0.63, 1325802
0.63, 1323783
0.63, 1323468
0.63, 1322366
0.63, 1320628
0.63, 1319562
0.63, 1315740
0.63, 1314027
0.63, 1312195
0.63, 1311174
0.63, 1309455
0.63, 1307067
0.64, 1302041
0.64, 1301319
0.64, 1301250
0.64, 1300800
0.64, 1297056
0.65, 1293406
0.67, 1286125
0.67, 1285685
0.67, 1285641
0.68, 1284792
0.68, 1283897
0.68, 1283770
0.68, 1283288
0.68, 1281063
0.68, 1279999
0.68, 1279843
0.69, 1279793
0.69, 1277990
0.69, 1277753
0.7, 1277680
0.7, 1277588
0.7, 1276769
0.71, 1274435
0.71, 1272814
0.71, 1270595
0.71, 1270472
0.71, 1270262
0.71, 1269915
0.71, 1269290
0.71, 1269012
0.71, 1268307
0.71, 1267835
0.72, 1267732
0.72, 1267540
0.72, 1266904
0.73, 1266845
0.73, 1265843
0.73, 1264861
0.74, 1264793
0.74, 1263084
0.74, 1262993
0.74, 1262942
0.74, 1262546
0.74, 1262441
0.74, 1262265
0.75, 1261946
0.78, 1261900
0.78, 1261897
0.81, 1261877
0.81, 1261480
0.81, 1261226
0.81, 1260728
0.81, 1260586
