0.0, 10025525
0.0, 9937563
0.0, 9907603
0.0, 9735913
0.0, 9666869
0.0, 9665799
0.0, 9601218
0.0, 9516371
0.0, 9515923
0.0, 9504845
0.0, 9483627
0.0, 9444393
0.0, 9203992
0.0, 9114759
0.01, 9114231
0.01, 9110532
0.01, 9100863
0.01, 9065013
0.01, 8942159
0.01, 8878479
0.01, 8742168
0.01, 8621569
0.01, 8540028
0.07, 8485863
0.14, 8383883
0.14, 8287843
0.14, 8218562
0.14, 8216118
0.22, 8130519
0.24, 7998866
0.24, 7994242
0.24, 7856407
0.24, 7748438
0.24, 7698109
0.24, 7630048
0.24, 7592913
0.24, 7572136
0.24, 7476588
0.31, 7458596
0.31, 7378110
0.31, 7294448
0.31, 7284585
0.31, 7249250
0.31, 7157195
0.31, 7097210
0.31, 7070142
0.31, 6945627
0.31, 6837342
0.31, 6651787
0.36, 6552220
0.36, 6475520
0.36, 6447611
0.36, 6446910
0.36, 6373862
0.36, 6372101
0.36, 6295186
0.36, 6267522
0.36, 6262949
0.36, 6225456
0.36, 6186066
0.36, 6150086
0.36, 6147214
0.36, 6117611
0.36, 6094080
0.36, 6077169
0.36, 5894195
0.36, 5856802
0.36, 5840130
0.36, 5819423
0.36, 5813312
0.36, 5777537
0.36, 5715886
0.36, 5712834
0.36, 5709445
0.37, 5689904
0.37, 5614287
0.37, 5609551
0.37, 5599159
0.37, 5574982
0.37, 5550740
0.37, 5524104
0.37, 5520745
0.37, 5516276
0.37, 5497967
0.37, 5497803
0.37, 5445256
0.38, 5428690
0.38, 5390621
0.38, 5342288
0.38, 5303965
0.39, 5289906
0.39, 5253204
0.39, 5248239
0.39, 5235779
0.39, 5199415
0.39, 5147258
0.39, 5146465
0.39, 5081961
0.39, 5058001
0.39, 5057954
0.39, 4974269
0.4, 4961745
0.4, 4949611
0.4, 4892665
0.4, 4734866
0.4, 4733321
0.4, 4658339
0.4, 4653081
0.4, 4581016
0.4, 4541165
0.4, 4540739
0.4, 4540225
0.4, 4531599
0.41, 4526150
0.41, 4379351
0.41, 4327039
0.41, 4326825
0.41, 4297966
0.41, 4297729
0.41, 4291158
0.41, 4203432
0.41, 4154545
0.41, 4145355
0.41, 4115730
0.41, 4114390
0.41, 4044982
0.41, 4003927
0.41, 4001303
0.41, 3998655
0.41, 3967223
0.42, 3953789
0.42, 3893222
0.42, 3892575
0.42, 3890755
0.42, 3840284
0.42, 3833936
0.42, 3761098
0.42, 3755962
0.42, 3755683
0.42, 3750181
0.43, 3728832
0.43, 3719024
0.43, 3712705
0.43, 3650395
0.43, 3644902
0.43, 3636884
0.43, 3630711
0.43, 3623574
0.43, 3601919
0.43, 3553452
0.43, 3551819
0.43, 3551683
0.43, 3456779
0.43, 3422136
0.43, 3413042
0.43, 3365799
0.43, 3365737
0.43, 3365557
0.43, 3294607
0.44, 3250527
0.44, 3222371
0.45, 3217761
0.45, 3203505
0.45, 3162881
0.45, 3137008
0.45, 3136549
0.45, 3094206
0.45, 3061597
0.45, 3034946
0.46, 2992456
0.46, 2992320
0.46, 2966494
0.46, 2937047
0.46, 2926368
0.46, 2905932
0.47, 2890319
0.47, 2832865
0.47, 2797768
0.47, 2797186
0.47, 2796157
0.47, 2795210
0.47, 2795150
0.47, 2794210
0.47, 2784639
0.47, 2784163
0.47, 2754474
0.47, 2740934
0.47, 2738815
0.47, 2735770
0.47, 2715818
0.47, 2713789
0.47, 2682224
0.47, 2676589
0.47, 2671883
0.47, 2663540
0.47, 2662823
0.47, 2639158
0.47, 2637814
0.47, 2634748
0.47, 2633606
0.47, 2628003
0.47, 2626491
0.47, 2608348
0.47, 2574347
0.47, 2574194
0.47, 2537044
0.47, 2528780
0.47, 2526408
0.47, 2497355
0.47, 2492385
0.47, 2484404
0.47, 2453849
0.47, 2446582
0.47, 2383441
0.47, 2382972
0.47, 2376857
0.47, 2367011
0.47, 2360339
0.47, 2341569
0.47, 2340360
0.47, 2329820
0.48, 2327737
0.48, 2324546
0.48, 2323417
0.48, 2252146
0.48, 2246629
0.48, 2245238
0.48, 2245176
0.48, 2238609
0.49, 2228092
0.49, 2227342
0.49, 2226242
0.49, 2217471
0.49, 2210497
0.49, 2201472
0.49, 2187708
0.49, 2185922
0.49, 2173185
0.49, 2172957
0.5, 2147672
0.5, 2129306
0.5, 2125740
0.5, 2124819
0.5, 2119535
0.5, 2115359
0.5, 2115037
0.5, 2101898
0.5, 2093965
0.5, 2067979
0.5, 2063474
0.5, 2061233
0.5, 2047750
0.5, 2047694
0.5, 2043958
0.5, 2043816
0.5, 2037368
0.5, 2036504
0.5, 2032984
0.5, 2031621
0.5, 2025944
0.5, 2009481
0.5, 2008584
0.5, 1993978
0.5, 1991981
0.5, 1990465
0.5, 1988017
0.5, 1986369
0.5, 1974466
0.5, 1967047
0.5, 1958182
0.5, 1955356
0.51, 1947667
0.51, 1943323
0.51, 1943194
0.51, 1933566
0.51, 1918969
0.51, 1918932
0.51, 1913366
0.51, 1911392
0.51, 1911374
0.51, 1911324
0.51, 1909034
0.51, 1906973
0.51, 1905433
0.51, 1904587
0.51, 1897054
0.51, 1892787
0.51, 1891891
0.51, 1887215
0.51, 1863665
0.52, 1847365
0.52, 1841864
0.52, 1834461
0.52, 1827718
0.52, 1822770
0.52, 1821833
0.52, 1816667
0.52, 1795202
0.52, 1795055
0.52, 1795010
0.52, 1794389
0.52, 1793610
0.53, 1786031
0.53, 1777953
0.53, 1777397
0.53, 1777059
0.53, 1770749
0.53, 1768545
0.53, 1765959
0.53, 1750490
0.53, 1749482
0.53, 1749476
0.53, 1749234
0.53, 1746189
0.53, 1745740
0.53, 1741029
0.53, 1736233
0.53, 1735706
0.53, 1731610
0.53, 1722313
0.53, 1718067
0.53, 1718058
0.53, 1716013
0.53, 1711666
0.53, 1685485
0.53, 1683020
0.53, 1673404
0.53, 1672763
0.53, 1671582
0.53, 1668328
0.53, 1664246
0.53, 1663956
0.53, 1660106
0.53, 1656914
0.54, 1619178
0.54, 1608058
0.54, 1595951
0.54, 1595820
0.55, 1591575
0.55, 1581947
0.55, 1562985
0.55, 1562100
0.55, 1561416
0.55, 1550858
0.55, 1549946
0.55, 1540032
0.55, 1532577
0.55, 1530906
0.55, 1528039
0.55, 1527589
0.55, 1519981
0.55, 1516718
0.55, 1515658
0.55, 1514481
0.55, 1511509
0.55, 1510204
0.56, 1509914
0.56, 1505596
0.56, 1505426
0.56, 1504898
0.56, 1495181
0.56, 1487736
0.57, 1485653
0.57, 1485492
0.57, 1475365
0.57, 1474585
0.58, 1470309
0.58, 1469081
0.58, 1467371
0.58, 1460454
0.58, 1458292
0.58, 1458113
0.58, 1452679
0.58, 1451426
0.58, 1447082
0.58, 1446763
0.59, 1443222
0.59, 1434609
0.59, 1434465
0.59, 1433927
0.59, 1428414
0.59, 1424270
0.59, 1422641
0.59, 1415904
0.59, 1414911
0.6, 1405347
0.6, 1404965
0.6, 1403845
0.6, 1403415
0.6, 1402557
0.6, 1402316
0.6, 1401793
0.6, 1398349
0.6, 1397750
0.6, 1396635
0.6, 1395565
0.6, 1387565
0.6, 1387528
0.6, 1384726
0.6, 1384198
0.6, 1383134
0.6, 1383103
0.6, 1381708
0.6, 1375230
0.6, 1371750
0.6, 1371062
0.6, 1368450
0.6, 1366679
0.62, 1365847
0.62, 1363915
0.62, 1359770
0.62, 1355059
0.62, 1354505
0.62, 1354475
0.62, 1353666
0.62, 1343882
0.62, 1340342
0.62, 1340144
0.63, 1338074
0.63, 1335553
0.63, 1328321
0.63, 1326668
0.63, 1326657
0.63, 1326361
0.63, 1325026
0.63, 1324617
0.63, 1324221
0.63, 1323622
0.67, 1321734
0.67, 1320168
0.67, 1320058
0.67, 1319261
0.67, 1311772
0.67, 1311555
0.67, 1310579
0.67, 1308697
0.69, 1308474
0.69, 1307583
0.69, 1306571
0.69, 1306002
0.7, 1305333
0.7, 1301008
0.7, 1300755
0.7, 1300165
0.7, 1300162
0.7, 1299828
0.7, 1299471
0.71, 1299153
0.73, 1298469
0.74, 1298444
0.74, 1297609
0.75, 1297399
0.75, 1297081
0.75, 1294454
0.76, 1293322
0.79, 1293132
0.8, 1293028
0.82, 1292445
0.82, 1292380
0.83, 1291984
0.84, 1291808
0.84, 1291698
0.9, 1291583
