0.0, 10118447
0.0, 10101558
0.0, 10069357
0.0, 10051894
0.0, 9923993
0.0, 9923814
0.0, 9916351
0.0, 9717196
0.0, 9713183
0.0, 9711804
0.0, 9547329
0.0, 9497285
0.0, 9459594
0.0, 9385577
0.0, 9293508
0.0, 9279652
0.0, 9255955
0.0, 9234922
0.0, 9183355
0.0, 9154597
0.0, 9115169
0.0, 9087177
0.0, 9077375
0.0, 9053853
0.0, 9009622
0.01, 8990880
0.02, 8916251
0.02, 8888888
0.04, 8821986
0.04, 8770791
0.04, 8660601
0.08, 8639996
0.08, 8558346
0.21, 8455155
0.21, 8437002
0.23, 8431344
0.23, 8430994
0.25, 8358795
0.25, 8356357
0.25, 8302831
0.25, 8289220
0.25, 8278877
0.31, 8270313
0.31, 8245767
0.31, 8244778
0.31, 8042259
0.31, 8037317
0.31, 7937945
0.31, 7906514
0.31, 7897677
0.31, 7857289
0.31, 7823300
0.34, 7781421
0.34, 7674743
0.34, 7669161
0.34, 7610428
0.34, 7497047
0.34, 7471648
0.35, 7465260
0.35, 7378156
0.35, 7307325
0.35, 7306532
0.36, 7150214
0.36, 7145971
0.36, 7025793
0.36, 7005453
0.36, 6930427
0.36, 6897568
0.37, 6856765
0.37, 6817639
0.37, 6814908
0.37, 6780965
0.37, 6779962
0.38, 6771933
0.38, 6747690
0.39, 6668202
0.39, 6649404
0.39, 6582427
0.39, 6569281
0.39, 6568224
0.39, 6540216
0.39, 6514142
0.39, 6454909
0.39, 6429866
0.39, 6423166
0.39, 6299554
0.39, 6244095
0.39, 6211607
0.39, 6156887
0.39, 6101601
0.39, 6043874
0.39, 6010735
0.42, 5941934
0.42, 5930833
0.42, 5930738
0.42, 5899874
0.42, 5880608
0.42, 5856896
0.42, 5833565
0.42, 5815877
0.42, 5812827
0.42, 5812346
0.42, 5793345
0.42, 5762577
0.42, 5711258
0.42, 5695406
0.42, 5641964
0.42, 5606344
0.42, 5584385
0.43, 5554273
0.43, 5545263
0.43, 5523362
0.43, 5498161
0.43, 5476429
0.43, 5434369
0.43, 5353987
0.43, 5331780
0.43, 5318123
0.43, 5288907
0.44, 5212246
0.44, 5204571
0.44, 5183419
0.44, 5181854
0.44, 5131069
0.45, 5104051
0.45, 5090474
0.45, 5062064
0.45, 4954408
0.45, 4929216
0.45, 4920246
0.45, 4889740
0.45, 4889044
0.45, 4882290
0.45, 4867243
0.45, 4848111
0.45, 4803041
0.45, 4734893
0.45, 4627041
0.45, 4580691
0.45, 4578039
0.45, 4539886
0.45, 4538124
0.45, 4530006
0.46, 4456223
0.46, 4415172
0.46, 4413333
0.46, 4412460
0.46, 4402506
0.46, 4399144
0.46, 4389902
0.46, 4361813
0.46, 4346826
0.46, 4282931
0.47, 4229091
0.47, 4219334
0.47, 4193797
0.47, 4152620
0.47, 4138900
0.47, 4138581
0.47, 4134537
0.47, 4132337
0.47, 4125464
0.47, 4124285
0.47, 4112218
0.47, 4112115
0.47, 4102936
0.47, 4076306
0.47, 4050563
0.47, 4003295
0.47, 3964221
0.48, 3900509
0.48, 3896140
0.48, 3891254
0.48, 3890327
0.48, 3880109
0.48, 3877009
0.48, 3876184
0.48, 3850184
0.48, 3848763
0.48, 3800332
0.48, 3770837
0.48, 3736639
0.48, 3665803
0.48, 3663450
0.48, 3649982
0.48, 3648091
0.48, 3626344
0.48, 3599577
0.48, 3511490
0.48, 3508904
0.48, 3443297
0.48, 3439088
0.48, 3399694
0.48, 3394416
0.49, 3391340
0.49, 3391329
0.49, 3388547
0.49, 3381592
0.49, 3320927
0.51, 3315319
0.51, 3307349
0.51, 3294766
0.51, 3277429
0.51, 3229521
0.51, 3223614
0.51, 3193602
0.51, 3178975
0.51, 3172224
0.51, 3143936
0.51, 3140357
0.51, 3109097
0.51, 3097046
0.51, 3090974
0.51, 3043942
0.51, 3042444
0.51, 3032763
0.51, 3022731
0.51, 3018003
0.51, 3016229
0.51, 3008015
0.51, 2994674
0.51, 2989629
0.51, 2972439
0.51, 2969898
0.51, 2969842
0.51, 2965431
0.51, 2929409
0.51, 2925036
0.52, 2921055
0.52, 2902574
0.52, 2901298
0.52, 2855940
0.52, 2855819
0.52, 2843261
0.52, 2841893
0.52, 2835294
0.52, 2827675
0.52, 2824791
0.52, 2813290
0.52, 2811105
0.52, 2798874
0.52, 2779448
0.52, 2748304
0.52, 2748044
0.52, 2746335
0.52, 2739621
0.52, 2739061
0.52, 2721376
0.53, 2721334
0.53, 2683425
0.53, 2661555
0.53, 2660849
0.53, 2660635
0.53, 2659813
0.53, 2630173
0.53, 2628289
0.53, 2619041
0.53, 2616020
0.53, 2614328
0.53, 2612081
0.53, 2598335
0.53, 2596223
0.53, 2586099
0.53, 2582366
0.53, 2579990
0.53, 2575087
0.54, 2567795
0.54, 2565532
0.54, 2564523
0.54, 2560763
0.54, 2534010
0.54, 2530688
0.54, 2528827
0.54, 2517689
0.54, 2516856
0.54, 2512677
0.54, 2490338
0.54, 2481861
0.54, 2479421
0.54, 2471645
0.54, 2471276
0.54, 2470629
0.54, 2459542
0.54, 2456388
0.54, 2454933
0.54, 2442891
0.54, 2432032
0.54, 2398185
0.54, 2395654
0.54, 2392930
0.54, 2388895
0.54, 2370122
0.54, 2368797
0.55, 2366268
0.55, 2337329
0.55, 2326648
0.55, 2326149
0.55, 2323474
0.55, 2314494
0.55, 2313025
0.55, 2308892
0.55, 2273435
0.55, 2270694
0.55, 2262583
0.55, 2244233
0.55, 2238289
0.55, 2238266
0.55, 2230077
0.55, 2226251
0.55, 2223415
0.55, 2205145
0.55, 2201142
0.55, 2200809
0.55, 2192746
0.55, 2184517
0.55, 2179834
0.55, 2179206
0.55, 2170767
0.55, 2160896
0.55, 2160734
0.56, 2141839
0.56, 2140506
0.56, 2139931
0.56, 2139821
0.56, 2138424
0.56, 2137985
0.56, 2123030
0.56, 2120709
0.56, 2114021
0.56, 2108498
0.56, 2108139
0.56, 2106816
0.56, 2070624
0.56, 2070135
0.56, 2061935
0.56, 2043508
0.56, 2020686
0.56, 2012540
0.56, 1989153
0.56, 1981006
0.56, 1977927
0.56, 1977522
0.56, 1976743
0.56, 1973872
0.56, 1966575
0.56, 1966399
0.56, 1957633
0.56, 1950674
0.56, 1944686
0.56, 1942980
0.56, 1933856
0.56, 1931659
0.56, 1919316
0.56, 1914494
0.57, 1856539
0.57, 1815541
0.57, 1813387
0.57, 1812871
0.57, 1812111
0.57, 1810249
0.57, 1809114
0.57, 1800869
0.57, 1788259
0.57, 1783103
0.57, 1772252
0.57, 1772250
0.57, 1766094
0.57, 1764393
0.57, 1763884
0.57, 1760082
0.57, 1756690
0.57, 1745890
0.57, 1739547
0.57, 1737822
0.57, 1725279
0.57, 1720828
0.57, 1704572
0.57, 1702436
0.57, 1701787
0.57, 1700178
0.57, 1698267
0.58, 1676779
0.58, 1655359
0.58, 1649534
0.58, 1646965
0.58, 1625790
0.58, 1614388
0.58, 1613957
0.58, 1604708
0.59, 1599719
0.59, 1583398
0.59, 1579260
0.59, 1578864
0.59, 1570952
0.59, 1568950
0.59, 1568882
0.59, 1561279
0.59, 1538087
0.59, 1534042
0.61, 1520504
0.61, 1503846
0.61, 1503540
0.61, 1503461
0.61, 1502742
0.61, 1494845
0.61, 1488967
0.61, 1483708
0.61, 1483226
0.61, 1482779
0.62, 1480896
0.62, 1474911
0.62, 1473409
0.62, 1472460
0.62, 1471329
0.62, 1469495
0.62, 1440571
0.62, 1440448
0.62, 1438087
0.62, 1432050
0.62, 1424085
0.62, 1417717
0.62, 1415327
0.62, 1387612
0.62, 1382030
0.62, 1381912
0.62, 1378681
0.63, 1377370
0.63, 1373143
0.63, 1371487
0.63, 1370075
0.63, 1367639
0.63, 1365875
0.63, 1365738
0.63, 1364918
0.63, 1359844
0.64, 1356996
0.64, 1352775
0.64, 1349854
0.64, 1347255
0.64, 1345588
0.64, 1340811
0.64, 1340808
0.64, 1340071
0.64, 1337291
0.65, 1334242
0.65, 1333217
0.65, 1332369
0.66, 1330695
0.66, 1329638
0.66, 1325423
0.66, 1320375
0.66, 1317840
0.66, 1317490
0.66, 1314321
0.66, 1312579
0.66, 1307041
0.66, 1306513
0.66, 1305523
0.66, 1305107
0.66, 1303320
0.66, 1302606
0.66, 1302230
0.66, 1301223
0.67, 1300885
0.68, 1293401
0.68, 1292780
0.68, 1291931
0.68, 1291798
0.68, 1286948
0.68, 1283333
0.68, 1281248
0.68, 1279054
0.68, 1274354
0.68, 1267261
0.68, 1264352
0.69, 1263779
0.69, 1261687
0.69, 1260911
0.69, 1260600
0.7, 1260372
0.7, 1260115
0.7, 1259833
0.7, 1254650
0.7, 1254321
0.7, 1253925
0.7, 1253917
0.7, 1251571
0.7, 1249210
0.7, 1245909
0.7, 1244698
0.73, 1241534
0.73, 1234370
0.73, 1234333
0.73, 1234185
0.73, 1233506
0.73, 1233477
0.73, 1231961
0.73, 1231726
0.73, 1230460
0.73, 1230126
0.73, 1229353
0.73, 1228999
0.73, 1227409
0.73, 1226512
0.73, 1226064
0.73, 1225195
0.74, 1222212
0.74, 1220286
0.74, 1220204
0.77, 1220081
0.77, 1219170
0.77, 1218693
0.77, 1218649
0.78, 1217885
0.78, 1217680
0.78, 1217392
0.78, 1216965
0.78, 1215899
0.78, 1215540
0.78, 1214446
0.78, 1214245
0.78, 1213803
0.78, 1213705
0.8, 1213002
0.8, 1212546
0.8, 1210361
0.8, 1209796
0.8, 1209735
0.8, 1208717
0.81, 1208510
0.81, 1208114
0.82, 1208062
0.83, 1207808
0.83, 1206961
0.84, 1206870
0.85, 1206697
0.89, 1206572
0.89, 1206360
0.91, 1206018
0.91, 1205953
0.92, 1205853
0.93, 1205711
0.93, 1205056
0.95, 1204920
0.96, 1204715
0.96, 1204664
0.97, 1204457
1.01, 1204443
1.02, 1204392
