0.0, 9507548
0.0, 9462623
0.0, 9430420
0.0, 9247227
0.0, 9237731
0.0, 9032278
0.0, 8795572
0.0, 8755984
0.08, 8623174
0.08, 8475407
0.08, 8357294
0.2, 8343943
0.2, 8289160
0.23, 8221898
0.23, 8215418
0.23, 8204857
0.23, 8201492
0.25, 8140651
0.25, 8133205
0.25, 8069602
0.25, 8051481
0.27, 8029971
0.27, 8015498
0.27, 8012466
0.27, 7998945
0.27, 7992922
0.27, 7984408
0.27, 7982467
0.3, 7893952
0.3, 7893463
0.3, 7864625
0.3, 7817531
0.3, 7697530
0.3, 7673396
0.3, 7650402
0.31, 7625331
0.31, 7556653
0.31, 7518004
0.31, 7497465
0.31, 7478262
0.31, 7472304
0.31, 7419261
0.31, 7415475
0.31, 7398810
0.31, 7358884
0.31, 7248052
0.31, 7238223
0.31, 7199099
0.31, 7195250
0.32, 7180409
0.32, 7178527
0.32, 7175485
0.32, 7174922
0.32, 7173158
0.34, 7137172
0.34, 7136889
0.34, 7134676
0.34, 7081051
0.34, 7077493
0.34, 7067524
0.34, 7067334
0.34, 6854674
0.34, 6847706
0.34, 6840476
0.34, 6833464
0.34, 6831386
0.34, 6826731
0.34, 6773784
0.34, 6706599
0.34, 6702679
0.35, 6684250
0.37, 6660087
0.37, 6620074
0.37, 6599544
0.37, 6558824
0.37, 6512781
0.37, 6505443
0.37, 6312009
0.37, 6283658
0.37, 6246706
0.37, 6201978
0.37, 6200888
0.37, 6199631
0.37, 6178127
0.37, 6164689
0.37, 6155996
0.37, 6084570
0.37, 6055842
0.37, 6050811
0.37, 6007042
0.37, 5993776
0.37, 5953287
0.37, 5893532
0.37, 5822853
0.37, 5807818
0.38, 5791493
0.38, 5789488
0.38, 5755209
0.38, 5678849
0.38, 5678256
0.38, 5674331
0.38, 5673659
0.38, 5655842
0.38, 5652317
0.38, 5650600
0.38, 5612868
0.38, 5612810
0.38, 5538432
0.38, 5531218
0.38, 5434140
0.38, 5405450
0.38, 5398518
0.38, 5367883
0.39, 5361450
0.39, 5303886
0.39, 5281794
0.39, 5274970
0.39, 5237951
0.39, 5144568
0.39, 5136757
0.39, 5136332
0.39, 5108804
0.39, 5100785
0.4, 5083384
0.4, 5057141
0.4, 4881352
0.4, 4869441
0.4, 4833070
0.4, 4754312
0.41, 4739197
0.41, 4732974
0.41, 4727900
0.41, 4705109
0.41, 4695329
0.41, 4644731
0.41, 4582456
0.41, 4580959
0.41, 4578925
0.41, 4577626
0.42, 4577605
0.42, 4559296
0.42, 4548792
0.42, 4463204
0.42, 4449086
0.42, 4336084
0.42, 4334967
0.42, 4334789
0.42, 4331158
0.42, 4300431
0.42, 4274028
0.42, 4270424
0.42, 4196239
0.42, 4176805
0.42, 4167165
0.42, 4165471
0.43, 4143579
0.43, 4141682
0.43, 4118405
0.43, 4113930
0.43, 4085253
0.43, 4030008
0.43, 4029744
0.43, 4022166
0.43, 4020958
0.43, 4020360
0.43, 4020354
0.43, 3987054
0.43, 3947250
0.43, 3946250
0.43, 3939244
0.43, 3938519
0.43, 3936335
0.44, 3916268
0.44, 3914163
0.44, 3891314
0.44, 3866580
0.44, 3855272
0.44, 3853150
0.44, 3809275
0.44, 3807564
0.44, 3778386
0.44, 3766191
0.44, 3744744
0.44, 3744041
0.44, 3737770
0.44, 3685745
0.44, 3658599
0.44, 3611117
0.44, 3608887
0.44, 3595525
0.44, 3592328
0.44, 3580021
0.44, 3577406
0.44, 3538271
0.44, 3537350
0.44, 3535489
0.44, 3522406
0.45, 3497545
0.45, 3479373
0.45, 3477898
0.45, 3456254
0.45, 3448619
0.45, 3447883
0.45, 3443429
0.45, 3398548
0.45, 3334502
0.45, 3328488
0.45, 3328449
0.45, 3317784
0.45, 3288894
0.45, 3276807
0.45, 3259983
0.45, 3235042
0.45, 3229280
0.45, 3173276
0.45, 3155691
0.45, 3087673
0.45, 3076670
0.46, 3033984
0.46, 3030875
0.46, 3029699
0.46, 3018175
0.46, 2964324
0.46, 2959013
0.46, 2936623
0.46, 2924386
0.46, 2919698
0.46, 2888395
0.47, 2884839
0.47, 2882516
0.47, 2864286
0.47, 2862394
0.47, 2857762
0.47, 2770593
0.47, 2760210
0.47, 2758427
0.47, 2753271
0.47, 2721651
0.47, 2714001
0.47, 2713510
0.47, 2700646
0.47, 2699960
0.47, 2633743
0.47, 2609926
0.47, 2606028
0.47, 2605125
0.47, 2597405
0.47, 2588401
0.47, 2551136
0.47, 2550611
0.47, 2537883
0.47, 2508476
0.47, 2501608
0.47, 2498494
0.47, 2482482
0.47, 2473296
0.47, 2472337
0.47, 2426134
0.47, 2426056
0.47, 2401113
0.47, 2384485
0.47, 2371723
0.47, 2353223
0.47, 2332014
0.48, 2266352
0.48, 2255156
0.48, 2241660
0.48, 2241601
0.49, 2215712
0.49, 2207486
0.49, 2205731
0.49, 2199622
0.49, 2169606
0.49, 2166837
0.5, 2164717
0.5, 2164415
0.5, 2164168
0.5, 2122212
0.5, 2111089
0.5, 2090134
0.5, 2084599
0.51, 2079709
0.52, 2070959
0.52, 2066137
0.52, 2059948
0.52, 2055968
0.52, 2013271
0.52, 2002754
0.52, 2000825
0.52, 1991959
0.52, 1989596
0.52, 1987997
0.52, 1987683
0.52, 1965855
0.53, 1964022
0.53, 1962958
0.53, 1960411
0.53, 1958776
0.53, 1958011
0.53, 1957081
0.53, 1956510
0.53, 1944698
0.53, 1940803
0.53, 1933324
0.53, 1933261
0.53, 1921607
0.53, 1921599
0.53, 1918004
0.53, 1915318
0.53, 1912639
0.53, 1911121
0.53, 1908151
0.54, 1890457
0.54, 1887046
0.54, 1871761
0.54, 1869235
0.54, 1868589
0.54, 1860097
0.54, 1853612
0.54, 1853147
0.54, 1850382
0.54, 1844986
0.54, 1843448
0.54, 1832733
0.54, 1832456
0.54, 1831977
0.54, 1830389
0.54, 1828186
0.54, 1822998
0.54, 1819970
0.54, 1817798
0.54, 1816221
0.54, 1811897
0.54, 1811431
0.54, 1793996
0.54, 1783981
0.54, 1783974
0.54, 1780653
0.54, 1780274
0.54, 1773085
0.54, 1765923
0.54, 1763887
0.54, 1762861
0.54, 1762709
0.55, 1742440
0.55, 1741277
0.55, 1740862
0.55, 1737309
0.55, 1736402
0.55, 1733580
0.55, 1724608
0.55, 1724315
0.55, 1708651
0.55, 1700111
0.55, 1699809
0.55, 1699549
0.55, 1699265
0.55, 1690055
0.55, 1685023
0.56, 1681646
0.56, 1664463
0.56, 1661771
0.56, 1657813
0.56, 1654787
0.56, 1634461
0.56, 1623591
0.56, 1618577
0.56, 1617586
0.56, 1616286
0.56, 1616083
0.56, 1612604
0.56, 1610229
0.56, 1594795
0.56, 1589916
0.56, 1589359
0.56, 1581654
0.56, 1577797
0.56, 1575178
0.56, 1573674
0.56, 1564436
0.56, 1557964
0.56, 1549481
0.56, 1547968
0.56, 1544747
0.56, 1520126
0.56, 1519784
0.56, 1515505
0.56, 1513676
0.56, 1503846
0.56, 1500833
0.56, 1494650
0.56, 1493725
0.56, 1493405
0.57, 1491396
0.57, 1490588
0.57, 1485505
0.57, 1479152
0.57, 1478124
0.57, 1468376
0.57, 1467497
0.57, 1466840
0.57, 1466758
0.57, 1459938
0.57, 1447643
0.57, 1443201
0.57, 1441598
0.59, 1440884
0.59, 1436043
0.59, 1415332
0.59, 1413371
0.59, 1413267
0.59, 1403740
0.59, 1402133
0.59, 1391475
0.59, 1386169
0.59, 1380490
0.6, 1373809
0.6, 1363325
0.6, 1363149
0.6, 1362801
0.6, 1362478
0.6, 1361769
0.6, 1359262
0.6, 1358399
0.6, 1353426
0.6, 1350789
0.6, 1348943
0.6, 1347567
0.6, 1345411
0.6, 1336323
0.6, 1331069
0.6, 1328904
0.6, 1328721
0.6, 1326196
0.6, 1316548
0.61, 1315643
0.61, 1312009
0.61, 1311689
0.61, 1311563
0.61, 1311120
0.61, 1310578
0.61, 1310477
0.62, 1308129
0.62, 1307323
0.62, 1302175
0.62, 1300702
0.62, 1296463
0.62, 1295111
0.62, 1292875
0.62, 1292130
0.62, 1289930
0.62, 1288615
0.62, 1288344
0.62, 1288341
0.62, 1285963
0.63, 1285635
0.63, 1284739
0.63, 1282398
0.64, 1279371
0.64, 1273442
0.64, 1272399
0.64, 1271643
0.64, 1268053
0.64, 1266310
0.64, 1265577
0.64, 1265366
0.64, 1260830
0.64, 1260439
0.64, 1260424
0.66, 1259891
0.66, 1258736
0.66, 1257245
0.67, 1253885
0.67, 1253518
0.67, 1251729
0.67, 1251662
0.67, 1251278
0.67, 1251041
0.67, 1250237
0.67, 1248699
0.67, 1248199
0.67, 1247472
0.67, 1246394
0.67, 1246116
0.67, 1246068
0.67, 1245964
0.68, 1245842
0.68, 1245750
0.68, 1245328
0.68, 1244069
0.69, 1243640
0.69, 1241552
0.69, 1240422
0.69, 1238173
0.69, 1237514
0.7, 1236774
0.7, 1236308
0.7, 1235723
0.7, 1233479
0.7, 1233330
0.72, 1232819
0.72, 1232382
0.73, 1232253
0.73, 1231567
0.73, 1231370
0.73, 1231203
0.74, 1231125
0.74, 1230649
0.74, 1230175
0.74, 1229869
0.74, 1225554
0.74, 1225243
0.75, 1224960
0.75, 1224910
0.76, 1224692
0.76, 1223543
0.77, 1223503
0.77, 1222934
0.77, 1222369
0.8, 1221626
0.8, 1221601
0.8, 1221472
0.81, 1221001
0.81, 1220935
0.81, 1220773
0.81, 1220204
0.81, 1220201
0.83, 1220066
0.83, 1219877
0.83, 1219735
0.83, 1219670
0.83, 1219519
0.88, 1219429
0.89, 1219364
