0.0, 10762191
0.0, 10761192
0.0, 10673663
0.0, 10670090
0.0, 10599159
0.0, 10593154
0.0, 10564788
0.0, 10543516
0.0, 10518674
0.0, 10485338
0.0, 10395730
0.0, 10393835
0.0, 10375315
0.0, 10374182
0.0, 10075582
0.0, 10062464
0.0, 9937706
0.0, 9817270
0.0, 9638970
0.0, 9571447
0.0, 9494703
0.0, 9463035
0.0, 9441357
0.0, 9429904
0.0, 9300936
0.0, 9253527
0.0, 9250639
0.0, 9235601
0.0, 9109930
0.0, 9027767
0.0, 8911191
0.05, 8830381
0.06, 8683264
0.1, 8639067
0.11, 8619097
0.11, 8618249
0.11, 8572099
0.19, 8565093
0.19, 8564566
0.19, 8558484
0.2, 8397134
0.23, 8329802
0.23, 8325386
0.23, 8321776
0.23, 8321050
0.23, 8063633
0.23, 8047795
0.28, 8002124
0.28, 8002000
0.28, 7985359
0.28, 7942914
0.28, 7836695
0.31, 7806245
0.31, 7751389
0.31, 7512283
0.31, 7504124
0.31, 7434579
0.31, 7256263
0.31, 7246294
0.33, 7230339
0.33, 7228047
0.33, 7221904
0.34, 7221871
0.34, 7185223
0.34, 7184699
0.34, 7183235
0.34, 7077703
0.34, 7072165
0.34, 7071790
0.34, 7045974
0.34, 7032223
0.34, 6945692
0.34, 6860767
0.34, 6789131
0.34, 6578192
0.34, 6571930
0.34, 6527414
0.34, 6526092
0.34, 6513321
0.34, 6479643
0.34, 6479609
0.34, 6477887
0.35, 6469375
0.35, 6465865
0.35, 6434426
0.37, 6432938
0.37, 6412099
0.37, 6390990
0.37, 6287229
0.37, 6216053
0.37, 6148737
0.37, 6143169
0.37, 6124918
0.37, 6112692
0.38, 6050554
0.38, 6044926
0.38, 5944829
0.38, 5925350
0.38, 5918156
0.38, 5915420
0.38, 5915048
0.38, 5895200
0.38, 5863776
0.38, 5808163
0.38, 5765542
0.38, 5760527
0.38, 5752207
0.38, 5731798
0.38, 5685709
0.38, 5629056
0.38, 5486412
0.39, 5484873
0.39, 5483842
0.39, 5474643
0.39, 5474520
0.39, 5444940
0.39, 5410482
0.39, 5352922
0.4, 5332027
0.4, 5313982
0.4, 5307588
0.4, 5243047
0.4, 5233767
0.4, 5218699
0.4, 5202295
0.4, 5184985
0.4, 5181027
0.4, 5083257
0.4, 5081248
0.41, 4967719
0.41, 4933763
0.41, 4923921
0.41, 4894542
0.41, 4881273
0.42, 4817975
0.42, 4740161
0.42, 4738074
0.42, 4690217
0.42, 4670422
0.42, 4670369
0.42, 4666644
0.42, 4655471
0.42, 4642244
0.42, 4582770
0.42, 4568170
0.42, 4555044
0.42, 4444472
0.42, 4435670
0.42, 4433855
0.42, 4421176
0.42, 4408491
0.42, 4388266
0.42, 4386724
0.42, 4343179
0.42, 4277823
0.42, 4178393
0.43, 4171697
0.43, 4124236
0.43, 4098908
0.43, 4051489
0.43, 4028433
0.43, 4003704
0.43, 3999515
0.43, 3974757
0.43, 3916590
0.43, 3895939
0.44, 3890204
0.44, 3881400
0.44, 3871890
0.44, 3869084
0.44, 3834942
0.45, 3773395
0.45, 3773042
0.45, 3758977
0.45, 3736095
0.45, 3723266
0.45, 3722447
0.45, 3719242
0.45, 3691084
0.45, 3685866
0.45, 3667440
0.45, 3662228
0.45, 3627273
0.45, 3614582
0.45, 3613761
0.45, 3608957
0.45, 3605023
0.45, 3558725
0.45, 3558680
0.45, 3539155
0.45, 3518267
0.45, 3479994
0.45, 3474463
0.45, 3453009
0.46, 3424351
0.46, 3423465
0.46, 3407081
0.46, 3402888
0.46, 3398958
0.46, 3398477
0.46, 3397592
0.46, 3390792
0.46, 3390780
0.46, 3389609
0.46, 3387957
0.46, 3387689
0.46, 3336728
0.46, 3316579
0.46, 3219450
0.46, 3219161
0.46, 3170053
0.46, 3168901
0.46, 3163771
0.46, 3125588
0.46, 3079341
0.46, 3076697
0.46, 3031290
0.46, 3025442
0.46, 3016298
0.46, 3016040
0.46, 3003567
0.46, 2969956
0.46, 2965211
0.46, 2950376
0.46, 2949866
0.46, 2943879
0.46, 2942053
0.46, 2928405
0.46, 2927895
0.46, 2926607
0.46, 2925567
0.46, 2914508
0.47, 2860579
0.47, 2860511
0.47, 2822443
0.47, 2782214
0.47, 2770369
0.47, 2749862
0.47, 2744011
0.48, 2737278
0.48, 2734083
0.48, 2732499
0.48, 2699202
0.48, 2679082
0.48, 2677124
0.48, 2675870
0.48, 2656566
0.48, 2648344
0.48, 2642880
0.48, 2619344
0.48, 2616650
0.48, 2599678
0.49, 2597987
0.49, 2586143
0.49, 2543076
0.49, 2543004
0.49, 2521576
0.49, 2519091
0.49, 2499875
0.49, 2465532
0.49, 2460024
0.49, 2457303
0.49, 2452041
0.49, 2420131
0.49, 2418686
0.49, 2388592
0.49, 2387045
0.49, 2375987
0.49, 2368398
0.49, 2366319
0.49, 2363573
0.49, 2358766
0.49, 2350596
0.49, 2343319
0.49, 2317729
0.49, 2312305
0.49, 2308887
0.49, 2305874
0.49, 2304464
0.49, 2303065
0.5, 2290028
0.5, 2288837
0.5, 2264696
0.5, 2263982
0.5, 2253573
0.5, 2253526
0.51, 2230476
0.51, 2227007
0.51, 2222191
0.51, 2209775
0.51, 2193066
0.51, 2188009
0.51, 2172695
0.51, 2157804
0.51, 2142259
0.51, 2117184
0.51, 2112075
0.51, 2105253
0.51, 2105182
0.51, 2092172
0.51, 2090839
0.51, 2077650
0.51, 2066231
0.51, 2064679
0.51, 2064265
0.51, 2053978
0.51, 2053765
0.51, 2050614
0.51, 2049871
0.52, 2045879
0.52, 2045007
0.52, 2044897
0.52, 2044007
0.52, 2019025
0.52, 2017027
0.52, 2015349
0.52, 2011833
0.52, 1999370
0.52, 1998005
0.52, 1997975
0.52, 1996009
0.52, 1994008
0.52, 1979904
0.52, 1964829
0.52, 1943238
0.52, 1937010
0.52, 1928332
0.52, 1906439
0.52, 1900045
0.52, 1899606
0.52, 1891329
0.53, 1885892
0.53, 1883514
0.53, 1880950
0.53, 1879945
0.53, 1869208
0.53, 1868639
0.53, 1864660
0.53, 1860457
0.53, 1856568
0.53, 1842490
0.53, 1835441
0.53, 1817713
0.53, 1810344
0.53, 1801786
0.53, 1795159
0.54, 1788235
0.54, 1784502
0.54, 1755300
0.54, 1752992
0.54, 1738597
0.54, 1737924
0.54, 1734684
0.54, 1733431
0.54, 1731868
0.54, 1730059
0.54, 1724417
0.54, 1709810
0.54, 1702279
0.54, 1694407
0.54, 1693385
0.54, 1693043
0.54, 1691606
0.54, 1687688
0.54, 1682336
0.54, 1670297
0.54, 1666757
0.54, 1665707
0.54, 1663525
0.54, 1658036
0.54, 1655358
0.54, 1655128
0.54, 1641115
0.55, 1639127
0.55, 1630794
0.55, 1626231
0.55, 1624118
0.55, 1624074
0.55, 1616780
0.55, 1616744
0.55, 1609806
0.55, 1594522
0.55, 1590636
0.55, 1587927
0.55, 1582058
0.55, 1581262
0.55, 1580234
0.55, 1577798
0.55, 1571504
0.55, 1564369
0.55, 1558312
0.55, 1555435
0.55, 1552844
0.55, 1552431
0.55, 1552102
0.56, 1547164
0.56, 1530359
0.56, 1530092
0.56, 1528497
0.56, 1525655
0.56, 1524741
0.56, 1513524
0.56, 1510947
0.56, 1508937
0.56, 1503151
0.56, 1501261
0.56, 1499143
0.56, 1496039
0.56, 1480415
0.56, 1479213
0.56, 1477090
0.56, 1474231
0.56, 1468110
0.56, 1468062
0.59, 1458073
0.59, 1457736
0.59, 1452501
0.59, 1449674
0.59, 1449131
0.59, 1449060
0.59, 1442866
0.59, 1436505
0.59, 1436222
0.61, 1436135
0.61, 1435531
0.61, 1434970
0.61, 1434323
0.61, 1419554
0.61, 1414506
0.61, 1410901
0.61, 1410272
0.61, 1407639
0.61, 1405216
0.61, 1405043
0.61, 1403496
0.61, 1401070
0.61, 1400195
0.61, 1396218
0.61, 1395703
0.61, 1384097
0.61, 1372269
0.61, 1371468
0.61, 1365454
0.61, 1364872
0.62, 1363468
0.62, 1359927
0.62, 1358436
0.62, 1356823
0.62, 1356717
0.62, 1355674
0.62, 1355109
0.62, 1347026
0.62, 1346183
0.62, 1343056
0.62, 1338399
0.62, 1337963
0.62, 1336755
0.62, 1330881
0.62, 1328727
0.63, 1321715
0.63, 1317715
0.63, 1313358
0.63, 1312779
0.63, 1312388
0.65, 1309627
0.66, 1308585
0.66, 1304722
0.66, 1304715
0.66, 1301810
0.66, 1301166
0.66, 1299450
0.66, 1298586
0.66, 1297756
0.66, 1296624
0.66, 1294007
0.67, 1293552
0.67, 1293453
0.67, 1290811
0.67, 1287601
0.67, 1286536
0.67, 1286525
0.67, 1285661
0.67, 1285053
0.67, 1283883
0.67, 1282101
0.67, 1280718
0.67, 1278551
0.67, 1275044
0.7, 1274205
0.7, 1273454
0.7, 1273344
0.7, 1273259
0.7, 1271786
0.7, 1270541
0.7, 1270340
0.7, 1268726
0.7, 1268428
0.7, 1267475
0.7, 1266827
0.71, 1264062
0.71, 1262875
0.73, 1262715
0.73, 1262396
0.73, 1261649
0.73, 1261599
0.73, 1261534
0.74, 1261392
0.74, 1260965
0.74, 1260174
0.74, 1259277
0.74, 1258948
0.74, 1257829
0.74, 1257531
0.74, 1256680
0.74, 1256383
0.75, 1256097
0.75, 1255435
0.78, 1255179
0.78, 1254052
0.78, 1254022
0.79, 1252228
0.79, 1252106
0.79, 1251892
0.79, 1251151
0.79, 1251024
0.79, 1250263
0.81, 1250034
0.82, 1250016
0.82, 1249837
0.82, 1249695
0.82, 1249487
0.84, 1248912
0.84, 1248596
0.84, 1248268
0.85, 1248051
0.85, 1243540
0.86, 1243527
0.86, 1242848
0.89, 1242571
0.89, 1242364
0.9, 1242313
0.9, 1242248
0.93, 1242035
