0.0, 10014677
0.0, 10007844
0.0, 9993332
0.0, 9972092
0.0, 9938635
0.0, 9919841
0.0, 9912824
0.0, 9908812
0.0, 9845604
0.0, 9819890
0.0, 9558245
0.0, 9470210
0.0, 9448306
0.0, 9438190
0.0, 9434662
0.0, 9410445
0.0, 9388102
0.0, 9351765
0.0, 9035883
0.01, 8971444
0.01, 8939054
0.01, 8866160
0.03, 8799750
0.03, 8779555
0.03, 8777768
0.03, 8741292
0.03, 8616757
0.12, 8601376
0.12, 8429457
0.12, 8427989
0.13, 8324761
0.23, 8288186
0.25, 8268406
0.25, 8140303
0.25, 8130857
0.26, 8087089
0.26, 7996900
0.26, 7981212
0.26, 7927557
0.26, 7909315
0.26, 7737884
0.26, 7704335
0.26, 7695077
0.26, 7557679
0.26, 7526840
0.26, 7475334
0.3, 7470058
0.3, 7418579
0.3, 7415558
0.3, 7376553
0.3, 7258266
0.32, 7109193
0.32, 7109138
0.32, 7060290
0.34, 7059525
0.34, 6959639
0.34, 6959546
0.34, 6959182
0.34, 6945392
0.34, 6935481
0.35, 6921901
0.35, 6877747
0.35, 6798486
0.35, 6732089
0.36, 6675356
0.36, 6540513
0.36, 6523255
0.36, 6392218
0.36, 6346213
0.36, 6317875
0.36, 6288508
0.36, 6238476
0.36, 6224412
0.36, 6169567
0.36, 6146774
0.36, 6141764
0.36, 6132430
0.36, 6125248
0.36, 6117050
0.36, 6100384
0.36, 6051142
0.36, 6030930
0.36, 5893567
0.36, 5848897
0.37, 5831475
0.37, 5824884
0.37, 5801742
0.37, 5777135
0.37, 5699681
0.37, 5698853
0.37, 5604196
0.38, 5584247
0.38, 5574009
0.38, 5527269
0.38, 5516404
0.38, 5498206
0.38, 5457191
0.38, 5405988
0.38, 5403658
0.38, 5365741
0.38, 5362860
0.38, 5362009
0.38, 5349181
0.39, 5346875
0.39, 5244908
0.39, 5223246
0.39, 5215494
0.39, 5194280
0.39, 5190919
0.39, 5166265
0.39, 5160633
0.39, 5141408
0.39, 5119677
0.39, 5107705
0.39, 5098333
0.39, 5097141
0.39, 5088966
0.39, 5016124
0.39, 4988927
0.39, 4985070
0.39, 4967459
0.39, 4962134
0.39, 4892759
0.39, 4867255
0.4, 4835098
0.4, 4817952
0.4, 4817794
0.4, 4702831
0.4, 4692829
0.41, 4685633
0.41, 4643161
0.41, 4550890
0.41, 4533759
0.41, 4524087
0.41, 4492503
0.41, 4454035
0.41, 4439856
0.41, 4417205
0.41, 4413808
0.41, 4410100
0.41, 4404469
0.41, 4399457
0.41, 4392691
0.41, 4389343
0.41, 4385615
0.41, 4333479
0.41, 4301198
0.41, 4265432
0.41, 4264473
0.41, 4244070
0.41, 4186548
0.41, 4178635
0.41, 4171809
0.41, 4131744
0.42, 4124569
0.42, 4102471
0.42, 4021176
0.42, 3992823
0.42, 3905064
0.42, 3898700
0.43, 3879824
0.43, 3872696
0.43, 3871382
0.43, 3867980
0.43, 3861236
0.43, 3849412
0.43, 3802671
0.43, 3743484
0.43, 3710953
0.43, 3700174
0.43, 3681737
0.43, 3650034
0.43, 3597496
0.43, 3597418
0.43, 3589873
0.44, 3584481
0.44, 3576262
0.44, 3571997
0.44, 3556191
0.44, 3551717
0.44, 3545596
0.44, 3542722
0.44, 3514591
0.44, 3512865
0.44, 3512450
0.44, 3500281
0.44, 3498608
0.44, 3485172
0.44, 3467362
0.44, 3445130
0.44, 3438596
0.44, 3434235
0.44, 3414000
0.44, 3323078
0.44, 3312486
0.44, 3309935
0.44, 3281170
0.44, 3258501
0.44, 3186650
0.44, 3168503
0.44, 3167789
0.44, 3139142
0.44, 3128475
0.44, 3126137
0.44, 3122656
0.44, 3121174
0.44, 3113897
0.44, 3113647
0.44, 3113081
0.44, 3112220
0.44, 3073702
0.44, 3072678
0.44, 3065119
0.44, 3064673
0.44, 3043693
0.44, 3029656
0.44, 3023719
0.44, 3020492
0.44, 3019362
0.44, 3016509
0.44, 3013626
0.44, 3003666
0.44, 2985144
0.44, 2980251
0.45, 2951010
0.45, 2923338
0.45, 2918942
0.45, 2882416
0.45, 2851681
0.45, 2836061
0.45, 2835273
0.45, 2833912
0.45, 2811315
0.45, 2793380
0.45, 2782932
0.45, 2780462
0.45, 2766527
0.45, 2765138
0.47, 2759867
0.48, 2745984
0.48, 2731361
0.48, 2725425
0.48, 2723910
0.48, 2709674
0.48, 2690811
0.48, 2689315
0.48, 2687381
0.48, 2668432
0.48, 2661362
0.48, 2652574
0.48, 2650615
0.48, 2644590
0.48, 2642799
0.48, 2635243
0.48, 2635074
0.48, 2632475
0.48, 2630952
0.48, 2590157
0.48, 2578127
0.48, 2577576
0.48, 2570392
0.48, 2570328
0.48, 2568126
0.48, 2543884
0.48, 2514913
0.48, 2510418
0.48, 2472695
0.48, 2468103
0.48, 2465883
0.48, 2442654
0.48, 2442009
0.48, 2377855
0.48, 2372850
0.48, 2323638
0.48, 2322914
0.48, 2289933
0.48, 2289469
0.48, 2276279
0.48, 2275820
0.48, 2274453
0.48, 2273468
0.48, 2271971
0.48, 2270013
0.48, 2266705
0.48, 2262001
0.48, 2258390
0.48, 2250699
0.48, 2249734
0.48, 2242540
0.49, 2236668
0.49, 2235785
0.49, 2229968
0.49, 2226016
0.49, 2201080
0.49, 2198557
0.49, 2196086
0.49, 2166005
0.49, 2140805
0.49, 2122724
0.49, 2118002
0.49, 2105863
0.49, 2091529
0.49, 2058141
0.49, 2049675
0.49, 2014396
0.49, 2005064
0.49, 2001504
0.49, 2000853
0.49, 2000325
0.49, 2000165
0.49, 1998777
0.49, 1992426
0.49, 1991370
0.49, 1985216
0.49, 1955240
0.49, 1953467
0.49, 1953414
0.49, 1952728
0.49, 1950506
0.49, 1902470
0.49, 1886786
0.49, 1864523
0.49, 1864251
0.49, 1864155
0.49, 1863319
0.49, 1829277
0.49, 1827232
0.49, 1825147
0.49, 1819717
0.49, 1816694
0.49, 1813864
0.51, 1807296
0.51, 1798998
0.51, 1797341
0.51, 1794992
0.51, 1794907
0.51, 1782837
0.51, 1774667
0.51, 1771884
0.51, 1767518
0.51, 1766467
0.51, 1760136
0.51, 1758939
0.51, 1749671
0.51, 1747338
0.51, 1746046
0.51, 1745026
0.51, 1736399
0.51, 1733685
0.52, 1733661
0.52, 1719487
0.53, 1709735
0.53, 1708916
0.53, 1696650
0.53, 1691501
0.53, 1672685
0.53, 1668550
0.53, 1667347
0.53, 1666787
0.53, 1663170
0.53, 1661080
0.53, 1659354
0.53, 1658594
0.53, 1652979
0.53, 1648847
0.53, 1640223
0.53, 1630159
0.53, 1628950
0.53, 1624387
0.53, 1620056
0.53, 1614421
0.55, 1611657
0.55, 1609709
0.55, 1605004
0.55, 1602226
0.55, 1602182
0.55, 1601909
0.55, 1595354
0.55, 1592193
0.55, 1583081
0.55, 1582226
0.55, 1580883
0.55, 1576943
0.55, 1575808
0.55, 1574617
0.55, 1558004
0.55, 1556166
0.55, 1553491
0.55, 1546284
0.56, 1544497
0.56, 1530955
0.56, 1522230
0.56, 1505669
0.56, 1505070
0.56, 1504709
0.56, 1503848
0.56, 1496937
0.56, 1495632
0.56, 1494012
0.56, 1493979
0.56, 1493863
0.56, 1493359
0.56, 1492971
0.56, 1492151
0.57, 1485016
0.57, 1476998
0.57, 1476399
0.57, 1469987
0.57, 1464274
0.57, 1462695
0.57, 1455962
0.57, 1454146
0.57, 1450344
0.57, 1449781
0.57, 1449314
0.58, 1443020
0.58, 1441861
0.58, 1437927
0.58, 1437580
0.58, 1435324
0.58, 1434028
0.58, 1430419
0.58, 1428069
0.58, 1427621
0.58, 1420440
0.58, 1420229
0.58, 1420019
0.58, 1416604
0.58, 1415044
0.58, 1414786
0.58, 1412426
0.58, 1409278
0.58, 1399441
0.59, 1387254
0.59, 1382005
0.59, 1379002
0.59, 1366666
0.59, 1365079
0.59, 1362965
0.59, 1362309
0.59, 1362220
0.59, 1361456
0.59, 1359896
0.59, 1358866
0.59, 1358771
0.6, 1347399
0.6, 1346537
0.6, 1343355
0.6, 1340879
0.6, 1337882
0.6, 1337524
0.6, 1334924
0.6, 1333887
0.6, 1333529
0.6, 1332704
0.61, 1325733
0.61, 1322429
0.61, 1322386
0.61, 1322042
0.61, 1320668
0.61, 1310194
0.61, 1307143
0.61, 1304726
0.61, 1300991
0.61, 1300640
0.62, 1300579
0.62, 1299424
0.62, 1285519
0.62, 1283785
0.62, 1282718
0.62, 1282689
0.62, 1281894
0.62, 1281376
0.62, 1278418
0.62, 1274616
0.62, 1272292
0.62, 1268782
0.62, 1266905
0.62, 1266900
0.64, 1266793
0.64, 1266506
0.64, 1265467
0.64, 1265420
0.64, 1263955
0.64, 1261015
0.64, 1260438
0.64, 1259137
0.64, 1256994
0.64, 1256755
0.64, 1255407
0.64, 1254696
0.64, 1254145
0.64, 1254142
0.64, 1244874
0.64, 1243726
0.64, 1243277
0.64, 1242749
0.64, 1242007
0.65, 1240882
0.65, 1240665
0.65, 1238997
0.66, 1235042
0.66, 1233388
0.66, 1229752
0.66, 1227608
0.67, 1227276
0.67, 1226976
0.67, 1226411
0.67, 1225677
0.67, 1225041
0.67, 1224564
0.67, 1224506
0.67, 1224422
0.67, 1224400
0.67, 1224335
0.67, 1222458
0.68, 1221920
0.68, 1221524
0.68, 1221429
0.68, 1220881
0.68, 1220705
0.68, 1216727
0.71, 1214857
0.72, 1214462
0.72, 1214352
0.72, 1214287
0.72, 1213891
0.72, 1213514
0.73, 1213176
0.73, 1211730
0.74, 1211648
0.75, 1211250
0.75, 1210444
0.75, 1209963
0.75, 1209599
0.76, 1209457
0.76, 1208373
0.76, 1208228
0.8, 1208092
0.81, 1207695
0.81, 1207644
