0.0, 10287511
0.0, 10283153
0.0, 10127577
0.0, 10123895
0.0, 9945043
0.0, 9931948
0.0, 9931165
0.0, 9872707
0.0, 9841232
0.0, 9823234
0.0, 9758916
0.0, 9680260
0.0, 9595814
0.0, 9586931
0.0, 9362014
0.0, 9348665
0.0, 9322359
0.0, 9275672
0.0, 9202170
0.0, 9201912
0.0, 9018337
0.0, 8989857
0.0, 8965553
0.0, 8906616
0.0, 8770761
0.0, 8762292
0.01, 8703075
0.02, 8700203
0.09, 8683951
0.09, 8661439
0.14, 8628357
0.14, 8625526
0.14, 8581183
0.15, 8571258
0.15, 8553613
0.15, 8543410
0.17, 8514718
0.19, 8500321
0.19, 8470365
0.22, 8452363
0.22, 8316698
0.24, 8250943
0.25, 8183457
0.25, 8175154
0.25, 8011233
0.25, 8006680
0.28, 7984441
0.28, 7963056
0.28, 7935272
0.28, 7870433
0.28, 7837831
0.28, 7816339
0.28, 7677491
0.28, 7532356
0.28, 7265330
0.28, 7247625
0.28, 7121386
0.34, 7115997
0.34, 7113132
0.34, 7108939
0.34, 7107008
0.34, 7024700
0.34, 6954262
0.34, 6929858
0.34, 6928909
0.34, 6926196
0.34, 6922245
0.34, 6915597
0.34, 6877310
0.34, 6870461
0.35, 6847051
0.35, 6823741
0.35, 6823346
0.35, 6822149
0.35, 6696924
0.35, 6641728
0.35, 6627584
0.35, 6616547
0.35, 6549616
0.35, 6391350
0.37, 6366124
0.37, 6319052
0.37, 6319021
0.37, 6312755
0.37, 6304607
0.37, 6304180
0.37, 6289014
0.37, 6167891
0.37, 6124260
0.37, 6123114
0.37, 6101949
0.37, 6047959
0.38, 5995801
0.38, 5858753
0.38, 5826006
0.38, 5809798
0.38, 5771097
0.38, 5638998
0.38, 5612598
0.38, 5602088
0.38, 5598004
0.38, 5561259
0.38, 5463815
0.38, 5462211
0.38, 5421672
0.39, 5419788
0.39, 5399271
0.39, 5331874
0.39, 5265711
0.39, 5147787
0.39, 5144151
0.39, 5127199
0.39, 5123807
0.39, 5123640
0.39, 5108124
0.39, 5089589
0.39, 5089522
0.39, 5089337
0.39, 5035796
0.39, 5006782
0.39, 5004605
0.39, 4999557
0.39, 4999104
0.39, 4984944
0.39, 4974278
0.4, 4973567
0.4, 4971121
0.4, 4961495
0.4, 4960574
0.4, 4955334
0.4, 4930973
0.4, 4923454
0.4, 4884707
0.4, 4842118
0.4, 4826186
0.4, 4818898
0.4, 4746998
0.4, 4739995
0.4, 4737388
0.4, 4727472
0.41, 4707230
0.41, 4692642
0.41, 4666027
0.41, 4659586
0.42, 4591941
0.42, 4589316
0.42, 4509437
0.42, 4487988
0.42, 4468218
0.42, 4441229
0.42, 4439242
0.42, 4398467
0.42, 4391449
0.42, 4367184
0.42, 4359797
0.42, 4353193
0.42, 4351747
0.42, 4351344
0.42, 4295996
0.42, 4241474
0.42, 4215030
0.42, 4214841
0.42, 4198810
0.42, 4177081
0.43, 4174643
0.43, 4171722
0.43, 4126690
0.43, 4123388
0.43, 4123319
0.43, 4085484
0.43, 4079100
0.43, 4060759
0.43, 3983661
0.43, 3908417
0.43, 3848804
0.44, 3841245
0.44, 3810196
0.44, 3810187
0.44, 3793714
0.44, 3785057
0.44, 3782666
0.44, 3780799
0.44, 3713239
0.44, 3712186
0.44, 3711816
0.44, 3598993
0.44, 3533451
0.44, 3522245
0.44, 3519967
0.44, 3505746
0.44, 3454012
0.44, 3399454
0.44, 3369499
0.44, 3329585
0.44, 3293449
0.44, 3281607
0.44, 3215219
0.44, 3212180
0.44, 3209547
0.45, 3205284
0.45, 3171209
0.45, 3170267
0.45, 3166426
0.45, 3163159
0.45, 3144004
0.45, 3111592
0.45, 3109614
0.45, 3106357
0.45, 3105826
0.45, 3099863
0.45, 3061506
0.45, 3026544
0.45, 2979406
0.45, 2977463
0.45, 2963395
0.45, 2904867
0.47, 2899889
0.47, 2898201
0.47, 2857746
0.47, 2834782
0.47, 2822985
0.47, 2820086
0.47, 2795582
0.47, 2776959
0.47, 2766593
0.47, 2765845
0.47, 2765737
0.47, 2763691
0.47, 2763300
0.47, 2752522
0.47, 2750616
0.47, 2748491
0.47, 2744723
0.47, 2730096
0.47, 2725648
0.47, 2711958
0.47, 2663535
0.47, 2645592
0.47, 2640369
0.47, 2638138
0.47, 2637247
0.47, 2636303
0.47, 2619412
0.47, 2611856
0.48, 2609275
0.48, 2568781
0.48, 2549777
0.48, 2510104
0.48, 2493058
0.48, 2485653
0.48, 2465156
0.48, 2464802
0.48, 2382552
0.48, 2378791
0.48, 2356445
0.48, 2351327
0.48, 2333573
0.48, 2316197
0.48, 2307914
0.49, 2302450
0.49, 2297046
0.49, 2296699
0.49, 2285749
0.49, 2265984
0.49, 2260306
0.49, 2240394
0.49, 2240148
0.49, 2213481
0.49, 2209131
0.5, 2180209
0.5, 2171801
0.5, 2171692
0.5, 2170690
0.5, 2162512
0.5, 2160035
0.5, 2127094
0.5, 2099154
0.5, 2088030
0.5, 2080022
0.5, 2079574
0.5, 2069017
0.5, 2062784
0.5, 2058375
0.5, 2041538
0.5, 1993741
0.5, 1992540
0.5, 1985211
0.51, 1983679
0.51, 1973628
0.52, 1970527
0.52, 1959445
0.52, 1957220
0.52, 1936328
0.52, 1923534
0.52, 1920649
0.52, 1914860
0.52, 1913457
0.52, 1911058
0.52, 1909454
0.52, 1902305
0.52, 1901467
0.52, 1901085
0.52, 1898761
0.52, 1898347
0.52, 1893589
0.52, 1887134
0.52, 1857605
0.52, 1849541
0.52, 1846916
0.52, 1844672
0.52, 1839933
0.52, 1835039
0.52, 1833887
0.52, 1818910
0.52, 1815935
0.52, 1814067
0.52, 1804524
0.52, 1798697
0.52, 1796508
0.52, 1783704
0.52, 1782496
0.52, 1782042
0.52, 1780942
0.52, 1779765
0.52, 1776294
0.52, 1771542
0.52, 1765536
0.52, 1765377
0.52, 1754548
0.52, 1753099
0.52, 1751437
0.52, 1751110
0.52, 1749707
0.52, 1744307
0.52, 1744005
0.52, 1740696
0.52, 1734642
0.52, 1684479
0.52, 1682215
0.52, 1680942
0.52, 1678825
0.52, 1673757
0.52, 1671819
0.52, 1669399
0.52, 1668841
0.52, 1667614
0.52, 1666317
0.52, 1665591
0.53, 1664452
0.53, 1664203
0.53, 1657461
0.53, 1652401
0.53, 1618261
0.53, 1616125
0.54, 1612887
0.54, 1607111
0.54, 1592885
0.54, 1583049
0.54, 1569651
0.54, 1568586
0.54, 1566824
0.55, 1562759
0.55, 1562565
0.55, 1558643
0.55, 1556580
0.55, 1549484
0.55, 1521814
0.55, 1521758
0.55, 1520304
0.55, 1519651
0.55, 1513639
0.55, 1512478
0.56, 1510996
0.56, 1508301
0.56, 1499304
0.56, 1496679
0.56, 1496475
0.56, 1494659
0.56, 1488945
0.56, 1485970
0.56, 1483512
0.56, 1478663
0.56, 1477011
0.56, 1474070
0.56, 1463233
0.56, 1457032
0.57, 1454945
0.57, 1454624
0.57, 1451118
0.57, 1449064
0.57, 1445078
0.57, 1444814
0.57, 1427816
0.57, 1426002
0.57, 1423752
0.57, 1419097
0.57, 1418970
0.57, 1418919
0.57, 1418568
0.57, 1414028
0.57, 1413034
0.57, 1411928
0.57, 1403020
0.58, 1400755
0.58, 1395288
0.58, 1394029
0.59, 1392455
0.59, 1391692
0.59, 1387350
0.6, 1385606
0.6, 1384021
0.6, 1383862
0.6, 1382540
0.6, 1379790
0.6, 1377590
0.6, 1377482
0.6, 1373752
0.6, 1371546
0.6, 1369225
0.6, 1367236
0.6, 1366887
0.61, 1363921
0.61, 1363521
0.61, 1359385
0.61, 1358962
0.61, 1356163
0.61, 1354943
0.61, 1353760
0.61, 1343227
0.61, 1343180
0.61, 1334485
0.61, 1333512
0.61, 1330932
0.61, 1319823
0.61, 1317033
0.61, 1313967
0.61, 1313693
0.61, 1312305
0.61, 1310099
0.61, 1309795
0.62, 1308328
0.62, 1307484
0.62, 1306507
0.62, 1306410
0.62, 1300158
0.62, 1298524
0.62, 1295861
0.62, 1295284
0.62, 1294280
0.62, 1290625
0.62, 1290111
0.62, 1280143
0.63, 1279904
0.63, 1275674
0.63, 1274178
0.63, 1271777
0.63, 1261797
0.63, 1261232
0.63, 1260426
0.63, 1258524
0.64, 1258349
0.64, 1256123
0.64, 1253108
0.65, 1251460
0.65, 1249414
0.65, 1248518
0.65, 1248376
0.65, 1248235
0.65, 1248043
0.65, 1247842
0.65, 1232289
0.65, 1232253
0.66, 1224613
0.66, 1223339
0.66, 1220800
0.66, 1220690
0.66, 1215622
0.66, 1215414
0.66, 1214839
0.66, 1213939
0.66, 1213019
0.67, 1212921
0.67, 1212739
0.67, 1208930
0.67, 1208423
0.67, 1207593
0.67, 1207449
0.67, 1203776
0.68, 1202673
0.68, 1202096
0.68, 1201394
0.68, 1199844
0.68, 1199186
0.68, 1199182
0.68, 1198097
0.68, 1193477
0.68, 1191433
0.69, 1190856
0.7, 1190198
0.7, 1190133
0.7, 1189683
0.7, 1189656
0.7, 1188912
0.7, 1188383
0.71, 1188378
0.71, 1188198
0.71, 1187865
0.71, 1187030
0.71, 1186743
0.71, 1186178
0.71, 1185284
0.71, 1185074
0.73, 1184403
0.74, 1184401
0.74, 1184032
0.74, 1183626
0.76, 1182752
0.76, 1182156
0.76, 1182016
0.76, 1181393
0.76, 1178872
0.76, 1178667
0.76, 1178430
0.76, 1177831
0.76, 1177262
0.81, 1177028
0.81, 1176821
0.81, 1176770
0.85, 1176477
0.85, 1176272
