53.47, 716101
77.05, 673460
99.39, 646411
121.25, 625923
142.32, 607219
162.01, 590644
181.44, 574248
201.06, 556662
221.17, 542069
240.75, 527764
260.64, 511867
279.59, 498604
299.88, 485526
318.65, 472800
337.62, 458106
356.84, 445760
376.09, 434061
397.49, 422962
419.07, 411881
438.62, 400023
457.64, 388483
476.78, 377248
494.92, 367358
513.05, 358253
532.03, 349355
551.13, 340440
569.68, 331842
587.9, 323316
606.08, 315028
624.4, 307493
644.32, 300509
663.04, 293553
681.92, 285978
700.55, 279179
719.4, 272711
738.04, 266890
756.07, 261148
774.5, 254843
793.53, 249485
812.06, 243681
830.57, 238801
849.58, 233512
868.62, 228839
887.56, 224441
906.71, 220294
927.12, 215364
949.41, 211348
969.02, 207538
1002.41, 203754
1021.0, 200218
1039.76, 197448
1058.32, 194334
1077.04, 191681
1096.31, 189157
1116.17, 186729
1135.17, 184580
1153.86, 182455
1173.11, 180403
1191.8, 178432
1209.99, 176527
1228.02, 174747
1247.31, 173299
1266.13, 171371
1284.81, 169966
1303.12, 168584
1322.36, 166558
1341.39, 164799
1360.76, 163503
1379.49, 162251
1397.9, 161031
1416.66, 159209
1435.61, 158076
1456.26, 156957
1495.41, 155839
1515.94, 154918
1535.54, 154065
1555.6, 152279
1575.27, 151165
1594.95, 150321
1614.09, 149479
1632.68, 148740
1651.64, 148082
1671.19, 147440
1690.09, 146728
1708.17, 146101
1727.4, 145544
1746.21, 144795
1764.39, 144267
1783.19, 143802
1802.1, 143414
1820.83, 143028
1840.31, 142654
1859.09, 142341
1877.74, 142033
1896.25, 141386
1914.71, 141160
1933.74, 140942
1952.73, 140744
1971.63, 140576
1989.89, 140425
2012.07, 140326
2032.54, 139947
2052.62, 139944
