0.0, 779882
0.0, 778359
0.0, 774636
0.0, 767949
0.0, 766795
0.0, 765811
0.0, 760798
0.0, 758304
0.0, 758205
0.0, 755938
0.0, 755929
0.0, 755292
0.0, 755219
0.0, 753687
0.0, 751018
0.0, 750269
0.0, 742364
0.0, 730701
0.0, 727259
0.0, 725201
0.0, 724537
0.0, 714246
0.0, 711826
0.0, 707897
0.0, 704053
0.0, 700548
0.0, 697463
0.0, 695493
0.0, 694948
0.0, 694861
0.0, 692424
0.0, 690130
0.0, 681239
0.0, 677985
0.0, 673724
0.01, 673246
0.01, 669603
0.01, 668872
0.01, 662893
0.01, 655158
0.01, 654474
0.01, 645159
0.01, 643487
0.01, 642313
0.01, 635762
0.29, 631734
0.29, 629616
0.29, 620822
0.29, 619112
0.36, 616125
0.44, 614648
0.44, 612945
0.44, 603694
0.46, 601010
0.47, 600844
0.48, 599368
0.48, 598093
0.48, 589615
0.48, 589558
0.48, 589260
0.48, 587405
0.49, 586539
0.49, 583287
0.49, 582327
0.49, 573477
0.49, 571213
0.49, 570668
0.49, 569169
0.49, 565952
0.49, 564133
0.49, 561845
0.49, 561321
0.49, 557723
0.49, 554153
0.49, 551938
0.49, 551688
0.49, 551266
0.51, 547184
0.51, 542535
0.51, 541661
0.51, 538645
0.51, 537317
0.51, 536036
0.51, 535781
0.51, 535676
0.51, 533864
0.51, 531677
0.51, 529865
0.51, 525739
0.52, 523018
0.52, 518772
0.52, 517925
0.52, 514736
0.53, 513447
0.53, 512922
0.53, 506915
0.53, 502628
0.53, 502514
0.53, 500940
0.53, 498086
0.53, 496708
0.53, 495930
0.53, 494464
0.53, 493431
0.53, 493421
0.53, 493015
0.53, 488142
0.53, 486925
0.53, 481057
0.53, 480701
0.54, 478914
0.54, 476942
0.54, 473648
0.54, 466242
0.54, 462846
0.54, 462730
0.54, 461220
0.55, 446517
0.55, 443396
0.55, 442893
0.55, 440246
0.55, 435054
0.56, 433745
0.56, 432843
0.56, 430770
0.56, 426150
0.56, 425916
0.56, 424414
0.56, 422455
0.56, 421098
0.56, 419655
0.56, 418385
0.56, 415395
0.56, 412295
0.56, 411934
0.56, 411280
0.56, 410502
0.56, 409245
0.57, 407993
0.57, 402531
0.57, 401432
0.57, 400979
0.57, 399821
0.57, 399514
0.57, 396767
0.57, 395106
0.57, 393563
0.57, 392651
0.57, 389493
0.58, 389403
0.58, 389153
0.58, 386358
0.58, 386295
0.58, 382625
0.58, 379127
0.59, 378880
0.59, 375707
0.59, 375059
0.59, 374313
0.59, 373911
0.59, 369985
0.59, 369826
0.59, 367632
0.59, 366718
0.6, 365675
0.6, 363734
0.6, 361930
0.6, 361125
0.6, 359912
0.6, 359817
0.6, 357424
0.6, 353117
0.6, 352368
0.6, 349923
0.6, 349654
0.6, 340488
0.6, 337360
0.6, 337312
0.6, 334706
0.6, 334478
0.6, 334011
0.6, 327597
0.6, 326564
0.6, 321628
0.6, 321604
0.6, 321548
0.61, 318476
0.61, 318093
0.61, 316876
0.62, 315577
0.62, 314492
0.62, 312990
0.62, 309805
0.62, 309255
0.62, 308605
0.62, 307609
0.62, 303183
0.62, 300506
0.62, 299894
0.62, 297881
0.62, 294602
0.62, 294326
0.62, 292912
0.62, 292565
0.62, 291698
0.62, 290946
0.62, 289806
0.62, 288203
0.62, 286697
0.62, 284502
0.62, 282757
0.62, 282653
0.62, 282463
0.62, 282360
0.62, 279620
0.62, 279139
0.62, 278041
0.62, 277337
0.62, 275600
0.62, 275274
0.64, 275034
0.64, 274779
0.64, 272627
0.64, 271917
0.64, 271433
0.64, 271409
0.64, 271322
0.64, 270325
0.64, 269886
0.64, 269148
0.64, 266073
0.64, 264798
0.64, 264609
0.64, 264525
0.64, 263995
0.64, 263869
0.64, 263339
0.64, 263101
0.64, 262122
0.64, 260432
0.64, 259428
0.64, 257253
0.65, 257245
0.65, 255617
0.65, 255012
0.65, 254128
0.65, 253146
0.65, 252965
0.65, 250960
0.65, 250870
0.65, 250431
0.65, 248773
0.65, 248415
0.65, 246586
0.65, 245708
0.65, 245503
0.65, 245286
0.65, 245113
0.65, 242472
0.65, 241794
0.65, 241584
0.65, 240960
0.65, 238552
0.65, 238450
0.65, 237549
0.65, 237387
0.65, 237128
0.65, 235927
0.65, 235611
0.65, 234239
0.65, 233674
0.65, 230678
0.65, 230525
0.65, 229104
0.65, 228008
0.65, 226969
0.65, 226031
0.65, 224834
0.65, 223618
0.66, 223315
0.66, 222744
0.66, 221874
0.66, 221297
0.66, 221191
0.66, 221168
0.66, 220683
0.66, 219934
0.66, 219487
0.66, 217851
0.66, 216020
0.66, 215836
0.66, 215708
0.66, 215694
0.66, 215676
0.66, 215528
0.66, 213351
0.66, 213342
0.67, 213002
0.67, 211543
0.67, 211487
0.67, 211177
0.67, 210644
0.67, 210324
0.67, 210300
0.67, 210091
0.67, 208537
0.67, 208227
0.67, 206734
0.67, 206636
0.68, 206258
0.68, 205315
0.68, 203524
0.68, 202894
0.68, 202882
0.68, 201250
0.68, 198444
0.68, 197870
0.68, 196687
0.68, 196640
0.68, 196413
0.68, 196100
0.68, 195421
0.69, 195083
0.69, 195044
0.69, 194861
0.69, 194659
0.69, 194654
0.69, 194271
0.69, 194231
0.69, 194170
0.69, 193421
0.69, 193242
0.69, 192197
0.69, 191586
0.69, 191193
0.69, 188484
0.69, 187714
0.69, 186725
0.7, 186343
0.7, 185548
0.7, 183355
0.7, 182943
0.7, 182688
0.7, 180200
0.7, 179269
0.7, 178784
0.7, 177978
0.7, 177821
0.7, 176611
0.7, 176238
0.7, 176020
0.7, 175585
0.7, 175143
0.7, 175092
0.7, 174177
0.7, 173477
0.7, 173446
0.7, 173091
0.71, 172743
0.71, 172292
0.71, 170567
0.71, 170421
0.71, 170039
0.72, 169965
0.72, 169776
0.72, 169557
0.72, 169222
0.72, 168652
0.72, 168348
0.72, 168079
0.72, 168071
0.72, 167126
0.72, 166925
0.72, 166920
0.72, 166915
0.72, 166177
0.72, 165898
0.72, 165556
0.72, 165245
0.72, 164687
0.72, 163204
0.72, 161897
0.72, 161300
0.72, 161277
0.72, 159886
0.72, 159805
0.72, 159723
0.72, 159519
0.73, 159293
0.73, 159146
0.73, 158763
0.73, 158604
0.74, 157679
0.74, 157664
0.74, 157268
0.74, 156410
0.74, 156336
0.74, 155360
0.74, 155354
0.74, 154907
0.74, 154656
0.75, 154223
0.75, 153828
0.75, 153185
0.75, 153036
0.75, 152578
0.75, 152455
0.75, 152271
0.75, 151944
0.75, 151811
0.75, 151026
0.76, 150854
0.76, 150432
0.76, 149784
0.76, 149211
0.76, 149173
0.76, 148995
0.76, 147152
0.76, 147059
0.76, 146580
0.77, 146403
0.77, 146386
0.77, 146028
0.77, 145998
0.77, 145409
0.77, 145276
0.77, 145181
0.77, 144997
0.77, 144661
0.77, 144133
0.77, 143517
0.77, 143353
0.77, 143064
0.77, 142808
0.77, 142518
0.77, 142301
0.78, 141726
0.78, 140897
0.78, 140472
0.78, 140220
0.78, 139585
0.78, 139384
0.78, 139266
0.79, 139041
0.79, 138977
0.79, 138918
0.79, 138897
0.79, 138240
0.8, 138218
0.8, 138193
0.8, 137320
0.8, 137260
0.81, 136874
0.82, 136855
0.82, 136748
0.82, 136201
0.82, 136090
0.82, 135906
0.84, 135856
0.84, 135853
