22.18, 746449
41.88, 720829
63.42, 696376
82.75, 672848
101.88, 651364
121.64, 629734
140.74, 611063
160.01, 592009
179.38, 575203
198.41, 558583
218.01, 543103
237.16, 528178
256.07, 513106
274.9, 498895
294.92, 485008
313.77, 470497
332.72, 457421
353.12, 445580
372.93, 433770
392.75, 422028
413.07, 410511
432.73, 398908
452.26, 388720
471.2, 378808
490.78, 369271
509.21, 358840
528.22, 349429
547.29, 340947
565.75, 332846
584.37, 324077
603.47, 316326
622.62, 308462
641.05, 301186
660.42, 294330
679.1, 288138
698.21, 281640
717.32, 275747
736.67, 269918
755.53, 264022
774.59, 259202
793.53, 252912
812.06, 248300
830.89, 244180
850.12, 239761
868.89, 235677
887.76, 231623
906.87, 227731
925.62, 223866
944.32, 220002
963.6, 216160
982.15, 212687
1005.39, 209328
1025.45, 206150
1047.33, 203011
1077.08, 199935
1096.66, 197001
1117.13, 193295
1139.03, 190524
1161.26, 187925
1184.69, 185433
1205.7, 183449
1227.36, 181696
1249.65, 178947
1272.88, 177225
1292.99, 175411
1314.76, 173748
1334.1, 172109
1356.35, 170482
1378.27, 168860
1397.84, 167330
1418.12, 165960
1437.81, 164445
1456.38, 163108
1475.47, 161926
1495.26, 160800
1515.28, 159777
1560.48, 158093
1580.04, 157074
1599.32, 156078
1618.95, 155088
1637.68, 154314
1657.37, 153542
1676.11, 152830
1694.51, 152212
1713.58, 151650
1733.19, 151100
1752.32, 150637
1771.07, 150192
1790.18, 148637
1810.22, 148213
1829.46, 147995
1848.11, 147797
1866.68, 147621
1886.06, 147456
1904.77, 147300
1923.19, 147144
1942.55, 147075
1961.03, 147017
1979.84, 146989
1999.56, 146676
