19.78, 682453
38.96, 655740
57.82, 633538
78.18, 613293
97.5, 593182
117.63, 574103
137.47, 555926
157.32, 537996
176.52, 522270
196.24, 507494
215.29, 493053
234.33, 479530
254.09, 465968
272.91, 453356
292.05, 441246
311.26, 429525
330.0, 418017
349.44, 406447
368.5, 396420
388.15, 386503
407.45, 376952
426.45, 367721
446.2, 357419
465.17, 348575
484.27, 339875
503.51, 331273
522.51, 322983
541.26, 314901
560.24, 307626
579.32, 300802
598.34, 294393
618.24, 288127
637.64, 282162
658.58, 276306
678.73, 270902
697.3, 265588
716.17, 260738
734.83, 256434
753.97, 250154
772.54, 244829
791.49, 240940
810.42, 237166
828.94, 232889
847.91, 229325
867.49, 225766
886.49, 222429
906.2, 219175
925.77, 216022
945.59, 212663
964.35, 209845
983.73, 207169
1003.69, 204677
1025.87, 202189
1047.19, 199223
1070.14, 196804
1096.09, 193355
1115.87, 191006
1135.82, 188892
1155.16, 186981
1174.62, 185168
1194.68, 183392
1213.79, 181745
1232.96, 180106
1252.65, 178571
1271.74, 177249
1290.75, 175965
1310.28, 174745
1330.0, 173232
1349.23, 172132
1368.87, 171050
1387.79, 170060
1406.93, 168365
1426.66, 166643
1445.44, 164989
1464.27, 164045
1483.03, 162938
1503.07, 162017
1521.81, 161147
1540.82, 157780
1559.93, 156927
1578.79, 156095
1597.52, 155348
1616.88, 154603
1635.52, 153923
1654.17, 153251
1673.74, 152587
1692.71, 151993
1711.65, 151414
1730.92, 150868
1749.6, 149971
1768.66, 149459
1788.24, 148343
1807.03, 147785
1825.77, 146912
1844.37, 146409
1863.54, 145906
1882.51, 145444
1901.4, 145125
1920.78, 144874
1940.15, 144425
1959.29, 143761
1978.91, 143519
1997.93, 143300
2017.22, 143082
2036.52, 142865
2055.08, 142681
2074.16, 142570
2093.93, 141594
2113.26, 141393
2131.86, 141282
2151.42, 141213
