20.59, 679652
39.84, 656662
59.88, 635411
78.84, 615906
98.09, 594276
117.31, 576458
137.19, 559736
156.35, 543662
175.27, 527972
195.35, 512412
214.67, 497434
233.6, 483133
252.58, 468975
270.98, 455307
289.6, 442684
308.68, 430062
327.33, 418626
346.28, 407192
365.74, 396652
384.33, 385728
402.86, 375422
422.6, 366111
441.37, 357502
460.15, 348016
479.32, 339383
498.44, 331380
517.47, 323938
536.64, 316747
556.44, 308565
574.9, 301680
593.54, 295292
612.9, 288657
632.61, 282587
651.32, 276645
670.63, 271276
690.54, 266190
709.55, 261855
729.74, 257613
748.32, 253286
767.1, 249136
787.51, 245358
806.85, 241603
825.19, 237879
844.21, 234203
862.54, 230836
881.1, 226797
900.21, 223761
919.6, 220800
938.22, 217853
956.6, 213507
976.37, 210016
995.03, 206726
1014.87, 203845
1036.04, 200582
1076.61, 197906
1098.44, 195363
1118.43, 193023
1138.54, 190686
1157.72, 187927
1177.4, 183565
1197.11, 181493
1216.32, 179434
1236.39, 177633
1255.65, 175455
1274.69, 173839
1294.41, 172237
1313.8, 170637
1332.91, 169164
1352.7, 167702
1372.67, 166322
1391.79, 164983
1410.59, 162932
1431.17, 161611
1450.35, 160315
1469.59, 158955
1488.99, 157775
1507.88, 156768
1528.31, 155815
1549.78, 154702
1586.16, 153776
1607.55, 152975
1628.17, 151859
1648.19, 151086
1667.22, 150313
1686.94, 149593
1705.87, 148922
1724.7, 148268
1743.7, 147740
1763.37, 147217
1782.56, 146726
1801.44, 146105
1821.74, 145722
1841.0, 145259
1860.02, 144885
1879.52, 144552
1897.89, 143269
1916.83, 142373
1936.26, 141794
1955.1, 141442
1973.8, 141145
1993.04, 140871
2012.01, 139029
2030.65, 138516
2050.13, 138264
2069.04, 138080
2087.85, 137952
2106.59, 137864
2125.87, 137185
2144.92, 137135
