19.94, 668216
39.14, 642489
60.2, 618666
80.28, 598784
99.74, 579538
119.61, 560693
144.06, 542374
163.52, 526581
183.6, 511508
203.0, 495597
222.14, 481451
241.71, 468089
260.85, 454722
279.57, 441061
298.14, 428420
317.5, 415925
336.28, 403722
355.28, 392376
374.35, 381997
392.9, 371921
411.36, 361861
430.6, 352558
449.37, 343051
468.46, 334261
487.65, 325770
508.04, 317270
527.82, 309313
548.06, 301400
567.36, 293759
585.75, 287215
604.85, 279981
623.98, 274144
643.31, 268633
662.04, 263132
681.42, 258712
700.27, 254904
720.42, 251116
739.64, 247560
758.17, 244050
776.6, 240576
795.69, 237159
814.17, 233756
832.81, 229709
851.84, 226387
870.9, 222197
889.61, 219457
908.78, 216751
927.38, 214188
946.34, 211678
966.4, 209248
985.19, 204598
1007.58, 200994
1028.36, 198590
1064.56, 196445
1085.11, 194396
1105.3, 192370
1125.08, 190518
1144.5, 188696
1163.72, 186898
1184.34, 185104
1205.4, 181402
1227.73, 179685
1248.92, 177973
1268.49, 175509
1288.2, 173811
1308.26, 171685
1326.9, 170075
1345.54, 168496
1364.96, 166970
1383.98, 165528
1402.93, 164207
1422.08, 162915
1441.19, 161680
1460.32, 160460
1479.4, 159356
1499.38, 158340
1519.28, 157354
1561.77, 156369
1582.15, 155419
1602.01, 154601
1621.21, 153968
1641.36, 153367
1660.83, 152573
1680.0, 151988
1700.14, 151064
1720.82, 150562
1744.57, 150097
1764.67, 149650
1783.87, 149210
1802.84, 148231
1821.24, 146892
1840.9, 146479
1859.68, 144449
1878.95, 143957
1898.44, 143533
1917.4, 142145
1936.54, 141759
1955.9, 141401
1975.07, 141088
1993.84, 140836
2013.57, 140610
2032.32, 140392
2051.28, 140208
2071.11, 140047
2090.08, 139352
2108.68, 139206
2127.57, 139095
2145.92, 138119
2164.9, 137918
