0.0, 694592
0.0, 680265
0.0, 674216
0.0, 663382
0.0, 660347
0.0, 656550
0.01, 656174
0.01, 652691
0.01, 649147
0.01, 644910
0.01, 640010
0.09, 638619
0.09, 637737
0.09, 634563
0.11, 632651
0.11, 624953
0.11, 624291
0.13, 618229
0.47, 615245
0.47, 614047
0.47, 608501
0.48, 607631
0.48, 601504
0.48, 596934
0.48, 596618
0.48, 596011
0.48, 595002
0.48, 594862
0.48, 594370
0.48, 588898
0.48, 588490
0.48, 579939
0.5, 573520
0.5, 572323
0.51, 561996
0.51, 553061
0.51, 551566
0.51, 542237
0.51, 538156
0.51, 536468
0.51, 530173
0.51, 523763
0.51, 521904
0.57, 519480
0.57, 517674
0.57, 516469
0.57, 509244
0.57, 508694
0.57, 508660
0.57, 505329
0.57, 503201
0.57, 503124
0.57, 498863
0.57, 497426
0.58, 494616
0.59, 489184
0.59, 486112
0.59, 485431
0.59, 485202
0.59, 482351
0.59, 481184
0.59, 481059
0.59, 478692
0.59, 478590
0.59, 475330
0.59, 473268
0.59, 469685
0.59, 467366
0.59, 466171
0.59, 466024
0.6, 465835
0.6, 464473
0.6, 463768
0.6, 461897
0.6, 461578
0.6, 458922
0.6, 454426
0.61, 450879
0.61, 449427
0.61, 441350
0.61, 436276
0.61, 431177
0.61, 422623
0.61, 419396
0.61, 414730
0.61, 410941
0.61, 410526
0.61, 409276
0.61, 408087
0.61, 406479
0.61, 404392
0.61, 402677
0.63, 402065
0.63, 394200
0.63, 393408
0.63, 391764
0.63, 389830
0.63, 389165
0.63, 387238
0.63, 387141
0.63, 386548
0.63, 386547
0.63, 385288
0.63, 385226
0.64, 384117
0.64, 382841
0.64, 381271
0.64, 381155
0.64, 378253
0.64, 377752
0.64, 377708
0.64, 373540
0.64, 370744
0.64, 370564
0.64, 366147
0.64, 365889
0.64, 362400
0.64, 361959
0.65, 356416
0.65, 353975
0.65, 353881
0.65, 351018
0.65, 350023
0.65, 349933
0.65, 349794
0.65, 347422
0.65, 345523
0.65, 345517
0.65, 345446
0.65, 345251
0.65, 343273
0.65, 341327
0.65, 337282
0.65, 335269
0.65, 333056
0.65, 331904
0.65, 331437
0.65, 329918
0.65, 327904
0.65, 326221
0.65, 324981
0.65, 322776
0.67, 322104
0.67, 321165
0.67, 321000
0.67, 319931
0.67, 319604
0.67, 318656
0.67, 315188
0.67, 314939
0.67, 314670
0.68, 314358
0.68, 313740
0.68, 312753
0.68, 311877
0.68, 311682
0.68, 310636
0.68, 310410
0.68, 309542
0.68, 305576
0.68, 305402
0.68, 303748
0.68, 302933
0.68, 302462
0.68, 302024
0.68, 300889
0.69, 299969
0.69, 299779
0.69, 297022
0.69, 295982
0.69, 295329
0.69, 291680
0.69, 291656
0.69, 290775
0.69, 290384
0.69, 288681
0.69, 288343
0.69, 286525
0.69, 284291
0.69, 284266
0.69, 284036
0.69, 283482
0.69, 282392
0.69, 281416
0.69, 281012
0.69, 279554
0.69, 278640
0.69, 273143
0.69, 271853
0.69, 268064
0.69, 267919
0.69, 267833
0.71, 266347
0.71, 266126
0.71, 266071
0.71, 265018
0.71, 260630
0.71, 259462
0.71, 258068
0.71, 257309
0.71, 255718
0.71, 255011
0.71, 254256
0.71, 254132
0.71, 253315
0.71, 246201
0.71, 245888
0.71, 243850
0.71, 243165
0.71, 239963
0.71, 238878
0.71, 237668
0.71, 235595
0.71, 234800
0.71, 232656
0.71, 230809
0.71, 230681
0.71, 227817
0.71, 227211
0.72, 227130
0.72, 225815
0.72, 225275
0.72, 225044
0.72, 223705
0.72, 223702
0.73, 223021
0.73, 222764
0.73, 222729
0.73, 221593
0.73, 220972
0.73, 220719
0.73, 220660
0.73, 220405
0.73, 219848
0.73, 217154
0.73, 217060
0.73, 215718
0.73, 214625
0.73, 214601
0.73, 214444
0.73, 213733
0.73, 212758
0.73, 209302
0.73, 208093
0.74, 207995
0.74, 207932
0.74, 207874
0.74, 207857
0.74, 205470
0.74, 204447
0.74, 203403
0.74, 202855
0.74, 202435
0.74, 202432
0.74, 200602
0.74, 200525
0.74, 198954
0.74, 197785
0.74, 197600
0.75, 197410
0.75, 196362
0.75, 195884
0.75, 195643
0.75, 195319
0.75, 194854
0.76, 194788
0.76, 194452
0.76, 194340
0.76, 193837
0.76, 191490
0.76, 191046
0.76, 190346
0.76, 189773
0.76, 189701
0.76, 189046
0.76, 188931
0.76, 187490
0.76, 186855
0.76, 185677
0.76, 185151
0.76, 184561
0.76, 183996
0.76, 183747
0.76, 183467
0.76, 183044
0.76, 182508
0.76, 180997
0.76, 180645
0.76, 180219
0.76, 179597
0.76, 179297
0.76, 179179
0.76, 178299
0.76, 177420
0.76, 175738
0.76, 175609
0.76, 174309
0.76, 171010
0.76, 170020
0.77, 169943
0.77, 169620
0.77, 169105
0.77, 168986
0.77, 168977
0.77, 168935
0.77, 168476
0.77, 168053
0.77, 167138
0.77, 166794
0.77, 166791
0.8, 166513
0.8, 165635
0.8, 165409
0.8, 165216
0.8, 164746
0.8, 163850
0.8, 163538
0.8, 163480
0.8, 163306
0.8, 163229
0.8, 163176
0.8, 162696
0.8, 162572
0.8, 162028
0.8, 161461
0.8, 160996
0.8, 160622
0.8, 160444
0.8, 159931
0.8, 159821
0.81, 158804
0.81, 157572
0.81, 156411
0.81, 155490
0.81, 154497
0.81, 154042
0.81, 153129
0.81, 153048
0.81, 152849
0.81, 152483
0.81, 152033
0.81, 151693
0.81, 151452
0.82, 150363
0.82, 150171
0.82, 149553
0.82, 148994
0.82, 148907
0.82, 148371
0.82, 148325
0.83, 148268
0.83, 147338
0.83, 146795
0.83, 146375
0.83, 145379
0.83, 144414
0.83, 144249
0.83, 142486
0.83, 142366
0.84, 141427
0.84, 141038
0.84, 141018
0.84, 140983
0.84, 140880
0.84, 140729
0.84, 140709
0.84, 140181
0.84, 139997
0.86, 139722
0.86, 139428
0.86, 139347
0.86, 139256
0.87, 139137
0.87, 138639
0.88, 138483
0.88, 138077
0.89, 137967
0.89, 137741
0.9, 137694
0.9, 137407
0.93, 137150
0.93, 137128
0.94, 137038
0.95, 137013
0.96, 136940
0.96, 136878
0.98, 136814
0.99, 136808
1.0, 136690
1.0, 136164
