0.0, 724976
0.0, 724617
0.0, 721211
0.0, 719148
0.0, 718374
0.0, 717916
0.0, 714958
0.0, 714954
0.0, 709016
0.0, 703259
0.0, 702031
0.0, 700463
0.0, 695538
0.0, 693991
0.0, 693707
0.0, 692864
0.0, 692131
0.0, 690063
0.0, 685797
0.0, 685686
0.0, 683357
0.0, 681671
0.0, 679538
0.0, 678901
0.0, 677510
0.0, 675845
0.0, 656595
0.02, 651316
0.02, 645828
0.02, 644447
0.02, 644094
0.02, 639315
0.02, 636266
0.19, 635944
0.19, 635933
0.19, 630077
0.19, 622260
0.43, 619961
0.43, 617659
0.43, 617489
0.43, 616661
0.43, 613643
0.46, 608629
0.46, 606536
0.46, 597863
0.46, 597147
0.46, 593527
0.46, 586812
0.47, 586251
0.48, 586145
0.48, 585743
0.48, 584204
0.48, 580377
0.48, 576070
0.48, 572626
0.48, 571481
0.48, 569960
0.48, 569856
0.51, 568620
0.51, 565441
0.51, 560795
0.51, 557411
0.51, 554350
0.51, 548604
0.51, 548271
0.51, 547969
0.51, 544688
0.51, 540428
0.51, 538779
0.51, 531608
0.51, 520172
0.51, 514785
0.51, 510113
0.54, 505218
0.54, 498770
0.54, 496391
0.54, 491344
0.54, 490071
0.54, 486946
0.54, 484791
0.56, 480134
0.56, 479791
0.56, 466016
0.57, 463855
0.57, 461875
0.57, 460246
0.57, 458081
0.57, 455756
0.57, 453508
0.57, 453146
0.57, 452415
0.57, 452263
0.57, 447150
0.57, 444187
0.57, 442690
0.57, 437008
0.58, 436812
0.58, 435768
0.58, 435522
0.58, 435052
0.58, 432663
0.58, 429784
0.58, 427764
0.58, 419392
0.59, 417266
0.59, 416790
0.59, 415744
0.59, 415538
0.59, 413730
0.59, 412780
0.59, 412176
0.59, 412035
0.59, 410210
0.59, 409782
0.59, 407521
0.59, 407125
0.59, 406508
0.59, 406322
0.59, 404703
0.59, 403941
0.59, 402868
0.59, 402261
0.59, 400068
0.59, 393343
0.59, 391983
0.59, 390174
0.59, 386065
0.59, 384842
0.59, 382104
0.59, 377656
0.59, 372706
0.6, 368784
0.6, 363348
0.6, 360831
0.6, 359980
0.6, 359466
0.6, 356732
0.6, 355083
0.6, 350935
0.6, 348960
0.6, 348946
0.6, 347232
0.6, 344121
0.6, 343540
0.61, 336366
0.61, 333265
0.61, 333086
0.61, 332532
0.61, 332179
0.63, 330324
0.63, 330116
0.63, 328200
0.63, 327638
0.63, 327566
0.63, 326010
0.63, 320612
0.63, 320157
0.63, 317723
0.63, 316329
0.63, 313660
0.63, 312808
0.63, 310156
0.63, 309144
0.63, 308600
0.63, 307725
0.63, 307116
0.63, 306043
0.63, 297702
0.63, 297639
0.63, 294304
0.63, 293709
0.63, 292492
0.63, 290870
0.63, 288708
0.63, 287553
0.64, 287140
0.64, 285181
0.64, 281652
0.64, 280834
0.64, 280392
0.64, 276926
0.64, 275444
0.64, 275110
0.64, 274029
0.64, 273505
0.64, 267315
0.65, 263910
0.65, 261537
0.65, 260980
0.65, 260956
0.65, 260765
0.65, 258746
0.65, 258662
0.65, 258260
0.65, 258090
0.65, 257078
0.65, 257040
0.65, 256377
0.65, 254102
0.65, 253803
0.65, 253284
0.65, 252988
0.65, 252979
0.65, 252818
0.65, 252709
0.65, 251057
0.65, 249533
0.65, 249121
0.65, 247718
0.66, 246259
0.66, 244813
0.66, 244173
0.66, 243110
0.66, 242760
0.66, 238133
0.66, 238073
0.66, 237870
0.66, 235620
0.66, 235358
0.66, 232295
0.66, 232008
0.66, 230111
0.66, 229938
0.67, 229762
0.67, 227462
0.68, 226386
0.68, 225999
0.68, 223367
0.68, 222861
0.68, 221021
0.68, 220945
0.68, 220416
0.68, 218787
0.68, 216037
0.68, 214940
0.68, 213886
0.68, 212906
0.68, 212852
0.68, 210673
0.68, 209157
0.68, 209013
0.68, 206952
0.68, 206448
0.68, 205863
0.68, 204351
0.68, 203690
0.68, 199668
0.68, 199328
0.68, 199125
0.68, 198958
0.68, 198654
0.68, 197997
0.68, 197585
0.68, 197398
0.7, 195833
0.7, 195630
0.7, 195463
0.7, 194817
0.7, 193185
0.7, 192708
0.7, 192003
0.7, 190038
0.71, 189546
0.71, 189227
0.71, 189111
0.71, 189079
0.71, 188649
0.71, 188430
0.71, 188188
0.71, 187492
0.72, 187293
0.72, 186093
0.72, 185694
0.72, 185682
0.72, 184968
0.72, 180688
0.72, 179926
0.73, 178830
0.73, 178638
0.73, 178162
0.73, 177439
0.73, 176942
0.73, 176452
0.73, 176374
0.73, 175681
0.73, 175405
0.73, 174852
0.73, 174821
0.73, 174742
0.73, 173405
0.73, 170294
0.73, 170024
0.73, 168178
0.73, 168177
0.73, 167601
0.73, 166870
0.73, 166816
0.73, 166298
0.73, 165623
0.73, 165119
0.74, 164513
0.74, 164123
0.74, 163402
0.74, 161862
0.74, 161292
0.74, 160072
0.74, 159863
0.74, 159261
0.74, 157833
0.74, 157512
0.74, 156631
0.74, 156168
0.74, 155659
0.74, 155213
0.74, 154825
0.74, 154802
0.74, 154237
0.74, 153032
0.75, 152836
0.75, 152108
0.75, 152095
0.75, 151266
0.75, 150379
0.75, 149776
0.75, 149679
0.76, 149095
0.76, 148920
0.76, 148171
0.76, 147813
0.77, 147319
0.77, 147294
0.77, 146975
0.77, 146220
0.77, 146124
0.77, 145886
0.77, 145567
0.77, 145205
0.77, 145125
0.77, 145115
0.78, 144795
0.78, 144749
0.78, 144141
0.78, 143978
0.78, 143909
0.78, 143683
0.78, 143580
0.79, 143243
0.79, 143185
0.81, 142968
0.81, 142664
0.81, 142492
0.81, 142227
0.81, 142109
0.81, 141870
0.81, 141752
0.82, 141639
0.82, 141331
0.82, 141274
0.82, 141090
0.82, 140979
0.83, 140948
0.83, 140748
0.85, 140737
0.86, 140637
0.86, 140535
0.86, 140514
0.86, 140418
0.9, 140258
0.9, 140140
0.91, 140121
0.91, 139923
0.92, 139777
