0.0, 801104
0.0, 801036
0.0, 793461
0.0, 792167
0.0, 787793
0.0, 787324
0.0, 782582
0.0, 777373
0.0, 777000
0.0, 776583
0.0, 766743
0.0, 759495
0.0, 755505
0.0, 742993
0.0, 742174
0.0, 741072
0.0, 736066
0.0, 729723
0.0, 728600
0.0, 717606
0.0, 716413
0.0, 712798
0.0, 707766
0.0, 693896
0.0, 675197
0.0, 675039
0.0, 672865
0.0, 672830
0.0, 671795
0.0, 670400
0.0, 669279
0.0, 665855
0.0, 661514
0.0, 657537
0.01, 652535
0.03, 652027
0.03, 648888
0.03, 646129
0.03, 643327
0.03, 626978
0.03, 626180
0.03, 624980
0.37, 624853
0.4, 624585
0.4, 620422
0.4, 619251
0.4, 618308
0.4, 617812
0.43, 616173
0.43, 611337
0.43, 605025
0.43, 603245
0.44, 600080
0.44, 598613
0.44, 593973
0.44, 588050
0.44, 587115
0.46, 582714
0.46, 581926
0.46, 577924
0.46, 576247
0.46, 574092
0.48, 570515
0.5, 567893
0.5, 564636
0.5, 558054
0.5, 555364
0.5, 554321
0.5, 554028
0.5, 551639
0.52, 549281
0.52, 543874
0.52, 543275
0.52, 540161
0.52, 538153
0.52, 537420
0.52, 534431
0.53, 533832
0.53, 532145
0.53, 530218
0.53, 530124
0.53, 526154
0.53, 517682
0.53, 516090
0.53, 515576
0.53, 507012
0.53, 503534
0.53, 498294
0.54, 495398
0.54, 491543
0.54, 488646
0.54, 488166
0.55, 484927
0.55, 483441
0.55, 482871
0.55, 479211
0.55, 478827
0.55, 474937
0.55, 474757
0.55, 474026
0.55, 473387
0.55, 463439
0.55, 463218
0.55, 460809
0.55, 460169
0.55, 457443
0.55, 455415
0.55, 453810
0.55, 452869
0.56, 452251
0.56, 451059
0.56, 450845
0.56, 450524
0.56, 449986
0.56, 448360
0.56, 439032
0.56, 431607
0.56, 428117
0.56, 420742
0.56, 420356
0.56, 418871
0.56, 418788
0.56, 414601
0.56, 412390
0.56, 412056
0.56, 408789
0.56, 407772
0.56, 402291
0.56, 401975
0.56, 395736
0.56, 395176
0.56, 392936
0.56, 391455
0.58, 389915
0.58, 388928
0.58, 385681
0.59, 383060
0.59, 382834
0.59, 381497
0.59, 378527
0.59, 377277
0.59, 375705
0.59, 373647
0.59, 370951
0.59, 370750
0.59, 368493
0.59, 361828
0.59, 359433
0.59, 359113
0.59, 357605
0.59, 357447
0.59, 354236
0.6, 353523
0.6, 348404
0.6, 347905
0.6, 339960
0.6, 336699
0.6, 335440
0.6, 334482
0.6, 333043
0.61, 331316
0.61, 330804
0.61, 327724
0.61, 326816
0.61, 323342
0.61, 322941
0.61, 320189
0.61, 319956
0.61, 316685
0.61, 316337
0.62, 313471
0.62, 313425
0.62, 307785
0.62, 307192
0.62, 306534
0.62, 306528
0.62, 305057
0.62, 304317
0.62, 302363
0.62, 302362
0.62, 301323
0.63, 300877
0.63, 300333
0.63, 299269
0.63, 299254
0.63, 294994
0.63, 294845
0.63, 291986
0.63, 291334
0.63, 288631
0.63, 286869
0.63, 285589
0.64, 284891
0.64, 281662
0.64, 279543
0.64, 277690
0.64, 276672
0.64, 273993
0.64, 273487
0.64, 272355
0.64, 272338
0.64, 272241
0.64, 270838
0.64, 267298
0.64, 266279
0.64, 264599
0.64, 263104
0.64, 261939
0.65, 261346
0.65, 260944
0.65, 258214
0.65, 257563
0.65, 256808
0.65, 255987
0.65, 255607
0.65, 255257
0.65, 249984
0.65, 248039
0.65, 247970
0.65, 247325
0.65, 247294
0.65, 246598
0.65, 246450
0.65, 245540
0.65, 244185
0.65, 243982
0.65, 243898
0.65, 243592
0.65, 242057
0.65, 241977
0.65, 240853
0.65, 239512
0.65, 239476
0.65, 238021
0.65, 235234
0.65, 234748
0.65, 234639
0.65, 233944
0.65, 233336
0.65, 231615
0.66, 231590
0.66, 231413
0.66, 230678
0.66, 227663
0.66, 226332
0.66, 226263
0.66, 225802
0.66, 225580
0.66, 223351
0.66, 223206
0.66, 220335
0.66, 219617
0.66, 219525
0.66, 218978
0.66, 217015
0.66, 216810
0.66, 216604
0.66, 215902
0.66, 215669
0.66, 214695
0.66, 214248
0.67, 212494
0.67, 212340
0.67, 212165
0.67, 211254
0.67, 209720
0.67, 208776
0.67, 208118
0.67, 208001
0.67, 205679
0.67, 205177
0.67, 203797
0.67, 202028
0.67, 199590
0.67, 199363
0.67, 198971
0.68, 197733
0.68, 196683
0.68, 196649
0.68, 196327
0.69, 196052
0.69, 195810
0.69, 195762
0.69, 195737
0.69, 194816
0.69, 194624
0.69, 193985
0.69, 193685
0.69, 193501
0.69, 192437
0.69, 191993
0.69, 191180
0.69, 190981
0.7, 190229
0.7, 188633
0.7, 187990
0.7, 187756
0.7, 187730
0.7, 187715
0.7, 187447
0.7, 186431
0.71, 185505
0.71, 184499
0.71, 183012
0.71, 182510
0.71, 182380
0.71, 182056
0.71, 180619
0.71, 179437
0.71, 178748
0.71, 177972
0.71, 176687
0.71, 176451
0.71, 175014
0.71, 174666
0.71, 173912
0.71, 173296
0.71, 171896
0.71, 171579
0.71, 171570
0.71, 170407
0.71, 169674
0.71, 169472
0.72, 169460
0.72, 169229
0.72, 169131
0.72, 166540
0.72, 165977
0.72, 165888
0.72, 165652
0.72, 165171
0.72, 165108
0.72, 164554
0.72, 163733
0.72, 163432
0.72, 163206
0.72, 162081
0.72, 161647
0.72, 161125
0.72, 159884
0.72, 159228
0.72, 159112
0.72, 157622
0.74, 157205
0.74, 156726
0.74, 156574
0.74, 156411
0.74, 155854
0.74, 154605
0.74, 153759
0.74, 152830
0.74, 152167
0.75, 151783
0.75, 151648
0.75, 150737
0.75, 150406
0.75, 149088
0.75, 148866
0.75, 148616
0.75, 148477
0.75, 148431
0.75, 148387
0.76, 148254
0.76, 148158
0.76, 147781
0.76, 147087
0.76, 146340
0.76, 145803
0.76, 144176
0.76, 143823
0.76, 143818
0.76, 143521
0.76, 143414
0.76, 142918
0.76, 142390
0.78, 141909
0.78, 141839
0.78, 141103
0.78, 141065
0.78, 140988
0.78, 140842
0.78, 140767
0.79, 140719
0.8, 140425
0.8, 140279
0.8, 140241
0.8, 140224
0.8, 139722
0.8, 139639
0.81, 139608
0.81, 139495
0.81, 139210
0.81, 139141
0.82, 139082
0.84, 138868
0.84, 138778
0.85, 138771
0.85, 138432
0.85, 138180
0.86, 137954
0.87, 137924
0.87, 137835
0.89, 137756
