0.0, 713337
0.0, 705486
0.0, 704384
0.0, 703229
0.0, 688845
0.0, 687647
0.0, 685205
0.0, 681174
0.0, 678077
0.0, 672667
0.0, 671332
0.0, 667472
0.02, 657784
0.03, 657018
0.03, 644765
0.03, 642403
0.03, 642237
0.03, 638872
0.07, 636707
0.18, 635742
0.18, 630951
0.18, 629555
0.37, 624567
0.37, 623260
0.37, 620743
0.37, 617681
0.37, 616829
0.41, 615748
0.41, 608734
0.41, 608292
0.41, 607752
0.46, 606458
0.46, 603212
0.46, 595049
0.47, 594192
0.52, 591597
0.52, 591594
0.52, 582414
0.52, 582230
0.52, 575249
0.52, 572645
0.58, 572220
0.58, 561611
0.58, 559928
0.58, 559078
0.58, 553743
0.58, 552988
0.58, 550902
0.61, 550564
0.61, 546786
0.61, 540290
0.61, 538101
0.61, 533651
0.61, 530350
0.64, 530122
0.64, 529134
0.64, 521629
0.64, 519081
0.64, 515637
0.64, 515584
0.64, 511854
0.64, 504917
0.64, 501268
0.67, 497848
0.67, 496631
0.67, 496616
0.67, 495891
0.67, 494731
0.67, 490817
0.67, 488186
0.67, 481833
0.67, 481445
0.69, 480649
0.69, 479971
0.69, 476254
0.69, 474352
0.69, 473313
0.69, 471412
0.69, 471026
0.69, 470211
0.69, 468854
0.69, 468814
0.69, 466549
0.69, 456946
0.69, 456248
0.69, 454347
0.69, 454329
0.69, 453245
0.69, 452132
0.69, 449835
0.69, 446850
0.69, 442759
0.69, 442521
0.7, 441557
0.7, 439086
0.71, 438485
0.71, 436456
0.71, 436078
0.71, 435078
0.71, 433553
0.71, 433066
0.71, 427184
0.71, 425371
0.71, 425367
0.71, 423819
0.71, 421440
0.71, 420987
0.71, 420195
0.71, 420043
0.71, 415554
0.72, 414778
0.72, 411231
0.73, 411110
0.73, 408755
0.73, 408086
0.73, 407959
0.73, 401880
0.73, 392128
0.73, 390590
0.73, 389724
0.73, 388466
0.73, 386504
0.73, 386128
0.73, 384419
0.73, 384064
0.74, 381135
0.74, 380774
0.74, 372079
0.74, 371205
0.74, 370009
0.74, 369950
0.74, 369098
0.74, 363267
0.74, 355629
0.74, 352447
0.74, 352054
0.74, 350741
0.74, 350253
0.74, 349155
0.74, 348145
0.74, 347270
0.74, 347168
0.74, 345421
0.74, 343404
0.74, 341112
0.74, 339316
0.74, 334779
0.74, 327986
0.74, 327848
0.8, 326801
0.8, 325069
0.81, 324165
0.81, 317939
0.81, 315665
0.81, 313918
0.81, 310338
0.81, 308253
0.81, 307957
0.81, 307133
0.81, 300969
0.81, 300737
0.81, 300626
0.81, 299862
0.81, 297629
0.81, 296717
0.81, 296039
0.81, 289808
0.82, 289024
0.82, 288998
0.82, 285010
0.82, 284825
0.82, 283181
0.82, 282668
0.82, 281643
0.82, 281592
0.82, 281564
0.82, 277817
0.82, 273607
0.82, 272097
0.82, 271079
0.82, 268163
0.82, 267975
0.82, 265955
0.82, 261624
0.82, 261442
0.82, 258842
0.83, 258784
0.83, 257925
0.83, 257240
0.83, 257108
0.83, 256714
0.83, 256670
0.83, 255971
0.83, 255191
0.83, 252756
0.83, 252410
0.83, 251912
0.83, 251630
0.83, 251603
0.83, 251190
0.83, 250996
0.83, 250282
0.84, 247441
0.84, 246743
0.85, 246553
0.85, 245274
0.85, 244170
0.85, 244084
0.85, 243632
0.85, 242824
0.85, 242145
0.85, 241699
0.85, 238514
0.85, 237744
0.85, 236984
0.85, 235348
0.85, 234971
0.85, 232764
0.85, 232331
0.85, 232293
0.86, 231867
0.86, 231592
0.86, 230425
0.87, 229542
0.87, 228582
0.87, 228539
0.87, 227848
0.87, 226486
0.87, 226221
0.87, 224469
0.87, 223622
0.87, 223318
0.87, 220853
0.87, 219736
0.87, 219416
0.87, 216359
0.87, 215037
0.87, 214748
0.87, 214119
0.87, 213960
0.87, 213572
0.87, 213244
0.87, 211381
0.87, 211252
0.87, 210663
0.87, 210341
0.87, 208138
0.87, 205842
0.87, 205744
0.87, 204334
0.87, 204204
0.87, 203016
0.87, 202404
0.89, 201789
0.89, 201645
0.89, 200924
0.89, 200064
0.89, 200007
0.89, 198418
0.89, 198198
0.89, 197746
0.89, 196733
0.89, 195233
0.89, 194754
0.89, 194517
0.89, 193843
0.89, 193765
0.89, 192858
0.89, 192586
0.89, 191941
0.89, 190951
0.89, 190282
0.89, 189306
0.89, 189192
0.89, 186953
0.89, 186666
0.89, 186087
0.89, 185266
0.89, 184953
0.89, 184039
0.89, 183977
0.89, 182842
0.91, 182496
0.91, 182410
0.91, 180811
0.91, 180670
0.91, 180349
0.91, 178857
0.92, 177373
0.92, 177047
0.92, 176657
0.92, 175988
0.92, 175101
0.92, 174848
0.92, 174498
0.92, 173858
0.92, 173109
0.92, 173018
0.93, 172824
0.93, 172574
0.93, 172227
0.93, 171418
0.93, 170890
0.94, 170607
0.94, 170368
0.94, 169762
0.94, 169523
0.94, 168747
0.94, 167976
0.94, 167812
0.94, 165619
0.94, 165435
0.94, 164911
0.94, 163285
0.95, 163176
0.95, 162739
0.95, 162556
0.96, 161969
0.96, 161902
0.96, 161059
0.96, 160980
0.96, 160250
0.96, 160079
0.96, 159902
0.96, 158894
0.96, 158005
0.96, 157414
0.96, 157326
0.96, 157284
0.96, 156622
0.96, 156519
0.96, 156338
0.96, 156281
0.96, 155998
0.96, 155990
0.96, 154978
0.96, 154410
0.96, 154375
0.96, 153872
0.96, 151576
0.96, 151207
0.97, 150470
0.97, 150010
0.97, 149658
0.97, 149628
0.99, 149421
0.99, 148793
0.99, 148787
0.99, 148197
0.99, 147501
0.99, 147227
1.0, 147066
1.0, 146867
1.0, 146818
1.0, 146295
1.0, 145821
1.0, 145466
1.0, 145241
1.0, 145234
1.0, 144941
1.0, 144589
1.0, 144452
1.0, 144263
1.01, 143889
1.01, 143841
1.01, 143667
1.01, 142989
1.01, 142926
1.01, 142821
1.02, 142807
1.03, 142694
1.05, 142533
1.05, 142321
1.08, 142261
1.08, 142043
1.08, 141985
1.08, 141955
1.08, 141915
1.08, 141898
1.08, 141722
1.09, 141257
1.09, 140610
1.1, 140521
1.1, 140442
1.11, 140331
1.11, 140328
