0.0, 764958
0.0, 763083
0.0, 756678
0.0, 750451
0.0, 747139
0.0, 746750
0.0, 746437
0.0, 745674
0.0, 745296
0.0, 736258
0.0, 731447
0.0, 725307
0.0, 720235
0.0, 720026
0.0, 710472
0.0, 710328
0.0, 709769
0.0, 707238
0.0, 706191
0.0, 696582
0.0, 695290
0.0, 675323
0.01, 674533
0.01, 673502
0.01, 670002
0.01, 669603
0.01, 659772
0.01, 657997
0.05, 655196
0.05, 653693
0.05, 652158
0.05, 647368
0.05, 646789
0.06, 646451
0.06, 645548
0.08, 640761
0.08, 640045
0.11, 638490
0.11, 637760
0.11, 636616
0.15, 633448
0.24, 623339
0.24, 616713
0.45, 613695
0.45, 610216
0.45, 609411
0.45, 605557
0.45, 601925
0.45, 601575
0.46, 589410
0.46, 588993
0.5, 586751
0.5, 586174
0.5, 581903
0.5, 579435
0.5, 579389
0.5, 577483
0.5, 577194
0.5, 573079
0.5, 573062
0.5, 572864
0.52, 572757
0.52, 571408
0.52, 565420
0.52, 561342
0.52, 542661
0.52, 542056
0.54, 541452
0.54, 540981
0.54, 538064
0.54, 536797
0.55, 536208
0.55, 536085
0.55, 534935
0.55, 529323
0.55, 525346
0.55, 521276
0.55, 520726
0.55, 514287
0.55, 511747
0.55, 508971
0.55, 505415
0.55, 499463
0.55, 494767
0.55, 492079
0.55, 491431
0.55, 490162
0.55, 488253
0.55, 482541
0.55, 482134
0.55, 481269
0.55, 479070
0.55, 478946
0.55, 478020
0.55, 476742
0.55, 472816
0.55, 470687
0.55, 460073
0.55, 455208
0.55, 454192
0.55, 452850
0.58, 452555
0.58, 450934
0.58, 450795
0.58, 445711
0.58, 444918
0.58, 441662
0.58, 440281
0.58, 436315
0.58, 434938
0.58, 431345
0.58, 430388
0.58, 428502
0.58, 427650
0.58, 422409
0.58, 421514
0.58, 419205
0.58, 418858
0.58, 416809
0.58, 413213
0.59, 406001
0.59, 405340
0.59, 403670
0.59, 401438
0.59, 397167
0.59, 394339
0.59, 392269
0.6, 385684
0.6, 384868
0.6, 384650
0.6, 384088
0.6, 383397
0.6, 380981
0.61, 380476
0.61, 379729
0.62, 375699
0.62, 366658
0.62, 361234
0.62, 359810
0.62, 359772
0.62, 359633
0.62, 357259
0.62, 357216
0.62, 354950
0.62, 353182
0.62, 350112
0.62, 348256
0.62, 346000
0.62, 343530
0.62, 341429
0.62, 340079
0.62, 338584
0.62, 337960
0.62, 337859
0.62, 336150
0.62, 333180
0.62, 333074
0.62, 331893
0.62, 329144
0.63, 329053
0.63, 327687
0.64, 326900
0.64, 325509
0.64, 324485
0.64, 324103
0.64, 323924
0.64, 321331
0.64, 319712
0.64, 318177
0.64, 315338
0.64, 309035
0.64, 306665
0.64, 305175
0.64, 302870
0.64, 301701
0.64, 298148
0.64, 295300
0.64, 293279
0.64, 291694
0.64, 291102
0.64, 290887
0.64, 289851
0.64, 289244
0.64, 288968
0.64, 288719
0.64, 284378
0.64, 283919
0.64, 281066
0.64, 279730
0.64, 279113
0.64, 278177
0.64, 274661
0.64, 270809
0.64, 270762
0.64, 270313
0.64, 267700
0.64, 267633
0.64, 266696
0.64, 266685
0.64, 266105
0.66, 265853
0.66, 261352
0.66, 261299
0.67, 260325
0.67, 259348
0.67, 256241
0.67, 255319
0.67, 255226
0.67, 254470
0.67, 251877
0.68, 251110
0.68, 250366
0.68, 249890
0.68, 249430
0.68, 249181
0.68, 248289
0.68, 247710
0.68, 246756
0.68, 246277
0.68, 244777
0.68, 243791
0.68, 243135
0.68, 242981
0.68, 242631
0.68, 242098
0.68, 241746
0.68, 240831
0.68, 240292
0.68, 239665
0.69, 237017
0.69, 233131
0.69, 232758
0.69, 232255
0.69, 231375
0.69, 230783
0.69, 230507
0.69, 229665
0.69, 229083
0.69, 228428
0.69, 226768
0.69, 226440
0.69, 224007
0.7, 223235
0.7, 222694
0.7, 221962
0.7, 219602
0.7, 219285
0.7, 218299
0.7, 217651
0.7, 216512
0.7, 216204
0.7, 214764
0.7, 210551
0.7, 210510
0.7, 208917
0.7, 208441
0.71, 208400
0.71, 208241
0.71, 208064
0.71, 207941
0.72, 207338
0.72, 206677
0.72, 206387
0.72, 205982
0.72, 205891
0.72, 204050
0.72, 203881
0.72, 202520
0.72, 202374
0.72, 200741
0.72, 199298
0.72, 198567
0.72, 198139
0.72, 196766
0.72, 194951
0.72, 193940
0.72, 192505
0.73, 191816
0.73, 189103
0.73, 188351
0.73, 187908
0.73, 187798
0.73, 186922
0.74, 185973
0.74, 184226
0.74, 183973
0.74, 183042
0.74, 182974
0.74, 181634
0.74, 180454
0.74, 179673
0.74, 179561
0.74, 178759
0.75, 177707
0.75, 176873
0.75, 176821
0.75, 174728
0.75, 174657
0.75, 174581
0.75, 174533
0.75, 174211
0.75, 173110
0.75, 173099
0.75, 171516
0.75, 170556
0.75, 170239
0.75, 169686
0.75, 169575
0.75, 169568
0.75, 168424
0.75, 168071
0.75, 167999
0.75, 167570
0.75, 167566
0.76, 167310
0.76, 166853
0.76, 166113
0.76, 165579
0.76, 165285
0.76, 163816
0.77, 162876
0.77, 162777
0.77, 162612
0.77, 162117
0.77, 161381
0.77, 161048
0.77, 160864
0.77, 160405
0.77, 160135
0.77, 159473
0.77, 159153
0.77, 158854
0.77, 158560
0.77, 157835
0.78, 157382
0.78, 157010
0.78, 156830
0.78, 156696
0.78, 155738
0.78, 155482
0.79, 155116
0.79, 155073
0.79, 154099
0.79, 153968
0.79, 153963
0.79, 153885
0.79, 153778
0.79, 152590
0.79, 152556
0.79, 152205
0.79, 151493
0.8, 151317
0.8, 150815
0.8, 149956
0.8, 149902
0.8, 149792
0.8, 149727
0.8, 149682
0.8, 149529
0.8, 149447
0.81, 148208
0.81, 148023
0.81, 147938
0.81, 147659
0.81, 147551
0.81, 147212
0.81, 146841
0.81, 146621
0.81, 146250
0.82, 146199
0.82, 145944
0.82, 145647
0.82, 145252
0.83, 144754
0.83, 144553
0.83, 144448
0.83, 144418
0.85, 144387
0.86, 144118
0.86, 144063
0.86, 143454
0.87, 142256
0.87, 141371
0.87, 140553
0.87, 139947
0.88, 139155
0.88, 139140
0.88, 139095
0.88, 138590
0.88, 138511
0.88, 138496
0.89, 138206
0.9, 137669
0.9, 137431
0.91, 137350
0.92, 137247
0.94, 137194
0.95, 137091
