20.93, 744886
40.46, 717548
60.79, 691911
82.79, 667956
102.72, 645466
122.41, 623803
141.98, 600171
161.14, 582789
181.3, 566288
200.52, 550377
219.39, 534463
238.2, 518841
257.77, 503566
277.01, 488707
295.71, 474724
314.73, 459642
333.46, 446571
351.99, 433867
371.54, 421969
389.89, 409456
408.48, 397758
427.81, 387324
446.85, 377286
466.53, 367041
485.55, 357334
505.09, 347775
524.19, 339266
543.68, 330385
562.9, 321888
581.65, 313420
600.13, 305233
619.89, 297171
638.96, 289267
657.51, 281819
677.02, 274773
696.42, 268297
714.87, 261906
734.3, 255696
753.08, 250770
772.36, 244466
792.5, 239811
813.19, 234773
835.36, 230977
855.23, 227557
875.46, 224483
894.59, 221637
913.9, 218856
933.92, 216089
953.1, 213391
972.14, 209677
991.89, 206195
1012.31, 203418
1034.18, 201017
1056.24, 198641
1092.39, 196326
1116.58, 194052
1136.26, 191831
1156.33, 189979
1176.0, 188127
1195.41, 185419
1215.65, 183605
1234.85, 181921
1253.96, 180375
1273.28, 178922
1292.43, 177186
1311.54, 175756
1331.03, 174343
1350.53, 173060
1369.05, 171819
1388.26, 170581
1408.29, 169357
1427.05, 168194
1446.44, 167095
1466.08, 165866
1484.83, 164796
1503.92, 163733
1522.96, 162767
1543.62, 161802
1564.22, 160878
1589.2, 159990
1615.45, 159123
1634.61, 158268
1654.16, 155875
1673.56, 155025
1692.31, 154187
1711.84, 153355
1730.47, 152615
1749.03, 151877
1768.21, 151028
1786.99, 150369
1805.66, 149406
1825.15, 148779
1843.94, 148251
1862.59, 147786
1882.22, 147324
1901.25, 146917
1920.26, 146526
1940.2, 146162
1958.7, 145813
1977.1, 144282
1995.9, 143963
2015.17, 142888
2034.58, 142575
2054.28, 142323
2074.23, 142127
2096.47, 141712
2116.35, 141521
2136.26, 140111
2155.61, 139927
2175.03, 139759
