19.82, 712688
38.24, 688179
57.36, 665601
76.08, 644992
95.41, 625631
115.8, 608440
134.95, 591393
155.09, 574742
174.29, 559263
193.13, 544800
211.98, 531264
231.14, 517876
250.34, 504061
269.54, 490513
288.57, 477227
308.21, 464415
327.04, 452938
345.94, 441571
365.84, 429628
386.43, 418565
405.93, 407998
426.01, 398618
444.88, 388081
463.77, 378792
495.62, 369839
515.34, 360929
535.2, 352259
554.35, 343673
572.89, 334044
591.68, 326340
610.35, 318035
629.7, 308885
649.19, 301271
668.16, 294145
687.36, 287518
706.25, 281221
725.37, 275211
744.68, 269467
763.48, 263928
782.43, 258584
802.42, 253651
821.34, 248972
840.54, 244415
859.88, 240020
878.91, 235381
897.4, 231171
916.76, 227243
935.76, 223349
954.73, 219533
974.04, 215907
993.48, 212382
1014.57, 209160
1038.07, 206049
1060.75, 203061
1126.68, 200173
1151.85, 197640
1173.71, 195027
1196.05, 192570
1220.6, 190333
1242.46, 187942
1263.04, 185752
1283.2, 183566
1304.41, 181466
1324.37, 178794
1343.54, 176956
1364.33, 175150
1383.47, 172341
1402.79, 170629
1422.17, 168933
1441.09, 167418
1460.05, 166015
1478.78, 164820
1499.77, 162897
1518.34, 161758
1537.97, 160665
1560.77, 159615
1586.36, 158608
1637.32, 157735
1658.81, 156668
1678.11, 155816
1697.36, 154290
1717.21, 153479
1737.05, 152741
1756.25, 151892
1775.58, 151180
1794.23, 150497
1813.56, 149187
1833.16, 148509
1852.37, 147591
1871.06, 146973
1889.84, 144914
1908.74, 144382
1927.47, 143854
1946.41, 143365
1966.0, 142995
1985.45, 142659
2004.48, 142332
2023.49, 142019
2042.07, 141767
2060.75, 141541
2080.24, 141331
2100.56, 141203
2120.89, 141100
2141.82, 141083
2162.64, 141082
2182.01, 140919
