0.0, 790808
0.0, 789921
0.0, 788668
0.0, 778416
0.0, 777950
0.0, 769487
0.0, 763829
0.0, 763646
0.0, 762321
0.0, 755813
0.0, 743019
0.0, 742112
0.0, 731884
0.0, 731312
0.0, 726197
0.0, 720779
0.0, 718695
0.0, 715823
0.0, 714754
0.0, 695446
0.0, 684490
0.0, 682611
0.0, 676787
0.0, 676154
0.0, 675093
0.0, 671610
0.0, 670662
0.01, 669190
0.01, 667322
0.01, 663193
0.01, 653017
0.01, 634813
0.01, 633700
0.01, 621370
0.17, 620728
0.29, 619386
0.29, 618410
0.4, 614460
0.46, 613494
0.46, 612899
0.46, 612578
0.46, 612062
0.46, 607726
0.46, 606422
0.46, 601299
0.46, 600540
0.47, 592419
0.47, 580322
0.5, 579996
0.5, 575733
0.5, 575687
0.5, 575007
0.5, 572544
0.5, 572351
0.5, 564753
0.5, 562194
0.5, 561099
0.5, 557562
0.5, 554867
0.5, 551344
0.5, 551044
0.5, 549933
0.5, 547547
0.5, 546774
0.51, 546472
0.51, 546147
0.51, 546014
0.51, 542140
0.51, 541694
0.51, 541676
0.51, 541609
0.51, 535810
0.51, 533518
0.51, 532184
0.51, 528162
0.52, 527231
0.52, 527199
0.52, 519970
0.52, 508040
0.52, 506508
0.52, 504836
0.52, 501333
0.52, 500295
0.52, 495395
0.52, 491285
0.52, 485169
0.52, 484198
0.52, 476129
0.52, 473747
0.54, 473095
0.54, 469834
0.54, 469573
0.54, 466975
0.54, 464317
0.54, 461482
0.54, 459655
0.54, 458786
0.54, 453862
0.55, 452528
0.55, 450040
0.55, 445624
0.55, 440326
0.56, 438301
0.56, 437911
0.56, 437730
0.56, 433118
0.56, 433026
0.56, 428751
0.56, 428603
0.56, 426644
0.56, 420863
0.56, 413621
0.56, 410767
0.56, 410036
0.56, 409017
0.56, 409003
0.56, 395760
0.58, 393045
0.58, 392688
0.58, 389552
0.58, 380229
0.58, 379876
0.58, 377878
0.59, 372940
0.59, 372063
0.59, 369291
0.59, 365900
0.59, 365799
0.59, 365392
0.59, 362217
0.59, 361205
0.59, 360916
0.59, 360798
0.59, 360469
0.59, 358701
0.59, 358157
0.59, 356872
0.59, 353594
0.59, 352470
0.59, 351849
0.59, 351398
0.59, 350888
0.59, 346104
0.59, 344249
0.59, 344023
0.59, 343847
0.59, 343250
0.59, 342581
0.59, 336002
0.59, 333097
0.59, 330237
0.59, 326950
0.59, 326580
0.59, 325484
0.59, 322451
0.59, 322368
0.59, 316090
0.59, 314710
0.59, 312024
0.59, 309530
0.59, 309050
0.59, 308381
0.6, 307361
0.6, 307173
0.6, 305565
0.6, 302727
0.6, 301909
0.6, 300495
0.6, 299211
0.6, 298126
0.6, 296803
0.6, 294161
0.6, 290511
0.6, 289591
0.6, 289241
0.6, 285500
0.6, 284871
0.62, 284512
0.62, 284120
0.62, 283019
0.62, 281662
0.62, 281578
0.63, 281488
0.63, 279868
0.63, 279475
0.63, 279235
0.63, 276220
0.63, 275899
0.63, 274647
0.63, 274089
0.63, 272512
0.63, 272093
0.63, 271617
0.63, 270751
0.63, 266603
0.63, 264710
0.64, 263371
0.64, 261695
0.64, 260964
0.64, 259717
0.64, 258174
0.64, 258111
0.64, 256743
0.64, 256704
0.64, 255259
0.64, 253519
0.64, 248739
0.64, 247346
0.64, 244152
0.64, 243590
0.64, 242936
0.64, 242670
0.65, 242223
0.65, 241633
0.65, 241623
0.65, 241370
0.65, 241273
0.65, 239499
0.65, 239082
0.65, 239054
0.65, 237727
0.65, 237177
0.65, 234638
0.65, 233519
0.65, 232400
0.65, 232038
0.65, 231931
0.65, 231322
0.65, 230205
0.65, 229787
0.65, 228798
0.65, 228750
0.65, 228055
0.65, 226864
0.65, 225344
0.65, 225072
0.65, 224924
0.65, 224531
0.65, 224174
0.65, 223383
0.65, 222708
0.65, 222083
0.65, 220575
0.65, 220350
0.65, 219483
0.65, 216973
0.65, 216625
0.65, 216512
0.65, 215034
0.65, 213869
0.65, 213591
0.65, 213438
0.65, 213057
0.65, 212799
0.65, 211412
0.65, 210753
0.65, 207613
0.67, 206200
0.68, 206183
0.68, 204504
0.68, 203886
0.68, 203878
0.68, 202164
0.68, 201554
0.68, 201419
0.68, 199951
0.68, 199851
0.68, 197090
0.68, 197044
0.68, 196348
0.68, 195829
0.68, 195651
0.68, 195194
0.68, 192519
0.68, 191815
0.68, 189564
0.68, 188928
0.68, 188386
0.69, 187932
0.69, 187748
0.69, 185576
0.69, 184956
0.69, 183714
0.69, 183606
0.69, 182841
0.69, 182273
0.69, 181657
0.69, 181072
0.69, 180610
0.69, 179112
0.69, 178745
0.69, 178625
0.69, 177894
0.69, 176580
0.7, 176479
0.7, 176466
0.71, 176163
0.71, 175376
0.71, 175027
0.71, 173517
0.71, 173111
0.71, 172788
0.71, 172519
0.71, 171679
0.71, 171638
0.71, 171380
0.71, 170985
0.71, 168799
0.72, 168516
0.72, 166747
0.72, 166392
0.72, 166345
0.72, 166289
0.72, 166084
0.72, 165641
0.72, 164768
0.72, 164334
0.72, 162864
0.72, 162638
0.73, 160754
0.73, 160232
0.73, 159819
0.73, 159455
0.73, 159036
0.73, 158092
0.73, 158060
0.73, 157654
0.73, 156677
0.73, 155823
0.73, 155055
0.73, 154318
0.73, 154197
0.74, 153932
0.74, 153907
0.74, 153739
0.74, 152964
0.74, 152404
0.75, 152160
0.75, 151667
0.75, 151473
0.75, 151255
0.75, 151236
0.75, 150621
0.75, 150519
0.75, 150003
0.76, 149387
0.76, 148185
0.76, 148157
0.76, 147924
0.76, 147881
0.76, 147826
0.76, 146925
0.76, 146622
0.76, 146264
0.76, 145517
0.76, 144331
0.76, 143756
0.76, 143559
0.76, 142749
0.76, 142481
0.77, 141910
0.77, 141855
0.77, 141633
0.77, 140849
0.77, 140251
0.77, 139738
0.77, 139011
0.77, 138986
0.77, 138693
0.81, 138651
0.81, 138332
0.81, 138139
0.82, 138122
