20.39, 758017
39.48, 727301
58.48, 702833
79.0, 678625
97.95, 656679
117.13, 634363
136.72, 615445
156.31, 596482
175.33, 579154
194.87, 561249
213.42, 545721
232.51, 530457
252.03, 515997
270.67, 501300
289.68, 487371
309.03, 474428
328.08, 461174
347.49, 448433
369.07, 437048
387.72, 425505
406.57, 414122
425.6, 402899
445.38, 391892
463.91, 380902
482.89, 369956
503.41, 359712
522.77, 349989
541.62, 340169
560.86, 331185
580.02, 323231
601.43, 314307
624.86, 307686
643.97, 301068
662.62, 293588
681.86, 287138
700.59, 280597
719.67, 274167
739.13, 267996
757.74, 262292
776.94, 255816
795.89, 250147
815.23, 244908
834.02, 240212
853.08, 235737
872.39, 230175
891.39, 225745
910.24, 221274
929.49, 217820
947.92, 214692
967.55, 210883
987.06, 207485
1008.15, 204344
1033.94, 201688
1054.7, 199065
1096.6, 196467
1116.91, 193897
1137.17, 191308
1156.82, 188764
1175.91, 186490
1195.44, 184415
1215.05, 182439
1234.09, 180469
1253.2, 178559
1273.31, 176756
1294.72, 175022
1318.44, 173330
1341.95, 171684
1361.22, 169643
1382.46, 168275
1404.32, 167067
1427.34, 165464
1449.68, 164317
1470.1, 163085
1489.98, 161934
1508.77, 160808
1531.79, 159730
1552.5, 158723
1590.58, 157425
1611.09, 156482
1630.32, 154933
1649.73, 154066
1669.05, 153217
1688.47, 152377
1707.35, 151568
1726.09, 150619
1745.53, 149832
1764.92, 149072
1783.94, 148318
1803.36, 147573
1823.41, 146906
1844.26, 146241
1864.42, 145593
1883.08, 145020
1901.96, 144463
1921.55, 143940
1940.55, 143494
1959.69, 142317
1979.05, 141931
1998.39, 141679
2017.1, 141461
2035.71, 141304
2057.21, 141041
2077.31, 140937
2097.52, 140834
2117.17, 140738
2136.02, 140675
2154.6, 140173
2173.71, 139790
2192.63, 139765
2211.49, 139341
