23.29, 741823
43.74, 714884
63.15, 690658
83.5, 669006
103.49, 645174
123.76, 625628
144.49, 606521
164.09, 588655
183.69, 572046
204.73, 555678
228.36, 540275
247.94, 524349
270.38, 510151
290.42, 495967
310.88, 482682
332.24, 469760
352.77, 457395
371.79, 445088
392.12, 432935
412.92, 420942
433.15, 409277
459.61, 398239
484.54, 387398
508.93, 376851
530.01, 366378
553.73, 356421
575.93, 346637
596.68, 337052
616.45, 327570
636.08, 318944
655.44, 310526
675.18, 302753
694.23, 295665
713.03, 288600
731.68, 281636
750.88, 274022
769.5, 267812
788.16, 262381
807.41, 257200
825.8, 250711
844.59, 246159
863.89, 241610
882.83, 237896
901.58, 234253
920.71, 230834
938.95, 227685
957.58, 223484
976.61, 220487
996.16, 217534
1018.23, 214723
1037.98, 211929
1077.54, 208732
1096.49, 205385
1116.02, 202666
1137.92, 200114
1160.7, 197692
1182.8, 195431
1203.0, 193292
1221.86, 191240
1240.63, 189270
1260.09, 187352
1278.97, 185482
1297.57, 183619
1316.75, 181644
1334.81, 179909
1354.06, 178290
1373.3, 175098
1392.01, 173491
1410.69, 171912
1429.5, 170521
1448.67, 169236
1467.26, 168059
1485.63, 166591
1504.38, 165441
1523.57, 164031
1542.28, 163005
1561.52, 161995
1580.41, 161086
1598.86, 160242
1617.9, 159422
1636.13, 158604
1656.04, 157542
1676.28, 155571
1695.22, 154814
1713.98, 153746
1733.28, 152993
1751.68, 152246
1770.24, 151513
1788.98, 150776
1807.96, 150165
1827.16, 149581
1846.49, 149016
1865.56, 148463
1884.3, 147971
1903.13, 147613
1922.36, 147274
1941.29, 146626
1960.13, 146313
1981.67, 146023
2002.32, 145760
2021.73, 145373
2040.56, 145120
2059.5, 144894
2078.14, 144673
2097.12, 143365
2116.19, 142852
2134.62, 142634
2152.95, 142450
2172.18, 142314
2190.25, 142179
2208.6, 142048
2227.57, 141975
2246.02, 141102
2264.77, 141096
