21.18, 732371
41.88, 706135
61.68, 685611
80.5, 665571
99.64, 645795
119.43, 624205
139.75, 607892
158.76, 592410
178.08, 577078
197.44, 561828
216.67, 545220
236.22, 530550
255.06, 515488
273.65, 501302
292.87, 486847
312.22, 472679
331.24, 460055
350.29, 447630
368.62, 435245
387.34, 423947
405.89, 412821
425.49, 400208
444.8, 387019
463.83, 376556
483.79, 366226
503.13, 356049
522.44, 346502
542.07, 337678
560.94, 329969
579.31, 321371
598.55, 312612
617.0, 305216
635.95, 297501
655.12, 291144
673.82, 282676
692.34, 275579
711.46, 269355
730.04, 262149
748.72, 257050
767.69, 252677
787.17, 248375
806.34, 244137
825.39, 239885
844.98, 235805
864.54, 231601
883.47, 227926
903.39, 223733
922.27, 220059
941.37, 215285
961.07, 211784
979.87, 207958
999.28, 204133
1021.63, 200870
1041.94, 197651
1079.11, 194850
1099.15, 192295
1118.68, 189979
1137.69, 186994
1156.63, 184777
1176.53, 182571
1196.6, 180603
1216.37, 178204
1235.31, 176462
1254.07, 174207
1272.74, 172597
1292.02, 171051
1310.47, 169505
1329.19, 168165
1348.37, 166650
1366.92, 165375
1385.4, 163701
1404.22, 161992
1423.1, 160763
1442.22, 159245
1461.82, 158141
1480.75, 157045
1499.53, 156038
1521.54, 155188
1541.31, 154339
1581.5, 153561
1601.15, 152696
1621.25, 151935
1640.44, 150506
1659.69, 149785
1679.55, 148271
1697.9, 147554
1716.36, 146842
1735.53, 146160
1754.43, 145481
1773.41, 144330
1792.51, 143603
1811.36, 142936
1830.67, 142335
1850.07, 141244
1869.12, 140731
1887.69, 140229
1906.76, 139953
1925.99, 139683
1944.34, 139013
1962.79, 138769
1982.0, 138568
2000.9, 138375
2020.0, 138200
2039.36, 138044
2058.89, 137893
2077.49, 137830
