0.0, 749585
0.0, 746636
0.0, 740017
0.0, 739316
0.0, 739149
0.0, 739015
0.0, 732827
0.0, 731497
0.0, 730991
0.0, 723640
0.0, 719956
0.0, 718456
0.0, 715940
0.0, 701373
0.0, 700773
0.0, 700467
0.0, 697709
0.0, 697447
0.0, 696820
0.0, 695386
0.0, 693853
0.0, 692906
0.0, 691410
0.0, 674577
0.02, 673546
0.02, 666399
0.02, 657184
0.02, 650413
0.06, 645065
0.06, 641061
0.13, 635937
0.17, 629093
0.44, 627676
0.45, 627522
0.45, 624663
0.45, 618129
0.45, 616978
0.51, 615580
0.51, 607472
0.51, 603541
0.51, 603503
0.51, 601200
0.51, 597629
0.51, 597611
0.51, 597173
0.51, 593980
0.51, 593723
0.51, 589358
0.53, 583604
0.53, 582778
0.53, 581130
0.53, 576499
0.53, 576057
0.53, 572159
0.53, 566033
0.53, 563958
0.53, 562124
0.55, 560091
0.55, 558600
0.55, 557769
0.55, 556357
0.57, 552540
0.57, 552228
0.57, 550210
0.57, 546651
0.57, 546050
0.57, 544795
0.57, 544616
0.57, 541879
0.57, 541249
0.57, 540216
0.58, 540150
0.58, 538687
0.58, 537469
0.58, 536419
0.58, 533755
0.58, 533073
0.58, 530204
0.58, 529586
0.58, 527759
0.58, 526714
0.59, 525180
0.59, 524557
0.59, 522121
0.59, 519472
0.59, 519360
0.59, 516386
0.59, 516349
0.59, 509660
0.6, 509100
0.6, 500886
0.6, 496730
0.6, 496110
0.6, 495510
0.6, 493436
0.6, 487038
0.6, 484261
0.6, 481285
0.6, 480538
0.6, 469324
0.6, 464428
0.62, 464025
0.62, 461477
0.62, 459660
0.62, 458186
0.62, 455636
0.62, 450852
0.62, 449421
0.62, 449034
0.62, 447870
0.62, 437167
0.62, 435824
0.62, 431068
0.62, 427093
0.64, 426891
0.64, 426240
0.64, 423834
0.64, 407007
0.64, 406740
0.64, 403005
0.64, 402476
0.64, 402085
0.65, 401917
0.65, 396671
0.65, 394570
0.65, 387236
0.65, 378378
0.65, 373925
0.65, 372927
0.65, 372656
0.65, 366211
0.65, 365410
0.66, 364857
0.66, 364350
0.66, 364331
0.66, 363087
0.66, 360897
0.66, 358912
0.66, 357486
0.66, 357376
0.66, 356484
0.66, 356144
0.66, 352227
0.66, 349364
0.66, 347231
0.66, 344274
0.66, 344065
0.66, 342190
0.66, 338282
0.66, 336754
0.68, 336277
0.68, 335039
0.68, 331002
0.68, 329103
0.68, 325089
0.68, 322173
0.69, 320232
0.69, 316039
0.69, 313555
0.69, 312520
0.69, 312303
0.69, 310684
0.7, 308906
0.7, 305918
0.7, 303205
0.7, 301815
0.7, 298777
0.7, 296861
0.7, 294525
0.71, 294343
0.71, 290063
0.71, 287845
0.71, 287459
0.71, 286408
0.71, 285888
0.71, 285487
0.71, 283459
0.71, 283263
0.71, 281995
0.71, 280670
0.71, 280612
0.71, 280401
0.71, 280208
0.72, 280043
0.72, 279528
0.72, 278603
0.72, 278551
0.72, 278248
0.72, 278199
0.72, 276520
0.72, 275239
0.72, 273721
0.72, 272555
0.72, 268852
0.72, 267389
0.73, 265211
0.73, 264568
0.73, 263940
0.73, 262709
0.73, 262653
0.73, 260167
0.73, 260140
0.73, 260106
0.73, 259789
0.73, 258869
0.73, 258394
0.73, 257648
0.73, 257463
0.73, 257003
0.73, 256785
0.73, 255293
0.73, 253202
0.73, 250012
0.73, 249695
0.73, 249048
0.73, 248781
0.73, 246819
0.73, 245734
0.73, 243914
0.73, 242632
0.73, 242231
0.74, 241376
0.74, 240387
0.74, 239615
0.74, 239170
0.74, 238657
0.74, 235903
0.74, 235704
0.74, 234777
0.74, 233473
0.74, 233304
0.74, 232173
0.74, 229925
0.74, 229910
0.74, 228992
0.74, 226936
0.74, 226855
0.74, 225279
0.74, 225107
0.74, 224443
0.74, 220406
0.74, 217165
0.74, 215963
0.75, 215062
0.75, 214711
0.75, 213519
0.75, 213488
0.75, 212662
0.75, 211883
0.75, 211748
0.75, 211105
0.75, 210902
0.75, 210209
0.75, 209401
0.75, 208435
0.75, 206849
0.75, 206218
0.75, 206163
0.75, 203826
0.75, 202789
0.75, 200211
0.75, 199850
0.76, 197890
0.76, 196839
0.76, 196716
0.76, 196354
0.76, 195905
0.76, 195867
0.76, 195438
0.76, 195099
0.76, 194259
0.76, 193461
0.76, 193381
0.76, 193290
0.76, 193254
0.76, 192898
0.76, 192882
0.76, 190248
0.76, 188526
0.76, 188413
0.76, 187622
0.76, 186795
0.76, 186402
0.76, 185958
0.76, 185851
0.76, 185436
0.78, 184855
0.78, 184597
0.78, 183712
0.78, 182280
0.78, 182235
0.78, 181710
0.79, 181481
0.79, 180800
0.79, 178394
0.79, 178172
0.79, 177737
0.79, 177490
0.79, 177365
0.79, 176741
0.8, 175081
0.8, 174978
0.8, 174159
0.8, 173533
0.8, 173523
0.8, 172682
0.81, 172463
0.81, 172189
0.81, 172144
0.81, 171584
0.81, 171439
0.81, 170563
0.81, 169831
0.81, 169190
0.81, 168974
0.81, 168763
0.81, 168679
0.81, 168362
0.81, 168247
0.81, 168131
0.81, 167362
0.81, 165912
0.81, 165735
0.81, 165596
0.81, 164854
0.82, 162400
0.82, 162380
0.82, 161776
0.82, 160734
0.82, 160184
0.82, 159850
0.82, 159250
0.82, 158911
0.82, 158652
0.82, 157650
0.82, 157407
0.82, 156879
0.82, 156135
0.82, 155927
0.82, 155816
0.82, 155317
0.82, 155259
0.82, 154864
0.83, 154471
0.83, 153676
0.83, 153065
0.83, 152945
0.83, 152731
0.83, 152583
0.83, 152359
0.83, 151735
0.83, 151381
0.83, 151307
0.83, 150952
0.84, 150170
0.84, 150035
0.84, 149817
0.84, 149589
0.84, 149221
0.84, 149072
0.84, 148937
0.84, 148749
0.84, 148691
0.84, 148636
0.84, 148166
0.85, 147617
0.85, 147391
0.85, 146240
0.85, 145481
0.85, 145455
0.85, 144583
0.85, 143013
0.85, 142821
0.85, 142603
0.85, 142277
0.86, 142063
0.86, 141677
0.86, 141623
0.86, 141231
0.86, 140672
0.87, 140568
0.87, 140264
0.87, 140189
0.87, 140032
0.87, 139576
0.87, 139350
0.87, 139080
0.87, 138775
0.87, 138720
0.87, 138621
0.88, 138311
0.88, 137747
0.88, 137630
0.88, 137247
0.88, 137157
0.88, 136973
0.88, 136966
0.88, 136782
0.88, 136679
0.88, 136374
0.89, 136156
0.92, 136015
0.92, 135891
0.93, 135884
0.93, 135815
0.94, 135693
0.94, 135650
0.94, 135631
0.96, 135547
0.97, 135526
0.97, 135507
1.0, 135452
1.03, 135402
1.03, 135383
