0.0, 741047
0.0, 740400
0.0, 733177
0.0, 722739
0.0, 712412
0.0, 702436
0.0, 691731
0.0, 681413
0.0, 680729
0.0, 678939
0.0, 676922
0.0, 675383
0.0, 671215
0.0, 670910
0.0, 670886
0.0, 663252
0.02, 651328
0.03, 650055
0.03, 649986
0.03, 648852
0.08, 645646
0.08, 644980
0.08, 642097
0.13, 633495
0.14, 620742
0.42, 619883
0.42, 612613
0.43, 610972
0.43, 610270
0.43, 610155
0.43, 608081
0.44, 603426
0.44, 602872
0.44, 602788
0.44, 602499
0.44, 601216
0.44, 598952
0.44, 595244
0.44, 594569
0.44, 594503
0.44, 594168
0.44, 588254
0.44, 584349
0.44, 581608
0.44, 579303
0.46, 576444
0.46, 574684
0.46, 570264
0.46, 568516
0.46, 566362
0.46, 565813
0.46, 561545
0.46, 558950
0.46, 556373
0.48, 553708
0.48, 552250
0.48, 550928
0.49, 547834
0.49, 547629
0.5, 547457
0.5, 545205
0.5, 540327
0.5, 531732
0.5, 529051
0.5, 527307
0.5, 519120
0.5, 518787
0.5, 518782
0.5, 512526
0.52, 510618
0.52, 510529
0.52, 509893
0.52, 505797
0.52, 504432
0.52, 502442
0.52, 502331
0.52, 497084
0.53, 496928
0.53, 494145
0.53, 489517
0.53, 484748
0.53, 483631
0.53, 483018
0.53, 479503
0.53, 477936
0.53, 471291
0.53, 470251
0.53, 463893
0.53, 463539
0.53, 463125
0.53, 457123
0.53, 456366
0.53, 455621
0.53, 453254
0.53, 452961
0.53, 450274
0.53, 444062
0.53, 440350
0.53, 433543
0.53, 432818
0.53, 432545
0.53, 428270
0.53, 428253
0.53, 425404
0.53, 425144
0.55, 425086
0.55, 423107
0.55, 420162
0.55, 419565
0.56, 409031
0.56, 407416
0.56, 406835
0.56, 400426
0.56, 399608
0.56, 399561
0.56, 398788
0.57, 396311
0.57, 390316
0.57, 390200
0.57, 389154
0.57, 387129
0.57, 385963
0.57, 385466
0.57, 384753
0.57, 375634
0.57, 375452
0.57, 375304
0.57, 373990
0.57, 371989
0.57, 368067
0.57, 366831
0.57, 363773
0.59, 363286
0.59, 361982
0.59, 357396
0.59, 357312
0.59, 351428
0.59, 351326
0.59, 349620
0.59, 349183
0.6, 346581
0.6, 344743
0.6, 344636
0.6, 342905
0.6, 340646
0.6, 339613
0.6, 336716
0.6, 335420
0.6, 331549
0.6, 329462
0.6, 328757
0.6, 327349
0.6, 327030
0.6, 325358
0.6, 323954
0.6, 322044
0.6, 320528
0.6, 319766
0.6, 317395
0.6, 316401
0.6, 316122
0.6, 314648
0.6, 313011
0.6, 313010
0.61, 310688
0.61, 310542
0.61, 309226
0.61, 306660
0.61, 306114
0.61, 305398
0.61, 305248
0.61, 305019
0.61, 304600
0.61, 303000
0.61, 302821
0.61, 301709
0.61, 301042
0.61, 300774
0.61, 296523
0.61, 296227
0.61, 296135
0.61, 295731
0.61, 295233
0.61, 293747
0.61, 287511
0.61, 286222
0.61, 285794
0.62, 285621
0.62, 285574
0.62, 285180
0.62, 283364
0.62, 279990
0.62, 279760
0.62, 279085
0.62, 277941
0.62, 276426
0.63, 275391
0.63, 272063
0.63, 270506
0.63, 270455
0.63, 269628
0.63, 268820
0.63, 268476
0.63, 266914
0.64, 266208
0.64, 265812
0.64, 265549
0.64, 264628
0.64, 263495
0.64, 262638
0.64, 262624
0.64, 261943
0.64, 261556
0.64, 258603
0.64, 258455
0.64, 257281
0.64, 256304
0.64, 256001
0.64, 255118
0.64, 252533
0.64, 252397
0.64, 250336
0.64, 249268
0.64, 249196
0.64, 248791
0.64, 248136
0.64, 246838
0.64, 245696
0.64, 243216
0.64, 241872
0.64, 241433
0.64, 237371
0.64, 235991
0.64, 234059
0.64, 233536
0.64, 231982
0.64, 230970
0.64, 230874
0.64, 230582
0.64, 229088
0.64, 227983
0.64, 227830
0.64, 224964
0.64, 222743
0.65, 222176
0.65, 220511
0.65, 220447
0.65, 219514
0.65, 219105
0.65, 218701
0.65, 217535
0.66, 217096
0.66, 215959
0.66, 215502
0.66, 213078
0.66, 212785
0.66, 211739
0.66, 211187
0.66, 210633
0.66, 208989
0.66, 208892
0.66, 208599
0.66, 207907
0.66, 207217
0.66, 206999
0.66, 206512
0.67, 204512
0.67, 202361
0.67, 202171
0.67, 202035
0.67, 200646
0.68, 200506
0.68, 200504
0.68, 199605
0.68, 199574
0.68, 197971
0.68, 197591
0.68, 196742
0.68, 196562
0.68, 196225
0.68, 196108
0.68, 196050
0.68, 195017
0.68, 193506
0.68, 193491
0.68, 193435
0.68, 192427
0.68, 192047
0.68, 191579
0.68, 191320
0.69, 191290
0.69, 190115
0.69, 184401
0.69, 184362
0.69, 184292
0.69, 183193
0.69, 182860
0.69, 182070
0.69, 181898
0.69, 178235
0.69, 177994
0.69, 177437
0.69, 177111
0.69, 176655
0.69, 176038
0.69, 175278
0.7, 174376
0.7, 173391
0.7, 172964
0.7, 172654
0.7, 172535
0.7, 172259
0.7, 171344
0.7, 170877
0.7, 170240
0.71, 169162
0.71, 168438
0.71, 168435
0.71, 168013
0.71, 167931
0.71, 167723
0.71, 167138
0.71, 166230
0.71, 165813
0.71, 165754
0.71, 165605
0.71, 165536
0.71, 165330
0.71, 165308
0.71, 165271
0.71, 164922
0.71, 164391
0.71, 164315
0.71, 164137
0.71, 163659
0.71, 163499
0.71, 163322
0.71, 161763
0.71, 161198
0.72, 160475
0.72, 160028
0.72, 160010
0.72, 159776
0.72, 159466
0.72, 159424
0.72, 158348
0.72, 158081
0.72, 158023
0.72, 157302
0.72, 157208
0.72, 156796
0.72, 156746
0.73, 156729
0.73, 156344
0.73, 156043
0.73, 155962
0.73, 155561
0.73, 155263
0.73, 155099
0.73, 154911
0.73, 154797
0.73, 153719
0.73, 153357
0.73, 152040
0.73, 151296
0.73, 150956
0.73, 150371
0.73, 150360
0.73, 149912
0.74, 149831
0.74, 149494
0.74, 149243
0.74, 147130
0.74, 146784
0.74, 146391
0.74, 146382
0.74, 145831
0.74, 145217
0.75, 144983
0.75, 144697
0.75, 144647
0.77, 144365
0.77, 143587
0.77, 142869
0.77, 142858
0.77, 142725
0.77, 140833
0.77, 139719
0.78, 139125
0.78, 138966
0.78, 137690
0.79, 137649
0.79, 137430
0.79, 137302
0.8, 137240
0.8, 137056
0.8, 136930
0.8, 136668
0.8, 136618
0.81, 136009
0.81, 135876
0.81, 135692
0.81, 135663
0.83, 135349
0.84, 135183
0.85, 135037
0.86, 134801
0.86, 134751
0.87, 134600
0.87, 134474
