0.0, 776696
0.0, 771046
0.0, 769643
0.0, 765230
0.0, 751601
0.0, 751186
0.0, 748544
0.0, 746014
0.0, 738660
0.0, 736230
0.0, 731600
0.0, 729508
0.0, 729410
0.0, 728558
0.0, 715419
0.0, 707229
0.0, 705932
0.0, 705776
0.0, 703004
0.0, 696262
0.0, 694080
0.0, 687775
0.0, 676951
0.0, 676291
0.01, 676136
0.01, 676054
0.01, 671608
0.01, 669376
0.01, 668344
0.01, 662508
0.01, 661721
0.01, 658396
0.01, 653705
0.01, 649609
0.01, 647075
0.08, 638462
0.18, 636995
0.18, 630231
0.18, 626819
0.39, 626483
0.4, 625214
0.4, 623495
0.4, 620318
0.4, 618234
0.4, 616684
0.4, 616388
0.4, 615564
0.4, 613272
0.42, 607226
0.42, 607158
0.42, 605339
0.42, 600803
0.42, 599562
0.42, 594180
0.42, 590747
0.42, 587339
0.42, 584083
0.42, 580270
0.42, 575787
0.42, 574164
0.49, 567153
0.49, 566710
0.49, 565174
0.49, 564871
0.49, 563406
0.49, 561168
0.5, 558629
0.5, 553980
0.5, 553952
0.5, 553171
0.5, 543216
0.5, 540144
0.52, 536131
0.52, 532435
0.52, 531498
0.52, 528534
0.52, 527641
0.53, 515877
0.53, 514992
0.53, 514054
0.53, 513597
0.53, 512428
0.53, 510747
0.55, 508842
0.55, 506396
0.55, 497072
0.55, 496796
0.55, 492532
0.55, 490316
0.55, 486426
0.55, 481191
0.56, 480117
0.56, 472713
0.56, 471423
0.56, 470639
0.56, 469996
0.56, 468971
0.56, 467577
0.56, 463363
0.56, 462810
0.56, 462438
0.56, 460811
0.56, 458978
0.56, 455605
0.56, 454573
0.56, 451159
0.56, 450632
0.56, 450195
0.56, 443072
0.56, 435057
0.56, 434817
0.56, 434318
0.56, 434077
0.56, 433784
0.56, 426405
0.56, 417398
0.56, 416795
0.56, 415946
0.56, 413224
0.56, 412256
0.56, 412080
0.57, 410607
0.57, 408182
0.57, 405326
0.57, 404963
0.57, 404167
0.57, 399428
0.57, 396928
0.58, 396391
0.58, 394761
0.58, 394561
0.58, 393070
0.58, 392470
0.58, 391920
0.58, 391782
0.58, 391521
0.58, 390995
0.58, 390854
0.59, 390401
0.59, 386465
0.59, 384667
0.59, 381703
0.59, 378572
0.59, 376331
0.6, 371119
0.6, 368944
0.6, 367753
0.6, 360545
0.6, 357502
0.6, 354868
0.6, 349902
0.6, 349702
0.6, 345683
0.6, 345050
0.61, 343150
0.61, 340010
0.61, 339426
0.61, 338893
0.61, 335990
0.61, 334879
0.61, 333918
0.61, 331290
0.61, 330844
0.61, 329799
0.61, 328699
0.61, 328171
0.61, 327742
0.61, 327429
0.61, 323835
0.61, 323752
0.61, 323502
0.61, 323414
0.61, 322971
0.62, 317478
0.62, 315189
0.62, 310460
0.62, 309556
0.62, 309254
0.62, 308254
0.62, 307945
0.62, 307260
0.62, 306404
0.62, 304141
0.62, 303567
0.62, 302490
0.62, 300058
0.62, 299801
0.62, 298878
0.62, 297309
0.62, 296216
0.62, 296014
0.62, 294478
0.63, 294421
0.63, 290458
0.63, 287536
0.63, 287139
0.63, 286739
0.63, 283937
0.63, 283006
0.63, 280927
0.63, 277916
0.63, 276624
0.63, 276490
0.63, 275762
0.63, 275038
0.63, 272431
0.63, 271676
0.63, 271567
0.63, 270567
0.63, 264210
0.63, 261568
0.63, 261226
0.63, 260076
0.63, 259276
0.63, 258786
0.63, 258719
0.63, 258608
0.63, 256809
0.63, 256505
0.63, 252599
0.63, 251361
0.63, 251284
0.63, 251153
0.63, 249688
0.65, 248908
0.65, 246966
0.65, 246156
0.65, 246024
0.65, 245880
0.66, 245653
0.66, 242561
0.66, 239280
0.66, 239197
0.66, 234897
0.66, 233371
0.66, 232921
0.66, 230663
0.66, 229796
0.66, 229501
0.66, 229412
0.66, 228028
0.66, 225675
0.66, 225524
0.66, 224156
0.66, 222186
0.66, 221437
0.66, 220970
0.66, 220265
0.66, 219392
0.66, 218921
0.67, 217552
0.67, 217470
0.67, 216178
0.67, 214934
0.67, 214360
0.67, 214093
0.67, 214040
0.67, 212217
0.67, 211567
0.67, 209268
0.67, 208474
0.67, 208192
0.67, 205530
0.67, 205190
0.67, 204632
0.67, 202324
0.67, 201518
0.67, 199905
0.67, 199178
0.67, 199177
0.68, 198677
0.68, 197015
0.68, 196395
0.68, 195663
0.68, 193763
0.68, 193679
0.68, 193221
0.69, 192968
0.69, 192278
0.69, 191863
0.69, 191780
0.69, 191577
0.69, 190891
0.69, 190234
0.69, 190007
0.7, 189954
0.7, 189738
0.7, 188926
0.7, 188789
0.7, 188024
0.7, 187986
0.7, 187563
0.7, 186708
0.7, 186290
0.71, 184518
0.71, 184081
0.71, 182998
0.71, 182964
0.71, 182422
0.71, 182145
0.71, 181752
0.71, 181492
0.71, 181086
0.71, 180341
0.71, 179237
0.71, 179215
0.71, 179162
0.71, 177888
0.71, 177348
0.71, 177323
0.71, 176133
0.72, 174845
0.72, 173916
0.72, 172932
0.72, 172339
0.72, 170914
0.72, 170649
0.72, 170639
0.72, 169289
0.72, 168164
0.72, 167771
0.72, 167134
0.72, 166187
0.72, 164966
0.72, 164560
0.73, 163490
0.73, 162775
0.73, 162705
0.73, 161450
0.73, 161414
0.73, 158673
0.73, 158403
0.73, 158021
0.73, 157875
0.73, 156954
0.73, 155426
0.73, 153833
0.73, 151939
0.73, 151902
0.74, 151495
0.74, 150692
0.74, 150169
0.74, 149917
0.74, 149224
0.74, 149217
0.74, 148093
0.74, 147973
0.74, 147789
0.74, 147155
0.74, 145384
0.75, 145365
0.75, 145091
0.75, 143277
0.75, 143059
0.75, 141979
0.75, 141884
0.75, 141818
0.75, 140663
0.75, 140023
0.75, 139668
0.76, 139512
0.76, 139382
0.78, 139326
0.78, 139180
0.78, 138989
0.78, 138773
0.78, 138349
0.79, 138211
0.8, 137855
0.82, 137791
0.82, 137514
0.82, 137485
0.83, 137301
0.84, 137114
0.84, 136909
0.84, 136791
0.84, 136663
0.84, 136432
0.84, 136382
0.89, 136250
