0.0, 4917390
0.0, 4749504
0.0, 4502553
0.0, 4442210
0.0, 4156397
0.0, 4113006
0.01, 3906623
0.01, 3765617
0.01, 3765514
0.01, 3599032
0.01, 3296380
0.01, 3201147
0.04, 3199765
0.04, 3141392
0.06, 2900220
0.12, 2806379
0.12, 2655657
0.12, 2617340
0.13, 2608479
0.13, 2602699
0.14, 2559179
0.14, 2489043
0.14, 2444772
0.14, 2257547
0.14, 2256771
0.14, 2256254
0.14, 2189517
0.14, 2154468
0.16, 2153695
0.16, 2092032
0.16, 2091535
0.16, 2090468
0.16, 2072822
0.16, 2063706
0.16, 2055724
0.17, 2045153
0.17, 2020002
0.17, 2016322
0.18, 2003763
